time="2025-11-02T22:11:07+01:00" level=warning msg="/home/gabriele/thesis-project/Agents-for-Vulnerable-Dockers-and-related-Benchmarks/dockers/CVE-2016-3088/custom_no_tool/docker-compose.yml: the attribute `version` is obsolete, it will be ignored, please remove it to avoid potential confusion"
#1 [internal] load local bake definitions
#1 reading from stdin 767B done
#1 DONE 0.0s

#2 [internal] load build definition from Dockerfile
#2 transferring dockerfile: 30B
#2 transferring dockerfile: 196B done
#2 DONE 0.0s

#3 [internal] load metadata for docker.io/library/python:3-slim
#3 DONE 0.4s

#4 [internal] load .dockerignore
#4 transferring context: 2B done
#4 DONE 0.0s

#5 [internal] load build context
#5 transferring context: 1.36kB done
#5 DONE 0.0s

#6 [1/5] FROM docker.io/library/python:3-slim@sha256:4ed33101ee7ec299041cc41dd268dae17031184be94384b1ce7936dc4e5dead3
#6 resolve docker.io/library/python:3-slim@sha256:4ed33101ee7ec299041cc41dd268dae17031184be94384b1ce7936dc4e5dead3 0.0s done
#6 DONE 0.0s

#7 [2/5] WORKDIR /app
#7 CACHED

#8 [3/5] COPY requirements.txt .
#8 DONE 0.0s

#9 [4/5] RUN pip install --no-cache-dir -r requirements.txt
#9 1.675 Collecting Flask>=2.2.2 (from -r requirements.txt (line 1))
#9 1.812   Downloading flask-3.1.2-py3-none-any.whl.metadata (3.2 kB)
#9 1.844 Collecting docker==6.1.3 (from -r requirements.txt (line 2))
#9 1.880   Downloading docker-6.1.3-py3-none-any.whl.metadata (3.5 kB)
#9 1.908 Collecting Jinja2<3.1 (from -r requirements.txt (line 3))
#9 1.944   Downloading Jinja2-3.0.3-py3-none-any.whl.metadata (3.5 kB)
#9 1.972 Collecting packaging>=14.0 (from docker==6.1.3->-r requirements.txt (line 2))
#9 2.009   Downloading packaging-25.0-py3-none-any.whl.metadata (3.3 kB)
#9 2.047 Collecting requests>=2.26.0 (from docker==6.1.3->-r requirements.txt (line 2))
#9 2.085   Downloading requests-2.32.5-py3-none-any.whl.metadata (4.9 kB)
#9 2.121 Collecting urllib3>=1.26.0 (from docker==6.1.3->-r requirements.txt (line 2))
#9 2.159   Downloading urllib3-2.5.0-py3-none-any.whl.metadata (6.5 kB)
#9 2.193 Collecting websocket-client>=0.32.0 (from docker==6.1.3->-r requirements.txt (line 2))
#9 2.231   Downloading websocket_client-1.9.0-py3-none-any.whl.metadata (8.3 kB)
#9 2.305 Collecting MarkupSafe>=2.0 (from Jinja2<3.1->-r requirements.txt (line 3))
#9 2.343   Downloading markupsafe-3.0.3-cp314-cp314-manylinux2014_x86_64.manylinux_2_17_x86_64.manylinux_2_28_x86_64.whl.metadata (2.7 kB)
#9 2.363 Collecting blinker>=1.9.0 (from Flask>=2.2.2->-r requirements.txt (line 1))
#9 2.399   Downloading blinker-1.9.0-py3-none-any.whl.metadata (1.6 kB)
#9 2.429 Collecting click>=8.1.3 (from Flask>=2.2.2->-r requirements.txt (line 1))
#9 2.517   Downloading click-8.3.0-py3-none-any.whl.metadata (2.6 kB)
#9 2.539 Collecting itsdangerous>=2.2.0 (from Flask>=2.2.2->-r requirements.txt (line 1))
#9 2.574   Downloading itsdangerous-2.2.0-py3-none-any.whl.metadata (1.9 kB)
#9 2.580 INFO: pip is looking at multiple versions of flask to determine which version is compatible with other requirements. This could take a while.
#9 2.580 Collecting Flask>=2.2.2 (from -r requirements.txt (line 1))
#9 2.616   Downloading flask-3.1.1-py3-none-any.whl.metadata (3.0 kB)
#9 2.655   Downloading flask-3.1.0-py3-none-any.whl.metadata (2.7 kB)
#9 2.688 Collecting Werkzeug>=3.1 (from Flask>=2.2.2->-r requirements.txt (line 1))
#9 2.725   Downloading werkzeug-3.1.3-py3-none-any.whl.metadata (3.7 kB)
#9 2.729 Collecting Flask>=2.2.2 (from -r requirements.txt (line 1))
#9 2.765   Downloading flask-3.0.3-py3-none-any.whl.metadata (3.2 kB)
#9 2.808   Downloading flask-3.0.2-py3-none-any.whl.metadata (3.6 kB)
#9 2.847   Downloading flask-3.0.1-py3-none-any.whl.metadata (3.6 kB)
#9 2.886   Downloading flask-3.0.0-py3-none-any.whl.metadata (3.6 kB)
#9 2.925   Downloading flask-2.3.3-py3-none-any.whl.metadata (3.6 kB)
#9 2.933 INFO: pip is still looking at multiple versions of flask to determine which version is compatible with other requirements. This could take a while.
#9 2.969   Downloading Flask-2.3.2-py3-none-any.whl.metadata (3.7 kB)
#9 3.013   Downloading Flask-2.3.1-py3-none-any.whl.metadata (3.7 kB)
#9 3.056   Downloading Flask-2.3.0-py3-none-any.whl.metadata (3.7 kB)
#9 3.094   Downloading Flask-2.2.5-py3-none-any.whl.metadata (3.9 kB)
#9 3.221 Collecting charset_normalizer<4,>=2 (from requests>=2.26.0->docker==6.1.3->-r requirements.txt (line 2))
#9 3.257   Downloading charset_normalizer-3.4.4-cp314-cp314-manylinux2014_x86_64.manylinux_2_17_x86_64.manylinux_2_28_x86_64.whl.metadata (37 kB)
#9 3.297 Collecting idna<4,>=2.5 (from requests>=2.26.0->docker==6.1.3->-r requirements.txt (line 2))
#9 3.333   Downloading idna-3.11-py3-none-any.whl.metadata (8.4 kB)
#9 3.375 Collecting certifi>=2017.4.17 (from requests>=2.26.0->docker==6.1.3->-r requirements.txt (line 2))
#9 3.411   Downloading certifi-2025.10.5-py3-none-any.whl.metadata (2.5 kB)
#9 3.455 Downloading docker-6.1.3-py3-none-any.whl (148 kB)
#9 3.534 Downloading Jinja2-3.0.3-py3-none-any.whl (133 kB)
#9 3.602 Downloading Flask-2.2.5-py3-none-any.whl (101 kB)
#9 3.652 Downloading click-8.3.0-py3-none-any.whl (107 kB)
#9 3.701 Downloading itsdangerous-2.2.0-py3-none-any.whl (16 kB)
#9 3.741 Downloading markupsafe-3.0.3-cp314-cp314-manylinux2014_x86_64.manylinux_2_17_x86_64.manylinux_2_28_x86_64.whl (23 kB)
#9 3.779 Downloading packaging-25.0-py3-none-any.whl (66 kB)
#9 3.824 Downloading requests-2.32.5-py3-none-any.whl (64 kB)
#9 3.864 Downloading charset_normalizer-3.4.4-cp314-cp314-manylinux2014_x86_64.manylinux_2_17_x86_64.manylinux_2_28_x86_64.whl (152 kB)
#9 3.924 Downloading idna-3.11-py3-none-any.whl (71 kB)
#9 3.970 Downloading urllib3-2.5.0-py3-none-any.whl (129 kB)
#9 4.025 Downloading certifi-2025.10.5-py3-none-any.whl (163 kB)
#9 4.080 Downloading websocket_client-1.9.0-py3-none-any.whl (82 kB)
#9 4.127 Downloading werkzeug-3.1.3-py3-none-any.whl (224 kB)
#9 4.193 Installing collected packages: websocket-client, urllib3, packaging, MarkupSafe, itsdangerous, idna, click, charset_normalizer, certifi, Werkzeug, requests, Jinja2, Flask, docker
#9 5.077 
#9 5.080 Successfully installed Flask-2.2.5 Jinja2-3.0.3 MarkupSafe-3.0.3 Werkzeug-3.1.3 certifi-2025.10.5 charset_normalizer-3.4.4 click-8.3.0 docker-6.1.3 idna-3.11 itsdangerous-2.2.0 packaging-25.0 requests-2.32.5 urllib3-2.5.0 websocket-client-1.9.0
#9 5.080 WARNING: Running pip as the 'root' user can result in broken permissions and conflicting behaviour with the system package manager, possibly rendering your system unusable. It is recommended to use a virtual environment instead: https://pip.pypa.io/warnings/venv. Use the --root-user-action option if you know what you are doing and want to suppress this warning.
#9 5.177 
#9 5.177 [notice] A new release of pip is available: 25.2 -> 25.3
#9 5.177 [notice] To update, run: pip install --upgrade pip
#9 DONE 5.4s

#10 [5/5] COPY app.py .
#10 DONE 0.0s

#11 exporting to image
#11 exporting layers
#11 exporting layers 0.8s done
#11 exporting manifest sha256:ec31c31fed9cee74113017d3de4108bcaeaa0accd573123050993e01ebc154d3 0.0s done
#11 exporting config sha256:06b2e7e476db5a112cd439f370206b1736bda5db835849a81c533cfe62eef988 0.0s done
#11 exporting attestation manifest sha256:0c0981c5514db898a558a45d2d15573fbdbdcb7f26df3f12123a99aa6e7f4c63 0.0s done
#11 exporting manifest list sha256:af0a149e7efcd8fb11570e325c6746e85ab2aebb76da8a060ffd412a166b5e5f 0.0s done
#11 naming to docker.io/library/custom_no_tool-vulnerable_app:latest done
#11 unpacking to docker.io/library/custom_no_tool-vulnerable_app:latest
#11 unpacking to docker.io/library/custom_no_tool-vulnerable_app:latest 0.4s done
#11 DONE 1.3s

#12 resolving provenance for metadata file
#12 DONE 0.0s
 custom_no_tool-vulnerable_app  Built
 Network custom_no_tool_default  Creating
 Network custom_no_tool_default  Created
 Container custom_no_tool-vulnerable_app-1  Creating
 Container custom_no_tool-vulnerable_app-1  Created
 Container custom_no_tool-vulnerable_app-1  Starting
 Container custom_no_tool-vulnerable_app-1  Started


sudo docker logs 79f2fe1de5a77bf0c234c509126f962d7987c0a9a9eb18e54facaa86ac2f0fee --details
STDOUT: 
STDERR:  Traceback (most recent call last):
   File "/app/app.py", line 6, in <module>
     app = Flask(__name__)
   File "/usr/local/lib/python3.14/site-packages/flask/app.py", line 575, in __init__
     instance_path = self.auto_find_instance_path()
   File "/usr/local/lib/python3.14/site-packages/flask/app.py", line 854, in auto_find_instance_path
     prefix, package_path = find_package(self.import_name)
                            ~~~~~~~~~~~~^^^^^^^^^^^^^^^^^^
   File "/usr/local/lib/python3.14/site-packages/flask/scaffold.py", line 911, in find_package
     package_path = _find_package_path(import_name)
   File "/usr/local/lib/python3.14/site-packages/flask/scaffold.py", line 872, in _find_package_path
     loader = pkgutil.get_loader(root_mod_name)
              ^^^^^^^^^^^^^^^^^^
 AttributeError: module 'pkgutil' has no attribute 'get_loader'
 Traceback (most recent call last):
   File "/app/app.py", line 6, in <module>
     app = Flask(__name__)
   File "/usr/local/lib/python3.14/site-packages/flask/app.py", line 575, in __init__
     instance_path = self.auto_find_instance_path()
   File "/usr/local/lib/python3.14/site-packages/flask/app.py", line 854, in auto_find_instance_path
     prefix, package_path = find_package(self.import_name)
                            ~~~~~~~~~~~~^^^^^^^^^^^^^^^^^^
   File "/usr/local/lib/python3.14/site-packages/flask/scaffold.py", line 911, in find_package
     package_path = _find_package_path(import_name)
   File "/usr/local/lib/python3.14/site-packages/flask/scaffold.py", line 872, in _find_package_path
     loader = pkgutil.get_loader(root_mod_name)
              ^^^^^^^^^^^^^^^^^^
 AttributeError: module 'pkgutil' has no attribute 'get_loader'
 Traceback (most recent call last):
   File "/app/app.py", line 6, in <module>
     app = Flask(__name__)
   File "/usr/local/lib/python3.14/site-packages/flask/app.py", line 575, in __init__
     instance_path = self.auto_find_instance_path()
   File "/usr/local/lib/python3.14/site-packages/flask/app.py", line 854, in auto_find_instance_path
     prefix, package_path = find_package(self.import_name)
                            ~~~~~~~~~~~~^^^^^^^^^^^^^^^^^^
   File "/usr/local/lib/python3.14/site-packages/flask/scaffold.py", line 911, in find_package
     package_path = _find_package_path(import_name)
   File "/usr/local/lib/python3.14/site-packages/flask/scaffold.py", line 872, in _find_package_path
     loader = pkgutil.get_loader(root_mod_name)
              ^^^^^^^^^^^^^^^^^^
 AttributeError: module 'pkgutil' has no attribute 'get_loader'
 Traceback (most recent call last):
   File "/app/app.py", line 6, in <module>
     app = Flask(__name__)
   File "/usr/local/lib/python3.14/site-packages/flask/app.py", line 575, in __init__
     instance_path = self.auto_find_instance_path()
   File "/usr/local/lib/python3.14/site-packages/flask/app.py", line 854, in auto_find_instance_path
     prefix, package_path = find_package(self.import_name)
                            ~~~~~~~~~~~~^^^^^^^^^^^^^^^^^^
   File "/usr/local/lib/python3.14/site-packages/flask/scaffold.py", line 911, in find_package
     package_path = _find_package_path(import_name)
   File "/usr/local/lib/python3.14/site-packages/flask/scaffold.py", line 872, in _find_package_path
     loader = pkgutil.get_loader(root_mod_name)
              ^^^^^^^^^^^^^^^^^^
 AttributeError: module 'pkgutil' has no attribute 'get_loader'
 Traceback (most recent call last):
   File "/app/app.py", line 6, in <module>
     app = Flask(__name__)
   File "/usr/local/lib/python3.14/site-packages/flask/app.py", line 575, in __init__
     instance_path = self.auto_find_instance_path()
   File "/usr/local/lib/python3.14/site-packages/flask/app.py", line 854, in auto_find_instance_path
     prefix, package_path = find_package(self.import_name)
                            ~~~~~~~~~~~~^^^^^^^^^^^^^^^^^^
   File "/usr/local/lib/python3.14/site-packages/flask/scaffold.py", line 911, in find_package
     package_path = _find_package_path(import_name)
   File "/usr/local/lib/python3.14/site-packages/flask/scaffold.py", line 872, in _find_package_path
     loader = pkgutil.get_loader(root_mod_name)
              ^^^^^^^^^^^^^^^^^^
 AttributeError: module 'pkgutil' has no attribute 'get_loader'
 Traceback (most recent call last):
   File "/app/app.py", line 6, in <module>
     app = Flask(__name__)
   File "/usr/local/lib/python3.14/site-packages/flask/app.py", line 575, in __init__
     instance_path = self.auto_find_instance_path()
   File "/usr/local/lib/python3.14/site-packages/flask/app.py", line 854, in auto_find_instance_path
     prefix, package_path = find_package(self.import_name)
                            ~~~~~~~~~~~~^^^^^^^^^^^^^^^^^^
   File "/usr/local/lib/python3.14/site-packages/flask/scaffold.py", line 911, in find_package
     package_path = _find_package_path(import_name)
   File "/usr/local/lib/python3.14/site-packages/flask/scaffold.py", line 872, in _find_package_path
     loader = pkgutil.get_loader(root_mod_name)
              ^^^^^^^^^^^^^^^^^^
 AttributeError: module 'pkgutil' has no attribute 'get_loader'
 Traceback (most recent call last):
   File "/app/app.py", line 6, in <module>
     app = Flask(__name__)
   File "/usr/local/lib/python3.14/site-packages/flask/app.py", line 575, in __init__
     instance_path = self.auto_find_instance_path()
   File "/usr/local/lib/python3.14/site-packages/flask/app.py", line 854, in auto_find_instance_path
     prefix, package_path = find_package(self.import_name)
                            ~~~~~~~~~~~~^^^^^^^^^^^^^^^^^^
   File "/usr/local/lib/python3.14/site-packages/flask/scaffold.py", line 911, in find_package
     package_path = _find_package_path(import_name)
   File "/usr/local/lib/python3.14/site-packages/flask/scaffold.py", line 872, in _find_package_path
     loader = pkgutil.get_loader(root_mod_name)
              ^^^^^^^^^^^^^^^^^^
 AttributeError: module 'pkgutil' has no attribute 'get_loader'
 Traceback (most recent call last):
   File "/app/app.py", line 6, in <module>
     app = Flask(__name__)
   File "/usr/local/lib/python3.14/site-packages/flask/app.py", line 575, in __init__
     instance_path = self.auto_find_instance_path()
   File "/usr/local/lib/python3.14/site-packages/flask/app.py", line 854, in auto_find_instance_path
     prefix, package_path = find_package(self.import_name)
                            ~~~~~~~~~~~~^^^^^^^^^^^^^^^^^^
   File "/usr/local/lib/python3.14/site-packages/flask/scaffold.py", line 911, in find_package
     package_path = _find_package_path(import_name)
   File "/usr/local/lib/python3.14/site-packages/flask/scaffold.py", line 872, in _find_package_path
     loader = pkgutil.get_loader(root_mod_name)
              ^^^^^^^^^^^^^^^^^^
 AttributeError: module 'pkgutil' has no attribute 'get_loader'
 Traceback (most recent call last):
   File "/app/app.py", line 6, in <module>
     app = Flask(__name__)
   File "/usr/local/lib/python3.14/site-packages/flask/app.py", line 575, in __init__
     instance_path = self.auto_find_instance_path()
   File "/usr/local/lib/python3.14/site-packages/flask/app.py", line 854, in auto_find_instance_path
     prefix, package_path = find_package(self.import_name)
                            ~~~~~~~~~~~~^^^^^^^^^^^^^^^^^^
   File "/usr/local/lib/python3.14/site-packages/flask/scaffold.py", line 911, in find_package
     package_path = _find_package_path(import_name)
   File "/usr/local/lib/python3.14/site-packages/flask/scaffold.py", line 872, in _find_package_path
     loader = pkgutil.get_loader(root_mod_name)
              ^^^^^^^^^^^^^^^^^^
 AttributeError: module 'pkgutil' has no attribute 'get_loader'




sudo docker inspect 79f2fe1de5a77bf0c234c509126f962d7987c0a9a9eb18e54facaa86ac2f0fee[
    {
        "Id": "79f2fe1de5a77bf0c234c509126f962d7987c0a9a9eb18e54facaa86ac2f0fee",
        "Created": "2025-11-02T21:11:15.176358244Z",
        "Path": "python",
        "Args": [
            "app.py"
        ],
        "State": {
            "Status": "restarting",
            "Running": true,
            "Paused": false,
            "Restarting": true,
            "OOMKilled": false,
            "Dead": false,
            "Pid": 0,
            "ExitCode": 1,
            "Error": "",
            "StartedAt": "2025-11-02T21:11:44.999838829Z",
            "FinishedAt": "2025-11-02T21:11:45.681761179Z"
        },
        "Image": "sha256:af0a149e7efcd8fb11570e325c6746e85ab2aebb76da8a060ffd412a166b5e5f",
        "ResolvConfPath": "/var/lib/docker/containers/79f2fe1de5a77bf0c234c509126f962d7987c0a9a9eb18e54facaa86ac2f0fee/resolv.conf",
        "HostnamePath": "/var/lib/docker/containers/79f2fe1de5a77bf0c234c509126f962d7987c0a9a9eb18e54facaa86ac2f0fee/hostname",
        "HostsPath": "/var/lib/docker/containers/79f2fe1de5a77bf0c234c509126f962d7987c0a9a9eb18e54facaa86ac2f0fee/hosts",
        "LogPath": "/var/lib/docker/containers/79f2fe1de5a77bf0c234c509126f962d7987c0a9a9eb18e54facaa86ac2f0fee/79f2fe1de5a77bf0c234c509126f962d7987c0a9a9eb18e54facaa86ac2f0fee-json.log",
        "Name": "/custom_no_tool-vulnerable_app-1",
        "RestartCount": 9,
        "Driver": "overlayfs",
        "Platform": "linux",
        "MountLabel": "",
        "ProcessLabel": "",
        "AppArmorProfile": "",
        "ExecIDs": null,
        "HostConfig": {
            "Binds": [
                "/var/run/docker.sock:/var/run/docker.sock:rw"
            ],
            "ContainerIDFile": "",
            "LogConfig": {
                "Type": "json-file",
                "Config": {}
            },
            "NetworkMode": "custom_no_tool_default",
            "PortBindings": {
                "5000/tcp": [
                    {
                        "HostIp": "",
                        "HostPort": "5000"
                    }
                ]
            },
            "RestartPolicy": {
                "Name": "unless-stopped",
                "MaximumRetryCount": 0
            },
            "AutoRemove": false,
            "VolumeDriver": "",
            "VolumesFrom": null,
            "ConsoleSize": [
                0,
                0
            ],
            "CapAdd": null,
            "CapDrop": null,
            "CgroupnsMode": "private",
            "Dns": null,
            "DnsOptions": null,
            "DnsSearch": null,
            "ExtraHosts": [],
            "GroupAdd": null,
            "IpcMode": "private",
            "Cgroup": "",
            "Links": null,
            "OomScoreAdj": 0,
            "PidMode": "",
            "Privileged": false,
            "PublishAllPorts": false,
            "ReadonlyRootfs": false,
            "SecurityOpt": null,
            "UTSMode": "",
            "UsernsMode": "",
            "ShmSize": 67108864,
            "Runtime": "runc",
            "Isolation": "",
            "CpuShares": 0,
            "Memory": 0,
            "NanoCpus": 0,
            "CgroupParent": "",
            "BlkioWeight": 0,
            "BlkioWeightDevice": null,
            "BlkioDeviceReadBps": null,
            "BlkioDeviceWriteBps": null,
            "BlkioDeviceReadIOps": null,
            "BlkioDeviceWriteIOps": null,
            "CpuPeriod": 0,
            "CpuQuota": 0,
            "CpuRealtimePeriod": 0,
            "CpuRealtimeRuntime": 0,
            "CpusetCpus": "",
            "CpusetMems": "",
            "Devices": null,
            "DeviceCgroupRules": null,
            "DeviceRequests": null,
            "MemoryReservation": 0,
            "MemorySwap": 0,
            "MemorySwappiness": null,
            "OomKillDisable": null,
            "PidsLimit": null,
            "Ulimits": null,
            "CpuCount": 0,
            "CpuPercent": 0,
            "IOMaximumIOps": 0,
            "IOMaximumBandwidth": 0,
            "MaskedPaths": [
                "/proc/asound",
                "/proc/acpi",
                "/proc/interrupts",
                "/proc/kcore",
                "/proc/keys",
                "/proc/latency_stats",
                "/proc/timer_list",
                "/proc/timer_stats",
                "/proc/sched_debug",
                "/proc/scsi",
                "/sys/firmware",
                "/sys/devices/virtual/powercap"
            ],
            "ReadonlyPaths": [
                "/proc/bus",
                "/proc/fs",
                "/proc/irq",
                "/proc/sys",
                "/proc/sysrq-trigger"
            ]
        },
        "GraphDriver": {
            "Data": null,
            "Name": "overlayfs"
        },
        "Mounts": [
            {
                "Type": "bind",
                "Source": "/var/run/docker.sock",
                "Destination": "/var/run/docker.sock",
                "Mode": "rw",
                "RW": true,
                "Propagation": "rprivate"
            }
        ],
        "Config": {
            "Hostname": "79f2fe1de5a7",
            "Domainname": "",
            "User": "0:0",
            "AttachStdin": false,
            "AttachStdout": true,
            "AttachStderr": true,
            "ExposedPorts": {
                "5000/tcp": {}
            },
            "Tty": false,
            "OpenStdin": false,
            "StdinOnce": false,
            "Env": [
                "PATH=/usr/local/bin:/usr/local/sbin:/usr/local/bin:/usr/sbin:/usr/bin:/sbin:/bin",
                "PYTHON_VERSION=3.14.0",
                "PYTHON_SHA256=2299dae542d395ce3883aca00d3c910307cd68e0b2f7336098c8e7b7eee9f3e9"
            ],
            "Cmd": [
                "python",
                "app.py"
            ],
            "Image": "custom_no_tool-vulnerable_app",
            "Volumes": null,
            "WorkingDir": "/app",
            "Entrypoint": null,
            "OnBuild": null,
            "Labels": {
                "com.docker.compose.config-hash": "d1955270e6ee139facfb7d88841e1b17e2224a35dbf0092fbcd18154c294864f",
                "com.docker.compose.container-number": "1",
                "com.docker.compose.depends_on": "",
                "com.docker.compose.image": "sha256:af0a149e7efcd8fb11570e325c6746e85ab2aebb76da8a060ffd412a166b5e5f",
                "com.docker.compose.oneoff": "False",
                "com.docker.compose.project": "custom_no_tool",
                "com.docker.compose.project.config_files": "/home/gabriele/thesis-project/Agents-for-Vulnerable-Dockers-and-related-Benchmarks/dockers/CVE-2016-3088/custom_no_tool/docker-compose.yml",
                "com.docker.compose.project.working_dir": "/home/gabriele/thesis-project/Agents-for-Vulnerable-Dockers-and-related-Benchmarks/dockers/CVE-2016-3088/custom_no_tool",
                "com.docker.compose.service": "vulnerable_app",
                "com.docker.compose.version": "2.40.2",
                "desktop.docker.io/wsl-distro": "Ubuntu"
            },
            "StopTimeout": 1
        },
        "NetworkSettings": {
            "Bridge": "",
            "SandboxID": "",
            "SandboxKey": "",
            "Ports": {},
            "HairpinMode": false,
            "LinkLocalIPv6Address": "",
            "LinkLocalIPv6PrefixLen": 0,
            "SecondaryIPAddresses": null,
            "SecondaryIPv6Addresses": null,
            "EndpointID": "",
            "Gateway": "",
            "GlobalIPv6Address": "",
            "GlobalIPv6PrefixLen": 0,
            "IPAddress": "",
            "IPPrefixLen": 0,
            "IPv6Gateway": "",
            "MacAddress": "",
            "Networks": {
                "custom_no_tool_default": {
                    "IPAMConfig": null,
                    "Links": null,
                    "Aliases": [
                        "custom_no_tool-vulnerable_app-1",
                        "vulnerable_app"
                    ],
                    "MacAddress": "",
                    "DriverOpts": null,
                    "GwPriority": 0,
                    "NetworkID": "0a98634c4fc44e8b13dda6f270a4703b120c2d6a0da1c044aa79a2123bb5e3bc",
                    "EndpointID": "",
                    "Gateway": "",
                    "IPAddress": "",
                    "IPPrefixLen": 0,
                    "IPv6Gateway": "",
                    "GlobalIPv6Address": "",
                    "GlobalIPv6PrefixLen": 0,
                    "DNSNames": [
                        "custom_no_tool-vulnerable_app-1",
                        "vulnerable_app",
                        "79f2fe1de5a7"
                    ]
                }
            }
        },
        "ImageManifestDescriptor": {
            "mediaType": "application/vnd.oci.image.manifest.v1+json",
            "digest": "sha256:ec31c31fed9cee74113017d3de4108bcaeaa0accd573123050993e01ebc154d3",
            "size": 1810,
            "platform": {
                "architecture": "amd64",
                "os": "linux"
            }
        }
    }
]