time="2025-11-02T22:13:35+01:00" level=warning msg="/home/gabriele/thesis-project/Agents-for-Vulnerable-Dockers-and-related-Benchmarks/dockers/CVE-2016-3088/custom_no_tool/docker-compose.yml: the attribute `version` is obsolete, it will be ignored, please remove it to avoid potential confusion"
#1 [internal] load local bake definitions
#1 reading from stdin 767B done
#1 DONE 0.0s

#2 [internal] load build definition from Dockerfile
#2 transferring dockerfile: 196B done
#2 DONE 0.0s

#3 [internal] load metadata for docker.io/library/python:3-slim
#3 DONE 0.4s

#4 [internal] load .dockerignore
#4 transferring context: 2B done
#4 DONE 0.0s

#5 [internal] load build context
#5 transferring context: 1.48kB done
#5 DONE 0.0s

#6 [1/5] FROM docker.io/library/python:3-slim@sha256:4ed33101ee7ec299041cc41dd268dae17031184be94384b1ce7936dc4e5dead3
#6 resolve docker.io/library/python:3-slim@sha256:4ed33101ee7ec299041cc41dd268dae17031184be94384b1ce7936dc4e5dead3 0.0s done
#6 DONE 0.0s

#7 [2/5] WORKDIR /app
#7 CACHED

#8 [3/5] COPY requirements.txt .
#8 DONE 0.0s

#9 [4/5] RUN pip install --no-cache-dir -r requirements.txt
#9 1.593 Collecting Flask==2.3.3 (from -r requirements.txt (line 1))
#9 1.747   Downloading flask-2.3.3-py3-none-any.whl.metadata (3.6 kB)
#9 1.780 Collecting docker==6.1.3 (from -r requirements.txt (line 2))
#9 1.823   Downloading docker-6.1.3-py3-none-any.whl.metadata (3.5 kB)
#9 1.848 Collecting Jinja2==3.1.2 (from -r requirements.txt (line 3))
#9 1.892   Downloading Jinja2-3.1.2-py3-none-any.whl.metadata (3.5 kB)
#9 1.928 Collecting Werkzeug>=2.3.7 (from Flask==2.3.3->-r requirements.txt (line 1))
#9 1.972   Downloading werkzeug-3.1.3-py3-none-any.whl.metadata (3.7 kB)
#9 1.993 Collecting itsdangerous>=2.1.2 (from Flask==2.3.3->-r requirements.txt (line 1))
#9 2.036   Downloading itsdangerous-2.2.0-py3-none-any.whl.metadata (1.9 kB)
#9 2.063 Collecting click>=8.1.3 (from Flask==2.3.3->-r requirements.txt (line 1))
#9 2.105   Downloading click-8.3.0-py3-none-any.whl.metadata (2.6 kB)
#9 2.124 Collecting blinker>=1.6.2 (from Flask==2.3.3->-r requirements.txt (line 1))
#9 2.166   Downloading blinker-1.9.0-py3-none-any.whl.metadata (1.6 kB)
#9 2.194 Collecting packaging>=14.0 (from docker==6.1.3->-r requirements.txt (line 2))
#9 2.238   Downloading packaging-25.0-py3-none-any.whl.metadata (3.3 kB)
#9 2.278 Collecting requests>=2.26.0 (from docker==6.1.3->-r requirements.txt (line 2))
#9 2.321   Downloading requests-2.32.5-py3-none-any.whl.metadata (4.9 kB)
#9 2.357 Collecting urllib3>=1.26.0 (from docker==6.1.3->-r requirements.txt (line 2))
#9 2.402   Downloading urllib3-2.5.0-py3-none-any.whl.metadata (6.5 kB)
#9 2.434 Collecting websocket-client>=0.32.0 (from docker==6.1.3->-r requirements.txt (line 2))
#9 2.483   Downloading websocket_client-1.9.0-py3-none-any.whl.metadata (8.3 kB)
#9 2.555 Collecting MarkupSafe>=2.0 (from Jinja2==3.1.2->-r requirements.txt (line 3))
#9 2.599   Downloading markupsafe-3.0.3-cp314-cp314-manylinux2014_x86_64.manylinux_2_17_x86_64.manylinux_2_28_x86_64.whl.metadata (2.7 kB)
#9 2.711 Collecting charset_normalizer<4,>=2 (from requests>=2.26.0->docker==6.1.3->-r requirements.txt (line 2))
#9 2.756   Downloading charset_normalizer-3.4.4-cp314-cp314-manylinux2014_x86_64.manylinux_2_17_x86_64.manylinux_2_28_x86_64.whl.metadata (37 kB)
#9 2.799 Collecting idna<4,>=2.5 (from requests>=2.26.0->docker==6.1.3->-r requirements.txt (line 2))
#9 2.842   Downloading idna-3.11-py3-none-any.whl.metadata (8.4 kB)
#9 2.887 Collecting certifi>=2017.4.17 (from requests>=2.26.0->docker==6.1.3->-r requirements.txt (line 2))
#9 2.930   Downloading certifi-2025.10.5-py3-none-any.whl.metadata (2.5 kB)
#9 2.979 Downloading flask-2.3.3-py3-none-any.whl (96 kB)
#9 3.063 Downloading docker-6.1.3-py3-none-any.whl (148 kB)
#9 3.168 Downloading Jinja2-3.1.2-py3-none-any.whl (133 kB)
#9 3.246 Downloading blinker-1.9.0-py3-none-any.whl (8.5 kB)
#9 3.288 Downloading click-8.3.0-py3-none-any.whl (107 kB)
#9 3.343 Downloading itsdangerous-2.2.0-py3-none-any.whl (16 kB)
#9 3.388 Downloading markupsafe-3.0.3-cp314-cp314-manylinux2014_x86_64.manylinux_2_17_x86_64.manylinux_2_28_x86_64.whl (23 kB)
#9 3.432 Downloading packaging-25.0-py3-none-any.whl (66 kB)
#9 3.483 Downloading requests-2.32.5-py3-none-any.whl (64 kB)
#9 3.535 Downloading charset_normalizer-3.4.4-cp314-cp314-manylinux2014_x86_64.manylinux_2_17_x86_64.manylinux_2_28_x86_64.whl (152 kB)
#9 3.598 Downloading idna-3.11-py3-none-any.whl (71 kB)
#9 3.649 Downloading urllib3-2.5.0-py3-none-any.whl (129 kB)
#9 3.712 Downloading certifi-2025.10.5-py3-none-any.whl (163 kB)
#9 3.774 Downloading websocket_client-1.9.0-py3-none-any.whl (82 kB)
#9 3.829 Downloading werkzeug-3.1.3-py3-none-any.whl (224 kB)
#9 3.904 Installing collected packages: websocket-client, urllib3, packaging, MarkupSafe, itsdangerous, idna, click, charset_normalizer, certifi, blinker, Werkzeug, requests, Jinja2, Flask, docker
#9 4.806 
#9 4.809 Successfully installed Flask-2.3.3 Jinja2-3.1.2 MarkupSafe-3.0.3 Werkzeug-3.1.3 blinker-1.9.0 certifi-2025.10.5 charset_normalizer-3.4.4 click-8.3.0 docker-6.1.3 idna-3.11 itsdangerous-2.2.0 packaging-25.0 requests-2.32.5 urllib3-2.5.0 websocket-client-1.9.0
#9 4.809 WARNING: Running pip as the 'root' user can result in broken permissions and conflicting behaviour with the system package manager, possibly rendering your system unusable. It is recommended to use a virtual environment instead: https://pip.pypa.io/warnings/venv. Use the --root-user-action option if you know what you are doing and want to suppress this warning.
#9 4.904 
#9 4.904 [notice] A new release of pip is available: 25.2 -> 25.3
#9 4.904 [notice] To update, run: pip install --upgrade pip
#9 DONE 5.1s

#10 [5/5] COPY app.py .
#10 DONE 0.0s

#11 exporting to image
#11 exporting layers
#11 exporting layers 0.9s done
#11 exporting manifest sha256:ca78d1360dd48d455b2fcd9881da3a510c190f63fb53dcd68cf7cd6f6b3d6f89 0.0s done
#11 exporting config sha256:8dba1779517c8739e96831adb293f91eaf083d8e2334845fc2a933f097d44349 0.0s done
#11 exporting attestation manifest sha256:5def96236c83e6ebaa9b715069c57c20685737fca33d1c814f7398b5e61c008e 0.0s done
#11 exporting manifest list sha256:bc1cff78d8aa5ab8dc48b0ae7a665a2f09909e828cf87476cff2b14ac2dbb99c 0.0s done
#11 naming to docker.io/library/custom_no_tool-vulnerable_app:latest done
#11 unpacking to docker.io/library/custom_no_tool-vulnerable_app:latest
#11 unpacking to docker.io/library/custom_no_tool-vulnerable_app:latest 0.4s done
#11 DONE 1.3s

#12 resolving provenance for metadata file
#12 DONE 0.0s
 custom_no_tool-vulnerable_app  Built
 Network custom_no_tool_default  Creating
 Network custom_no_tool_default  Created
 Container custom_no_tool-vulnerable_app-1  Creating
 Container custom_no_tool-vulnerable_app-1  Created
 Container custom_no_tool-vulnerable_app-1  Starting
 Container custom_no_tool-vulnerable_app-1  Started


sudo docker logs 83cf7ca6d0e36ead8b2818160a76200578004444a8f3a4c3f17271eca30b20e6 --details
STDOUT: 
STDERR:  Traceback (most recent call last):
   File "/usr/local/lib/python3.14/site-packages/requests/adapters.py", line 610, in send
     conn = self.get_connection_with_tls_context(
         request, verify, proxies=proxies, cert=cert
     )
   File "/usr/local/lib/python3.14/site-packages/requests/adapters.py", line 466, in get_connection_with_tls_context
     conn = self.poolmanager.connection_from_host(
         **host_params, pool_kwargs=pool_kwargs
     )
   File "/usr/local/lib/python3.14/site-packages/urllib3/poolmanager.py", line 319, in connection_from_host
     return self.connection_from_context(request_context)
            ~~~~~~~~~~~~~~~~~~~~~~~~~~~~^^^^^^^^^^^^^^^^^
   File "/usr/local/lib/python3.14/site-packages/urllib3/poolmanager.py", line 341, in connection_from_context
     raise URLSchemeUnknown(scheme)
 urllib3.exceptions.URLSchemeUnknown: Not supported URL scheme http+docker
 
 During handling of the above exception, another exception occurred:
 
 Traceback (most recent call last):
   File "/usr/local/lib/python3.14/site-packages/docker/api/client.py", line 214, in _retrieve_server_version
     return self.version(api_version=False)["ApiVersion"]
            ~~~~~~~~~~~~^^^^^^^^^^^^^^^^^^^
   File "/usr/local/lib/python3.14/site-packages/docker/api/daemon.py", line 181, in version
     return self._result(self._get(url), json=True)
                         ~~~~~~~~~^^^^^
   File "/usr/local/lib/python3.14/site-packages/docker/utils/decorators.py", line 46, in inner
     return f(self, *args, **kwargs)
   File "/usr/local/lib/python3.14/site-packages/docker/api/client.py", line 237, in _get
     return self.get(url, **self._set_request_timeout(kwargs))
            ~~~~~~~~^^^^^^^^^^^^^^^^^^^^^^^^^^^^^^^^^^^^^^^^^^
   File "/usr/local/lib/python3.14/site-packages/requests/sessions.py", line 602, in get
     return self.request("GET", url, **kwargs)
            ~~~~~~~~~~~~^^^^^^^^^^^^^^^^^^^^^^
   File "/usr/local/lib/python3.14/site-packages/requests/sessions.py", line 589, in request
     resp = self.send(prep, **send_kwargs)
   File "/usr/local/lib/python3.14/site-packages/requests/sessions.py", line 703, in send
     r = adapter.send(request, **kwargs)
   File "/usr/local/lib/python3.14/site-packages/requests/adapters.py", line 614, in send
     raise InvalidURL(e, request=request)
 requests.exceptions.InvalidURL: Not supported URL scheme http+docker
 
 During handling of the above exception, another exception occurred:
 
 Traceback (most recent call last):
   File "/app/app.py", line 9, in <module>
     client = docker.from_env()
   File "/usr/local/lib/python3.14/site-packages/docker/client.py", line 96, in from_env
     return cls(
         timeout=timeout,
     ...<3 lines>...
         **kwargs_from_env(**kwargs)
     )
   File "/usr/local/lib/python3.14/site-packages/docker/client.py", line 45, in __init__
     self.api = APIClient(*args, **kwargs)
                ~~~~~~~~~^^^^^^^^^^^^^^^^^
   File "/usr/local/lib/python3.14/site-packages/docker/api/client.py", line 197, in __init__
     self._version = self._retrieve_server_version()
                     ~~~~~~~~~~~~~~~~~~~~~~~~~~~~~^^
   File "/usr/local/lib/python3.14/site-packages/docker/api/client.py", line 221, in _retrieve_server_version
     raise DockerException(
         f'Error while fetching server API version: {e}'
     )
 docker.errors.DockerException: Error while fetching server API version: Not supported URL scheme http+docker
 Traceback (most recent call last):
   File "/usr/local/lib/python3.14/site-packages/requests/adapters.py", line 610, in send
     conn = self.get_connection_with_tls_context(
         request, verify, proxies=proxies, cert=cert
     )
   File "/usr/local/lib/python3.14/site-packages/requests/adapters.py", line 466, in get_connection_with_tls_context
     conn = self.poolmanager.connection_from_host(
         **host_params, pool_kwargs=pool_kwargs
     )
   File "/usr/local/lib/python3.14/site-packages/urllib3/poolmanager.py", line 319, in connection_from_host
     return self.connection_from_context(request_context)
            ~~~~~~~~~~~~~~~~~~~~~~~~~~~~^^^^^^^^^^^^^^^^^
   File "/usr/local/lib/python3.14/site-packages/urllib3/poolmanager.py", line 341, in connection_from_context
     raise URLSchemeUnknown(scheme)
 urllib3.exceptions.URLSchemeUnknown: Not supported URL scheme http+docker
 
 During handling of the above exception, another exception occurred:
 
 Traceback (most recent call last):
   File "/usr/local/lib/python3.14/site-packages/docker/api/client.py", line 214, in _retrieve_server_version
     return self.version(api_version=False)["ApiVersion"]
            ~~~~~~~~~~~~^^^^^^^^^^^^^^^^^^^
   File "/usr/local/lib/python3.14/site-packages/docker/api/daemon.py", line 181, in version
     return self._result(self._get(url), json=True)
                         ~~~~~~~~~^^^^^
   File "/usr/local/lib/python3.14/site-packages/docker/utils/decorators.py", line 46, in inner
     return f(self, *args, **kwargs)
   File "/usr/local/lib/python3.14/site-packages/docker/api/client.py", line 237, in _get
     return self.get(url, **self._set_request_timeout(kwargs))
            ~~~~~~~~^^^^^^^^^^^^^^^^^^^^^^^^^^^^^^^^^^^^^^^^^^
   File "/usr/local/lib/python3.14/site-packages/requests/sessions.py", line 602, in get
     return self.request("GET", url, **kwargs)
            ~~~~~~~~~~~~^^^^^^^^^^^^^^^^^^^^^^
   File "/usr/local/lib/python3.14/site-packages/requests/sessions.py", line 589, in request
     resp = self.send(prep, **send_kwargs)
   File "/usr/local/lib/python3.14/site-packages/requests/sessions.py", line 703, in send
     r = adapter.send(request, **kwargs)
   File "/usr/local/lib/python3.14/site-packages/requests/adapters.py", line 614, in send
     raise InvalidURL(e, request=request)
 requests.exceptions.InvalidURL: Not supported URL scheme http+docker
 
 During handling of the above exception, another exception occurred:
 
 Traceback (most recent call last):
   File "/app/app.py", line 9, in <module>
     client = docker.from_env()
   File "/usr/local/lib/python3.14/site-packages/docker/client.py", line 96, in from_env
     return cls(
         timeout=timeout,
     ...<3 lines>...
         **kwargs_from_env(**kwargs)
     )
   File "/usr/local/lib/python3.14/site-packages/docker/client.py", line 45, in __init__
     self.api = APIClient(*args, **kwargs)
                ~~~~~~~~~^^^^^^^^^^^^^^^^^
   File "/usr/local/lib/python3.14/site-packages/docker/api/client.py", line 197, in __init__
     self._version = self._retrieve_server_version()
                     ~~~~~~~~~~~~~~~~~~~~~~~~~~~~~^^
   File "/usr/local/lib/python3.14/site-packages/docker/api/client.py", line 221, in _retrieve_server_version
     raise DockerException(
         f'Error while fetching server API version: {e}'
     )
 docker.errors.DockerException: Error while fetching server API version: Not supported URL scheme http+docker
 Traceback (most recent call last):
   File "/usr/local/lib/python3.14/site-packages/requests/adapters.py", line 610, in send
     conn = self.get_connection_with_tls_context(
         request, verify, proxies=proxies, cert=cert
     )
   File "/usr/local/lib/python3.14/site-packages/requests/adapters.py", line 466, in get_connection_with_tls_context
     conn = self.poolmanager.connection_from_host(
         **host_params, pool_kwargs=pool_kwargs
     )
   File "/usr/local/lib/python3.14/site-packages/urllib3/poolmanager.py", line 319, in connection_from_host
     return self.connection_from_context(request_context)
            ~~~~~~~~~~~~~~~~~~~~~~~~~~~~^^^^^^^^^^^^^^^^^
   File "/usr/local/lib/python3.14/site-packages/urllib3/poolmanager.py", line 341, in connection_from_context
     raise URLSchemeUnknown(scheme)
 urllib3.exceptions.URLSchemeUnknown: Not supported URL scheme http+docker
 
 During handling of the above exception, another exception occurred:
 
 Traceback (most recent call last):
   File "/usr/local/lib/python3.14/site-packages/docker/api/client.py", line 214, in _retrieve_server_version
     return self.version(api_version=False)["ApiVersion"]
            ~~~~~~~~~~~~^^^^^^^^^^^^^^^^^^^
   File "/usr/local/lib/python3.14/site-packages/docker/api/daemon.py", line 181, in version
     return self._result(self._get(url), json=True)
                         ~~~~~~~~~^^^^^
   File "/usr/local/lib/python3.14/site-packages/docker/utils/decorators.py", line 46, in inner
     return f(self, *args, **kwargs)
   File "/usr/local/lib/python3.14/site-packages/docker/api/client.py", line 237, in _get
     return self.get(url, **self._set_request_timeout(kwargs))
            ~~~~~~~~^^^^^^^^^^^^^^^^^^^^^^^^^^^^^^^^^^^^^^^^^^
   File "/usr/local/lib/python3.14/site-packages/requests/sessions.py", line 602, in get
     return self.request("GET", url, **kwargs)
            ~~~~~~~~~~~~^^^^^^^^^^^^^^^^^^^^^^
   File "/usr/local/lib/python3.14/site-packages/requests/sessions.py", line 589, in request
     resp = self.send(prep, **send_kwargs)
   File "/usr/local/lib/python3.14/site-packages/requests/sessions.py", line 703, in send
     r = adapter.send(request, **kwargs)
   File "/usr/local/lib/python3.14/site-packages/requests/adapters.py", line 614, in send
     raise InvalidURL(e, request=request)
 requests.exceptions.InvalidURL: Not supported URL scheme http+docker
 
 During handling of the above exception, another exception occurred:
 
 Traceback (most recent call last):
   File "/app/app.py", line 9, in <module>
     client = docker.from_env()
   File "/usr/local/lib/python3.14/site-packages/docker/client.py", line 96, in from_env
     return cls(
         timeout=timeout,
     ...<3 lines>...
         **kwargs_from_env(**kwargs)
     )
   File "/usr/local/lib/python3.14/site-packages/docker/client.py", line 45, in __init__
     self.api = APIClient(*args, **kwargs)
                ~~~~~~~~~^^^^^^^^^^^^^^^^^
   File "/usr/local/lib/python3.14/site-packages/docker/api/client.py", line 197, in __init__
     self._version = self._retrieve_server_version()
                     ~~~~~~~~~~~~~~~~~~~~~~~~~~~~~^^
   File "/usr/local/lib/python3.14/site-packages/docker/api/client.py", line 221, in _retrieve_server_version
     raise DockerException(
         f'Error while fetching server API version: {e}'
     )
 docker.errors.DockerException: Error while fetching server API version: Not supported URL scheme http+docker
 Traceback (most recent call last):
   File "/usr/local/lib/python3.14/site-packages/requests/adapters.py", line 610, in send
     conn = self.get_connection_with_tls_context(
         request, verify, proxies=proxies, cert=cert
     )
   File "/usr/local/lib/python3.14/site-packages/requests/adapters.py", line 466, in get_connection_with_tls_context
     conn = self.poolmanager.connection_from_host(
         **host_params, pool_kwargs=pool_kwargs
     )
   File "/usr/local/lib/python3.14/site-packages/urllib3/poolmanager.py", line 319, in connection_from_host
     return self.connection_from_context(request_context)
            ~~~~~~~~~~~~~~~~~~~~~~~~~~~~^^^^^^^^^^^^^^^^^
   File "/usr/local/lib/python3.14/site-packages/urllib3/poolmanager.py", line 341, in connection_from_context
     raise URLSchemeUnknown(scheme)
 urllib3.exceptions.URLSchemeUnknown: Not supported URL scheme http+docker
 
 During handling of the above exception, another exception occurred:
 
 Traceback (most recent call last):
   File "/usr/local/lib/python3.14/site-packages/docker/api/client.py", line 214, in _retrieve_server_version
     return self.version(api_version=False)["ApiVersion"]
            ~~~~~~~~~~~~^^^^^^^^^^^^^^^^^^^
   File "/usr/local/lib/python3.14/site-packages/docker/api/daemon.py", line 181, in version
     return self._result(self._get(url), json=True)
                         ~~~~~~~~~^^^^^
   File "/usr/local/lib/python3.14/site-packages/docker/utils/decorators.py", line 46, in inner
     return f(self, *args, **kwargs)
   File "/usr/local/lib/python3.14/site-packages/docker/api/client.py", line 237, in _get
     return self.get(url, **self._set_request_timeout(kwargs))
            ~~~~~~~~^^^^^^^^^^^^^^^^^^^^^^^^^^^^^^^^^^^^^^^^^^
   File "/usr/local/lib/python3.14/site-packages/requests/sessions.py", line 602, in get
     return self.request("GET", url, **kwargs)
            ~~~~~~~~~~~~^^^^^^^^^^^^^^^^^^^^^^
   File "/usr/local/lib/python3.14/site-packages/requests/sessions.py", line 589, in request
     resp = self.send(prep, **send_kwargs)
   File "/usr/local/lib/python3.14/site-packages/requests/sessions.py", line 703, in send
     r = adapter.send(request, **kwargs)
   File "/usr/local/lib/python3.14/site-packages/requests/adapters.py", line 614, in send
     raise InvalidURL(e, request=request)
 requests.exceptions.InvalidURL: Not supported URL scheme http+docker
 
 During handling of the above exception, another exception occurred:
 
 Traceback (most recent call last):
   File "/app/app.py", line 9, in <module>
     client = docker.from_env()
   File "/usr/local/lib/python3.14/site-packages/docker/client.py", line 96, in from_env
     return cls(
         timeout=timeout,
     ...<3 lines>...
         **kwargs_from_env(**kwargs)
     )
   File "/usr/local/lib/python3.14/site-packages/docker/client.py", line 45, in __init__
     self.api = APIClient(*args, **kwargs)
                ~~~~~~~~~^^^^^^^^^^^^^^^^^
   File "/usr/local/lib/python3.14/site-packages/docker/api/client.py", line 197, in __init__
     self._version = self._retrieve_server_version()
                     ~~~~~~~~~~~~~~~~~~~~~~~~~~~~~^^
   File "/usr/local/lib/python3.14/site-packages/docker/api/client.py", line 221, in _retrieve_server_version
     raise DockerException(
         f'Error while fetching server API version: {e}'
     )
 docker.errors.DockerException: Error while fetching server API version: Not supported URL scheme http+docker
 Traceback (most recent call last):
   File "/usr/local/lib/python3.14/site-packages/requests/adapters.py", line 610, in send
     conn = self.get_connection_with_tls_context(
         request, verify, proxies=proxies, cert=cert
     )
   File "/usr/local/lib/python3.14/site-packages/requests/adapters.py", line 466, in get_connection_with_tls_context
     conn = self.poolmanager.connection_from_host(
         **host_params, pool_kwargs=pool_kwargs
     )
   File "/usr/local/lib/python3.14/site-packages/urllib3/poolmanager.py", line 319, in connection_from_host
     return self.connection_from_context(request_context)
            ~~~~~~~~~~~~~~~~~~~~~~~~~~~~^^^^^^^^^^^^^^^^^
   File "/usr/local/lib/python3.14/site-packages/urllib3/poolmanager.py", line 341, in connection_from_context
     raise URLSchemeUnknown(scheme)
 urllib3.exceptions.URLSchemeUnknown: Not supported URL scheme http+docker
 
 During handling of the above exception, another exception occurred:
 
 Traceback (most recent call last):
   File "/usr/local/lib/python3.14/site-packages/docker/api/client.py", line 214, in _retrieve_server_version
     return self.version(api_version=False)["ApiVersion"]
            ~~~~~~~~~~~~^^^^^^^^^^^^^^^^^^^
   File "/usr/local/lib/python3.14/site-packages/docker/api/daemon.py", line 181, in version
     return self._result(self._get(url), json=True)
                         ~~~~~~~~~^^^^^
   File "/usr/local/lib/python3.14/site-packages/docker/utils/decorators.py", line 46, in inner
     return f(self, *args, **kwargs)
   File "/usr/local/lib/python3.14/site-packages/docker/api/client.py", line 237, in _get
     return self.get(url, **self._set_request_timeout(kwargs))
            ~~~~~~~~^^^^^^^^^^^^^^^^^^^^^^^^^^^^^^^^^^^^^^^^^^
   File "/usr/local/lib/python3.14/site-packages/requests/sessions.py", line 602, in get
     return self.request("GET", url, **kwargs)
            ~~~~~~~~~~~~^^^^^^^^^^^^^^^^^^^^^^
   File "/usr/local/lib/python3.14/site-packages/requests/sessions.py", line 589, in request
     resp = self.send(prep, **send_kwargs)
   File "/usr/local/lib/python3.14/site-packages/requests/sessions.py", line 703, in send
     r = adapter.send(request, **kwargs)
   File "/usr/local/lib/python3.14/site-packages/requests/adapters.py", line 614, in send
     raise InvalidURL(e, request=request)
 requests.exceptions.InvalidURL: Not supported URL scheme http+docker
 
 During handling of the above exception, another exception occurred:
 
 Traceback (most recent call last):
   File "/app/app.py", line 9, in <module>
     client = docker.from_env()
   File "/usr/local/lib/python3.14/site-packages/docker/client.py", line 96, in from_env
     return cls(
         timeout=timeout,
     ...<3 lines>...
         **kwargs_from_env(**kwargs)
     )
   File "/usr/local/lib/python3.14/site-packages/docker/client.py", line 45, in __init__
     self.api = APIClient(*args, **kwargs)
                ~~~~~~~~~^^^^^^^^^^^^^^^^^
   File "/usr/local/lib/python3.14/site-packages/docker/api/client.py", line 197, in __init__
     self._version = self._retrieve_server_version()
                     ~~~~~~~~~~~~~~~~~~~~~~~~~~~~~^^
   File "/usr/local/lib/python3.14/site-packages/docker/api/client.py", line 221, in _retrieve_server_version
     raise DockerException(
         f'Error while fetching server API version: {e}'
     )
 docker.errors.DockerException: Error while fetching server API version: Not supported URL scheme http+docker
 Traceback (most recent call last):
   File "/usr/local/lib/python3.14/site-packages/requests/adapters.py", line 610, in send
     conn = self.get_connection_with_tls_context(
         request, verify, proxies=proxies, cert=cert
     )
   File "/usr/local/lib/python3.14/site-packages/requests/adapters.py", line 466, in get_connection_with_tls_context
     conn = self.poolmanager.connection_from_host(
         **host_params, pool_kwargs=pool_kwargs
     )
   File "/usr/local/lib/python3.14/site-packages/urllib3/poolmanager.py", line 319, in connection_from_host
     return self.connection_from_context(request_context)
            ~~~~~~~~~~~~~~~~~~~~~~~~~~~~^^^^^^^^^^^^^^^^^
   File "/usr/local/lib/python3.14/site-packages/urllib3/poolmanager.py", line 341, in connection_from_context
     raise URLSchemeUnknown(scheme)
 urllib3.exceptions.URLSchemeUnknown: Not supported URL scheme http+docker
 
 During handling of the above exception, another exception occurred:
 
 Traceback (most recent call last):
   File "/usr/local/lib/python3.14/site-packages/docker/api/client.py", line 214, in _retrieve_server_version
     return self.version(api_version=False)["ApiVersion"]
            ~~~~~~~~~~~~^^^^^^^^^^^^^^^^^^^
   File "/usr/local/lib/python3.14/site-packages/docker/api/daemon.py", line 181, in version
     return self._result(self._get(url), json=True)
                         ~~~~~~~~~^^^^^
   File "/usr/local/lib/python3.14/site-packages/docker/utils/decorators.py", line 46, in inner
     return f(self, *args, **kwargs)
   File "/usr/local/lib/python3.14/site-packages/docker/api/client.py", line 237, in _get
     return self.get(url, **self._set_request_timeout(kwargs))
            ~~~~~~~~^^^^^^^^^^^^^^^^^^^^^^^^^^^^^^^^^^^^^^^^^^
   File "/usr/local/lib/python3.14/site-packages/requests/sessions.py", line 602, in get
     return self.request("GET", url, **kwargs)
            ~~~~~~~~~~~~^^^^^^^^^^^^^^^^^^^^^^
   File "/usr/local/lib/python3.14/site-packages/requests/sessions.py", line 589, in request
     resp = self.send(prep, **send_kwargs)
   File "/usr/local/lib/python3.14/site-packages/requests/sessions.py", line 703, in send
     r = adapter.send(request, **kwargs)
   File "/usr/local/lib/python3.14/site-packages/requests/adapters.py", line 614, in send
     raise InvalidURL(e, request=request)
 requests.exceptions.InvalidURL: Not supported URL scheme http+docker
 
 During handling of the above exception, another exception occurred:
 
 Traceback (most recent call last):
   File "/app/app.py", line 9, in <module>
     client = docker.from_env()
   File "/usr/local/lib/python3.14/site-packages/docker/client.py", line 96, in from_env
     return cls(
         timeout=timeout,
     ...<3 lines>...
         **kwargs_from_env(**kwargs)
     )
   File "/usr/local/lib/python3.14/site-packages/docker/client.py", line 45, in __init__
     self.api = APIClient(*args, **kwargs)
                ~~~~~~~~~^^^^^^^^^^^^^^^^^
   File "/usr/local/lib/python3.14/site-packages/docker/api/client.py", line 197, in __init__
     self._version = self._retrieve_server_version()
                     ~~~~~~~~~~~~~~~~~~~~~~~~~~~~~^^
   File "/usr/local/lib/python3.14/site-packages/docker/api/client.py", line 221, in _retrieve_server_version
     raise DockerException(
         f'Error while fetching server API version: {e}'
     )
 docker.errors.DockerException: Error while fetching server API version: Not supported URL scheme http+docker
 Traceback (most recent call last):
   File "/usr/local/lib/python3.14/site-packages/requests/adapters.py", line 610, in send
     conn = self.get_connection_with_tls_context(
         request, verify, proxies=proxies, cert=cert
     )
   File "/usr/local/lib/python3.14/site-packages/requests/adapters.py", line 466, in get_connection_with_tls_context
     conn = self.poolmanager.connection_from_host(
         **host_params, pool_kwargs=pool_kwargs
     )
   File "/usr/local/lib/python3.14/site-packages/urllib3/poolmanager.py", line 319, in connection_from_host
     return self.connection_from_context(request_context)
            ~~~~~~~~~~~~~~~~~~~~~~~~~~~~^^^^^^^^^^^^^^^^^
   File "/usr/local/lib/python3.14/site-packages/urllib3/poolmanager.py", line 341, in connection_from_context
     raise URLSchemeUnknown(scheme)
 urllib3.exceptions.URLSchemeUnknown: Not supported URL scheme http+docker
 
 During handling of the above exception, another exception occurred:
 
 Traceback (most recent call last):
   File "/usr/local/lib/python3.14/site-packages/docker/api/client.py", line 214, in _retrieve_server_version
     return self.version(api_version=False)["ApiVersion"]
            ~~~~~~~~~~~~^^^^^^^^^^^^^^^^^^^
   File "/usr/local/lib/python3.14/site-packages/docker/api/daemon.py", line 181, in version
     return self._result(self._get(url), json=True)
                         ~~~~~~~~~^^^^^
   File "/usr/local/lib/python3.14/site-packages/docker/utils/decorators.py", line 46, in inner
     return f(self, *args, **kwargs)
   File "/usr/local/lib/python3.14/site-packages/docker/api/client.py", line 237, in _get
     return self.get(url, **self._set_request_timeout(kwargs))
            ~~~~~~~~^^^^^^^^^^^^^^^^^^^^^^^^^^^^^^^^^^^^^^^^^^
   File "/usr/local/lib/python3.14/site-packages/requests/sessions.py", line 602, in get
     return self.request("GET", url, **kwargs)
            ~~~~~~~~~~~~^^^^^^^^^^^^^^^^^^^^^^
   File "/usr/local/lib/python3.14/site-packages/requests/sessions.py", line 589, in request
     resp = self.send(prep, **send_kwargs)
   File "/usr/local/lib/python3.14/site-packages/requests/sessions.py", line 703, in send
     r = adapter.send(request, **kwargs)
   File "/usr/local/lib/python3.14/site-packages/requests/adapters.py", line 614, in send
     raise InvalidURL(e, request=request)
 requests.exceptions.InvalidURL: Not supported URL scheme http+docker
 
 During handling of the above exception, another exception occurred:
 
 Traceback (most recent call last):
   File "/app/app.py", line 9, in <module>
     client = docker.from_env()
   File "/usr/local/lib/python3.14/site-packages/docker/client.py", line 96, in from_env
     return cls(
         timeout=timeout,
     ...<3 lines>...
         **kwargs_from_env(**kwargs)
     )
   File "/usr/local/lib/python3.14/site-packages/docker/client.py", line 45, in __init__
     self.api = APIClient(*args, **kwargs)
                ~~~~~~~~~^^^^^^^^^^^^^^^^^
   File "/usr/local/lib/python3.14/site-packages/docker/api/client.py", line 197, in __init__
     self._version = self._retrieve_server_version()
                     ~~~~~~~~~~~~~~~~~~~~~~~~~~~~~^^
   File "/usr/local/lib/python3.14/site-packages/docker/api/client.py", line 221, in _retrieve_server_version
     raise DockerException(
         f'Error while fetching server API version: {e}'
     )
 docker.errors.DockerException: Error while fetching server API version: Not supported URL scheme http+docker
 Traceback (most recent call last):
   File "/usr/local/lib/python3.14/site-packages/requests/adapters.py", line 610, in send
     conn = self.get_connection_with_tls_context(
         request, verify, proxies=proxies, cert=cert
     )
   File "/usr/local/lib/python3.14/site-packages/requests/adapters.py", line 466, in get_connection_with_tls_context
     conn = self.poolmanager.connection_from_host(
         **host_params, pool_kwargs=pool_kwargs
     )
   File "/usr/local/lib/python3.14/site-packages/urllib3/poolmanager.py", line 319, in connection_from_host
     return self.connection_from_context(request_context)
            ~~~~~~~~~~~~~~~~~~~~~~~~~~~~^^^^^^^^^^^^^^^^^
   File "/usr/local/lib/python3.14/site-packages/urllib3/poolmanager.py", line 341, in connection_from_context
     raise URLSchemeUnknown(scheme)
 urllib3.exceptions.URLSchemeUnknown: Not supported URL scheme http+docker
 
 During handling of the above exception, another exception occurred:
 
 Traceback (most recent call last):
   File "/usr/local/lib/python3.14/site-packages/docker/api/client.py", line 214, in _retrieve_server_version
     return self.version(api_version=False)["ApiVersion"]
            ~~~~~~~~~~~~^^^^^^^^^^^^^^^^^^^
   File "/usr/local/lib/python3.14/site-packages/docker/api/daemon.py", line 181, in version
     return self._result(self._get(url), json=True)
                         ~~~~~~~~~^^^^^
   File "/usr/local/lib/python3.14/site-packages/docker/utils/decorators.py", line 46, in inner
     return f(self, *args, **kwargs)
   File "/usr/local/lib/python3.14/site-packages/docker/api/client.py", line 237, in _get
     return self.get(url, **self._set_request_timeout(kwargs))
            ~~~~~~~~^^^^^^^^^^^^^^^^^^^^^^^^^^^^^^^^^^^^^^^^^^
   File "/usr/local/lib/python3.14/site-packages/requests/sessions.py", line 602, in get
     return self.request("GET", url, **kwargs)
            ~~~~~~~~~~~~^^^^^^^^^^^^^^^^^^^^^^
   File "/usr/local/lib/python3.14/site-packages/requests/sessions.py", line 589, in request
     resp = self.send(prep, **send_kwargs)
   File "/usr/local/lib/python3.14/site-packages/requests/sessions.py", line 703, in send
     r = adapter.send(request, **kwargs)
   File "/usr/local/lib/python3.14/site-packages/requests/adapters.py", line 614, in send
     raise InvalidURL(e, request=request)
 requests.exceptions.InvalidURL: Not supported URL scheme http+docker
 
 During handling of the above exception, another exception occurred:
 
 Traceback (most recent call last):
   File "/app/app.py", line 9, in <module>
     client = docker.from_env()
   File "/usr/local/lib/python3.14/site-packages/docker/client.py", line 96, in from_env
     return cls(
         timeout=timeout,
     ...<3 lines>...
         **kwargs_from_env(**kwargs)
     )
   File "/usr/local/lib/python3.14/site-packages/docker/client.py", line 45, in __init__
     self.api = APIClient(*args, **kwargs)
                ~~~~~~~~~^^^^^^^^^^^^^^^^^
   File "/usr/local/lib/python3.14/site-packages/docker/api/client.py", line 197, in __init__
     self._version = self._retrieve_server_version()
                     ~~~~~~~~~~~~~~~~~~~~~~~~~~~~~^^
   File "/usr/local/lib/python3.14/site-packages/docker/api/client.py", line 221, in _retrieve_server_version
     raise DockerException(
         f'Error while fetching server API version: {e}'
     )
 docker.errors.DockerException: Error while fetching server API version: Not supported URL scheme http+docker
 Traceback (most recent call last):
   File "/usr/local/lib/python3.14/site-packages/requests/adapters.py", line 610, in send
     conn = self.get_connection_with_tls_context(
         request, verify, proxies=proxies, cert=cert
     )
   File "/usr/local/lib/python3.14/site-packages/requests/adapters.py", line 466, in get_connection_with_tls_context
     conn = self.poolmanager.connection_from_host(
         **host_params, pool_kwargs=pool_kwargs
     )
   File "/usr/local/lib/python3.14/site-packages/urllib3/poolmanager.py", line 319, in connection_from_host
     return self.connection_from_context(request_context)
            ~~~~~~~~~~~~~~~~~~~~~~~~~~~~^^^^^^^^^^^^^^^^^
   File "/usr/local/lib/python3.14/site-packages/urllib3/poolmanager.py", line 341, in connection_from_context
     raise URLSchemeUnknown(scheme)
 urllib3.exceptions.URLSchemeUnknown: Not supported URL scheme http+docker
 
 During handling of the above exception, another exception occurred:
 
 Traceback (most recent call last):
   File "/usr/local/lib/python3.14/site-packages/docker/api/client.py", line 214, in _retrieve_server_version
     return self.version(api_version=False)["ApiVersion"]
            ~~~~~~~~~~~~^^^^^^^^^^^^^^^^^^^
   File "/usr/local/lib/python3.14/site-packages/docker/api/daemon.py", line 181, in version
     return self._result(self._get(url), json=True)
                         ~~~~~~~~~^^^^^
   File "/usr/local/lib/python3.14/site-packages/docker/utils/decorators.py", line 46, in inner
     return f(self, *args, **kwargs)
   File "/usr/local/lib/python3.14/site-packages/docker/api/client.py", line 237, in _get
     return self.get(url, **self._set_request_timeout(kwargs))
            ~~~~~~~~^^^^^^^^^^^^^^^^^^^^^^^^^^^^^^^^^^^^^^^^^^
   File "/usr/local/lib/python3.14/site-packages/requests/sessions.py", line 602, in get
     return self.request("GET", url, **kwargs)
            ~~~~~~~~~~~~^^^^^^^^^^^^^^^^^^^^^^
   File "/usr/local/lib/python3.14/site-packages/requests/sessions.py", line 589, in request
     resp = self.send(prep, **send_kwargs)
   File "/usr/local/lib/python3.14/site-packages/requests/sessions.py", line 703, in send
     r = adapter.send(request, **kwargs)
   File "/usr/local/lib/python3.14/site-packages/requests/adapters.py", line 614, in send
     raise InvalidURL(e, request=request)
 requests.exceptions.InvalidURL: Not supported URL scheme http+docker
 
 During handling of the above exception, another exception occurred:
 
 Traceback (most recent call last):
   File "/app/app.py", line 9, in <module>
     client = docker.from_env()
   File "/usr/local/lib/python3.14/site-packages/docker/client.py", line 96, in from_env
     return cls(
         timeout=timeout,
     ...<3 lines>...
         **kwargs_from_env(**kwargs)
     )
   File "/usr/local/lib/python3.14/site-packages/docker/client.py", line 45, in __init__
     self.api = APIClient(*args, **kwargs)
                ~~~~~~~~~^^^^^^^^^^^^^^^^^
   File "/usr/local/lib/python3.14/site-packages/docker/api/client.py", line 197, in __init__
     self._version = self._retrieve_server_version()
                     ~~~~~~~~~~~~~~~~~~~~~~~~~~~~~^^
   File "/usr/local/lib/python3.14/site-packages/docker/api/client.py", line 221, in _retrieve_server_version
     raise DockerException(
         f'Error while fetching server API version: {e}'
     )
 docker.errors.DockerException: Error while fetching server API version: Not supported URL scheme http+docker




sudo docker inspect 83cf7ca6d0e36ead8b2818160a76200578004444a8f3a4c3f17271eca30b20e6[
    {
        "Id": "83cf7ca6d0e36ead8b2818160a76200578004444a8f3a4c3f17271eca30b20e6",
        "Created": "2025-11-02T21:13:43.296711446Z",
        "Path": "python",
        "Args": [
            "app.py"
        ],
        "State": {
            "Status": "restarting",
            "Running": true,
            "Paused": false,
            "Restarting": true,
            "OOMKilled": false,
            "Dead": false,
            "Pid": 0,
            "ExitCode": 1,
            "Error": "",
            "StartedAt": "2025-11-02T21:14:13.082157316Z",
            "FinishedAt": "2025-11-02T21:14:13.827294447Z"
        },
        "Image": "sha256:bc1cff78d8aa5ab8dc48b0ae7a665a2f09909e828cf87476cff2b14ac2dbb99c",
        "ResolvConfPath": "/var/lib/docker/containers/83cf7ca6d0e36ead8b2818160a76200578004444a8f3a4c3f17271eca30b20e6/resolv.conf",
        "HostnamePath": "/var/lib/docker/containers/83cf7ca6d0e36ead8b2818160a76200578004444a8f3a4c3f17271eca30b20e6/hostname",
        "HostsPath": "/var/lib/docker/containers/83cf7ca6d0e36ead8b2818160a76200578004444a8f3a4c3f17271eca30b20e6/hosts",
        "LogPath": "/var/lib/docker/containers/83cf7ca6d0e36ead8b2818160a76200578004444a8f3a4c3f17271eca30b20e6/83cf7ca6d0e36ead8b2818160a76200578004444a8f3a4c3f17271eca30b20e6-json.log",
        "Name": "/custom_no_tool-vulnerable_app-1",
        "RestartCount": 9,
        "Driver": "overlayfs",
        "Platform": "linux",
        "MountLabel": "",
        "ProcessLabel": "",
        "AppArmorProfile": "",
        "ExecIDs": null,
        "HostConfig": {
            "Binds": [
                "/var/run/docker.sock:/var/run/docker.sock:rw"
            ],
            "ContainerIDFile": "",
            "LogConfig": {
                "Type": "json-file",
                "Config": {}
            },
            "NetworkMode": "custom_no_tool_default",
            "PortBindings": {
                "5000/tcp": [
                    {
                        "HostIp": "",
                        "HostPort": "5000"
                    }
                ]
            },
            "RestartPolicy": {
                "Name": "unless-stopped",
                "MaximumRetryCount": 0
            },
            "AutoRemove": false,
            "VolumeDriver": "",
            "VolumesFrom": null,
            "ConsoleSize": [
                0,
                0
            ],
            "CapAdd": null,
            "CapDrop": null,
            "CgroupnsMode": "private",
            "Dns": null,
            "DnsOptions": null,
            "DnsSearch": null,
            "ExtraHosts": [],
            "GroupAdd": null,
            "IpcMode": "private",
            "Cgroup": "",
            "Links": null,
            "OomScoreAdj": 0,
            "PidMode": "",
            "Privileged": false,
            "PublishAllPorts": false,
            "ReadonlyRootfs": false,
            "SecurityOpt": null,
            "UTSMode": "",
            "UsernsMode": "",
            "ShmSize": 67108864,
            "Runtime": "runc",
            "Isolation": "",
            "CpuShares": 0,
            "Memory": 0,
            "NanoCpus": 0,
            "CgroupParent": "",
            "BlkioWeight": 0,
            "BlkioWeightDevice": null,
            "BlkioDeviceReadBps": null,
            "BlkioDeviceWriteBps": null,
            "BlkioDeviceReadIOps": null,
            "BlkioDeviceWriteIOps": null,
            "CpuPeriod": 0,
            "CpuQuota": 0,
            "CpuRealtimePeriod": 0,
            "CpuRealtimeRuntime": 0,
            "CpusetCpus": "",
            "CpusetMems": "",
            "Devices": null,
            "DeviceCgroupRules": null,
            "DeviceRequests": null,
            "MemoryReservation": 0,
            "MemorySwap": 0,
            "MemorySwappiness": null,
            "OomKillDisable": null,
            "PidsLimit": null,
            "Ulimits": null,
            "CpuCount": 0,
            "CpuPercent": 0,
            "IOMaximumIOps": 0,
            "IOMaximumBandwidth": 0,
            "MaskedPaths": [
                "/proc/asound",
                "/proc/acpi",
                "/proc/interrupts",
                "/proc/kcore",
                "/proc/keys",
                "/proc/latency_stats",
                "/proc/timer_list",
                "/proc/timer_stats",
                "/proc/sched_debug",
                "/proc/scsi",
                "/sys/firmware",
                "/sys/devices/virtual/powercap"
            ],
            "ReadonlyPaths": [
                "/proc/bus",
                "/proc/fs",
                "/proc/irq",
                "/proc/sys",
                "/proc/sysrq-trigger"
            ]
        },
        "GraphDriver": {
            "Data": null,
            "Name": "overlayfs"
        },
        "Mounts": [
            {
                "Type": "bind",
                "Source": "/var/run/docker.sock",
                "Destination": "/var/run/docker.sock",
                "Mode": "rw",
                "RW": true,
                "Propagation": "rprivate"
            }
        ],
        "Config": {
            "Hostname": "83cf7ca6d0e3",
            "Domainname": "",
            "User": "",
            "AttachStdin": false,
            "AttachStdout": true,
            "AttachStderr": true,
            "ExposedPorts": {
                "5000/tcp": {}
            },
            "Tty": false,
            "OpenStdin": false,
            "StdinOnce": false,
            "Env": [
                "DOCKER_HOST=unix:///var/run/docker.sock",
                "PATH=/usr/local/bin:/usr/local/sbin:/usr/local/bin:/usr/sbin:/usr/bin:/sbin:/bin",
                "PYTHON_VERSION=3.14.0",
                "PYTHON_SHA256=2299dae542d395ce3883aca00d3c910307cd68e0b2f7336098c8e7b7eee9f3e9"
            ],
            "Cmd": [
                "python",
                "app.py"
            ],
            "Image": "custom_no_tool-vulnerable_app",
            "Volumes": null,
            "WorkingDir": "/app",
            "Entrypoint": null,
            "OnBuild": null,
            "Labels": {
                "com.docker.compose.config-hash": "d71af35fa3e5ba7f1cca40747549110a786ba87f5d5b2f753041c73faf93ead8",
                "com.docker.compose.container-number": "1",
                "com.docker.compose.depends_on": "",
                "com.docker.compose.image": "sha256:bc1cff78d8aa5ab8dc48b0ae7a665a2f09909e828cf87476cff2b14ac2dbb99c",
                "com.docker.compose.oneoff": "False",
                "com.docker.compose.project": "custom_no_tool",
                "com.docker.compose.project.config_files": "/home/gabriele/thesis-project/Agents-for-Vulnerable-Dockers-and-related-Benchmarks/dockers/CVE-2016-3088/custom_no_tool/docker-compose.yml",
                "com.docker.compose.project.working_dir": "/home/gabriele/thesis-project/Agents-for-Vulnerable-Dockers-and-related-Benchmarks/dockers/CVE-2016-3088/custom_no_tool",
                "com.docker.compose.service": "vulnerable_app",
                "com.docker.compose.version": "2.40.2",
                "desktop.docker.io/wsl-distro": "Ubuntu"
            },
            "StopTimeout": 1
        },
        "NetworkSettings": {
            "Bridge": "",
            "SandboxID": "",
            "SandboxKey": "",
            "Ports": {},
            "HairpinMode": false,
            "LinkLocalIPv6Address": "",
            "LinkLocalIPv6PrefixLen": 0,
            "SecondaryIPAddresses": null,
            "SecondaryIPv6Addresses": null,
            "EndpointID": "",
            "Gateway": "",
            "GlobalIPv6Address": "",
            "GlobalIPv6PrefixLen": 0,
            "IPAddress": "",
            "IPPrefixLen": 0,
            "IPv6Gateway": "",
            "MacAddress": "",
            "Networks": {
                "custom_no_tool_default": {
                    "IPAMConfig": null,
                    "Links": null,
                    "Aliases": [
                        "custom_no_tool-vulnerable_app-1",
                        "vulnerable_app"
                    ],
                    "MacAddress": "",
                    "DriverOpts": null,
                    "GwPriority": 0,
                    "NetworkID": "5dca906424e2937937c9cdd02632705be56b2bab5e8cc7b11a3cd50031ca38fa",
                    "EndpointID": "",
                    "Gateway": "",
                    "IPAddress": "",
                    "IPPrefixLen": 0,
                    "IPv6Gateway": "",
                    "GlobalIPv6Address": "",
                    "GlobalIPv6PrefixLen": 0,
                    "DNSNames": [
                        "custom_no_tool-vulnerable_app-1",
                        "vulnerable_app",
                        "83cf7ca6d0e3"
                    ]
                }
            }
        },
        "ImageManifestDescriptor": {
            "mediaType": "application/vnd.oci.image.manifest.v1+json",
            "digest": "sha256:ca78d1360dd48d455b2fcd9881da3a510c190f63fb53dcd68cf7cd6f6b3d6f89",
            "size": 1810,
            "platform": {
                "architecture": "amd64",
                "os": "linux"
            }
        }
    }
]