 Network custom_no_tool_default  Creating
 Network custom_no_tool_default  Created
 Volume custom_no_tool_postgres_data  Creating
 Volume custom_no_tool_postgres_data  Created
 Volume custom_no_tool_redis_data  Creating
 Volume custom_no_tool_redis_data  Created
 Container custom_no_tool-redis-1  Creating
 Container custom_no_tool-postgres-1  Creating
 Container custom_no_tool-redis-1  Created
 Container custom_no_tool-postgres-1  Created
 Container custom_no_tool-airflow-1  Creating
 Container custom_no_tool-airflow-1  Created
 Container custom_no_tool-redis-1  Starting
 Container custom_no_tool-postgres-1  Starting
 Container custom_no_tool-redis-1  Started
 Container custom_no_tool-postgres-1  Started
 Container custom_no_tool-airflow-1  Starting
 Container custom_no_tool-airflow-1  Started


sudo docker logs 32c94d77c94e26f25f4f83a5b6b6a3cc8af09bafff7140dc7f7081687ef9feb3 --details
STDOUT:  DB_BACKEND=postgresql+psycopg2
 DB_HOST=postgres
 DB_PORT=5432
 .
 [2025-11-10 19:40:04,389] {cli_action_loggers.py:107} WARNING - Failed to log action with (psycopg2.errors.UndefinedTable) relation "log" does not exist
 LINE 1: INSERT INTO log (dttm, dag_id, task_id, event, execution_dat...
                     ^
 
 [SQL: INSERT INTO log (dttm, dag_id, task_id, event, execution_date, owner, extra) VALUES (%(dttm)s, %(dag_id)s, %(task_id)s, %(event)s, %(execution_date)s, %(owner)s, %(extra)s) RETURNING log.id]
 [parameters: {'dttm': datetime.datetime(2025, 11, 10, 19, 40, 4, 377426, tzinfo=<Timezone [UTC]>), 'dag_id': None, 'task_id': None, 'event': 'cli_webserver', 'execution_date': None, 'owner': 'airflow', 'extra': '{"host_name": "32c94d77c94e", "full_command": "[\'/home/airflow/.local/bin/airflow\', \'webserver\']"}'}]
 (Background on this error at: http://sqlalche.me/e/13/f405)
   ____________       _____________
  ____    |__( )_________  __/__  /________      __
 ____  /| |_  /__  ___/_  /_ __  /_  __ \_ | /| / /
 ___  ___ |  / _  /   _  __/ _  / / /_/ /_ |/ |/ /
  _/_/  |_/_/  /_/    /_/    /_/  \____/____/|__/
 [2025-11-10 19:40:04,483] {__init__.py:50} INFO - Using executor SequentialExecutor
 [2025-11-10 19:40:04,484] {dagbag.py:417} INFO - Filling up the DagBag from /opt/airflow/dags

STDERR:  Traceback (most recent call last):
   File "/home/airflow/.local/lib/python3.6/site-packages/sqlalchemy/engine/base.py", line 1277, in _execute_context
     cursor, statement, parameters, context
   File "/home/airflow/.local/lib/python3.6/site-packages/sqlalchemy/engine/default.py", line 593, in do_execute
     cursor.execute(statement, parameters)
 psycopg2.errors.UndefinedTable: relation "connection" does not exist
 LINE 2: FROM connection GROUP BY connection.conn_id
              ^
 
 
 The above exception was the direct cause of the following exception:
 
 Traceback (most recent call last):
   File "/home/airflow/.local/bin/airflow", line 37, in <module>
     args.func(args)
   File "/home/airflow/.local/lib/python3.6/site-packages/airflow/utils/cli.py", line 81, in wrapper
     return f(*args, **kwargs)
   File "/home/airflow/.local/lib/python3.6/site-packages/airflow/bin/cli.py", line 1184, in webserver
     app = cached_app_rbac(None) if settings.RBAC else cached_app(None)
   File "/home/airflow/.local/lib/python3.6/site-packages/airflow/www/app.py", line 244, in cached_app
     app = create_app(config, testing)
   File "/home/airflow/.local/lib/python3.6/site-packages/airflow/www/app.py", line 99, in create_app
     from airflow.www import views
   File "/home/airflow/.local/lib/python3.6/site-packages/airflow/www/views.py", line 2514, in <module>
     class ChartModelView(wwwutils.DataProfilingMixin, AirflowModelView):
   File "/home/airflow/.local/lib/python3.6/site-packages/airflow/www/views.py", line 2605, in ChartModelView
     'conn_id': _connection_ids()
   File "/home/airflow/.local/lib/python3.6/site-packages/airflow/utils/db.py", line 74, in wrapper
     return func(*args, **kwargs)
   File "/home/airflow/.local/lib/python3.6/site-packages/airflow/www/views.py", line 2511, in _connection_ids
     .group_by(Connection.conn_id))]
   File "/home/airflow/.local/lib/python3.6/site-packages/sqlalchemy/orm/query.py", line 3535, in __iter__
     return self._execute_and_instances(context)
   File "/home/airflow/.local/lib/python3.6/site-packages/sqlalchemy/orm/query.py", line 3560, in _execute_and_instances
     result = conn.execute(querycontext.statement, self._params)
   File "/home/airflow/.local/lib/python3.6/site-packages/sqlalchemy/engine/base.py", line 1011, in execute
     return meth(self, multiparams, params)
   File "/home/airflow/.local/lib/python3.6/site-packages/sqlalchemy/sql/elements.py", line 298, in _execute_on_connection
     return connection._execute_clauseelement(self, multiparams, params)
   File "/home/airflow/.local/lib/python3.6/site-packages/sqlalchemy/engine/base.py", line 1130, in _execute_clauseelement
     distilled_params,
   File "/home/airflow/.local/lib/python3.6/site-packages/sqlalchemy/engine/base.py", line 1317, in _execute_context
     e, statement, parameters, cursor, context
   File "/home/airflow/.local/lib/python3.6/site-packages/sqlalchemy/engine/base.py", line 1511, in _handle_dbapi_exception
     sqlalchemy_exception, with_traceback=exc_info[2], from_=e
   File "/home/airflow/.local/lib/python3.6/site-packages/sqlalchemy/util/compat.py", line 182, in raise_
     raise exception
   File "/home/airflow/.local/lib/python3.6/site-packages/sqlalchemy/engine/base.py", line 1277, in _execute_context
     cursor, statement, parameters, context
   File "/home/airflow/.local/lib/python3.6/site-packages/sqlalchemy/engine/default.py", line 593, in do_execute
     cursor.execute(statement, parameters)
 sqlalchemy.exc.ProgrammingError: (psycopg2.errors.UndefinedTable) relation "connection" does not exist
 LINE 2: FROM connection GROUP BY connection.conn_id
              ^
 
 [SQL: SELECT connection.conn_id AS connection_conn_id 
 FROM connection GROUP BY connection.conn_id]
 (Background on this error at: http://sqlalche.me/e/13/f405)




sudo docker inspect 32c94d77c94e26f25f4f83a5b6b6a3cc8af09bafff7140dc7f7081687ef9feb3[
    {
        "Id": "32c94d77c94e26f25f4f83a5b6b6a3cc8af09bafff7140dc7f7081687ef9feb3",
        "Created": "2025-11-10T19:39:55.810354747Z",
        "Path": "/usr/bin/dumb-init",
        "Args": [
            "--",
            "/entrypoint",
            "webserver"
        ],
        "State": {
            "Status": "exited",
            "Running": false,
            "Paused": false,
            "Restarting": false,
            "OOMKilled": false,
            "Dead": false,
            "Pid": 0,
            "ExitCode": 1,
            "Error": "",
            "StartedAt": "2025-11-10T19:39:56.244248458Z",
            "FinishedAt": "2025-11-10T19:40:04.648465998Z"
        },
        "Image": "sha256:6db06649d28a1520ad5213403f8c6edd1f6336788a8b2fc3a7e4ff181023e343",
        "ResolvConfPath": "/var/lib/docker/containers/32c94d77c94e26f25f4f83a5b6b6a3cc8af09bafff7140dc7f7081687ef9feb3/resolv.conf",
        "HostnamePath": "/var/lib/docker/containers/32c94d77c94e26f25f4f83a5b6b6a3cc8af09bafff7140dc7f7081687ef9feb3/hostname",
        "HostsPath": "/var/lib/docker/containers/32c94d77c94e26f25f4f83a5b6b6a3cc8af09bafff7140dc7f7081687ef9feb3/hosts",
        "LogPath": "/var/lib/docker/containers/32c94d77c94e26f25f4f83a5b6b6a3cc8af09bafff7140dc7f7081687ef9feb3/32c94d77c94e26f25f4f83a5b6b6a3cc8af09bafff7140dc7f7081687ef9feb3-json.log",
        "Name": "/custom_no_tool-airflow-1",
        "RestartCount": 0,
        "Driver": "overlayfs",
        "Platform": "linux",
        "MountLabel": "",
        "ProcessLabel": "",
        "AppArmorProfile": "",
        "ExecIDs": null,
        "HostConfig": {
            "Binds": [
                "/home/gabriele/thesis-project/Agents-for-Vulnerable-Dockers-and-related-Benchmarks/dockers/CVE-2020-17526/custom_no_tool/dags:/usr/local/airflow/dags:rw"
            ],
            "ContainerIDFile": "",
            "LogConfig": {
                "Type": "json-file",
                "Config": {}
            },
            "NetworkMode": "custom_no_tool_default",
            "PortBindings": {
                "8080/tcp": [
                    {
                        "HostIp": "",
                        "HostPort": "8080"
                    }
                ]
            },
            "RestartPolicy": {
                "Name": "no",
                "MaximumRetryCount": 0
            },
            "AutoRemove": false,
            "VolumeDriver": "",
            "VolumesFrom": null,
            "ConsoleSize": [
                0,
                0
            ],
            "CapAdd": null,
            "CapDrop": null,
            "CgroupnsMode": "private",
            "Dns": null,
            "DnsOptions": null,
            "DnsSearch": null,
            "ExtraHosts": [],
            "GroupAdd": null,
            "IpcMode": "private",
            "Cgroup": "",
            "Links": null,
            "OomScoreAdj": 0,
            "PidMode": "",
            "Privileged": false,
            "PublishAllPorts": false,
            "ReadonlyRootfs": false,
            "SecurityOpt": null,
            "UTSMode": "",
            "UsernsMode": "",
            "ShmSize": 67108864,
            "Runtime": "runc",
            "Isolation": "",
            "CpuShares": 0,
            "Memory": 0,
            "NanoCpus": 0,
            "CgroupParent": "",
            "BlkioWeight": 0,
            "BlkioWeightDevice": null,
            "BlkioDeviceReadBps": null,
            "BlkioDeviceWriteBps": null,
            "BlkioDeviceReadIOps": null,
            "BlkioDeviceWriteIOps": null,
            "CpuPeriod": 0,
            "CpuQuota": 0,
            "CpuRealtimePeriod": 0,
            "CpuRealtimeRuntime": 0,
            "CpusetCpus": "",
            "CpusetMems": "",
            "Devices": null,
            "DeviceCgroupRules": null,
            "DeviceRequests": null,
            "MemoryReservation": 0,
            "MemorySwap": 0,
            "MemorySwappiness": null,
            "OomKillDisable": null,
            "PidsLimit": null,
            "Ulimits": null,
            "CpuCount": 0,
            "CpuPercent": 0,
            "IOMaximumIOps": 0,
            "IOMaximumBandwidth": 0,
            "MaskedPaths": [
                "/proc/asound",
                "/proc/acpi",
                "/proc/interrupts",
                "/proc/kcore",
                "/proc/keys",
                "/proc/latency_stats",
                "/proc/timer_list",
                "/proc/timer_stats",
                "/proc/sched_debug",
                "/proc/scsi",
                "/sys/firmware",
                "/sys/devices/virtual/powercap"
            ],
            "ReadonlyPaths": [
                "/proc/bus",
                "/proc/fs",
                "/proc/irq",
                "/proc/sys",
                "/proc/sysrq-trigger"
            ]
        },
        "GraphDriver": {
            "Data": null,
            "Name": "overlayfs"
        },
        "Mounts": [
            {
                "Type": "bind",
                "Source": "/home/gabriele/thesis-project/Agents-for-Vulnerable-Dockers-and-related-Benchmarks/dockers/CVE-2020-17526/custom_no_tool/dags",
                "Destination": "/usr/local/airflow/dags",
                "Mode": "rw",
                "RW": true,
                "Propagation": "rprivate"
            }
        ],
        "Config": {
            "Hostname": "32c94d77c94e",
            "Domainname": "",
            "User": "50000",
            "AttachStdin": false,
            "AttachStdout": true,
            "AttachStderr": true,
            "ExposedPorts": {
                "8080/tcp": {}
            },
            "Tty": false,
            "OpenStdin": false,
            "StdinOnce": false,
            "Env": [
                "AIRFLOW__CORE__SQL_ALCHEMY_CONN=postgresql+psycopg2://airflow:airflow@postgres/airflow",
                "AIRFLOW__CELERY__BROKER_URL=redis://:@redis:6379/0",
                "AIRFLOW__CELERY__RESULT_BACKEND=redis://:@redis:6379/0",
                "AIRFLOW__CORE__FERNET_KEY=your_randomly_generated_secure_key",
                "PATH=/home/airflow/.local/bin:/usr/local/bin:/usr/local/sbin:/usr/local/bin:/usr/sbin:/usr/bin:/sbin:/bin",
                "LANG=C.UTF-8",
                "GPG_KEY=0D96DF4D4110E5C43FBFB17F2D347EA6AA65421D",
                "PYTHON_VERSION=3.6.13",
                "PYTHON_PIP_VERSION=21.0.1",
                "PYTHON_GET_PIP_URL=https://github.com/pypa/get-pip/raw/b60e2320d9e8d02348525bd74e871e466afdf77c/get-pip.py",
                "PYTHON_GET_PIP_SHA256=c3b81e5d06371e135fb3156dc7d8fd6270735088428c4a9a5ec1f342e2024565",
                "PYTHON_BASE_IMAGE=python:3.6-slim-buster",
                "AIRFLOW_VERSION=1.10.15",
                "DEBIAN_FRONTEND=noninteractive",
                "LANGUAGE=C.UTF-8",
                "LC_ALL=C.UTF-8",
                "LC_CTYPE=C.UTF-8",
                "LC_MESSAGES=C.UTF-8",
                "PIP_VERSION=20.2.4",
                "RUNTIME_APT_DEPS=       apt-transport-https        apt-utils        ca-certificates        curl        dumb-init        freetds-bin        gnupg        gosu        krb5-user        ldap-utils        libffi6        libsasl2-2        libsasl2-modules        libssl1.1        locales         lsb-release        netcat        openssh-client        postgresql-client        rsync        sasl2-bin        sqlite3        sudo        unixodbc",
                "ADDITIONAL_RUNTIME_APT_DEPS=",
                "RUNTIME_APT_COMMAND=echo",
                "ADDITIONAL_RUNTIME_APT_COMMAND=",
                "INSTALL_MYSQL_CLIENT=true",
                "AIRFLOW_UID=50000",
                "AIRFLOW_GID=50000",
                "AIRFLOW__CORE__LOAD_EXAMPLES=false",
                "AIRFLOW_USER_HOME_DIR=/home/airflow",
                "AIRFLOW_HOME=/opt/airflow",
                "GUNICORN_CMD_ARGS=--worker-tmp-dir /dev/shm",
                "BUILD_ID=0",
                "COMMIT_SHA=5786dcdc392f7a2649f398353a0beebef01c428e"
            ],
            "Cmd": [
                "webserver"
            ],
            "Image": "apache/airflow:1.10.15",
            "Volumes": null,
            "WorkingDir": "/opt/airflow",
            "Entrypoint": [
                "/usr/bin/dumb-init",
                "--",
                "/entrypoint"
            ],
            "OnBuild": null,
            "Labels": {
                "com.docker.compose.config-hash": "a0214518069beb30f31909b20f930f0e78251e802ac8955e8cb858d9e8dab084",
                "com.docker.compose.container-number": "1",
                "com.docker.compose.depends_on": "redis:service_started:false,postgres:service_started:false",
                "com.docker.compose.image": "sha256:6db06649d28a1520ad5213403f8c6edd1f6336788a8b2fc3a7e4ff181023e343",
                "com.docker.compose.oneoff": "False",
                "com.docker.compose.project": "custom_no_tool",
                "com.docker.compose.project.config_files": "/home/gabriele/thesis-project/Agents-for-Vulnerable-Dockers-and-related-Benchmarks/dockers/CVE-2020-17526/custom_no_tool/docker-compose.yml",
                "com.docker.compose.project.working_dir": "/home/gabriele/thesis-project/Agents-for-Vulnerable-Dockers-and-related-Benchmarks/dockers/CVE-2020-17526/custom_no_tool",
                "com.docker.compose.service": "airflow",
                "com.docker.compose.version": "2.40.3",
                "desktop.docker.io/wsl-distro": "Ubuntu",
                "org.apache.airflow.component": "airflow",
                "org.apache.airflow.distro": "debian",
                "org.apache.airflow.distro.version": "buster",
                "org.apache.airflow.gid": "50000",
                "org.apache.airflow.image": "airflow",
                "org.apache.airflow.mainImage.buildId": "0",
                "org.apache.airflow.mainImage.commitSha": "5786dcdc392f7a2649f398353a0beebef01c428e",
                "org.apache.airflow.module": "airflow",
                "org.apache.airflow.uid": "50000",
                "org.apache.airflow.version": "1.10.15"
            },
            "StopTimeout": 1
        },
        "NetworkSettings": {
            "Bridge": "",
            "SandboxID": "",
            "SandboxKey": "",
            "Ports": {},
            "HairpinMode": false,
            "LinkLocalIPv6Address": "",
            "LinkLocalIPv6PrefixLen": 0,
            "SecondaryIPAddresses": null,
            "SecondaryIPv6Addresses": null,
            "EndpointID": "",
            "Gateway": "",
            "GlobalIPv6Address": "",
            "GlobalIPv6PrefixLen": 0,
            "IPAddress": "",
            "IPPrefixLen": 0,
            "IPv6Gateway": "",
            "MacAddress": "",
            "Networks": {
                "custom_no_tool_default": {
                    "IPAMConfig": null,
                    "Links": null,
                    "Aliases": [
                        "custom_no_tool-airflow-1",
                        "airflow"
                    ],
                    "MacAddress": "",
                    "DriverOpts": null,
                    "GwPriority": 0,
                    "NetworkID": "876d37c6e3f0095dd88a4a65458e50970ecbc7b58309b1600cabdaa4d5a5309e",
                    "EndpointID": "",
                    "Gateway": "",
                    "IPAddress": "",
                    "IPPrefixLen": 0,
                    "IPv6Gateway": "",
                    "GlobalIPv6Address": "",
                    "GlobalIPv6PrefixLen": 0,
                    "DNSNames": [
                        "custom_no_tool-airflow-1",
                        "airflow",
                        "32c94d77c94e"
                    ]
                }
            }
        },
        "ImageManifestDescriptor": {
            "mediaType": "application/vnd.docker.distribution.manifest.v2+json",
            "digest": "sha256:6db06649d28a1520ad5213403f8c6edd1f6336788a8b2fc3a7e4ff181023e343",
            "size": 4092,
            "platform": {
                "architecture": "amd64",
                "os": "linux"
            }
        }
    }
]