time="2025-11-02T18:48:14+01:00" level=warning msg="/home/gabriele/thesis-project/Agents-for-Vulnerable-Dockers-and-related-Benchmarks/dockers/CVE-2017-7525/custom_no_tool/docker-compose.yml: the attribute `version` is obsolete, it will be ignored, please remove it to avoid potential confusion"
#1 [internal] load local bake definitions
#1 reading from stdin 745B done
#1 DONE 0.0s

#2 [internal] load build definition from Dockerfile
#2 transferring dockerfile: 194B done
#2 DONE 0.0s

#3 [internal] load metadata for docker.io/library/node:16-alpine
#3 DONE 1.1s

#4 [internal] load .dockerignore
#4 transferring context: 2B done
#4 DONE 0.0s

#5 [internal] load build context
#5 transferring context: 2.97kB done
#5 DONE 0.0s

#6 [1/6] FROM docker.io/library/node:16-alpine@sha256:a1f9d027912b58a7c75be7716c97cfbc6d3099f3a97ed84aa490be9dee20e787
#6 resolve docker.io/library/node:16-alpine@sha256:a1f9d027912b58a7c75be7716c97cfbc6d3099f3a97ed84aa490be9dee20e787 0.0s done
#6 DONE 0.1s

#6 [1/6] FROM docker.io/library/node:16-alpine@sha256:a1f9d027912b58a7c75be7716c97cfbc6d3099f3a97ed84aa490be9dee20e787
#6 sha256:d9059661ce70092af66d2773666584fc8addcb78a2be63f720022f4875577ea9 0B / 452B 0.2s
#6 sha256:93b3025fe10392717d06ec0d012a9ffa2039d766a322aac899c6831dd93382c2 0B / 2.34MB 0.2s
#6 sha256:eee371b9ce3ffdbb8aa703b9a14d318801ddc3468f096bb6cfeabbeb715147f9 0B / 36.63MB 0.2s
#6 sha256:7264a8db6415046d36d16ba98b79778e18accee6ffa71850405994cffa9be7de 0B / 3.40MB 0.2s
#6 sha256:d9059661ce70092af66d2773666584fc8addcb78a2be63f720022f4875577ea9 452B / 452B 0.5s done
#6 sha256:93b3025fe10392717d06ec0d012a9ffa2039d766a322aac899c6831dd93382c2 1.05MB / 2.34MB 0.9s
#6 sha256:93b3025fe10392717d06ec0d012a9ffa2039d766a322aac899c6831dd93382c2 2.34MB / 2.34MB 1.1s done
#6 sha256:7264a8db6415046d36d16ba98b79778e18accee6ffa71850405994cffa9be7de 1.05MB / 3.40MB 1.4s
#6 sha256:eee371b9ce3ffdbb8aa703b9a14d318801ddc3468f096bb6cfeabbeb715147f9 2.10MB / 36.63MB 1.7s
#6 sha256:7264a8db6415046d36d16ba98b79778e18accee6ffa71850405994cffa9be7de 2.10MB / 3.40MB 1.7s
#6 sha256:7264a8db6415046d36d16ba98b79778e18accee6ffa71850405994cffa9be7de 3.40MB / 3.40MB 2.0s done
#6 extracting sha256:7264a8db6415046d36d16ba98b79778e18accee6ffa71850405994cffa9be7de
#6 sha256:eee371b9ce3ffdbb8aa703b9a14d318801ddc3468f096bb6cfeabbeb715147f9 4.19MB / 36.63MB 2.3s
#6 extracting sha256:7264a8db6415046d36d16ba98b79778e18accee6ffa71850405994cffa9be7de 0.2s done
#6 sha256:eee371b9ce3ffdbb8aa703b9a14d318801ddc3468f096bb6cfeabbeb715147f9 7.34MB / 36.63MB 2.6s
#6 sha256:eee371b9ce3ffdbb8aa703b9a14d318801ddc3468f096bb6cfeabbeb715147f9 9.44MB / 36.63MB 2.9s
#6 sha256:eee371b9ce3ffdbb8aa703b9a14d318801ddc3468f096bb6cfeabbeb715147f9 11.53MB / 36.63MB 3.2s
#6 sha256:eee371b9ce3ffdbb8aa703b9a14d318801ddc3468f096bb6cfeabbeb715147f9 13.63MB / 36.63MB 3.5s
#6 sha256:eee371b9ce3ffdbb8aa703b9a14d318801ddc3468f096bb6cfeabbeb715147f9 15.73MB / 36.63MB 3.8s
#6 sha256:eee371b9ce3ffdbb8aa703b9a14d318801ddc3468f096bb6cfeabbeb715147f9 17.83MB / 36.63MB 4.1s
#6 sha256:eee371b9ce3ffdbb8aa703b9a14d318801ddc3468f096bb6cfeabbeb715147f9 19.92MB / 36.63MB 4.4s
#6 sha256:eee371b9ce3ffdbb8aa703b9a14d318801ddc3468f096bb6cfeabbeb715147f9 22.02MB / 36.63MB 4.7s
#6 sha256:eee371b9ce3ffdbb8aa703b9a14d318801ddc3468f096bb6cfeabbeb715147f9 24.12MB / 36.63MB 5.0s
#6 sha256:eee371b9ce3ffdbb8aa703b9a14d318801ddc3468f096bb6cfeabbeb715147f9 26.21MB / 36.63MB 5.3s
#6 sha256:eee371b9ce3ffdbb8aa703b9a14d318801ddc3468f096bb6cfeabbeb715147f9 29.36MB / 36.63MB 5.6s
#6 sha256:eee371b9ce3ffdbb8aa703b9a14d318801ddc3468f096bb6cfeabbeb715147f9 31.46MB / 36.63MB 5.9s
#6 sha256:eee371b9ce3ffdbb8aa703b9a14d318801ddc3468f096bb6cfeabbeb715147f9 33.55MB / 36.63MB 6.2s
#6 sha256:eee371b9ce3ffdbb8aa703b9a14d318801ddc3468f096bb6cfeabbeb715147f9 35.65MB / 36.63MB 6.5s
#6 sha256:eee371b9ce3ffdbb8aa703b9a14d318801ddc3468f096bb6cfeabbeb715147f9 36.63MB / 36.63MB 6.6s done
#6 extracting sha256:eee371b9ce3ffdbb8aa703b9a14d318801ddc3468f096bb6cfeabbeb715147f9
#6 extracting sha256:eee371b9ce3ffdbb8aa703b9a14d318801ddc3468f096bb6cfeabbeb715147f9 1.3s done
#6 DONE 8.0s

#6 [1/6] FROM docker.io/library/node:16-alpine@sha256:a1f9d027912b58a7c75be7716c97cfbc6d3099f3a97ed84aa490be9dee20e787
#6 extracting sha256:93b3025fe10392717d06ec0d012a9ffa2039d766a322aac899c6831dd93382c2 0.1s done
#6 extracting sha256:d9059661ce70092af66d2773666584fc8addcb78a2be63f720022f4875577ea9 0.0s done
#6 DONE 8.1s

#7 [2/6] WORKDIR /usr/src/app
#7 DONE 0.2s

#8 [3/6] COPY package.json .
#8 DONE 0.0s

#9 [4/6] RUN npm install
#9 1.528 npm notice 
#9 1.528 npm notice New major version of npm available! 8.19.4 -> 11.6.2
#9 1.528 npm notice Changelog: <https://github.com/npm/cli/releases/tag/v11.6.2>
#9 1.528 npm notice Run `npm install -g npm@11.6.2` to update!
#9 1.528 npm notice 
#9 1.530 npm ERR! code ETARGET
#9 1.532 npm ERR! notarget No matching version found for cassandra-driver@^4.13.0.
#9 1.532 npm ERR! notarget In most cases you or one of your dependencies are requesting
#9 1.532 npm ERR! notarget a package version that doesn't exist.
#9 1.537 
#9 1.537 npm ERR! A complete log of this run can be found in:
#9 1.538 npm ERR!     /root/.npm/_logs/2025-11-02T17_48_25_315Z-debug-0.log
#9 ERROR: process "/bin/sh -c npm install" did not complete successfully: exit code: 1
------
 > [4/6] RUN npm install:
1.528 npm notice Changelog: <https://github.com/npm/cli/releases/tag/v11.6.2>
1.528 npm notice Run `npm install -g npm@11.6.2` to update!
1.528 npm notice 
1.530 npm ERR! code ETARGET
1.532 npm ERR! notarget No matching version found for cassandra-driver@^4.13.0.
1.532 npm ERR! notarget In most cases you or one of your dependencies are requesting
1.532 npm ERR! notarget a package version that doesn't exist.
1.537 
1.537 npm ERR! A complete log of this run can be found in:
1.538 npm ERR!     /root/.npm/_logs/2025-11-02T17_48_25_315Z-debug-0.log
------
Dockerfile:4

--------------------

   2 |     WORKDIR /usr/src/app

   3 |     COPY package.json .

   4 | >>> RUN npm install

   5 |     COPY . .

   6 |     RUN chmod +x start.sh

--------------------

failed to solve: process "/bin/sh -c npm install" did not complete successfully: exit code: 1

