time="2025-11-02T18:49:08+01:00" level=warning msg="/home/gabriele/thesis-project/Agents-for-Vulnerable-Dockers-and-related-Benchmarks/dockers/CVE-2017-7525/custom_no_tool/docker-compose.yml: the attribute `version` is obsolete, it will be ignored, please remove it to avoid potential confusion"
#1 [internal] load local bake definitions
#1 reading from stdin 745B done
#1 DONE 0.0s

#2 [internal] load build definition from Dockerfile
#2 transferring dockerfile: 362B done
#2 DONE 0.1s

#3 [internal] load metadata for docker.io/library/node:16-alpine
#3 DONE 0.5s

#4 [internal] load .dockerignore
#4 transferring context: 2B done
#4 DONE 0.1s

#5 [internal] load build context
#5 DONE 0.0s

#6 [1/8] FROM docker.io/library/node:16-alpine@sha256:a1f9d027912b58a7c75be7716c97cfbc6d3099f3a97ed84aa490be9dee20e787
#6 resolve docker.io/library/node:16-alpine@sha256:a1f9d027912b58a7c75be7716c97cfbc6d3099f3a97ed84aa490be9dee20e787
#6 resolve docker.io/library/node:16-alpine@sha256:a1f9d027912b58a7c75be7716c97cfbc6d3099f3a97ed84aa490be9dee20e787 0.2s done
#6 DONE 0.2s

#7 [2/8] WORKDIR /usr/src/app
#7 CACHED

#5 [internal] load build context
#5 transferring context: 3.14kB done
#5 DONE 0.1s

#8 [3/8] RUN apk add --no-cache python3 make g++
#8 0.511 fetch https://dl-cdn.alpinelinux.org/alpine/v3.18/main/x86_64/APKINDEX.tar.gz
#8 0.769 fetch https://dl-cdn.alpinelinux.org/alpine/v3.18/community/x86_64/APKINDEX.tar.gz
#8 1.132 (1/30) Upgrading musl (1.2.4-r1 -> 1.2.4-r3)
#8 1.211 (2/30) Installing libstdc++-dev (12.2.1_git20220924-r10)
#8 3.229 (3/30) Installing zstd-libs (1.5.5-r4)
#8 3.303 (4/30) Installing binutils (2.40-r8)
#8 3.686 (5/30) Installing libgomp (12.2.1_git20220924-r10)
#8 3.746 (6/30) Installing libatomic (12.2.1_git20220924-r10)
#8 3.832 (7/30) Installing gmp (6.2.1-r3)
#8 3.909 (8/30) Installing isl26 (0.26-r1)
#8 4.069 (9/30) Installing mpfr4 (4.2.0_p12-r0)
#8 4.131 (10/30) Installing mpc1 (1.3.1-r1)
#8 4.158 (11/30) Installing gcc (12.2.1_git20220924-r10)
#8 13.07 (12/30) Installing musl-dev (1.2.4-r3)
#8 13.54 (13/30) Installing libc-dev (0.7.2-r5)
#8 13.56 (14/30) Installing g++ (12.2.1_git20220924-r10)
#8 15.55 (15/30) Installing make (4.4.1-r1)
#8 15.60 (16/30) Installing libexpat (2.7.0-r0)
#8 15.64 (17/30) Installing libbz2 (1.0.8-r5)
#8 15.67 (18/30) Installing libffi (3.4.4-r2)
#8 15.69 (19/30) Installing gdbm (1.23-r1)
#8 15.72 (20/30) Installing xz-libs (5.4.3-r1)
#8 15.77 (21/30) Installing mpdecimal (2.5.1-r2)
#8 15.82 (22/30) Installing ncurses-terminfo-base (6.4_p20230506-r0)
#8 15.87 (23/30) Installing libncursesw (6.4_p20230506-r0)
#8 15.92 (24/30) Installing libpanelw (6.4_p20230506-r0)
#8 15.95 (25/30) Installing readline (8.2.1-r1)
#8 16.00 (26/30) Installing sqlite-libs (3.41.2-r3)
#8 16.11 (27/30) Installing python3 (3.11.12-r1)
#8 17.49 (28/30) Installing python3-pycache-pyc0 (3.11.12-r1)
#8 18.19 (29/30) Installing pyc (0.1-r0)
#8 18.21 (30/30) Installing python3-pyc (3.11.12-r1)
#8 18.24 Executing busybox-1.36.1-r2.trigger
#8 18.25 OK: 275 MiB in 46 packages
#8 DONE 18.7s

#9 [4/8] COPY package.json .
#9 DONE 0.1s

#10 [5/8] RUN npm install
#10 1.452 npm notice 
#10 1.452 npm notice New major version of npm available! 8.19.4 -> 11.6.2
#10 1.452 npm notice Changelog: <https://github.com/npm/cli/releases/tag/v11.6.2>
#10 1.452 npm notice Run `npm install -g npm@11.6.2` to update!
#10 1.452 npm notice 
#10 1.454 npm ERR! code ETARGET
#10 1.457 npm ERR! notarget No matching version found for cassandra-driver@4.12.0.
#10 1.457 npm ERR! notarget In most cases you or one of your dependencies are requesting
#10 1.457 npm ERR! notarget a package version that doesn't exist.
#10 1.458 
#10 1.458 npm ERR! A complete log of this run can be found in:
#10 1.459 npm ERR!     /root/.npm/_logs/2025-11-02T17_49_29_268Z-debug-0.log
#10 ERROR: process "/bin/sh -c npm install" did not complete successfully: exit code: 1
------
 > [5/8] RUN npm install:
 Run `npm install -g npm@11.6.2` to update!
1.452 npm notice 
1.454 npm ERR! code ETARGET
1.457 npm ERR! notarget No matching version found for cassandra-driver@4.12.0.
1.457 npm ERR! notarget In most cases you or one of your dependencies are requesting
1.457 npm ERR! notarget a package version that doesn't exist.
1.458 
1.458 npm ERR! A complete log of this run can be found in:
1.459 npm ERR!     /root/.npm/_logs/2025-11-02T17_49_29_268Z-debug-0.log
------
Dockerfile:6

--------------------

   4 |     RUN apk add --no-cache python3 make g++

   5 |     COPY package.json .

   6 | >>> RUN npm install

   7 |     # Remove build tools to keep the image lean

   8 |     RUN apk del python3 make g++

--------------------

failed to solve: process "/bin/sh -c npm install" did not complete successfully: exit code: 1

