time="2025-11-02T18:50:12+01:00" level=warning msg="/home/gabriele/thesis-project/Agents-for-Vulnerable-Dockers-and-related-Benchmarks/dockers/CVE-2017-7525/custom_no_tool/docker-compose.yml: the attribute `version` is obsolete, it will be ignored, please remove it to avoid potential confusion"
#1 [internal] load local bake definitions
#1 reading from stdin 745B done
#1 DONE 0.0s

#2 [internal] load build definition from Dockerfile
#2 transferring dockerfile: 611B done
#2 DONE 0.0s

#3 [internal] load metadata for docker.io/library/node:16-alpine
#3 DONE 0.7s

#4 [internal] load .dockerignore
#4 transferring context: 2B done
#4 DONE 0.0s

#5 [1/8] FROM docker.io/library/node:16-alpine@sha256:a1f9d027912b58a7c75be7716c97cfbc6d3099f3a97ed84aa490be9dee20e787
#5 resolve docker.io/library/node:16-alpine@sha256:a1f9d027912b58a7c75be7716c97cfbc6d3099f3a97ed84aa490be9dee20e787 0.0s done
#5 DONE 0.0s

#6 [2/8] WORKDIR /usr/src/app
#6 CACHED

#7 [internal] load build context
#7 transferring context: 3.38kB done
#7 DONE 0.0s

#8 [3/8] RUN apk add --no-cache python3 make g++ netcat-openbsd
#8 0.258 fetch https://dl-cdn.alpinelinux.org/alpine/v3.18/main/x86_64/APKINDEX.tar.gz
#8 0.574 fetch https://dl-cdn.alpinelinux.org/alpine/v3.18/community/x86_64/APKINDEX.tar.gz
#8 0.939 (1/33) Upgrading musl (1.2.4-r1 -> 1.2.4-r3)
#8 1.056 (2/33) Installing libstdc++-dev (12.2.1_git20220924-r10)
#8 3.200 (3/33) Installing zstd-libs (1.5.5-r4)
#8 3.328 (4/33) Installing binutils (2.40-r8)
#8 3.898 (5/33) Installing libgomp (12.2.1_git20220924-r10)
#8 3.950 (6/33) Installing libatomic (12.2.1_git20220924-r10)
#8 3.984 (7/33) Installing gmp (6.2.1-r3)
#8 4.057 (8/33) Installing isl26 (0.26-r1)
#8 4.273 (9/33) Installing mpfr4 (4.2.0_p12-r0)
#8 4.363 (10/33) Installing mpc1 (1.3.1-r1)
#8 4.400 (11/33) Installing gcc (12.2.1_git20220924-r10)
#8 13.00 (12/33) Installing musl-dev (1.2.4-r3)
#8 13.47 (13/33) Installing libc-dev (0.7.2-r5)
#8 13.50 (14/33) Installing g++ (12.2.1_git20220924-r10)
#8 15.46 (15/33) Installing make (4.4.1-r1)
#8 15.52 (16/33) Installing libmd (1.0.4-r2)
#8 15.56 (17/33) Installing libbsd (0.11.7-r1)
#8 15.62 (18/33) Installing netcat-openbsd (1.219-r1)
#8 15.66 (19/33) Installing libexpat (2.7.0-r0)
#8 15.71 (20/33) Installing libbz2 (1.0.8-r5)
#8 15.74 (21/33) Installing libffi (3.4.4-r2)
#8 15.77 (22/33) Installing gdbm (1.23-r1)
#8 15.81 (23/33) Installing xz-libs (5.4.3-r1)
#8 15.87 (24/33) Installing mpdecimal (2.5.1-r2)
#8 15.90 (25/33) Installing ncurses-terminfo-base (6.4_p20230506-r0)
#8 15.94 (26/33) Installing libncursesw (6.4_p20230506-r0)
#8 16.01 (27/33) Installing libpanelw (6.4_p20230506-r0)
#8 16.03 (28/33) Installing readline (8.2.1-r1)
#8 16.08 (29/33) Installing sqlite-libs (3.41.2-r3)
#8 16.18 (30/33) Installing python3 (3.11.12-r1)
#8 17.49 (31/33) Installing python3-pycache-pyc0 (3.11.12-r1)
#8 18.16 (32/33) Installing pyc (0.1-r0)
#8 18.18 (33/33) Installing python3-pyc (3.11.12-r1)
#8 18.20 Executing busybox-1.36.1-r2.trigger
#8 18.21 OK: 276 MiB in 49 packages
#8 DONE 18.7s

#9 [4/8] COPY package.json .
#9 DONE 0.1s

#10 [5/8] RUN npm install
#10 1.620 npm notice 
#10 1.620 npm notice New major version of npm available! 8.19.4 -> 11.6.2
#10 1.620 npm notice Changelog: <https://github.com/npm/cli/releases/tag/v11.6.2>
#10 1.621 npm notice Run `npm install -g npm@11.6.2` to update!
#10 1.621 npm notice 
#10 1.623 npm ERR! code ETARGET
#10 1.625 npm ERR! notarget No matching version found for cassandra-driver@4.12.0.
#10 1.625 npm ERR! notarget In most cases you or one of your dependencies are requesting
#10 1.625 npm ERR! notarget a package version that doesn't exist.
#10 1.628 
#10 1.628 npm ERR! A complete log of this run can be found in:
#10 1.628 npm ERR!     /root/.npm/_logs/2025-11-02T17_50_32_919Z-debug-0.log
#10 ERROR: process "/bin/sh -c npm install" did not complete successfully: exit code: 1
------
 > [5/8] RUN npm install:
1.620 npm notice Changelog: <https://github.com/npm/cli/releases/tag/v11.6.2>
1.621 npm notice Run `npm install -g npm@11.6.2` to update!
1.621 npm notice 
1.623 npm ERR! code ETARGET
1.625 npm ERR! notarget No matching version found for cassandra-driver@4.12.0.
1.625 npm ERR! notarget In most cases you or one of your dependencies are requesting
1.625 npm ERR! notarget a package version that doesn't exist.
1.628 
1.628 npm ERR! A complete log of this run can be found in:
1.628 npm ERR!     /root/.npm/_logs/2025-11-02T17_50_32_919Z-debug-0.log
------
Dockerfile:8

--------------------

   6 |     COPY package.json .

   7 |     # Install Node dependencies (cassandra-driver will be compiled with the tools above)

   8 | >>> RUN npm install

   9 |     # Remove only the buildâ€‘time compilers, keep netcat for runtime

  10 |     RUN apk del python3 make g++

--------------------

failed to solve: process "/bin/sh -c npm install" did not complete successfully: exit code: 1

