time="2025-11-02T18:52:31+01:00" level=warning msg="/home/gabriele/thesis-project/Agents-for-Vulnerable-Dockers-and-related-Benchmarks/dockers/CVE-2017-7525/custom_no_tool/docker-compose.yml: the attribute `version` is obsolete, it will be ignored, please remove it to avoid potential confusion"
#1 [internal] load local bake definitions
#1 reading from stdin 745B done
#1 DONE 0.0s

#2 [internal] load build definition from Dockerfile
#2 transferring dockerfile: 738B done
#2 DONE 0.0s

#3 [internal] load metadata for docker.io/library/node:16-alpine
#3 DONE 0.4s

#4 [internal] load .dockerignore
#4 transferring context: 2B done
#4 DONE 0.0s

#5 [1/8] FROM docker.io/library/node:16-alpine@sha256:a1f9d027912b58a7c75be7716c97cfbc6d3099f3a97ed84aa490be9dee20e787
#5 resolve docker.io/library/node:16-alpine@sha256:a1f9d027912b58a7c75be7716c97cfbc6d3099f3a97ed84aa490be9dee20e787 0.0s done
#5 DONE 0.0s

#6 [2/8] WORKDIR /usr/src/app
#6 CACHED

#7 [internal] load build context
#7 transferring context: 3.51kB done
#7 DONE 0.0s

#8 [3/8] RUN apk add --no-cache python3 make g++ libc6-compat netcat-openbsd &&     ln -sf /usr/bin/python3 /usr/bin/python
#8 0.214 fetch https://dl-cdn.alpinelinux.org/alpine/v3.18/main/x86_64/APKINDEX.tar.gz
#8 0.471 fetch https://dl-cdn.alpinelinux.org/alpine/v3.18/community/x86_64/APKINDEX.tar.gz
#8 0.867 (1/34) Upgrading musl (1.2.4-r1 -> 1.2.4-r3)
#8 0.945 (2/34) Installing libstdc++-dev (12.2.1_git20220924-r10)
#8 2.857 (3/34) Installing zstd-libs (1.5.5-r4)
#8 2.940 (4/34) Installing binutils (2.40-r8)
#8 3.320 (5/34) Installing libgomp (12.2.1_git20220924-r10)
#8 3.370 (6/34) Installing libatomic (12.2.1_git20220924-r10)
#8 3.401 (7/34) Installing gmp (6.2.1-r3)
#8 3.459 (8/34) Installing isl26 (0.26-r1)
#8 3.610 (9/34) Installing mpfr4 (4.2.0_p12-r0)
#8 3.679 (10/34) Installing mpc1 (1.3.1-r1)
#8 3.718 (11/34) Installing gcc (12.2.1_git20220924-r10)
#8 9.830 (12/34) Installing musl-dev (1.2.4-r3)
#8 10.29 (13/34) Installing libc-dev (0.7.2-r5)
#8 10.32 (14/34) Installing g++ (12.2.1_git20220924-r10)
#8 12.26 (15/34) Installing libc6-compat (1.2.4-r3)
#8 12.29 (16/34) Installing make (4.4.1-r1)
#8 12.34 (17/34) Installing libmd (1.0.4-r2)
#8 12.37 (18/34) Installing libbsd (0.11.7-r1)
#8 12.41 (19/34) Installing netcat-openbsd (1.219-r1)
#8 12.44 (20/34) Installing libexpat (2.7.0-r0)
#8 12.48 (21/34) Installing libbz2 (1.0.8-r5)
#8 12.53 (22/34) Installing libffi (3.4.4-r2)
#8 12.56 (23/34) Installing gdbm (1.23-r1)
#8 12.61 (24/34) Installing xz-libs (5.4.3-r1)
#8 12.65 (25/34) Installing mpdecimal (2.5.1-r2)
#8 12.69 (26/34) Installing ncurses-terminfo-base (6.4_p20230506-r0)
#8 12.75 (27/34) Installing libncursesw (6.4_p20230506-r0)
#8 12.80 (28/34) Installing libpanelw (6.4_p20230506-r0)
#8 12.89 (29/34) Installing readline (8.2.1-r1)
#8 12.93 (30/34) Installing sqlite-libs (3.41.2-r3)
#8 13.02 (31/34) Installing python3 (3.11.12-r1)
#8 14.32 (32/34) Installing python3-pycache-pyc0 (3.11.12-r1)
#8 14.97 (33/34) Installing pyc (0.1-r0)
#8 15.00 (34/34) Installing python3-pyc (3.11.12-r1)
#8 15.04 Executing busybox-1.36.1-r2.trigger
#8 15.05 OK: 276 MiB in 50 packages
#8 DONE 15.6s

#9 [4/8] COPY package.json .
#9 DONE 0.1s

#10 [5/8] RUN npm install
#10 2.054 npm notice 
#10 2.054 npm notice New major version of npm available! 8.19.4 -> 11.6.2
#10 2.054 npm notice Changelog: <https://github.com/npm/cli/releases/tag/v11.6.2>
#10 2.055 npm notice Run `npm install -g npm@11.6.2` to update!
#10 2.055 npm notice 
#10 2.059 npm ERR! code ETARGET
#10 2.062 npm ERR! notarget No matching version found for cassandra-driver@^4.13.0.
#10 2.062 npm ERR! notarget In most cases you or one of your dependencies are requesting
#10 2.063 npm ERR! notarget a package version that doesn't exist.
#10 2.070 
#10 2.070 npm ERR! A complete log of this run can be found in:
#10 2.070 npm ERR!     /root/.npm/_logs/2025-11-02T17_52_49_135Z-debug-0.log
#10 ERROR: process "/bin/sh -c npm install" did not complete successfully: exit code: 1
------
 > [5/8] RUN npm install:
2.054 npm notice Changelog: <https://github.com/npm/cli/releases/tag/v11.6.2>
2.055 npm notice Run `npm install -g npm@11.6.2` to update!
2.055 npm notice 
2.059 npm ERR! code ETARGET
2.062 npm ERR! notarget No matching version found for cassandra-driver@^4.13.0.
2.062 npm ERR! notarget In most cases you or one of your dependencies are requesting
2.063 npm ERR! notarget a package version that doesn't exist.
2.070 
2.070 npm ERR! A complete log of this run can be found in:
2.070 npm ERR!     /root/.npm/_logs/2025-11-02T17_52_49_135Z-debug-0.log
------
Dockerfile:9

--------------------

   7 |     COPY package.json .

   8 |     # Install Node dependencies (cassandra-driver will be compiled with the tools above)

   9 | >>> RUN npm install

  10 |     # Remove only the buildâ€‘time compilers and python, keep netcat for runtime

  11 |     RUN apk del python3 make g++ && rm -f /usr/bin/python

--------------------

failed to solve: process "/bin/sh -c npm install" did not complete successfully: exit code: 1

