time="2025-11-02T18:53:39+01:00" level=warning msg="/home/gabriele/thesis-project/Agents-for-Vulnerable-Dockers-and-related-Benchmarks/dockers/CVE-2017-7525/custom_no_tool/docker-compose.yml: the attribute `version` is obsolete, it will be ignored, please remove it to avoid potential confusion"
#1 [internal] load local bake definitions
#1 reading from stdin 745B done
#1 DONE 0.0s

#2 [internal] load build definition from Dockerfile
#2 transferring dockerfile: 709B done
#2 DONE 0.0s

#3 [internal] load metadata for docker.io/library/node:16-alpine
#3 DONE 0.4s

#4 [internal] load .dockerignore
#4 transferring context: 2B done
#4 DONE 0.0s

#5 [1/8] FROM docker.io/library/node:16-alpine@sha256:a1f9d027912b58a7c75be7716c97cfbc6d3099f3a97ed84aa490be9dee20e787
#5 resolve docker.io/library/node:16-alpine@sha256:a1f9d027912b58a7c75be7716c97cfbc6d3099f3a97ed84aa490be9dee20e787 0.0s done
#5 DONE 0.0s

#6 [internal] load build context
#6 transferring context: 3.48kB done
#6 DONE 0.0s

#7 [2/8] WORKDIR /usr/src/app
#7 CACHED

#8 [3/8] RUN apk add --no-cache python3 make g++ netcat-openbsd &&     ln -sf /usr/bin/python3 /usr/bin/python
#8 CACHED

#9 [4/8] COPY package.json .
#9 DONE 0.0s

#10 [5/8] RUN npm install
#10 1.334 npm notice 
#10 1.334 npm notice New major version of npm available! 8.19.4 -> 11.6.2
#10 1.334 npm notice Changelog: <https://github.com/npm/cli/releases/tag/v11.6.2>
#10 1.334 npm notice Run `npm install -g npm@11.6.2` to update!
#10 1.335 npm notice 
#10 1.337 npm ERR! code ETARGET
#10 1.339 npm ERR! notarget No matching version found for cassandra-driver@^4.12.0.
#10 1.339 npm ERR! notarget In most cases you or one of your dependencies are requesting
#10 1.339 npm ERR! notarget a package version that doesn't exist.
#10 1.341 
#10 1.341 npm ERR! A complete log of this run can be found in:
#10 1.342 npm ERR!     /root/.npm/_logs/2025-11-02T17_53_41_174Z-debug-0.log
#10 ERROR: process "/bin/sh -c npm install" did not complete successfully: exit code: 1
------
 > [5/8] RUN npm install:
notice Changelog: <https://github.com/npm/cli/releases/tag/v11.6.2>
1.334 npm notice Run `npm install -g npm@11.6.2` to update!
1.335 npm notice 
1.337 npm ERR! code ETARGET
1.339 npm ERR! notarget No matching version found for cassandra-driver@^4.12.0.
1.339 npm ERR! notarget In most cases you or one of your dependencies are requesting
1.339 npm ERR! notarget a package version that doesn't exist.
1.341 
1.341 npm ERR! A complete log of this run can be found in:
1.342 npm ERR!     /root/.npm/_logs/2025-11-02T17_53_41_174Z-debug-0.log
------
Dockerfile:9

--------------------

   7 |     COPY package.json .

   8 |     # Install Node dependencies (cassandra-driver will be compiled with the tools above)

   9 | >>> RUN npm install

  10 |     # Remove only the buildâ€‘time compilers and python, keep netcat for runtime

  11 |     RUN apk del python3 make g++ && rm -f /usr/bin/python

--------------------

failed to solve: process "/bin/sh -c npm install" did not complete successfully: exit code: 1

