time="2025-11-02T18:54:27+01:00" level=warning msg="/home/gabriele/thesis-project/Agents-for-Vulnerable-Dockers-and-related-Benchmarks/dockers/CVE-2017-7525/custom_no_tool/docker-compose.yml: the attribute `version` is obsolete, it will be ignored, please remove it to avoid potential confusion"
#1 [internal] load local bake definitions
#1 reading from stdin 745B done
#1 DONE 0.0s

#2 [internal] load build definition from Dockerfile
#2 transferring dockerfile: 690B done
#2 DONE 0.0s

#3 [internal] load metadata for docker.io/library/node:16-alpine
#3 DONE 0.4s

#4 [internal] load .dockerignore
#4 transferring context: 2B done
#4 DONE 0.0s

#5 [1/7] FROM docker.io/library/node:16-alpine@sha256:a1f9d027912b58a7c75be7716c97cfbc6d3099f3a97ed84aa490be9dee20e787
#5 resolve docker.io/library/node:16-alpine@sha256:a1f9d027912b58a7c75be7716c97cfbc6d3099f3a97ed84aa490be9dee20e787 0.0s done
#5 DONE 0.0s

#6 [2/7] WORKDIR /usr/src/app
#6 CACHED

#7 [3/7] RUN apk add --no-cache python3 make g++ netcat-openbsd &&     ln -sf /usr/bin/python3 /usr/bin/python
#7 CACHED

#8 [internal] load build context
#8 transferring context: 3.46kB done
#8 DONE 0.0s

#9 [4/7] COPY . .
#9 DONE 0.0s

#10 [5/7] RUN npm install
#10 1.395 npm notice 
#10 1.395 npm notice New major version of npm available! 8.19.4 -> 11.6.2
#10 1.395 npm notice Changelog: <https://github.com/npm/cli/releases/tag/v11.6.2>
#10 1.395 npm notice Run `npm install -g npm@11.6.2` to update!
#10 1.395 npm notice 
#10 1.397 npm ERR! code ETARGET
#10 1.400 npm ERR! notarget No matching version found for cassandra-driver@^4.13.2.
#10 1.400 npm ERR! notarget In most cases you or one of your dependencies are requesting
#10 1.400 npm ERR! notarget a package version that doesn't exist.
#10 1.402 
#10 1.402 npm ERR! A complete log of this run can be found in:
#10 1.402 npm ERR!     /root/.npm/_logs/2025-11-02T17_54_28_527Z-debug-0.log
#10 ERROR: process "/bin/sh -c npm install" did not complete successfully: exit code: 1
------
 > [5/7] RUN npm install:
 Run `npm install -g npm@11.6.2` to update!
1.395 npm notice 
1.397 npm ERR! code ETARGET
1.400 npm ERR! notarget No matching version found for cassandra-driver@^4.13.2.
1.400 npm ERR! notarget In most cases you or one of your dependencies are requesting
1.400 npm ERR! notarget a package version that doesn't exist.
1.402 
1.402 npm ERR! A complete log of this run can be found in:
1.402 npm ERR!     /root/.npm/_logs/2025-11-02T17_54_28_527Z-debug-0.log
------
Dockerfile:9

--------------------

   7 |     COPY . .

   8 |     # Install Node dependencies (cassandra-driver will be compiled with the tools above)

   9 | >>> RUN npm install

  10 |     # Remove only the buildâ€‘time compilers and python, keep netcat for runtime

  11 |     RUN apk del python3 make g++ && rm -f /usr/bin/python

--------------------

failed to solve: process "/bin/sh -c npm install" did not complete successfully: exit code: 1

