#1 [internal] load local bake definitions
#1 reading from stdin 745B done
#1 DONE 0.0s

#2 [internal] load build definition from Dockerfile
#2 transferring dockerfile:
#2 transferring dockerfile: 679B done
#2 DONE 0.0s

#3 [internal] load metadata for docker.io/library/node:16-alpine
#3 DONE 0.9s

#4 [internal] load .dockerignore
#4 transferring context: 2B done
#4 DONE 0.0s

#5 [1/7] FROM docker.io/library/node:16-alpine@sha256:a1f9d027912b58a7c75be7716c97cfbc6d3099f3a97ed84aa490be9dee20e787
#5 resolve docker.io/library/node:16-alpine@sha256:a1f9d027912b58a7c75be7716c97cfbc6d3099f3a97ed84aa490be9dee20e787 0.0s done
#5 DONE 0.0s

#6 [internal] load build context
#6 transferring context: 1.07kB done
#6 DONE 0.0s

#7 [2/7] WORKDIR /usr/src/app
#7 CACHED

#8 [3/7] RUN apk add --no-cache python3 make g++ netcat-openbsd &&     ln -sf /usr/bin/python3 /usr/bin/python
#8 CACHED

#9 [4/7] COPY . .
#9 DONE 0.0s

#10 [5/7] RUN npm install
#10 1.458 npm notice 
#10 1.458 npm notice New major version of npm available! 8.19.4 -> 11.6.2
#10 1.458 npm notice Changelog: <https://github.com/npm/cli/releases/tag/v11.6.2>
#10 1.458 npm notice Run `npm install -g npm@11.6.2` to update!
#10 1.458 npm notice 
#10 1.460 npm ERR! code ETARGET
#10 1.461 npm ERR! notarget No matching version found for cassandra-driver@^3.7.2.
#10 1.461 npm ERR! notarget In most cases you or one of your dependencies are requesting
#10 1.462 npm ERR! notarget a package version that doesn't exist.
#10 1.464 
#10 1.464 npm ERR! A complete log of this run can be found in:
#10 1.464 npm ERR!     /root/.npm/_logs/2025-11-02T17_55_05_068Z-debug-0.log
#10 ERROR: process "/bin/sh -c npm install" did not complete successfully: exit code: 1
------
 > [5/7] RUN npm install:
1.458 npm notice Changelog: <https://github.com/npm/cli/releases/tag/v11.6.2>
1.458 npm notice Run `npm install -g npm@11.6.2` to update!
1.458 npm notice 
1.460 npm ERR! code ETARGET
1.461 npm ERR! notarget No matching version found for cassandra-driver@^3.7.2.
1.461 npm ERR! notarget In most cases you or one of your dependencies are requesting
1.462 npm ERR! notarget a package version that doesn't exist.
1.464 
1.464 npm ERR! A complete log of this run can be found in:
1.464 npm ERR!     /root/.npm/_logs/2025-11-02T17_55_05_068Z-debug-0.log
------
Dockerfile:9

--------------------

   7 |     COPY . .

   8 |     # Install Node dependencies (cassandra-driver will be compiled with the tools above)

   9 | >>> RUN npm install

  10 |     # Keep the runtime tools (python) because node-gyp may need it later; remove only the compiler packages

  11 |     RUN apk del make g++

--------------------

failed to solve: process "/bin/sh -c npm install" did not complete successfully: exit code: 1

