time="2025-10-24T13:35:47+02:00" level=warning msg="/home/gabriele/thesis-project/Agents-for-Vulnerable-Dockers-and-related-Benchmarks/dockers/CVE-2022-22963/custom/docker-compose.yml: the attribute `version` is obsolete, it will be ignored, please remove it to avoid potential confusion"
#1 [internal] load local bake definitions
#1 reading from stdin 707B done
#1 DONE 0.0s

#2 [internal] load build definition from Dockerfile
#2 transferring dockerfile: 321B done
#2 DONE 0.0s

#3 [internal] load metadata for docker.io/library/maven:3.9-eclipse-temurin-17
#3 ...

#4 [internal] load metadata for docker.io/library/eclipse-temurin:17-jre-alpine
#4 DONE 1.2s

#3 [internal] load metadata for docker.io/library/maven:3.9-eclipse-temurin-17
#3 DONE 2.0s

#5 [internal] load .dockerignore
#5 transferring context: 2B done
#5 DONE 0.0s

#6 [stage-1 1/3] FROM docker.io/library/eclipse-temurin:17-jre-alpine@sha256:e7ed585b34913e0a780e0282330183a0ea14ad6b929362d02aea1156b43262bf
#6 resolve docker.io/library/eclipse-temurin:17-jre-alpine@sha256:e7ed585b34913e0a780e0282330183a0ea14ad6b929362d02aea1156b43262bf 0.0s done
#6 DONE 0.0s

#7 [stage-1 2/3] WORKDIR /app
#7 CACHED

#8 [internal] load build context
#8 transferring context: 4.13kB done
#8 DONE 0.0s

#9 [build 1/5] FROM docker.io/library/maven:3.9-eclipse-temurin-17@sha256:e195e8dfd27ff4a52388c590d3c6042529d9b28034f0342e4a70190951066752
#9 resolve docker.io/library/maven:3.9-eclipse-temurin-17@sha256:e195e8dfd27ff4a52388c590d3c6042529d9b28034f0342e4a70190951066752 0.0s done
#9 DONE 0.1s

#9 [build 1/5] FROM docker.io/library/maven:3.9-eclipse-temurin-17@sha256:e195e8dfd27ff4a52388c590d3c6042529d9b28034f0342e4a70190951066752
#9 sha256:00f77ec148dbd3e91477160ffd9453e444ca6ad4f01f4a7814cc3dd298c58cd4 0B / 154B 0.2s
#9 sha256:00f77ec148dbd3e91477160ffd9453e444ca6ad4f01f4a7814cc3dd298c58cd4 154B / 154B 0.3s done
#9 sha256:cd10ee2c324262b51b266ef1893704831f8cce7d1cf0a62f4f10aeb7c6738b6c 0B / 359B 0.2s
#9 sha256:cf07b6b9aaf107b0253dc71a692078d31ddd52420f22b9e9fee59540bf0db8dc 0B / 846B 0.2s
#9 sha256:33d0f96f713520395a64b33d4ecb3643de109b73f6e5d28cf20465cefb99be2c 0B / 9.24MB 0.2s
#9 sha256:cd10ee2c324262b51b266ef1893704831f8cce7d1cf0a62f4f10aeb7c6738b6c 359B / 359B 0.4s done
#9 sha256:cf07b6b9aaf107b0253dc71a692078d31ddd52420f22b9e9fee59540bf0db8dc 846B / 846B 0.5s done
#9 sha256:33d0f96f713520395a64b33d4ecb3643de109b73f6e5d28cf20465cefb99be2c 2.10MB / 9.24MB 0.8s
#9 sha256:33d0f96f713520395a64b33d4ecb3643de109b73f6e5d28cf20465cefb99be2c 4.19MB / 9.24MB 0.9s
#9 sha256:33d0f96f713520395a64b33d4ecb3643de109b73f6e5d28cf20465cefb99be2c 7.34MB / 9.24MB 1.1s
#9 sha256:33d0f96f713520395a64b33d4ecb3643de109b73f6e5d28cf20465cefb99be2c 9.24MB / 9.24MB 1.2s done
#9 extracting sha256:33d0f96f713520395a64b33d4ecb3643de109b73f6e5d28cf20465cefb99be2c 0.1s done
#9 extracting sha256:cf07b6b9aaf107b0253dc71a692078d31ddd52420f22b9e9fee59540bf0db8dc 0.0s done
#9 DONE 1.4s

#9 [build 1/5] FROM docker.io/library/maven:3.9-eclipse-temurin-17@sha256:e195e8dfd27ff4a52388c590d3c6042529d9b28034f0342e4a70190951066752
#9 extracting sha256:cd10ee2c324262b51b266ef1893704831f8cce7d1cf0a62f4f10aeb7c6738b6c 0.0s done
#9 extracting sha256:00f77ec148dbd3e91477160ffd9453e444ca6ad4f01f4a7814cc3dd298c58cd4 0.0s done
#9 DONE 1.5s

#10 [build 2/5] WORKDIR /app
#10 DONE 0.0s

#11 [build 3/5] COPY pom.xml .
#11 DONE 0.0s

#12 [build 4/5] COPY src ./src
#12 DONE 0.0s

#13 [build 5/5] RUN mvn -B package -DskipTests
#13 2.000 [INFO] Scanning for projects...
#13 2.018 [ERROR] [ERROR] Some problems were encountered while processing the POMs:
#13 2.018 [FATAL] Non-parseable POM /app/pom.xml: in comment after two dashes (--) next character must be > not   (position: END_TAG seen ...</dependency>\n        <!-- ... @35:14)  @ line 35, column 14
#13 2.018  @ 
#13 2.020 [ERROR] The build could not read 1 project -> [Help 1]
#13 2.020 [ERROR]   
#13 2.020 [ERROR]   The project  (/app/pom.xml) has 1 error
#13 2.020 [ERROR]     Non-parseable POM /app/pom.xml: in comment after two dashes (--) next character must be > not   (position: END_TAG seen ...</dependency>\n        <!-- ... @35:14)  @ line 35, column 14 -> [Help 2]
#13 2.020 [ERROR] 
#13 2.022 [ERROR] To see the full stack trace of the errors, re-run Maven with the -e switch.
#13 2.022 [ERROR] Re-run Maven using the -X switch to enable full debug logging.
#13 2.022 [ERROR] 
#13 2.022 [ERROR] For more information about the errors and possible solutions, please read the following articles:
#13 2.022 [ERROR] [Help 1] http://cwiki.apache.org/confluence/display/MAVEN/ProjectBuildingException
#13 2.022 [ERROR] [Help 2] http://cwiki.apache.org/confluence/display/MAVEN/ModelParseException
#13 ERROR: process "/bin/sh -c mvn -B package -DskipTests" did not complete successfully: exit code: 1
------
 > [build 5/5] RUN mvn -B package -DskipTests:
2.020 [ERROR]   
2.020 [ERROR]   The project  (/app/pom.xml) has 1 error
2.020 [ERROR]     Non-parseable POM /app/pom.xml: in comment after two dashes (--) next character must be > not   (position: END_TAG seen ...</dependency>\n        <!-- ... @35:14)  @ line 35, column 14 -> [Help 2]
2.020 [ERROR] 
2.022 [ERROR] To see the full stack trace of the errors, re-run Maven with the -e switch.
2.022 [ERROR] Re-run Maven using the -X switch to enable full debug logging.
2.022 [ERROR] 
2.022 [ERROR] For more information about the errors and possible solutions, please read the following articles:
2.022 [ERROR] [Help 1] http://cwiki.apache.org/confluence/display/MAVEN/ProjectBuildingException
2.022 [ERROR] [Help 2] http://cwiki.apache.org/confluence/display/MAVEN/ModelParseException
------
Dockerfile:5

--------------------

   3 |     COPY pom.xml .

   4 |     COPY src ./src

   5 | >>> RUN mvn -B package -DskipTests

   6 |     

   7 |     FROM eclipse-temurin:17-jre-alpine

--------------------

failed to solve: process "/bin/sh -c mvn -B package -DskipTests" did not complete successfully: exit code: 1

