time="2025-10-30T10:53:52+01:00" level=warning msg="/home/gabriele/thesis-project/Agents-for-Vulnerable-Dockers-and-related-Benchmarks/dockers/CVE-2017-7525/custom_no_tool/docker-compose.yml: the attribute `version` is obsolete, it will be ignored, please remove it to avoid potential confusion"
 db Pulling 
 db Pulled 
#1 [internal] load local bake definitions
#1 reading from stdin 701B done
#1 DONE 0.0s

#2 [internal] load build definition from Dockerfile
#2 transferring dockerfile:
#2 transferring dockerfile: 378B done
#2 DONE 0.0s

#3 [internal] load metadata for docker.io/library/openjdk:8-jdk
#3 DONE 0.4s

#4 [internal] load .dockerignore
#4 transferring context: 2B done
#4 DONE 0.0s

#5 [1/6] FROM docker.io/library/openjdk:8-jdk@sha256:86e863cc57215cfb181bd319736d0baf625fe8f150577f9eb58bd937f5452cb8
#5 resolve docker.io/library/openjdk:8-jdk@sha256:86e863cc57215cfb181bd319736d0baf625fe8f150577f9eb58bd937f5452cb8 0.0s done
#5 DONE 0.0s

#6 [internal] load build context
#6 transferring context: 4.47kB done
#6 DONE 0.0s

#7 [2/6] RUN apt-get update && apt-get install -y maven && rm -rf /var/lib/apt/lists/*
#7 CACHED

#8 [3/6] WORKDIR /app
#8 CACHED

#9 [4/6] COPY pom.xml .
#9 DONE 0.0s

#10 [5/6] COPY src ./src
#10 DONE 0.0s

#11 [6/6] RUN mvn -q package
#11 8.705 [[1;31mERROR[m] Failed to execute goal on project [36mvulnapp[m: [1;31mCould not resolve dependencies for project com.example:vulnapp:jar:1.0-SNAPSHOT: The following artifacts could not be resolved: com.fasterxml.jackson.core:jackson-core:jar:2.6.7.1, com.fasterxml.jackson.core:jackson-annotations:jar:2.6.7.1: Could not find artifact com.fasterxml.jackson.core:jackson-core:jar:2.6.7.1 in central (https://repo.maven.apache.org/maven2)[m -> [1m[Help 1][m
#11 8.709 [[1;31mERROR[m] 
#11 8.711 [[1;31mERROR[m] To see the full stack trace of the errors, re-run Maven with the [1m-e[m switch.
#11 8.712 [[1;31mERROR[m] Re-run Maven using the [1m-X[m switch to enable full debug logging.
#11 8.713 [[1;31mERROR[m] 
#11 8.714 [[1;31mERROR[m] For more information about the errors and possible solutions, please read the following articles:
#11 8.716 [[1;31mERROR[m] [1m[Help 1][m http://cwiki.apache.org/confluence/display/MAVEN/DependencyResolutionException
#11 ERROR: process "/bin/sh -c mvn -q package" did not complete successfully: exit code: 1
------
 > [6/6] RUN mvn -q package:
OR[m] Failed to execute goal on project [36mvulnapp[m: [1;31mCould not resolve dependencies for project com.example:vulnapp:jar:1.0-SNAPSHOT: The following artifacts could not be resolved: com.fasterxml.jackson.core:jackson-core:jar:2.6.7.1, com.fasterxml.jackson.core:jackson-annotations:jar:2.6.7.1: Could not find artifact com.fasterxml.jackson.core:jackson-core:jar:2.6.7.1 in central (https://repo.maven.apache.org/maven2)[m -> [1m[Help 1][m
8.709 [[1;31mERROR[m] 
8.711 [[1;31mERROR[m] To see the full stack trace of the errors, re-run Maven with the [1m-e[m switch.
8.712 [[1;31mERROR[m] Re-run Maven using the [1m-X[m switch to enable full debug logging.
8.713 [[1;31mERROR[m] 
8.714 [[1;31mERROR[m] For more information about the errors and possible solutions, please read the following articles:
8.716 [[1;31mERROR[m] [1m[Help 1][m http://cwiki.apache.org/confluence/display/MAVEN/DependencyResolutionException
------
Dockerfile:12

--------------------

  10 |     

  11 |     # Build the Java application

  12 | >>> RUN mvn -q package

  13 |     

  14 |     EXPOSE 8080

--------------------

failed to solve: process "/bin/sh -c mvn -q package" did not complete successfully: exit code: 1

