 db Pulling 
 db Pulled 
#1 [internal] load local bake definitions
#1 reading from stdin 701B done
#1 DONE 0.0s

#2 [internal] load build definition from Dockerfile
#2 transferring dockerfile:
#2 transferring dockerfile: 690B done
#2 DONE 0.0s

#3 [internal] load metadata for docker.io/library/maven:3.6.3-openjdk-8
#3 ...

#4 [internal] load metadata for docker.io/library/openjdk:8-jre-slim
#4 DONE 1.0s

#3 [internal] load metadata for docker.io/library/maven:3.6.3-openjdk-8
#3 DONE 1.5s

#5 [internal] load .dockerignore
#5 transferring context: 2B done
#5 DONE 0.0s

#6 [internal] load build context
#6 transferring context: 2.83kB done
#6 DONE 0.1s

#7 [stage-1 1/3] FROM docker.io/library/openjdk:8-jre-slim@sha256:53186129237fbb8bc0a12dd36da6761f4c7a2a20233c20d4eb0d497e4045a4f5
#7 resolve docker.io/library/openjdk:8-jre-slim@sha256:53186129237fbb8bc0a12dd36da6761f4c7a2a20233c20d4eb0d497e4045a4f5 0.0s done
#7 DONE 0.1s

#8 [build 1/5] FROM docker.io/library/maven:3.6.3-openjdk-8@sha256:ac624d39dd0b7bed827d4b0d1bbaeb457012e0cba0fb6c53ce34b00bed16ec08
#8 resolve docker.io/library/maven:3.6.3-openjdk-8@sha256:ac624d39dd0b7bed827d4b0d1bbaeb457012e0cba0fb6c53ce34b00bed16ec08 0.0s done
#8 DONE 0.2s

#7 [stage-1 1/3] FROM docker.io/library/openjdk:8-jre-slim@sha256:53186129237fbb8bc0a12dd36da6761f4c7a2a20233c20d4eb0d497e4045a4f5
#7 sha256:d2421c7a4bbfc037d7fb487893cc5fe145e329dfb39b5ee6557016bf6c34072d 0B / 41.70MB 0.2s
#7 sha256:d2421c7a4bbfc037d7fb487893cc5fe145e329dfb39b5ee6557016bf6c34072d 2.10MB / 41.70MB 0.6s
#7 sha256:d2421c7a4bbfc037d7fb487893cc5fe145e329dfb39b5ee6557016bf6c34072d 4.19MB / 41.70MB 0.8s
#7 sha256:d2421c7a4bbfc037d7fb487893cc5fe145e329dfb39b5ee6557016bf6c34072d 6.29MB / 41.70MB 0.9s
#7 sha256:d2421c7a4bbfc037d7fb487893cc5fe145e329dfb39b5ee6557016bf6c34072d 8.39MB / 41.70MB 1.1s
#7 sha256:d2421c7a4bbfc037d7fb487893cc5fe145e329dfb39b5ee6557016bf6c34072d 10.49MB / 41.70MB 1.5s
#7 sha256:d2421c7a4bbfc037d7fb487893cc5fe145e329dfb39b5ee6557016bf6c34072d 12.58MB / 41.70MB 1.8s
#7 sha256:d2421c7a4bbfc037d7fb487893cc5fe145e329dfb39b5ee6557016bf6c34072d 14.68MB / 41.70MB 2.1s
#7 sha256:d2421c7a4bbfc037d7fb487893cc5fe145e329dfb39b5ee6557016bf6c34072d 16.78MB / 41.70MB 2.7s
#7 sha256:d2421c7a4bbfc037d7fb487893cc5fe145e329dfb39b5ee6557016bf6c34072d 18.87MB / 41.70MB 3.0s
#7 sha256:d2421c7a4bbfc037d7fb487893cc5fe145e329dfb39b5ee6557016bf6c34072d 20.97MB / 41.70MB 3.9s
#7 sha256:d2421c7a4bbfc037d7fb487893cc5fe145e329dfb39b5ee6557016bf6c34072d 23.07MB / 41.70MB 4.7s
#7 sha256:d2421c7a4bbfc037d7fb487893cc5fe145e329dfb39b5ee6557016bf6c34072d 25.17MB / 41.70MB 5.6s
#7 ...

#8 [build 1/5] FROM docker.io/library/maven:3.6.3-openjdk-8@sha256:ac624d39dd0b7bed827d4b0d1bbaeb457012e0cba0fb6c53ce34b00bed16ec08
#8 sha256:73dccb1622e9308969a27e0d61ed3823af62e4bb3f81e4d06d551f9d7707e921 362B / 362B 0.4s done
#8 sha256:71a3a5508994401f1787edf60c88fa6d67256f8a5f14f08a510ec4b8af5b2047 856B / 856B 0.6s done
#8 sha256:d7d7fe135d55893af3f9d1c2cf72ed2df50c1e416f9c98d0feb35bdecc9c014f 9.58MB / 9.58MB 3.7s done
#8 sha256:914dd506c7501e988b3a395e2de51eac03bf5a4cbb7857663fd0ee0573f4dbc4 36.70MB / 105.91MB 9.0s
#8 sha256:347c03cf94f84d440e848b0c43fd168174c4ad261aa891d559daa033a2a13869 209B / 209B 0.3s done
#8 sha256:234b70d0479d7f16d7ee8d04e4ffdacc57d7d14313faf59d332f18b2e9418743 16.78MB / 51.84MB 8.4s
#8 sha256:d7eb6c022a4e6128219b32a8e07c8c22c89624ff440ebac1506121794bc15ccc 5.29MB / 5.29MB 5.8s done
#8 sha256:48c2faf66abec3dce9f54d6722ff592fce6dd4fb58a0d0b72282936c6598a3b3 0B / 10.00MB 0.2s
#8 sha256:914dd506c7501e988b3a395e2de51eac03bf5a4cbb7857663fd0ee0573f4dbc4 42.99MB / 105.91MB 10.1s
#8 sha256:234b70d0479d7f16d7ee8d04e4ffdacc57d7d14313faf59d332f18b2e9418743 19.92MB / 51.84MB 9.5s
#8 sha256:48c2faf66abec3dce9f54d6722ff592fce6dd4fb58a0d0b72282936c6598a3b3 1.05MB / 10.00MB 1.2s
#8 sha256:48c2faf66abec3dce9f54d6722ff592fce6dd4fb58a0d0b72282936c6598a3b3 2.10MB / 10.00MB 1.8s
#8 sha256:234b70d0479d7f16d7ee8d04e4ffdacc57d7d14313faf59d332f18b2e9418743 23.07MB / 51.84MB 10.7s
#8 sha256:914dd506c7501e988b3a395e2de51eac03bf5a4cbb7857663fd0ee0573f4dbc4 49.28MB / 105.91MB 11.4s
#8 sha256:48c2faf66abec3dce9f54d6722ff592fce6dd4fb58a0d0b72282936c6598a3b3 3.15MB / 10.00MB 2.4s
#8 sha256:48c2faf66abec3dce9f54d6722ff592fce6dd4fb58a0d0b72282936c6598a3b3 4.19MB / 10.00MB 2.9s
#8 sha256:48c2faf66abec3dce9f54d6722ff592fce6dd4fb58a0d0b72282936c6598a3b3 5.24MB / 10.00MB 3.2s
#8 sha256:914dd506c7501e988b3a395e2de51eac03bf5a4cbb7857663fd0ee0573f4dbc4 55.57MB / 105.91MB 12.3s
#8 sha256:234b70d0479d7f16d7ee8d04e4ffdacc57d7d14313faf59d332f18b2e9418743 26.21MB / 51.84MB 11.7s
#8 sha256:48c2faf66abec3dce9f54d6722ff592fce6dd4fb58a0d0b72282936c6598a3b3 6.29MB / 10.00MB 3.6s
#8 sha256:48c2faf66abec3dce9f54d6722ff592fce6dd4fb58a0d0b72282936c6598a3b3 7.34MB / 10.00MB 4.1s
#8 sha256:914dd506c7501e988b3a395e2de51eac03bf5a4cbb7857663fd0ee0573f4dbc4 61.87MB / 105.91MB 13.4s
#8 sha256:234b70d0479d7f16d7ee8d04e4ffdacc57d7d14313faf59d332f18b2e9418743 29.36MB / 51.84MB 12.8s
#8 sha256:48c2faf66abec3dce9f54d6722ff592fce6dd4fb58a0d0b72282936c6598a3b3 8.39MB / 10.00MB 4.5s
#8 sha256:48c2faf66abec3dce9f54d6722ff592fce6dd4fb58a0d0b72282936c6598a3b3 9.44MB / 10.00MB 4.8s
#8 sha256:48c2faf66abec3dce9f54d6722ff592fce6dd4fb58a0d0b72282936c6598a3b3 10.00MB / 10.00MB 4.8s done
#8 sha256:914dd506c7501e988b3a395e2de51eac03bf5a4cbb7857663fd0ee0573f4dbc4 68.16MB / 105.91MB 14.1s
#8 sha256:004f1eed87df3f75f5e2a1a649fa7edd7f713d1300532fd0909bb39cd48437d7 0B / 50.43MB 0.2s
#8 sha256:234b70d0479d7f16d7ee8d04e4ffdacc57d7d14313faf59d332f18b2e9418743 32.51MB / 51.84MB 13.7s
#8 sha256:914dd506c7501e988b3a395e2de51eac03bf5a4cbb7857663fd0ee0573f4dbc4 74.45MB / 105.91MB 15.0s
#8 sha256:234b70d0479d7f16d7ee8d04e4ffdacc57d7d14313faf59d332f18b2e9418743 35.65MB / 51.84MB 14.7s
#8 sha256:004f1eed87df3f75f5e2a1a649fa7edd7f713d1300532fd0909bb39cd48437d7 3.15MB / 50.43MB 1.7s
#8 sha256:914dd506c7501e988b3a395e2de51eac03bf5a4cbb7857663fd0ee0573f4dbc4 80.74MB / 105.91MB 16.1s
#8 sha256:234b70d0479d7f16d7ee8d04e4ffdacc57d7d14313faf59d332f18b2e9418743 38.80MB / 51.84MB 15.8s
#8 sha256:004f1eed87df3f75f5e2a1a649fa7edd7f713d1300532fd0909bb39cd48437d7 6.29MB / 50.43MB 2.6s
#8 sha256:914dd506c7501e988b3a395e2de51eac03bf5a4cbb7857663fd0ee0573f4dbc4 87.03MB / 105.91MB 17.0s
#8 sha256:234b70d0479d7f16d7ee8d04e4ffdacc57d7d14313faf59d332f18b2e9418743 41.94MB / 51.84MB 16.7s
#8 sha256:004f1eed87df3f75f5e2a1a649fa7edd7f713d1300532fd0909bb39cd48437d7 9.44MB / 50.43MB 3.3s
#8 sha256:5d6f1e8117dbb1c6a57603cb4f321a861a08105a81bcc6b01b0ec2b78c8523a5 0B / 7.83MB 0.2s
#8 sha256:914dd506c7501e988b3a395e2de51eac03bf5a4cbb7857663fd0ee0573f4dbc4 93.32MB / 105.91MB 18.0s
#8 sha256:004f1eed87df3f75f5e2a1a649fa7edd7f713d1300532fd0909bb39cd48437d7 12.58MB / 50.43MB 4.1s
#8 sha256:5d6f1e8117dbb1c6a57603cb4f321a861a08105a81bcc6b01b0ec2b78c8523a5 1.05MB / 7.83MB 0.6s
#8 sha256:5d6f1e8117dbb1c6a57603cb4f321a861a08105a81bcc6b01b0ec2b78c8523a5 3.15MB / 7.83MB 0.9s
#8 ...

#7 [stage-1 1/3] FROM docker.io/library/openjdk:8-jre-slim@sha256:53186129237fbb8bc0a12dd36da6761f4c7a2a20233c20d4eb0d497e4045a4f5
#7 sha256:d2421c7a4bbfc037d7fb487893cc5fe145e329dfb39b5ee6557016bf6c34072d 41.70MB / 41.70MB 18.0s done
#7 extracting sha256:d2421c7a4bbfc037d7fb487893cc5fe145e329dfb39b5ee6557016bf6c34072d 1.0s done
#7 DONE 19.1s

#8 [build 1/5] FROM docker.io/library/maven:3.6.3-openjdk-8@sha256:ac624d39dd0b7bed827d4b0d1bbaeb457012e0cba0fb6c53ce34b00bed16ec08
#8 sha256:234b70d0479d7f16d7ee8d04e4ffdacc57d7d14313faf59d332f18b2e9418743 45.09MB / 51.84MB 17.9s
#8 sha256:5d6f1e8117dbb1c6a57603cb4f321a861a08105a81bcc6b01b0ec2b78c8523a5 4.19MB / 7.83MB 1.1s
#8 ...

#9 [stage-1 2/3] WORKDIR /app
#9 DONE 0.5s

#8 [build 1/5] FROM docker.io/library/maven:3.6.3-openjdk-8@sha256:ac624d39dd0b7bed827d4b0d1bbaeb457012e0cba0fb6c53ce34b00bed16ec08
#8 sha256:5d6f1e8117dbb1c6a57603cb4f321a861a08105a81bcc6b01b0ec2b78c8523a5 7.83MB / 7.83MB 1.4s done
#8 sha256:004f1eed87df3f75f5e2a1a649fa7edd7f713d1300532fd0909bb39cd48437d7 15.73MB / 50.43MB 5.1s
#8 sha256:914dd506c7501e988b3a395e2de51eac03bf5a4cbb7857663fd0ee0573f4dbc4 99.61MB / 105.91MB 19.2s
#8 sha256:234b70d0479d7f16d7ee8d04e4ffdacc57d7d14313faf59d332f18b2e9418743 48.23MB / 51.84MB 18.8s
#8 sha256:004f1eed87df3f75f5e2a1a649fa7edd7f713d1300532fd0909bb39cd48437d7 18.87MB / 50.43MB 5.7s
#8 sha256:914dd506c7501e988b3a395e2de51eac03bf5a4cbb7857663fd0ee0573f4dbc4 105.91MB / 105.91MB 19.9s done
#8 sha256:234b70d0479d7f16d7ee8d04e4ffdacc57d7d14313faf59d332f18b2e9418743 51.84MB / 51.84MB 19.5s done
#8 sha256:004f1eed87df3f75f5e2a1a649fa7edd7f713d1300532fd0909bb39cd48437d7 23.07MB / 50.43MB 6.3s
#8 sha256:004f1eed87df3f75f5e2a1a649fa7edd7f713d1300532fd0909bb39cd48437d7 27.26MB / 50.43MB 6.6s
#8 sha256:004f1eed87df3f75f5e2a1a649fa7edd7f713d1300532fd0909bb39cd48437d7 30.41MB / 50.43MB 6.9s
#8 sha256:004f1eed87df3f75f5e2a1a649fa7edd7f713d1300532fd0909bb39cd48437d7 34.60MB / 50.43MB 7.2s
#8 sha256:004f1eed87df3f75f5e2a1a649fa7edd7f713d1300532fd0909bb39cd48437d7 37.75MB / 50.43MB 7.4s
#8 sha256:004f1eed87df3f75f5e2a1a649fa7edd7f713d1300532fd0909bb39cd48437d7 41.94MB / 50.43MB 7.7s
#8 sha256:004f1eed87df3f75f5e2a1a649fa7edd7f713d1300532fd0909bb39cd48437d7 45.09MB / 50.43MB 7.8s
#8 sha256:004f1eed87df3f75f5e2a1a649fa7edd7f713d1300532fd0909bb39cd48437d7 48.23MB / 50.43MB 8.0s
#8 sha256:004f1eed87df3f75f5e2a1a649fa7edd7f713d1300532fd0909bb39cd48437d7 50.43MB / 50.43MB 8.1s done
#8 extracting sha256:004f1eed87df3f75f5e2a1a649fa7edd7f713d1300532fd0909bb39cd48437d7
#8 extracting sha256:004f1eed87df3f75f5e2a1a649fa7edd7f713d1300532fd0909bb39cd48437d7 1.4s done
#8 DONE 24.1s

#8 [build 1/5] FROM docker.io/library/maven:3.6.3-openjdk-8@sha256:ac624d39dd0b7bed827d4b0d1bbaeb457012e0cba0fb6c53ce34b00bed16ec08
#8 extracting sha256:5d6f1e8117dbb1c6a57603cb4f321a861a08105a81bcc6b01b0ec2b78c8523a5
#8 extracting sha256:5d6f1e8117dbb1c6a57603cb4f321a861a08105a81bcc6b01b0ec2b78c8523a5 0.2s done
#8 DONE 24.3s

#8 [build 1/5] FROM docker.io/library/maven:3.6.3-openjdk-8@sha256:ac624d39dd0b7bed827d4b0d1bbaeb457012e0cba0fb6c53ce34b00bed16ec08
#8 extracting sha256:48c2faf66abec3dce9f54d6722ff592fce6dd4fb58a0d0b72282936c6598a3b3
#8 extracting sha256:48c2faf66abec3dce9f54d6722ff592fce6dd4fb58a0d0b72282936c6598a3b3 0.2s done
#8 DONE 24.5s

#8 [build 1/5] FROM docker.io/library/maven:3.6.3-openjdk-8@sha256:ac624d39dd0b7bed827d4b0d1bbaeb457012e0cba0fb6c53ce34b00bed16ec08
#8 extracting sha256:234b70d0479d7f16d7ee8d04e4ffdacc57d7d14313faf59d332f18b2e9418743
#8 extracting sha256:234b70d0479d7f16d7ee8d04e4ffdacc57d7d14313faf59d332f18b2e9418743 1.4s done
#8 DONE 25.9s

#8 [build 1/5] FROM docker.io/library/maven:3.6.3-openjdk-8@sha256:ac624d39dd0b7bed827d4b0d1bbaeb457012e0cba0fb6c53ce34b00bed16ec08
#8 extracting sha256:d7eb6c022a4e6128219b32a8e07c8c22c89624ff440ebac1506121794bc15ccc
#8 extracting sha256:d7eb6c022a4e6128219b32a8e07c8c22c89624ff440ebac1506121794bc15ccc 0.2s done
#8 DONE 26.0s

#8 [build 1/5] FROM docker.io/library/maven:3.6.3-openjdk-8@sha256:ac624d39dd0b7bed827d4b0d1bbaeb457012e0cba0fb6c53ce34b00bed16ec08
#8 extracting sha256:347c03cf94f84d440e848b0c43fd168174c4ad261aa891d559daa033a2a13869 0.0s done
#8 extracting sha256:914dd506c7501e988b3a395e2de51eac03bf5a4cbb7857663fd0ee0573f4dbc4
#8 extracting sha256:914dd506c7501e988b3a395e2de51eac03bf5a4cbb7857663fd0ee0573f4dbc4 1.4s done
#8 DONE 27.4s

#8 [build 1/5] FROM docker.io/library/maven:3.6.3-openjdk-8@sha256:ac624d39dd0b7bed827d4b0d1bbaeb457012e0cba0fb6c53ce34b00bed16ec08
#8 extracting sha256:d7d7fe135d55893af3f9d1c2cf72ed2df50c1e416f9c98d0feb35bdecc9c014f 0.1s done
#8 extracting sha256:71a3a5508994401f1787edf60c88fa6d67256f8a5f14f08a510ec4b8af5b2047 0.0s done
#8 extracting sha256:73dccb1622e9308969a27e0d61ed3823af62e4bb3f81e4d06d551f9d7707e921 0.0s done
#8 DONE 27.5s

#10 [build 2/5] WORKDIR /app
#10 DONE 0.5s

#11 [build 3/5] COPY pom.xml .
#11 DONE 0.0s

#12 [build 4/5] COPY src ./src
#12 DONE 0.0s

#13 [build 5/5] RUN mvn clean package -DskipTests
#13 1.230 [INFO] Scanning for projects...
#13 1.277 [INFO] 
#13 1.278 [INFO] ------------------------< com.example:vulnapp >-------------------------
#13 1.278 [INFO] Building vulnapp 1.0-SNAPSHOT
#13 1.279 [INFO] --------------------------------[ jar ]---------------------------------
#13 1.512 Downloading from central: https://repo.maven.apache.org/maven2/org/apache/maven/plugins/maven-clean-plugin/2.5/maven-clean-plugin-2.5.pom
#13 2.051 Progress (1): 3.9 kB
                    
Downloaded from central: https://repo.maven.apache.org/maven2/org/apache/maven/plugins/maven-clean-plugin/2.5/maven-clean-plugin-2.5.pom (3.9 kB at 6.5 kB/s)
#13 2.122 Downloading from central: https://repo.maven.apache.org/maven2/org/apache/maven/plugins/maven-plugins/22/maven-plugins-22.pom
#13 2.163 Progress (1): 4.1 kB
Progress (1): 8.2 kB
Progress (1): 12 kB 
Progress (1): 13 kB
                   
Downloaded from central: https://repo.maven.apache.org/maven2/org/apache/maven/plugins/maven-plugins/22/maven-plugins-22.pom (13 kB at 176 kB/s)
#13 2.202 Downloading from central: https://repo.maven.apache.org/maven2/org/apache/maven/maven-parent/21/maven-parent-21.pom
#13 2.237 Progress (1): 4.1 kB
Progress (1): 8.2 kB
Progress (1): 12 kB 
Progress (1): 16 kB
Progress (1): 20 kB
Progress (1): 25 kB
Progress (1): 26 kB
                   
Downloaded from central: https://repo.maven.apache.org/maven2/org/apache/maven/maven-parent/21/maven-parent-21.pom (26 kB at 334 kB/s)
#13 2.287 Downloading from central: https://repo.maven.apache.org/maven2/org/apache/apache/10/apache-10.pom
#13 2.327 Progress (1): 4.1 kB
Progress (1): 8.2 kB
Progress (1): 12 kB 
Progress (1): 15 kB
                   
Downloaded from central: https://repo.maven.apache.org/maven2/org/apache/apache/10/apache-10.pom (15 kB at 180 kB/s)
#13 2.376 Downloading from central: https://repo.maven.apache.org/maven2/org/apache/maven/plugins/maven-clean-plugin/2.5/maven-clean-plugin-2.5.jar
#13 2.428 Progress (1): 2.3/25 kB
Progress (1): 5.0/25 kB
Progress (1): 7.8/25 kB
Progress (1): 11/25 kB 
Progress (1): 13/25 kB
Progress (1): 16/25 kB
Progress (1): 19/25 kB
Progress (1): 22/25 kB
Progress (1): 25 kB   
                   
Downloaded from central: https://repo.maven.apache.org/maven2/org/apache/maven/plugins/maven-clean-plugin/2.5/maven-clean-plugin-2.5.jar (25 kB at 254 kB/s)
#13 2.480 Downloading from central: https://repo.maven.apache.org/maven2/org/apache/maven/plugins/maven-resources-plugin/2.6/maven-resources-plugin-2.6.pom
#13 2.519 Progress (1): 4.1 kB
Progress (1): 8.1 kB
                    
Downloaded from central: https://repo.maven.apache.org/maven2/org/apache/maven/plugins/maven-resources-plugin/2.6/maven-resources-plugin-2.6.pom (8.1 kB at 101 kB/s)
#13 2.563 Downloading from central: https://repo.maven.apache.org/maven2/org/apache/maven/plugins/maven-plugins/23/maven-plugins-23.pom
#13 2.608 Progress (1): 4.1 kB
Progress (1): 8.2 kB
Progress (1): 9.2 kB
                    
Downloaded from central: https://repo.maven.apache.org/maven2/org/apache/maven/plugins/maven-plugins/23/maven-plugins-23.pom (9.2 kB at 94 kB/s)
#13 2.664 Downloading from central: https://repo.maven.apache.org/maven2/org/apache/maven/maven-parent/22/maven-parent-22.pom
#13 2.699 Progress (1): 4.1 kB
Progress (1): 8.2 kB
Progress (1): 12 kB 
Progress (1): 16 kB
Progress (1): 20 kB
Progress (1): 25 kB
Progress (1): 29 kB
Progress (1): 30 kB
                   
Downloaded from central: https://repo.maven.apache.org/maven2/org/apache/maven/maven-parent/22/maven-parent-22.pom (30 kB at 402 kB/s)
#13 2.741 Downloading from central: https://repo.maven.apache.org/maven2/org/apache/apache/11/apache-11.pom
#13 2.787 Progress (1): 4.1 kB
Progress (1): 8.2 kB
Progress (1): 12 kB 
Progress (1): 15 kB
                   
Downloaded from central: https://repo.maven.apache.org/maven2/org/apache/apache/11/apache-11.pom (15 kB at 174 kB/s)
#13 2.832 Downloading from central: https://repo.maven.apache.org/maven2/org/apache/maven/plugins/maven-resources-plugin/2.6/maven-resources-plugin-2.6.jar
#13 2.896 Progress (1): 3.8/30 kB
Progress (1): 7.9/30 kB
Progress (1): 12/30 kB 
Progress (1): 16/30 kB
Progress (1): 20/30 kB
Progress (1): 24/30 kB
Progress (1): 28/30 kB
Progress (1): 30 kB   
                   
Downloaded from central: https://repo.maven.apache.org/maven2/org/apache/maven/plugins/maven-resources-plugin/2.6/maven-resources-plugin-2.6.jar (30 kB at 276 kB/s)
#13 2.944 Downloading from central: https://repo.maven.apache.org/maven2/org/apache/maven/plugins/maven-compiler-plugin/3.8.1/maven-compiler-plugin-3.8.1.pom
#13 2.996 Progress (1): 4.1 kB
Progress (1): 8.2 kB
Progress (1): 12 kB 
Progress (1): 12 kB
                   
Downloaded from central: https://repo.maven.apache.org/maven2/org/apache/maven/plugins/maven-compiler-plugin/3.8.1/maven-compiler-plugin-3.8.1.pom (12 kB at 140 kB/s)
#13 3.037 Downloading from central: https://repo.maven.apache.org/maven2/org/apache/maven/plugins/maven-plugins/33/maven-plugins-33.pom
#13 3.100 Progress (1): 4.1 kB
Progress (1): 8.2 kB
Progress (1): 11 kB 
                   
Downloaded from central: https://repo.maven.apache.org/maven2/org/apache/maven/plugins/maven-plugins/33/maven-plugins-33.pom (11 kB at 106 kB/s)
#13 3.141 Downloading from central: https://repo.maven.apache.org/maven2/org/apache/maven/maven-parent/33/maven-parent-33.pom
#13 3.188 Progress (1): 4.1 kB
Progress (1): 8.2 kB
Progress (1): 12 kB 
Progress (1): 16 kB
Progress (1): 20 kB
Progress (1): 25 kB
Progress (1): 29 kB
Progress (1): 33 kB
Progress (1): 37 kB
Progress (1): 41 kB
Progress (1): 44 kB
                   
Downloaded from central: https://repo.maven.apache.org/maven2/org/apache/maven/maven-parent/33/maven-parent-33.pom (44 kB at 513 kB/s)
#13 3.231 Downloading from central: https://repo.maven.apache.org/maven2/org/apache/apache/21/apache-21.pom
#13 3.263 Progress (1): 4.1 kB
Progress (1): 8.2 kB
Progress (1): 12 kB 
Progress (1): 16 kB
Progress (1): 17 kB
                   
Downloaded from central: https://repo.maven.apache.org/maven2/org/apache/apache/21/apache-21.pom (17 kB at 267 kB/s)
#13 3.300 Downloading from central: https://repo.maven.apache.org/maven2/org/apache/maven/plugins/maven-compiler-plugin/3.8.1/maven-compiler-plugin-3.8.1.jar
#13 3.346 Progress (1): 3.9/62 kB
Progress (1): 8.0/62 kB
Progress (1): 12/62 kB 
Progress (1): 16/62 kB
Progress (1): 20/62 kB
Progress (1): 24/62 kB
Progress (1): 28/62 kB
Progress (1): 33/62 kB
Progress (1): 37/62 kB
Progress (1): 41/62 kB
Progress (1): 45/62 kB
Progress (1): 49/62 kB
Progress (1): 53/62 kB
Progress (1): 57/62 kB
Progress (1): 61/62 kB
Progress (1): 62 kB   
                   
Downloaded from central: https://repo.maven.apache.org/maven2/org/apache/maven/plugins/maven-compiler-plugin/3.8.1/maven-compiler-plugin-3.8.1.jar (62 kB at 647 kB/s)
#13 3.405 Downloading from central: https://repo.maven.apache.org/maven2/org/apache/maven/plugins/maven-surefire-plugin/2.12.4/maven-surefire-plugin-2.12.4.pom
#13 3.439 Progress (1): 4.1 kB
Progress (1): 8.2 kB
Progress (1): 10 kB 
                   
Downloaded from central: https://repo.maven.apache.org/maven2/org/apache/maven/plugins/maven-surefire-plugin/2.12.4/maven-surefire-plugin-2.12.4.pom (10 kB at 152 kB/s)
#13 3.477 Downloading from central: https://repo.maven.apache.org/maven2/org/apache/maven/surefire/surefire/2.12.4/surefire-2.12.4.pom
#13 3.515 Progress (1): 4.1 kB
Progress (1): 8.2 kB
Progress (1): 12 kB 
Progress (1): 14 kB
                   
Downloaded from central: https://repo.maven.apache.org/maven2/org/apache/maven/surefire/surefire/2.12.4/surefire-2.12.4.pom (14 kB at 177 kB/s)
#13 3.564 Downloading from central: https://repo.maven.apache.org/maven2/org/apache/maven/plugins/maven-surefire-plugin/2.12.4/maven-surefire-plugin-2.12.4.jar
#13 3.604 Progress (1): 4.1/30 kB
Progress (1): 7.7/30 kB
Progress (1): 12/30 kB 
Progress (1): 16/30 kB
Progress (1): 20/30 kB
Progress (1): 24/30 kB
Progress (1): 28/30 kB
Progress (1): 30 kB   
                   
Downloaded from central: https://repo.maven.apache.org/maven2/org/apache/maven/plugins/maven-surefire-plugin/2.12.4/maven-surefire-plugin-2.12.4.jar (30 kB at 412 kB/s)
#13 3.642 Downloading from central: https://repo.maven.apache.org/maven2/org/apache/maven/plugins/maven-jar-plugin/2.4/maven-jar-plugin-2.4.pom
#13 3.682 Progress (1): 4.1 kB
Progress (1): 5.8 kB
                    
Downloaded from central: https://repo.maven.apache.org/maven2/org/apache/maven/plugins/maven-jar-plugin/2.4/maven-jar-plugin-2.4.pom (5.8 kB at 79 kB/s)
#13 3.720 Downloading from central: https://repo.maven.apache.org/maven2/org/apache/maven/plugins/maven-jar-plugin/2.4/maven-jar-plugin-2.4.jar
#13 3.755 Progress (1): 4.1/34 kB
Progress (1): 7.7/34 kB
Progress (1): 12/34 kB 
Progress (1): 16/34 kB
Progress (1): 20/34 kB
Progress (1): 24/34 kB
Progress (1): 28/34 kB
Progress (1): 32/34 kB
Progress (1): 34 kB   
                   
Downloaded from central: https://repo.maven.apache.org/maven2/org/apache/maven/plugins/maven-jar-plugin/2.4/maven-jar-plugin-2.4.jar (34 kB at 466 kB/s)
#13 3.797 Downloading from central: https://repo.maven.apache.org/maven2/org/apache/maven/plugins/maven-assembly-plugin/3.3.0/maven-assembly-plugin-3.3.0.pom
#13 3.838 Progress (1): 4.1 kB
Progress (1): 8.2 kB
Progress (1): 12 kB 
Progress (1): 16 kB
                   
Downloaded from central: https://repo.maven.apache.org/maven2/org/apache/maven/plugins/maven-assembly-plugin/3.3.0/maven-assembly-plugin-3.3.0.pom (16 kB at 210 kB/s)
#13 3.875 Downloading from central: https://repo.maven.apache.org/maven2/org/apache/maven/plugins/maven-plugins/34/maven-plugins-34.pom
#13 3.913 Progress (1): 4.1 kB
Progress (1): 8.2 kB
Progress (1): 11 kB 
                   
Downloaded from central: https://repo.maven.apache.org/maven2/org/apache/maven/plugins/maven-plugins/34/maven-plugins-34.pom (11 kB at 111 kB/s)
#13 3.973 Downloading from central: https://repo.maven.apache.org/maven2/org/apache/maven/maven-parent/34/maven-parent-34.pom
#13 4.007 Progress (1): 4.1 kB
Progress (1): 8.2 kB
Progress (1): 12 kB 
Progress (1): 16 kB
Progress (1): 20 kB
Progress (1): 25 kB
Progress (1): 29 kB
Progress (1): 33 kB
Progress (1): 37 kB
Progress (1): 41 kB
Progress (1): 43 kB
                   
Downloaded from central: https://repo.maven.apache.org/maven2/org/apache/maven/maven-parent/34/maven-parent-34.pom (43 kB at 621 kB/s)
#13 4.045 Downloading from central: https://repo.maven.apache.org/maven2/org/apache/apache/23/apache-23.pom
#13 4.075 Progress (1): 4.1 kB
Progress (1): 8.2 kB
Progress (1): 12 kB 
Progress (1): 16 kB
Progress (1): 18 kB
                   
Downloaded from central: https://repo.maven.apache.org/maven2/org/apache/apache/23/apache-23.pom (18 kB at 288 kB/s)
#13 4.114 Downloading from central: https://repo.maven.apache.org/maven2/org/apache/maven/plugins/maven-assembly-plugin/3.3.0/maven-assembly-plugin-3.3.0.jar
#13 4.149 Progress (1): 4.1/242 kB
Progress (1): 7.7/242 kB
Progress (1): 12/242 kB 
Progress (1): 16/242 kB
Progress (1): 20/242 kB
Progress (1): 24/242 kB
Progress (1): 28/242 kB
Progress (1): 32/242 kB
Progress (1): 36/242 kB
Progress (1): 40/242 kB
Progress (1): 45/242 kB
Progress (1): 49/242 kB
Progress (1): 53/242 kB
Progress (1): 57/242 kB
Progress (1): 61/242 kB
Progress (1): 65/242 kB
Progress (1): 69/242 kB
Progress (1): 73/242 kB
Progress (1): 77/242 kB
Progress (1): 81/242 kB
Progress (1): 86/242 kB
Progress (1): 90/242 kB
Progress (1): 94/242 kB
Progress (1): 98/242 kB
Progress (1): 102/242 kB
Progress (1): 106/242 kB
Progress (1): 110/242 kB
Progress (1): 114/242 kB
Progress (1): 118/242 kB
Progress (1): 122/242 kB
Progress (1): 127/242 kB
Progress (1): 131/242 kB
Progress (1): 135/242 kB
Progress (1): 139/242 kB
Progress (1): 143/242 kB
Progress (1): 147/242 kB
Progress (1): 151/242 kB
Progress (1): 155/242 kB
Progress (1): 159/242 kB
Progress (1): 163/242 kB
Progress (1): 167/242 kB
Progress (1): 172/242 kB
Progress (1): 176/242 kB
Progress (1): 180/242 kB
Progress (1): 184/242 kB
Progress (1): 188/242 kB
Progress (1): 192/242 kB
Progress (1): 196/242 kB
Progress (1): 200/242 kB
Progress (1): 204/242 kB
Progress (1): 208/242 kB
Progress (1): 213/242 kB
Progress (1): 217/242 kB
Progress (1): 221/242 kB
Progress (1): 225/242 kB
Progress (1): 229/242 kB
Progress (1): 233/242 kB
Progress (1): 237/242 kB
Progress (1): 241/242 kB
Progress (1): 242 kB    
                    
Downloaded from central: https://repo.maven.apache.org/maven2/org/apache/maven/plugins/maven-assembly-plugin/3.3.0/maven-assembly-plugin-3.3.0.jar (242 kB at 2.2 MB/s)
#13 4.232 Downloading from central: https://repo.maven.apache.org/maven2/com/fasterxml/jackson/core/jackson-databind/2.6.7.0/jackson-databind-2.6.7.0.pom
#13 4.269 [WARNING] The POM for com.fasterxml.jackson.core:jackson-databind:jar:2.6.7.0 is missing, no dependency information available
#13 4.271 Downloading from central: https://repo.maven.apache.org/maven2/com/fasterxml/jackson/core/jackson-core/2.6.7.0/jackson-core-2.6.7.0.pom
#13 4.559 [WARNING] The POM for com.fasterxml.jackson.core:jackson-core:jar:2.6.7.0 is missing, no dependency information available
#13 4.560 Downloading from central: https://repo.maven.apache.org/maven2/com/fasterxml/jackson/core/jackson-annotations/2.6.7.0/jackson-annotations-2.6.7.0.pom
#13 5.191 [WARNING] The POM for com.fasterxml.jackson.core:jackson-annotations:jar:2.6.7.0 is missing, no dependency information available
#13 5.200 Downloading from central: https://repo.maven.apache.org/maven2/com/fasterxml/jackson/core/jackson-databind/2.6.7.0/jackson-databind-2.6.7.0.jar
#13 5.200 Downloading from central: https://repo.maven.apache.org/maven2/com/fasterxml/jackson/core/jackson-core/2.6.7.0/jackson-core-2.6.7.0.jar
#13 5.201 Downloading from central: https://repo.maven.apache.org/maven2/com/fasterxml/jackson/core/jackson-annotations/2.6.7.0/jackson-annotations-2.6.7.0.jar
#13 5.563 [INFO] ------------------------------------------------------------------------
#13 5.563 [INFO] BUILD FAILURE
#13 5.563 [INFO] ------------------------------------------------------------------------
#13 5.565 [INFO] Total time:  4.351 s
#13 5.565 [INFO] Finished at: 2025-10-30T09:57:42Z
#13 5.565 [INFO] ------------------------------------------------------------------------
#13 5.566 [ERROR] Failed to execute goal on project vulnapp: Could not resolve dependencies for project com.example:vulnapp:jar:1.0-SNAPSHOT: The following artifacts could not be resolved: com.fasterxml.jackson.core:jackson-databind:jar:2.6.7.0, com.fasterxml.jackson.core:jackson-core:jar:2.6.7.0, com.fasterxml.jackson.core:jackson-annotations:jar:2.6.7.0: Could not find artifact com.fasterxml.jackson.core:jackson-databind:jar:2.6.7.0 in central (https://repo.maven.apache.org/maven2) -> [Help 1]
#13 5.567 [ERROR] 
#13 5.567 [ERROR] To see the full stack trace of the errors, re-run Maven with the -e switch.
#13 5.567 [ERROR] Re-run Maven using the -X switch to enable full debug logging.
#13 5.567 [ERROR] 
#13 5.567 [ERROR] For more information about the errors and possible solutions, please read the following articles:
#13 5.567 [ERROR] [Help 1] http://cwiki.apache.org/confluence/display/MAVEN/DependencyResolutionException
#13 ERROR: process "/bin/sh -c mvn clean package -DskipTests" did not complete successfully: exit code: 1
------
 > [build 5/5] RUN mvn clean package -DskipTests:
5.565 [INFO] Total time:  4.351 s
5.565 [INFO] Finished at: 2025-10-30T09:57:42Z
5.565 [INFO] ------------------------------------------------------------------------
5.566 [ERROR] Failed to execute goal on project vulnapp: Could not resolve dependencies for project com.example:vulnapp:jar:1.0-SNAPSHOT: The following artifacts could not be resolved: com.fasterxml.jackson.core:jackson-databind:jar:2.6.7.0, com.fasterxml.jackson.core:jackson-core:jar:2.6.7.0, com.fasterxml.jackson.core:jackson-annotations:jar:2.6.7.0: Could not find artifact com.fasterxml.jackson.core:jackson-databind:jar:2.6.7.0 in central (https://repo.maven.apache.org/maven2) -> [Help 1]
5.567 [ERROR] 
5.567 [ERROR] To see the full stack trace of the errors, re-run Maven with the -e switch.
5.567 [ERROR] Re-run Maven using the -X switch to enable full debug logging.
5.567 [ERROR] 
5.567 [ERROR] For more information about the errors and possible solutions, please read the following articles:
5.567 [ERROR] [Help 1] http://cwiki.apache.org/confluence/display/MAVEN/DependencyResolutionException
------
Dockerfile:9

--------------------

   7 |     COPY src ./src

   8 |     # Resolve dependencies and package the application

   9 | >>> RUN mvn clean package -DskipTests

  10 |     

  11 |     # Stage 2: Runtime image with only OpenJDK 8

--------------------

failed to solve: process "/bin/sh -c mvn clean package -DskipTests" did not complete successfully: exit code: 1

