time="2025-11-10T20:25:02+01:00" level=warning msg="/home/gabriele/thesis-project/Agents-for-Vulnerable-Dockers-and-related-Benchmarks/dockers/CVE-2020-11978/custom_no_tool/docker-compose.yml: the attribute `version` is obsolete, it will be ignored, please remove it to avoid potential confusion"
 Network airflow_network  Creating
 Network airflow_network  Created
 Container custom_no_tool-postgres-1  Creating
 Container custom_no_tool-redis-1  Creating
 Container custom_no_tool-redis-1  Created
 Container custom_no_tool-postgres-1  Created
 Container custom_no_tool-initdb-1  Creating
 Container custom_no_tool-initdb-1  Created
 Container custom_no_tool-airflow-1  Creating
 Container custom_no_tool-airflow-1  Created
 Container custom_no_tool-redis-1  Starting
 Container custom_no_tool-postgres-1  Starting
 Container custom_no_tool-postgres-1  Started
 Container custom_no_tool-redis-1  Started
 Container custom_no_tool-initdb-1  Starting
 Container custom_no_tool-initdb-1  Started
 Container custom_no_tool-airflow-1  Starting
 Container custom_no_tool-airflow-1  Started


sudo docker logs 5003e63546d9f7da77af9cba632287c2e6d5c0774116c14519d2f0bc03d21514 --details
STDOUT:  [2025-11-10 19:25:06,584] {cli_action_loggers.py:107} WARNING - Failed to log action with (sqlite3.OperationalError) no such table: log
 [SQL: INSERT INTO log (dttm, dag_id, task_id, event, execution_date, owner, extra) VALUES (?, ?, ?, ?, ?, ?, ?)]
 [parameters: ('2025-11-10 19:25:06.582203', None, None, 'cli_webserver', None, 'airflow', '{"host_name": "5003e63546d9", "full_command": "[\'/home/airflow/.local/bin/airflow\', \'webserver\']"}')]
 (Background on this error at: http://sqlalche.me/e/e3q8)
   ____________       _____________
  ____    |__( )_________  __/__  /________      __
 ____  /| |_  /__  ___/_  /_ __  /_  __ \_ | /| / /
 ___  ___ |  / _  /   _  __/ _  / / /_/ /_ |/ |/ /
  _/_/  |_/_/  /_/    /_/    /_/  \____/____/|__/
 [2025-11-10 19:25:06,715] {__init__.py:51} INFO - Using executor SequentialExecutor
 [2025-11-10 19:25:06,716] {dagbag.py:396} INFO - Filling up the DagBag from /opt/airflow/dags

STDERR:  Traceback (most recent call last):
   File "/home/airflow/.local/lib/python3.6/site-packages/sqlalchemy/engine/base.py", line 1248, in _execute_context
     cursor, statement, parameters, context
   File "/home/airflow/.local/lib/python3.6/site-packages/sqlalchemy/engine/default.py", line 588, in do_execute
     cursor.execute(statement, parameters)
 sqlite3.OperationalError: no such table: connection
 
 The above exception was the direct cause of the following exception:
 
 Traceback (most recent call last):
   File "/home/airflow/.local/bin/airflow", line 37, in <module>
     args.func(args)
   File "/home/airflow/.local/lib/python3.6/site-packages/airflow/utils/cli.py", line 75, in wrapper
     return f(*args, **kwargs)
   File "/home/airflow/.local/lib/python3.6/site-packages/airflow/bin/cli.py", line 900, in webserver
     app = cached_app_rbac(None) if settings.RBAC else cached_app(None)
   File "/home/airflow/.local/lib/python3.6/site-packages/airflow/www/app.py", line 232, in cached_app
     app = create_app(config, testing)
   File "/home/airflow/.local/lib/python3.6/site-packages/airflow/www/app.py", line 87, in create_app
     from airflow.www import views
   File "/home/airflow/.local/lib/python3.6/site-packages/airflow/www/views.py", line 2477, in <module>
     class ChartModelView(wwwutils.DataProfilingMixin, AirflowModelView):
   File "/home/airflow/.local/lib/python3.6/site-packages/airflow/www/views.py", line 2568, in ChartModelView
     'conn_id': _connection_ids()
   File "/home/airflow/.local/lib/python3.6/site-packages/airflow/utils/db.py", line 74, in wrapper
     return func(*args, **kwargs)
   File "/home/airflow/.local/lib/python3.6/site-packages/airflow/www/views.py", line 2474, in _connection_ids
     .group_by(Connection.conn_id))]
   File "/home/airflow/.local/lib/python3.6/site-packages/sqlalchemy/orm/query.py", line 3403, in __iter__
     return self._execute_and_instances(context)
   File "/home/airflow/.local/lib/python3.6/site-packages/sqlalchemy/orm/query.py", line 3428, in _execute_and_instances
     result = conn.execute(querycontext.statement, self._params)
   File "/home/airflow/.local/lib/python3.6/site-packages/sqlalchemy/engine/base.py", line 984, in execute
     return meth(self, multiparams, params)
   File "/home/airflow/.local/lib/python3.6/site-packages/sqlalchemy/sql/elements.py", line 293, in _execute_on_connection
     return connection._execute_clauseelement(self, multiparams, params)
   File "/home/airflow/.local/lib/python3.6/site-packages/sqlalchemy/engine/base.py", line 1103, in _execute_clauseelement
     distilled_params,
   File "/home/airflow/.local/lib/python3.6/site-packages/sqlalchemy/engine/base.py", line 1288, in _execute_context
     e, statement, parameters, cursor, context
   File "/home/airflow/.local/lib/python3.6/site-packages/sqlalchemy/engine/base.py", line 1482, in _handle_dbapi_exception
     sqlalchemy_exception, with_traceback=exc_info[2], from_=e
   File "/home/airflow/.local/lib/python3.6/site-packages/sqlalchemy/util/compat.py", line 178, in raise_
     raise exception
   File "/home/airflow/.local/lib/python3.6/site-packages/sqlalchemy/engine/base.py", line 1248, in _execute_context
     cursor, statement, parameters, context
   File "/home/airflow/.local/lib/python3.6/site-packages/sqlalchemy/engine/default.py", line 588, in do_execute
     cursor.execute(statement, parameters)
 sqlalchemy.exc.OperationalError: (sqlite3.OperationalError) no such table: connection
 [SQL: SELECT connection.conn_id AS connection_conn_id 
 FROM connection GROUP BY connection.conn_id]
 (Background on this error at: http://sqlalche.me/e/e3q8)




sudo docker inspect 5003e63546d9f7da77af9cba632287c2e6d5c0774116c14519d2f0bc03d21514[
    {
        "Id": "5003e63546d9f7da77af9cba632287c2e6d5c0774116c14519d2f0bc03d21514",
        "Created": "2025-11-10T19:25:02.960497039Z",
        "Path": "/usr/bin/dumb-init",
        "Args": [
            "--",
            "/entrypoint",
            "webserver"
        ],
        "State": {
            "Status": "exited",
            "Running": false,
            "Paused": false,
            "Restarting": false,
            "OOMKilled": false,
            "Dead": false,
            "Pid": 0,
            "ExitCode": 1,
            "Error": "",
            "StartedAt": "2025-11-10T19:25:03.637633022Z",
            "FinishedAt": "2025-11-10T19:25:06.971764034Z"
        },
        "Image": "sha256:b67062e5c67906391f7023b1c0ec7b51f8d4d4be1230e96c1e375d98e696f02a",
        "ResolvConfPath": "/var/lib/docker/containers/5003e63546d9f7da77af9cba632287c2e6d5c0774116c14519d2f0bc03d21514/resolv.conf",
        "HostnamePath": "/var/lib/docker/containers/5003e63546d9f7da77af9cba632287c2e6d5c0774116c14519d2f0bc03d21514/hostname",
        "HostsPath": "/var/lib/docker/containers/5003e63546d9f7da77af9cba632287c2e6d5c0774116c14519d2f0bc03d21514/hosts",
        "LogPath": "/var/lib/docker/containers/5003e63546d9f7da77af9cba632287c2e6d5c0774116c14519d2f0bc03d21514/5003e63546d9f7da77af9cba632287c2e6d5c0774116c14519d2f0bc03d21514-json.log",
        "Name": "/custom_no_tool-airflow-1",
        "RestartCount": 0,
        "Driver": "overlayfs",
        "Platform": "linux",
        "MountLabel": "",
        "ProcessLabel": "",
        "AppArmorProfile": "",
        "ExecIDs": null,
        "HostConfig": {
            "Binds": [
                "/home/gabriele/thesis-project/Agents-for-Vulnerable-Dockers-and-related-Benchmarks/dockers/CVE-2020-11978/custom_no_tool/dags:/usr/local/airflow/dags:rw"
            ],
            "ContainerIDFile": "",
            "LogConfig": {
                "Type": "json-file",
                "Config": {}
            },
            "NetworkMode": "airflow_network",
            "PortBindings": {
                "8080/tcp": [
                    {
                        "HostIp": "",
                        "HostPort": "8080"
                    }
                ]
            },
            "RestartPolicy": {
                "Name": "no",
                "MaximumRetryCount": 0
            },
            "AutoRemove": false,
            "VolumeDriver": "",
            "VolumesFrom": null,
            "ConsoleSize": [
                0,
                0
            ],
            "CapAdd": null,
            "CapDrop": null,
            "CgroupnsMode": "private",
            "Dns": null,
            "DnsOptions": null,
            "DnsSearch": null,
            "ExtraHosts": [],
            "GroupAdd": null,
            "IpcMode": "private",
            "Cgroup": "",
            "Links": null,
            "OomScoreAdj": 0,
            "PidMode": "",
            "Privileged": false,
            "PublishAllPorts": false,
            "ReadonlyRootfs": false,
            "SecurityOpt": null,
            "UTSMode": "",
            "UsernsMode": "",
            "ShmSize": 67108864,
            "Runtime": "runc",
            "Isolation": "",
            "CpuShares": 0,
            "Memory": 0,
            "NanoCpus": 0,
            "CgroupParent": "",
            "BlkioWeight": 0,
            "BlkioWeightDevice": null,
            "BlkioDeviceReadBps": null,
            "BlkioDeviceWriteBps": null,
            "BlkioDeviceReadIOps": null,
            "BlkioDeviceWriteIOps": null,
            "CpuPeriod": 0,
            "CpuQuota": 0,
            "CpuRealtimePeriod": 0,
            "CpuRealtimeRuntime": 0,
            "CpusetCpus": "",
            "CpusetMems": "",
            "Devices": null,
            "DeviceCgroupRules": null,
            "DeviceRequests": null,
            "MemoryReservation": 0,
            "MemorySwap": 0,
            "MemorySwappiness": null,
            "OomKillDisable": null,
            "PidsLimit": null,
            "Ulimits": null,
            "CpuCount": 0,
            "CpuPercent": 0,
            "IOMaximumIOps": 0,
            "IOMaximumBandwidth": 0,
            "MaskedPaths": [
                "/proc/asound",
                "/proc/acpi",
                "/proc/interrupts",
                "/proc/kcore",
                "/proc/keys",
                "/proc/latency_stats",
                "/proc/timer_list",
                "/proc/timer_stats",
                "/proc/sched_debug",
                "/proc/scsi",
                "/sys/firmware",
                "/sys/devices/virtual/powercap"
            ],
            "ReadonlyPaths": [
                "/proc/bus",
                "/proc/fs",
                "/proc/irq",
                "/proc/sys",
                "/proc/sysrq-trigger"
            ]
        },
        "GraphDriver": {
            "Data": null,
            "Name": "overlayfs"
        },
        "Mounts": [
            {
                "Type": "bind",
                "Source": "/home/gabriele/thesis-project/Agents-for-Vulnerable-Dockers-and-related-Benchmarks/dockers/CVE-2020-11978/custom_no_tool/dags",
                "Destination": "/usr/local/airflow/dags",
                "Mode": "rw",
                "RW": true,
                "Propagation": "rprivate"
            }
        ],
        "Config": {
            "Hostname": "5003e63546d9",
            "Domainname": "",
            "User": "airflow",
            "AttachStdin": false,
            "AttachStdout": true,
            "AttachStderr": true,
            "ExposedPorts": {
                "8080/tcp": {}
            },
            "Tty": false,
            "OpenStdin": false,
            "StdinOnce": false,
            "Env": [
                "AIRFLOW__API__AUTH_BACKEND=airflow.api.auth.backend.deny_all",
                "AIRFLOW__CORE__LOAD_EXAMPLES=False",
                "PATH=/home/airflow/.local/bin:/usr/local/bin:/usr/local/sbin:/usr/local/bin:/usr/sbin:/usr/bin:/sbin:/bin",
                "LANG=C.UTF-8",
                "GPG_KEY=0D96DF4D4110E5C43FBFB17F2D347EA6AA65421D",
                "PYTHON_VERSION=3.6.10",
                "PYTHON_PIP_VERSION=20.0.2",
                "PYTHON_GET_PIP_URL=https://github.com/pypa/get-pip/raw/d59197a3c169cef378a22428a3fa99d33e080a5d/get-pip.py",
                "PYTHON_GET_PIP_SHA256=421ac1d44c0cf9730a088e337867d974b91bdce4ea2636099275071878cc189e",
                "PYTHON_BASE_IMAGE=python:3.6-slim-buster",
                "AIRFLOW_VERSION=1.10.10",
                "DEBIAN_FRONTEND=noninteractive",
                "LANGUAGE=C.UTF-8",
                "LC_ALL=C.UTF-8",
                "LC_CTYPE=C.UTF-8",
                "LC_MESSAGES=C.UTF-8",
                "PIP_VERSION=19.0.2",
                "AIRFLOW_UID=50000",
                "AIRFLOW_GID=50000",
                "AIRFLOW_HOME=/opt/airflow"
            ],
            "Cmd": [
                "webserver"
            ],
            "Image": "apache/airflow:1.10.10",
            "Volumes": null,
            "WorkingDir": "/opt/airflow",
            "Entrypoint": [
                "/usr/bin/dumb-init",
                "--",
                "/entrypoint"
            ],
            "OnBuild": null,
            "Labels": {
                "com.docker.compose.config-hash": "3f14cedccb040892037354bd4f5f4f5017ba72b6865c5949f84aa4c6baa80fe9",
                "com.docker.compose.container-number": "1",
                "com.docker.compose.depends_on": "initdb:service_started:false",
                "com.docker.compose.image": "sha256:b67062e5c67906391f7023b1c0ec7b51f8d4d4be1230e96c1e375d98e696f02a",
                "com.docker.compose.oneoff": "False",
                "com.docker.compose.project": "custom_no_tool",
                "com.docker.compose.project.config_files": "/home/gabriele/thesis-project/Agents-for-Vulnerable-Dockers-and-related-Benchmarks/dockers/CVE-2020-11978/custom_no_tool/docker-compose.yml",
                "com.docker.compose.project.working_dir": "/home/gabriele/thesis-project/Agents-for-Vulnerable-Dockers-and-related-Benchmarks/dockers/CVE-2020-11978/custom_no_tool",
                "com.docker.compose.service": "airflow",
                "com.docker.compose.version": "2.40.3",
                "desktop.docker.io/wsl-distro": "Ubuntu",
                "org.apache.airflow.component": "airflow",
                "org.apache.airflow.distro": "debian",
                "org.apache.airflow.distro.version": "buster",
                "org.apache.airflow.gid": "50000",
                "org.apache.airflow.image": "airflow",
                "org.apache.airflow.module": "airflow",
                "org.apache.airflow.uid": "50000"
            },
            "StopTimeout": 1
        },
        "NetworkSettings": {
            "Bridge": "",
            "SandboxID": "",
            "SandboxKey": "",
            "Ports": {},
            "HairpinMode": false,
            "LinkLocalIPv6Address": "",
            "LinkLocalIPv6PrefixLen": 0,
            "SecondaryIPAddresses": null,
            "SecondaryIPv6Addresses": null,
            "EndpointID": "",
            "Gateway": "",
            "GlobalIPv6Address": "",
            "GlobalIPv6PrefixLen": 0,
            "IPAddress": "",
            "IPPrefixLen": 0,
            "IPv6Gateway": "",
            "MacAddress": "",
            "Networks": {
                "airflow_network": {
                    "IPAMConfig": null,
                    "Links": null,
                    "Aliases": [
                        "custom_no_tool-airflow-1",
                        "airflow"
                    ],
                    "MacAddress": "",
                    "DriverOpts": null,
                    "GwPriority": 0,
                    "NetworkID": "e3f4faa44a01dcc119c9d66016043118019c83de0493af3b6f83037a2dcce203",
                    "EndpointID": "",
                    "Gateway": "",
                    "IPAddress": "",
                    "IPPrefixLen": 0,
                    "IPv6Gateway": "",
                    "GlobalIPv6Address": "",
                    "GlobalIPv6PrefixLen": 0,
                    "DNSNames": [
                        "custom_no_tool-airflow-1",
                        "airflow",
                        "5003e63546d9"
                    ]
                }
            }
        },
        "ImageManifestDescriptor": {
            "mediaType": "application/vnd.docker.distribution.manifest.v2+json",
            "digest": "sha256:b67062e5c67906391f7023b1c0ec7b51f8d4d4be1230e96c1e375d98e696f02a",
            "size": 2842,
            "platform": {
                "architecture": "amd64",
                "os": "linux"
            }
        }
    }
]