time="2025-11-03T09:39:32+01:00" level=warning msg="/home/gabriele/thesis-project/Agents-for-Vulnerable-Dockers-and-related-Benchmarks/dockers/CVE-2025-4123/custom_no_tool/docker-compose.yml: the attribute `version` is obsolete, it will be ignored, please remove it to avoid potential confusion"
#1 [internal] load local bake definitions
#1 reading from stdin 701B done
#1 DONE 0.0s

#2 [internal] load build definition from Dockerfile
#2 transferring dockerfile: 220B done
#2 DONE 0.0s

#3 [internal] load metadata for docker.io/library/node:14
#3 DONE 0.4s

#4 [internal] load .dockerignore
#4 transferring context: 2B done
#4 DONE 0.0s

#5 [1/7] FROM docker.io/library/node:14@sha256:a158d3b9b4e3fa813fa6c8c590b8f0a860e015ad4e59bbce5744d2f6fd8461aa
#5 resolve docker.io/library/node:14@sha256:a158d3b9b4e3fa813fa6c8c590b8f0a860e015ad4e59bbce5744d2f6fd8461aa 0.0s done
#5 DONE 0.0s

#6 [2/7] WORKDIR /app
#6 CACHED

#7 [internal] load build context
#7 transferring context: 1.66kB done
#7 DONE 0.0s

#8 [3/7] COPY package.json .
#8 DONE 0.0s

#9 [4/7] RUN npm ci --only=production
#9 0.735 npm ERR! cipm can only install packages with an existing package-lock.json or npm-shrinkwrap.json with lockfileVersion >= 1. Run an install with npm@5 or later to generate it, then try again.
#9 0.741 
#9 0.741 npm ERR! A complete log of this run can be found in:
#9 0.741 npm ERR!     /root/.npm/_logs/2025-11-03T08_39_34_381Z-debug.log
#9 ERROR: process "/bin/sh -c npm ci --only=production" did not complete successfully: exit code: 1
------
 > [4/7] RUN npm ci --only=production:
0.735 npm ERR! cipm can only install packages with an existing package-lock.json or npm-shrinkwrap.json with lockfileVersion >= 1. Run an install with npm@5 or later to generate it, then try again.
0.741 
0.741 npm ERR! A complete log of this run can be found in:
0.741 npm ERR!     /root/.npm/_logs/2025-11-03T08_39_34_381Z-debug.log
------
Dockerfile:4

--------------------

   2 |     WORKDIR /app

   3 |     COPY package.json .

   4 | >>> RUN npm ci --only=production

   5 |     COPY app.js .

   6 |     COPY entrypoint.sh .

--------------------

failed to solve: process "/bin/sh -c npm ci --only=production" did not complete successfully: exit code: 1

