time="2025-10-29T15:03:55+01:00" level=warning msg="/home/gabriele/thesis-project/Agents-for-Vulnerable-Dockers-and-related-Benchmarks/dockers/CVE-2020-17526/custom_no_tool/docker-compose.yml: the attribute `version` is obsolete, it will be ignored, please remove it to avoid potential confusion"
#1 [internal] load local bake definitions
#1 reading from stdin 723B done
#1 DONE 0.0s

#2 [internal] load build definition from Dockerfile
#2 transferring dockerfile: 149B done
#2 DONE 0.0s

#3 [internal] load metadata for docker.io/library/python:3.10-slim
#3 DONE 1.1s

#4 [internal] load .dockerignore
#4 transferring context: 2B done
#4 DONE 0.0s

#5 [1/4] FROM docker.io/library/python:3.10-slim@sha256:e0c4fae70d550834a40f6c3e0326e02cfe239c2351d922e1fb1577a3c6ebde02
#5 resolve docker.io/library/python:3.10-slim@sha256:e0c4fae70d550834a40f6c3e0326e02cfe239c2351d922e1fb1577a3c6ebde02 0.0s done
#5 DONE 0.0s

#6 [2/4] WORKDIR /app
#6 CACHED

#7 [internal] load build context
#7 transferring context: 700B done
#7 DONE 0.0s

#8 [3/4] COPY exploit.py .
#8 DONE 0.1s

#9 [4/4] RUN pip install docker
#9 3.652 Collecting docker
#9 3.716   Downloading docker-7.1.0-py3-none-any.whl (147 kB)
#9 3.755      ━━━━━━━━━━━━━━━━━━━━━━━━━━━━━━━━━━━━━━━ 147.8/147.8 kB 4.3 MB/s eta 0:00:00
#9 3.846 Collecting requests>=2.26.0
#9 3.861   Downloading requests-2.32.5-py3-none-any.whl (64 kB)
#9 3.877      ━━━━━━━━━━━━━━━━━━━━━━━━━━━━━━━━━━━━━━━━ 64.7/64.7 kB 3.9 MB/s eta 0:00:00
#9 3.956 Collecting urllib3>=1.26.0
#9 3.978   Downloading urllib3-2.5.0-py3-none-any.whl (129 kB)
#9 4.001      ━━━━━━━━━━━━━━━━━━━━━━━━━━━━━━━━━━━━━━━ 129.8/129.8 kB 5.8 MB/s eta 0:00:00
#9 4.266 Collecting charset_normalizer<4,>=2
#9 4.281   Downloading charset_normalizer-3.4.4-cp310-cp310-manylinux2014_x86_64.manylinux_2_17_x86_64.manylinux_2_28_x86_64.whl (153 kB)
#9 4.326      ━━━━━━━━━━━━━━━━━━━━━━━━━━━━━━━━━━━━━━━ 153.6/153.6 kB 5.0 MB/s eta 0:00:00
#9 4.366 Collecting idna<4,>=2.5
#9 4.382   Downloading idna-3.11-py3-none-any.whl (71 kB)
#9 4.400      ━━━━━━━━━━━━━━━━━━━━━━━━━━━━━━━━━━━━━━━━ 71.0/71.0 kB 4.2 MB/s eta 0:00:00
#9 4.460 Collecting certifi>=2017.4.17
#9 4.477   Downloading certifi-2025.10.5-py3-none-any.whl (163 kB)
#9 4.502      ━━━━━━━━━━━━━━━━━━━━━━━━━━━━━━━━━━━━━━━ 163.3/163.3 kB 7.0 MB/s eta 0:00:00
#9 4.580 Installing collected packages: urllib3, idna, charset_normalizer, certifi, requests, docker
#9 4.926 Successfully installed certifi-2025.10.5 charset_normalizer-3.4.4 docker-7.1.0 idna-3.11 requests-2.32.5 urllib3-2.5.0
#9 4.926 WARNING: Running pip as the 'root' user can result in broken permissions and conflicting behaviour with the system package manager. It is recommended to use a virtual environment instead: https://pip.pypa.io/warnings/venv
#9 5.086 
#9 5.086 [notice] A new release of pip is available: 23.0.1 -> 25.3
#9 5.086 [notice] To update, run: pip install --upgrade pip
#9 DONE 5.3s

#10 exporting to image
#10 exporting layers
#10 exporting layers 1.0s done
#10 exporting manifest sha256:255b9ad335ed99fb1e2e790ce89e3463ead205b12c8927b36c8b25df8d631e87 0.0s done
#10 exporting config sha256:ea126b24a3549c42b5cb735feb02ef19f2ac606035d10d50e7c9208150ff1ea3 0.0s done
#10 exporting attestation manifest sha256:a8c59b43df7e5a387b0525761c2afc9cbedc48a474d46e6447d6f98525ab3601 0.0s done
#10 exporting manifest list sha256:292ee9cce76cda4712ed97802fd85e57f9cd9c0b7aaeddc0163c69f0adaa195b 0.0s done
#10 naming to docker.io/library/custom_no_tool-vulnerable:latest done
#10 unpacking to docker.io/library/custom_no_tool-vulnerable:latest
#10 unpacking to docker.io/library/custom_no_tool-vulnerable:latest 0.4s done
#10 DONE 1.5s

#11 resolving provenance for metadata file
#11 DONE 0.0s
 custom_no_tool-vulnerable  Built
 Network custom_no_tool_default  Creating
 Network custom_no_tool_default  Created
 Container custom_no_tool-vulnerable-1  Creating
 Container custom_no_tool-vulnerable-1  Created
 Container custom_no_tool-vulnerable-1  Starting
 Container custom_no_tool-vulnerable-1  Started


sudo docker logs 0b49b6fc442bcba788c4e181bb06469b40bce8414c793e1045f1145d2ec69d26 --details
STDOUT:  Attempting to exploit Docker socket...

STDERR:  Traceback (most recent call last):
   File "/usr/local/lib/python3.10/site-packages/docker/api/client.py", line 275, in _raise_for_status
     response.raise_for_status()
   File "/usr/local/lib/python3.10/site-packages/requests/models.py", line 1026, in raise_for_status
     raise HTTPError(http_error_msg, response=self)
 requests.exceptions.HTTPError: 409 Client Error: Conflict for url: http+docker://localhost/v1.51/containers/0241d4f80a0f327d5031f46f48442ca47884b7fc9ac5c82f8c35f4e46335f21c/logs?stderr=1&stdout=1&timestamps=0&follow=1&tail=all
 
 The above exception was the direct cause of the following exception:
 
 Traceback (most recent call last):
   File "/app/exploit.py", line 21, in <module>
     create_test_container()
   File "/app/exploit.py", line 16, in create_test_container
     for line in container.logs(stream=True):
   File "/usr/local/lib/python3.10/site-packages/docker/models/containers.py", line 322, in logs
     return self.client.api.logs(self.id, **kwargs)
   File "/usr/local/lib/python3.10/site-packages/docker/utils/decorators.py", line 19, in wrapped
     return f(self, resource_id, *args, **kwargs)
   File "/usr/local/lib/python3.10/site-packages/docker/api/container.py", line 896, in logs
     output = self._get_result(container, stream, res)
   File "/usr/local/lib/python3.10/site-packages/docker/api/client.py", line 483, in _get_result
     return self._get_result_tty(stream, res, self._check_is_tty(container))
   File "/usr/local/lib/python3.10/site-packages/docker/api/client.py", line 492, in _get_result_tty
     self._raise_for_status(res)
   File "/usr/local/lib/python3.10/site-packages/docker/api/client.py", line 277, in _raise_for_status
     raise create_api_error_from_http_exception(e) from e
   File "/usr/local/lib/python3.10/site-packages/docker/errors.py", line 39, in create_api_error_from_http_exception
     raise cls(e, response=response, explanation=explanation) from e
 docker.errors.APIError: 409 Client Error for http+docker://localhost/v1.51/containers/0241d4f80a0f327d5031f46f48442ca47884b7fc9ac5c82f8c35f4e46335f21c/logs?stderr=1&stdout=1&timestamps=0&follow=1&tail=all: Conflict ("can not get logs from container which is dead or marked for removal")




sudo docker inspect 0b49b6fc442bcba788c4e181bb06469b40bce8414c793e1045f1145d2ec69d26[
    {
        "Id": "0b49b6fc442bcba788c4e181bb06469b40bce8414c793e1045f1145d2ec69d26",
        "Created": "2025-10-29T14:04:04.832787168Z",
        "Path": "python",
        "Args": [
            "exploit.py",
            "python",
            "exploit.py"
        ],
        "State": {
            "Status": "exited",
            "Running": false,
            "Paused": false,
            "Restarting": false,
            "OOMKilled": false,
            "Dead": false,
            "Pid": 0,
            "ExitCode": 1,
            "Error": "",
            "StartedAt": "2025-10-29T14:04:05.033394965Z",
            "FinishedAt": "2025-10-29T14:04:08.283698311Z"
        },
        "Image": "sha256:292ee9cce76cda4712ed97802fd85e57f9cd9c0b7aaeddc0163c69f0adaa195b",
        "ResolvConfPath": "/var/lib/docker/containers/0b49b6fc442bcba788c4e181bb06469b40bce8414c793e1045f1145d2ec69d26/resolv.conf",
        "HostnamePath": "/var/lib/docker/containers/0b49b6fc442bcba788c4e181bb06469b40bce8414c793e1045f1145d2ec69d26/hostname",
        "HostsPath": "/var/lib/docker/containers/0b49b6fc442bcba788c4e181bb06469b40bce8414c793e1045f1145d2ec69d26/hosts",
        "LogPath": "/var/lib/docker/containers/0b49b6fc442bcba788c4e181bb06469b40bce8414c793e1045f1145d2ec69d26/0b49b6fc442bcba788c4e181bb06469b40bce8414c793e1045f1145d2ec69d26-json.log",
        "Name": "/custom_no_tool-vulnerable-1",
        "RestartCount": 0,
        "Driver": "overlayfs",
        "Platform": "linux",
        "MountLabel": "",
        "ProcessLabel": "",
        "AppArmorProfile": "",
        "ExecIDs": null,
        "HostConfig": {
            "Binds": [
                "/var/run/docker.sock:/var/run/docker.sock:rw"
            ],
            "ContainerIDFile": "",
            "LogConfig": {
                "Type": "json-file",
                "Config": {}
            },
            "NetworkMode": "custom_no_tool_default",
            "PortBindings": {},
            "RestartPolicy": {
                "Name": "no",
                "MaximumRetryCount": 0
            },
            "AutoRemove": false,
            "VolumeDriver": "",
            "VolumesFrom": null,
            "ConsoleSize": [
                0,
                0
            ],
            "CapAdd": null,
            "CapDrop": null,
            "CgroupnsMode": "private",
            "Dns": null,
            "DnsOptions": null,
            "DnsSearch": null,
            "ExtraHosts": [],
            "GroupAdd": null,
            "IpcMode": "private",
            "Cgroup": "",
            "Links": null,
            "OomScoreAdj": 0,
            "PidMode": "",
            "Privileged": true,
            "PublishAllPorts": false,
            "ReadonlyRootfs": false,
            "SecurityOpt": [
                "label=disable"
            ],
            "UTSMode": "",
            "UsernsMode": "",
            "ShmSize": 67108864,
            "Runtime": "runc",
            "Isolation": "",
            "CpuShares": 0,
            "Memory": 0,
            "NanoCpus": 0,
            "CgroupParent": "",
            "BlkioWeight": 0,
            "BlkioWeightDevice": null,
            "BlkioDeviceReadBps": null,
            "BlkioDeviceWriteBps": null,
            "BlkioDeviceReadIOps": null,
            "BlkioDeviceWriteIOps": null,
            "CpuPeriod": 0,
            "CpuQuota": 0,
            "CpuRealtimePeriod": 0,
            "CpuRealtimeRuntime": 0,
            "CpusetCpus": "",
            "CpusetMems": "",
            "Devices": null,
            "DeviceCgroupRules": null,
            "DeviceRequests": null,
            "MemoryReservation": 0,
            "MemorySwap": 0,
            "MemorySwappiness": null,
            "OomKillDisable": null,
            "PidsLimit": null,
            "Ulimits": null,
            "CpuCount": 0,
            "CpuPercent": 0,
            "IOMaximumIOps": 0,
            "IOMaximumBandwidth": 0,
            "MaskedPaths": null,
            "ReadonlyPaths": null
        },
        "GraphDriver": {
            "Data": null,
            "Name": "overlayfs"
        },
        "Mounts": [
            {
                "Type": "bind",
                "Source": "/var/run/docker.sock",
                "Destination": "/var/run/docker.sock",
                "Mode": "rw",
                "RW": true,
                "Propagation": "rprivate"
            }
        ],
        "Config": {
            "Hostname": "0b49b6fc442b",
            "Domainname": "",
            "User": "",
            "AttachStdin": false,
            "AttachStdout": true,
            "AttachStderr": true,
            "Tty": false,
            "OpenStdin": false,
            "StdinOnce": false,
            "Env": [
                "PATH=/usr/local/bin:/usr/local/sbin:/usr/local/bin:/usr/sbin:/usr/bin:/sbin:/bin",
                "LANG=C.UTF-8",
                "GPG_KEY=A035C8C19219BA821ECEA86B64E628F8D684696D",
                "PYTHON_VERSION=3.10.19",
                "PYTHON_SHA256=c8f4a596572201d81dd7df91f70e177e19a70f1d489968b54b5fbbf29a97c076"
            ],
            "Cmd": [
                "python",
                "exploit.py"
            ],
            "Image": "custom_no_tool-vulnerable",
            "Volumes": null,
            "WorkingDir": "/app",
            "Entrypoint": [
                "python",
                "exploit.py"
            ],
            "OnBuild": null,
            "Labels": {
                "com.docker.compose.config-hash": "43ad6569ee43bd653a94cc95675123c6e68a830a0ec3800f0f601037616b5196",
                "com.docker.compose.container-number": "1",
                "com.docker.compose.depends_on": "",
                "com.docker.compose.image": "sha256:292ee9cce76cda4712ed97802fd85e57f9cd9c0b7aaeddc0163c69f0adaa195b",
                "com.docker.compose.oneoff": "False",
                "com.docker.compose.project": "custom_no_tool",
                "com.docker.compose.project.config_files": "/home/gabriele/thesis-project/Agents-for-Vulnerable-Dockers-and-related-Benchmarks/dockers/CVE-2020-17526/custom_no_tool/docker-compose.yml",
                "com.docker.compose.project.working_dir": "/home/gabriele/thesis-project/Agents-for-Vulnerable-Dockers-and-related-Benchmarks/dockers/CVE-2020-17526/custom_no_tool",
                "com.docker.compose.service": "vulnerable",
                "com.docker.compose.version": "2.40.2",
                "desktop.docker.io/wsl-distro": "Ubuntu"
            },
            "StopTimeout": 1
        },
        "NetworkSettings": {
            "Bridge": "",
            "SandboxID": "",
            "SandboxKey": "",
            "Ports": {},
            "HairpinMode": false,
            "LinkLocalIPv6Address": "",
            "LinkLocalIPv6PrefixLen": 0,
            "SecondaryIPAddresses": null,
            "SecondaryIPv6Addresses": null,
            "EndpointID": "",
            "Gateway": "",
            "GlobalIPv6Address": "",
            "GlobalIPv6PrefixLen": 0,
            "IPAddress": "",
            "IPPrefixLen": 0,
            "IPv6Gateway": "",
            "MacAddress": "",
            "Networks": {
                "custom_no_tool_default": {
                    "IPAMConfig": null,
                    "Links": null,
                    "Aliases": [
                        "custom_no_tool-vulnerable-1",
                        "vulnerable"
                    ],
                    "MacAddress": "",
                    "DriverOpts": null,
                    "GwPriority": 0,
                    "NetworkID": "ea20d6bd323c09cdc60d00b0ea5cfdd55e788ca67a2968b975d6d05ee1893d4b",
                    "EndpointID": "",
                    "Gateway": "",
                    "IPAddress": "",
                    "IPPrefixLen": 0,
                    "IPv6Gateway": "",
                    "GlobalIPv6Address": "",
                    "GlobalIPv6PrefixLen": 0,
                    "DNSNames": [
                        "custom_no_tool-vulnerable-1",
                        "vulnerable",
                        "0b49b6fc442b"
                    ]
                }
            }
        },
        "ImageManifestDescriptor": {
            "mediaType": "application/vnd.oci.image.manifest.v1+json",
            "digest": "sha256:255b9ad335ed99fb1e2e790ce89e3463ead205b12c8927b36c8b25df8d631e87",
            "size": 1622,
            "platform": {
                "architecture": "amd64",
                "os": "linux"
            }
        }
    }
]