 Network custom_no_tool_default  Creating
 Network custom_no_tool_default  Created
 Volume custom_no_tool_redis_data  Creating
 Volume custom_no_tool_redis_data  Created
 Volume custom_no_tool_postgres_data  Creating
 Volume custom_no_tool_postgres_data  Created
 Container custom_no_tool-redis-1  Creating
 Container custom_no_tool-postgres-1  Creating
 Container custom_no_tool-redis-1  Created
 Container custom_no_tool-postgres-1  Created
 Container custom_no_tool-airflow-1  Creating
 Container custom_no_tool-airflow-1  Created
 Container custom_no_tool-redis-1  Starting
 Container custom_no_tool-postgres-1  Starting
 Container custom_no_tool-redis-1  Started
 Container custom_no_tool-postgres-1  Started
 Container custom_no_tool-airflow-1  Starting
 Container custom_no_tool-airflow-1  Started


sudo docker logs 9489be050626f0055ff46d4851efe8257b153367998fc9c4bd33a0cc8ec70fe7 --details
STDOUT:  DB_BACKEND=postgresql+psycopg2
 DB_HOST=postgres
 DB_PORT=5432
 .
 DB: postgresql+psycopg2://airflow:***@postgres/airflow
 [2025-11-12 19:24:43,510] {db.py:378} INFO - Creating tables

STDERR:  INFO  [alembic.runtime.migration] Context impl PostgresqlImpl.
 INFO  [alembic.runtime.migration] Will assume transactional DDL.
 INFO  [alembic.runtime.migration] Running upgrade  -> e3a246e0dc1, current schema
 INFO  [alembic.runtime.migration] Running upgrade e3a246e0dc1 -> 1507a7289a2f, create is_encrypted
 INFO  [alembic.runtime.migration] Running upgrade 1507a7289a2f -> 13eb55f81627, maintain history for compatibility with earlier migrations
 INFO  [alembic.runtime.migration] Running upgrade 13eb55f81627 -> 338e90f54d61, More logging into task_instance
 INFO  [alembic.runtime.migration] Running upgrade 338e90f54d61 -> 52d714495f0, job_id indices
 INFO  [alembic.runtime.migration] Running upgrade 52d714495f0 -> 502898887f84, Adding extra to Log
 INFO  [alembic.runtime.migration] Running upgrade 502898887f84 -> 1b38cef5b76e, add dagrun
 INFO  [alembic.runtime.migration] Running upgrade 1b38cef5b76e -> 2e541a1dcfed, task_duration
 INFO  [alembic.runtime.migration] Running upgrade 2e541a1dcfed -> 40e67319e3a9, dagrun_config
 INFO  [alembic.runtime.migration] Running upgrade 40e67319e3a9 -> 561833c1c74b, add password column to user
 INFO  [alembic.runtime.migration] Running upgrade 561833c1c74b -> 4446e08588, dagrun start end
 INFO  [alembic.runtime.migration] Running upgrade 4446e08588 -> bbc73705a13e, Add notification_sent column to sla_miss
 INFO  [alembic.runtime.migration] Running upgrade bbc73705a13e -> bba5a7cfc896, Add a column to track the encryption state of the 'Extra' field in connection
 INFO  [alembic.runtime.migration] Running upgrade bba5a7cfc896 -> 1968acfc09e3, add is_encrypted column to variable table
 INFO  [alembic.runtime.migration] Running upgrade 1968acfc09e3 -> 2e82aab8ef20, rename user table
 INFO  [alembic.runtime.migration] Running upgrade 2e82aab8ef20 -> 211e584da130, add TI state index
 INFO  [alembic.runtime.migration] Running upgrade 211e584da130 -> 64de9cddf6c9, add task fails journal table
 INFO  [alembic.runtime.migration] Running upgrade 64de9cddf6c9 -> f2ca10b85618, add dag_stats table
 INFO  [alembic.runtime.migration] Running upgrade f2ca10b85618 -> 4addfa1236f1, Add fractional seconds to mysql tables
 INFO  [alembic.runtime.migration] Running upgrade 4addfa1236f1 -> 8504051e801b, xcom dag task indices
 INFO  [alembic.runtime.migration] Running upgrade 8504051e801b -> 5e7d17757c7a, add pid field to TaskInstance
 INFO  [alembic.runtime.migration] Running upgrade 5e7d17757c7a -> 127d2bf2dfa7, Add dag_id/state index on dag_run table
 INFO  [alembic.runtime.migration] Running upgrade 127d2bf2dfa7 -> cc1e65623dc7, add max tries column to task instance
 INFO  [alembic.runtime.migration] Running upgrade cc1e65623dc7 -> bdaa763e6c56, Make xcom value column a large binary
 INFO  [alembic.runtime.migration] Running upgrade bdaa763e6c56 -> 947454bf1dff, add ti job_id index
 INFO  [alembic.runtime.migration] Running upgrade 947454bf1dff -> d2ae31099d61, Increase text size for MySQL (not relevant for other DBs' text types)
 INFO  [alembic.runtime.migration] Running upgrade d2ae31099d61 -> 0e2a74e0fc9f, Add time zone awareness
 INFO  [alembic.runtime.migration] Running upgrade d2ae31099d61 -> 33ae817a1ff4, kubernetes_resource_checkpointing
 INFO  [alembic.runtime.migration] Running upgrade 33ae817a1ff4 -> 27c6a30d7c24, kubernetes_resource_checkpointing
 INFO  [alembic.runtime.migration] Running upgrade 27c6a30d7c24 -> 86770d1215c0, add kubernetes scheduler uniqueness
 INFO  [alembic.runtime.migration] Running upgrade 86770d1215c0, 0e2a74e0fc9f -> 05f30312d566, merge heads
 INFO  [alembic.runtime.migration] Running upgrade 05f30312d566 -> f23433877c24, fix mysql not null constraint
 INFO  [alembic.runtime.migration] Running upgrade f23433877c24 -> 856955da8476, fix sqlite foreign key
 INFO  [alembic.runtime.migration] Running upgrade 856955da8476 -> 9635ae0956e7, index-faskfail
 INFO  [alembic.runtime.migration] Running upgrade 9635ae0956e7 -> dd25f486b8ea, add idx_log_dag
 INFO  [alembic.runtime.migration] Running upgrade dd25f486b8ea -> bf00311e1990, add index to taskinstance
 INFO  [alembic.runtime.migration] Running upgrade 9635ae0956e7 -> 0a2a5b66e19d, add task_reschedule table
 INFO  [alembic.runtime.migration] Running upgrade 0a2a5b66e19d, bf00311e1990 -> 03bc53e68815, merge_heads_2
 INFO  [alembic.runtime.migration] Running upgrade 03bc53e68815 -> 41f5f12752f8, add superuser field
 INFO  [alembic.runtime.migration] Running upgrade 41f5f12752f8 -> c8ffec048a3b, add fields to dag
 INFO  [alembic.runtime.migration] Running upgrade c8ffec048a3b -> dd4ecb8fbee3, Add schedule interval to dag
 INFO  [alembic.runtime.migration] Running upgrade dd4ecb8fbee3 -> 939bb1e647c8, task reschedule fk on cascade delete
 INFO  [alembic.runtime.migration] Running upgrade 939bb1e647c8 -> 6e96a59344a4, Make TaskInstance.pool not nullable
 INFO  [alembic.runtime.migration] Running upgrade 6e96a59344a4 -> d38e04c12aa2, add serialized_dag table
 Revision ID: d38e04c12aa2
 Revises: 6e96a59344a4
 Create Date: 2019-08-01 14:39:35.616417
 INFO  [alembic.runtime.migration] Running upgrade d38e04c12aa2 -> b3b105409875, add root_dag_id to DAG
 INFO  [alembic.runtime.migration] Running upgrade 6e96a59344a4 -> 74effc47d867, change datetime to datetime2(6) on MSSQL tables
 INFO  [alembic.runtime.migration] Running upgrade 939bb1e647c8 -> 004c1210f153, increase queue name size limit
 INFO  [alembic.runtime.migration] Running upgrade c8ffec048a3b -> a56c9515abdc, Remove dag_stat table
 INFO  [alembic.runtime.migration] Running upgrade a56c9515abdc, 004c1210f153, 74effc47d867, b3b105409875 -> 08364691d074, Merge the four heads back together
 INFO  [alembic.runtime.migration] Running upgrade 08364691d074 -> fe461863935f, increase_length_for_connection_password
 INFO  [alembic.runtime.migration] Running upgrade fe461863935f -> 7939bcff74ba, Add DagTags table
 INFO  [alembic.runtime.migration] Running upgrade 7939bcff74ba -> a4c2fd67d16b, add pool_slots field to task_instance
 INFO  [alembic.runtime.migration] Running upgrade a4c2fd67d16b -> 852ae6c715af, Add RenderedTaskInstanceFields table
 INFO  [alembic.runtime.migration] Running upgrade 852ae6c715af -> 952da73b5eff, add dag_code table
 INFO  [alembic.runtime.migration] Running upgrade 952da73b5eff -> a66efa278eea, Add Precision to execution_date in RenderedTaskInstanceFields table
 INFO  [alembic.runtime.migration] Running upgrade a66efa278eea -> da3f683c3a5a, Add dag_hash Column to serialized_dag table
 Traceback (most recent call last):
   File "/home/airflow/.local/lib/python3.6/site-packages/airflow/models/crypto.py", line 93, in get_fernet
     for fernet_part in fernet_key.split(',')
   File "/home/airflow/.local/lib/python3.6/site-packages/airflow/models/crypto.py", line 93, in <listcomp>
     for fernet_part in fernet_key.split(',')
   File "/home/airflow/.local/lib/python3.6/site-packages/cryptography/fernet.py", line 38, in __init__
     "Fernet key must be 32 url-safe base64-encoded bytes."
 ValueError: Fernet key must be 32 url-safe base64-encoded bytes.
 
 During handling of the above exception, another exception occurred:
 
 Traceback (most recent call last):
   File "/home/airflow/.local/bin/airflow", line 37, in <module>
     args.func(args)
   File "/home/airflow/.local/lib/python3.6/site-packages/airflow/bin/cli.py", line 1329, in initdb
     db.initdb(settings.RBAC)
   File "/home/airflow/.local/lib/python3.6/site-packages/airflow/utils/db.py", line 326, in initdb
     create_default_connections()
   File "/home/airflow/.local/lib/python3.6/site-packages/airflow/utils/db.py", line 74, in wrapper
     return func(*args, **kwargs)
   File "/home/airflow/.local/lib/python3.6/site-packages/airflow/utils/db.py", line 114, in create_default_connections
     schema='default'), session)
   File "<string>", line 4, in __init__
   File "/home/airflow/.local/lib/python3.6/site-packages/sqlalchemy/orm/state.py", line 433, in _initialize_instance
     manager.dispatch.init_failure(self, args, kwargs)
   File "/home/airflow/.local/lib/python3.6/site-packages/sqlalchemy/util/langhelpers.py", line 69, in __exit__
     exc_value, with_traceback=exc_tb,
   File "/home/airflow/.local/lib/python3.6/site-packages/sqlalchemy/util/compat.py", line 182, in raise_
     raise exception
   File "/home/airflow/.local/lib/python3.6/site-packages/sqlalchemy/orm/state.py", line 430, in _initialize_instance
     return manager.original_init(*mixed[1:], **kwargs)
   File "/home/airflow/.local/lib/python3.6/site-packages/airflow/models/connection.py", line 129, in __init__
     self.extra = extra
   File "<string>", line 1, in __set__
   File "/home/airflow/.local/lib/python3.6/site-packages/airflow/models/connection.py", line 220, in set_extra
     fernet = get_fernet()
   File "/home/airflow/.local/lib/python3.6/site-packages/airflow/models/crypto.py", line 97, in get_fernet
     raise AirflowException("Could not create Fernet object: {}".format(ve))
 airflow.exceptions.AirflowException: Could not create Fernet object: Fernet key must be 32 url-safe base64-encoded bytes.




sudo docker inspect 9489be050626f0055ff46d4851efe8257b153367998fc9c4bd33a0cc8ec70fe7[
    {
        "Id": "9489be050626f0055ff46d4851efe8257b153367998fc9c4bd33a0cc8ec70fe7",
        "Created": "2025-11-12T19:24:37.321349115Z",
        "Path": "/usr/bin/dumb-init",
        "Args": [
            "--",
            "/entrypoint",
            "bash",
            "-c",
            "airflow initdb && airflow webserver"
        ],
        "State": {
            "Status": "exited",
            "Running": false,
            "Paused": false,
            "Restarting": false,
            "OOMKilled": false,
            "Dead": false,
            "Pid": 0,
            "ExitCode": 1,
            "Error": "",
            "StartedAt": "2025-11-12T19:24:37.815449447Z",
            "FinishedAt": "2025-11-12T19:24:44.221947482Z"
        },
        "Image": "sha256:9ea9e5ca66bd17632241889ab248fe3852c9f3c830ed299a8ecaa8a13ac2082f",
        "ResolvConfPath": "/var/lib/docker/containers/9489be050626f0055ff46d4851efe8257b153367998fc9c4bd33a0cc8ec70fe7/resolv.conf",
        "HostnamePath": "/var/lib/docker/containers/9489be050626f0055ff46d4851efe8257b153367998fc9c4bd33a0cc8ec70fe7/hostname",
        "HostsPath": "/var/lib/docker/containers/9489be050626f0055ff46d4851efe8257b153367998fc9c4bd33a0cc8ec70fe7/hosts",
        "LogPath": "/var/lib/docker/containers/9489be050626f0055ff46d4851efe8257b153367998fc9c4bd33a0cc8ec70fe7/9489be050626f0055ff46d4851efe8257b153367998fc9c4bd33a0cc8ec70fe7-json.log",
        "Name": "/custom_no_tool-airflow-1",
        "RestartCount": 0,
        "Driver": "overlayfs",
        "Platform": "linux",
        "MountLabel": "",
        "ProcessLabel": "",
        "AppArmorProfile": "",
        "ExecIDs": null,
        "HostConfig": {
            "Binds": [
                "/home/gabriele/thesis-project/Agents-for-Vulnerable-Dockers-and-related-Benchmarks/dockers/CVE-2020-17526/custom_no_tool/dags:/usr/local/airflow/dags:rw"
            ],
            "ContainerIDFile": "",
            "LogConfig": {
                "Type": "json-file",
                "Config": {}
            },
            "NetworkMode": "custom_no_tool_default",
            "PortBindings": {
                "8080/tcp": [
                    {
                        "HostIp": "",
                        "HostPort": "8080"
                    }
                ]
            },
            "RestartPolicy": {
                "Name": "no",
                "MaximumRetryCount": 0
            },
            "AutoRemove": false,
            "VolumeDriver": "",
            "VolumesFrom": null,
            "ConsoleSize": [
                0,
                0
            ],
            "CapAdd": null,
            "CapDrop": null,
            "CgroupnsMode": "private",
            "Dns": null,
            "DnsOptions": null,
            "DnsSearch": null,
            "ExtraHosts": [],
            "GroupAdd": null,
            "IpcMode": "private",
            "Cgroup": "",
            "Links": null,
            "OomScoreAdj": 0,
            "PidMode": "",
            "Privileged": false,
            "PublishAllPorts": false,
            "ReadonlyRootfs": false,
            "SecurityOpt": null,
            "UTSMode": "",
            "UsernsMode": "",
            "ShmSize": 67108864,
            "Runtime": "runc",
            "Isolation": "",
            "CpuShares": 0,
            "Memory": 0,
            "NanoCpus": 0,
            "CgroupParent": "",
            "BlkioWeight": 0,
            "BlkioWeightDevice": null,
            "BlkioDeviceReadBps": null,
            "BlkioDeviceWriteBps": null,
            "BlkioDeviceReadIOps": null,
            "BlkioDeviceWriteIOps": null,
            "CpuPeriod": 0,
            "CpuQuota": 0,
            "CpuRealtimePeriod": 0,
            "CpuRealtimeRuntime": 0,
            "CpusetCpus": "",
            "CpusetMems": "",
            "Devices": null,
            "DeviceCgroupRules": null,
            "DeviceRequests": null,
            "MemoryReservation": 0,
            "MemorySwap": 0,
            "MemorySwappiness": null,
            "OomKillDisable": null,
            "PidsLimit": null,
            "Ulimits": null,
            "CpuCount": 0,
            "CpuPercent": 0,
            "IOMaximumIOps": 0,
            "IOMaximumBandwidth": 0,
            "MaskedPaths": [
                "/proc/asound",
                "/proc/acpi",
                "/proc/interrupts",
                "/proc/kcore",
                "/proc/keys",
                "/proc/latency_stats",
                "/proc/timer_list",
                "/proc/timer_stats",
                "/proc/sched_debug",
                "/proc/scsi",
                "/sys/firmware",
                "/sys/devices/virtual/powercap"
            ],
            "ReadonlyPaths": [
                "/proc/bus",
                "/proc/fs",
                "/proc/irq",
                "/proc/sys",
                "/proc/sysrq-trigger"
            ]
        },
        "GraphDriver": {
            "Data": null,
            "Name": "overlayfs"
        },
        "Mounts": [
            {
                "Type": "bind",
                "Source": "/home/gabriele/thesis-project/Agents-for-Vulnerable-Dockers-and-related-Benchmarks/dockers/CVE-2020-17526/custom_no_tool/dags",
                "Destination": "/usr/local/airflow/dags",
                "Mode": "rw",
                "RW": true,
                "Propagation": "rprivate"
            }
        ],
        "Config": {
            "Hostname": "9489be050626",
            "Domainname": "",
            "User": "50000",
            "AttachStdin": false,
            "AttachStdout": true,
            "AttachStderr": true,
            "ExposedPorts": {
                "8080/tcp": {}
            },
            "Tty": false,
            "OpenStdin": false,
            "StdinOnce": false,
            "Env": [
                "AIRFLOW__CORE__SQL_ALCHEMY_CONN=postgresql+psycopg2://airflow:airflow@postgres/airflow",
                "AIRFLOW__CORE__FERNET_KEY=9o3fJb1bG1B6Q1aT8Yw7q5eYf8g6p3o6",
                "AIRFLOW__WEBSERVER__SECRET_KEY=another_random_secure_key",
                "AIRFLOW__CORE__EXECUTOR=SequentialExecutor",
                "PATH=/home/airflow/.local/bin:/usr/local/bin:/usr/local/sbin:/usr/local/bin:/usr/sbin:/usr/bin:/sbin:/bin",
                "LANG=C.UTF-8",
                "GPG_KEY=0D96DF4D4110E5C43FBFB17F2D347EA6AA65421D",
                "PYTHON_VERSION=3.6.12",
                "PYTHON_PIP_VERSION=20.2.2",
                "PYTHON_GET_PIP_URL=https://github.com/pypa/get-pip/raw/5578af97f8b2b466f4cdbebe18a3ba2d48ad1434/get-pip.py",
                "PYTHON_GET_PIP_SHA256=d4d62a0850fe0c2e6325b2cc20d818c580563de5a2038f917e3cb0e25280b4d1",
                "PYTHON_BASE_IMAGE=python:3.6-slim-buster",
                "AIRFLOW_VERSION=1.10.12",
                "ADDITIONAL_RUNTIME_DEPS=",
                "DEBIAN_FRONTEND=noninteractive",
                "LANGUAGE=C.UTF-8",
                "LC_ALL=C.UTF-8",
                "LC_CTYPE=C.UTF-8",
                "LC_MESSAGES=C.UTF-8",
                "PIP_VERSION=19.0.2",
                "AIRFLOW_UID=50000",
                "AIRFLOW_GID=50000",
                "AIRFLOW__CORE__LOAD_EXAMPLES=false",
                "AIRFLOW_USER_HOME_DIR=/home/airflow",
                "AIRFLOW_HOME=/opt/airflow",
                "GUNICORN_CMD_ARGS=--worker-tmp-dir /dev/shm"
            ],
            "Cmd": [
                "bash",
                "-c",
                "airflow initdb && airflow webserver"
            ],
            "Image": "apache/airflow:1.10.12",
            "Volumes": null,
            "WorkingDir": "/opt/airflow",
            "Entrypoint": [
                "/usr/bin/dumb-init",
                "--",
                "/entrypoint"
            ],
            "OnBuild": null,
            "Labels": {
                "com.docker.compose.config-hash": "b075edc777768221fe76ddffe629fc57f47d61fcbb7e277112a9a5514ddb8aa7",
                "com.docker.compose.container-number": "1",
                "com.docker.compose.depends_on": "redis:service_started:false,postgres:service_started:false",
                "com.docker.compose.image": "sha256:9ea9e5ca66bd17632241889ab248fe3852c9f3c830ed299a8ecaa8a13ac2082f",
                "com.docker.compose.oneoff": "False",
                "com.docker.compose.project": "custom_no_tool",
                "com.docker.compose.project.config_files": "/home/gabriele/thesis-project/Agents-for-Vulnerable-Dockers-and-related-Benchmarks/dockers/CVE-2020-17526/custom_no_tool/docker-compose.yml",
                "com.docker.compose.project.working_dir": "/home/gabriele/thesis-project/Agents-for-Vulnerable-Dockers-and-related-Benchmarks/dockers/CVE-2020-17526/custom_no_tool",
                "com.docker.compose.service": "airflow",
                "com.docker.compose.version": "2.40.3",
                "desktop.docker.io/wsl-distro": "Ubuntu",
                "org.apache.airflow.component": "airflow",
                "org.apache.airflow.distro": "debian",
                "org.apache.airflow.distro.version": "buster",
                "org.apache.airflow.gid": "50000",
                "org.apache.airflow.image": "airflow",
                "org.apache.airflow.module": "airflow",
                "org.apache.airflow.uid": "50000"
            },
            "StopTimeout": 1
        },
        "NetworkSettings": {
            "Bridge": "",
            "SandboxID": "",
            "SandboxKey": "",
            "Ports": {},
            "HairpinMode": false,
            "LinkLocalIPv6Address": "",
            "LinkLocalIPv6PrefixLen": 0,
            "SecondaryIPAddresses": null,
            "SecondaryIPv6Addresses": null,
            "EndpointID": "",
            "Gateway": "",
            "GlobalIPv6Address": "",
            "GlobalIPv6PrefixLen": 0,
            "IPAddress": "",
            "IPPrefixLen": 0,
            "IPv6Gateway": "",
            "MacAddress": "",
            "Networks": {
                "custom_no_tool_default": {
                    "IPAMConfig": null,
                    "Links": null,
                    "Aliases": [
                        "custom_no_tool-airflow-1",
                        "airflow"
                    ],
                    "MacAddress": "",
                    "DriverOpts": null,
                    "GwPriority": 0,
                    "NetworkID": "92b38f4dba49f5eef37863efdb1877df4b4504290920f778c28b721ff715081d",
                    "EndpointID": "",
                    "Gateway": "",
                    "IPAddress": "",
                    "IPPrefixLen": 0,
                    "IPv6Gateway": "",
                    "GlobalIPv6Address": "",
                    "GlobalIPv6PrefixLen": 0,
                    "DNSNames": [
                        "custom_no_tool-airflow-1",
                        "airflow",
                        "9489be050626"
                    ]
                }
            }
        },
        "ImageManifestDescriptor": {
            "mediaType": "application/vnd.docker.distribution.manifest.v2+json",
            "digest": "sha256:9ea9e5ca66bd17632241889ab248fe3852c9f3c830ed299a8ecaa8a13ac2082f",
            "size": 3671,
            "platform": {
                "architecture": "amd64",
                "os": "linux"
            }
        }
    }
]