time="2025-10-17T15:35:27+02:00" level=warning msg="/home/gabriele/thesis-project/Agents-for-Vulnerable-Dockers-and-related-Benchmarks/dockers/CVE-2022-22947/custom_no_tool/docker-compose.yml: the attribute `version` is obsolete, it will be ignored, please remove it to avoid potential confusion"
#1 [internal] load local bake definitions
#1 reading from stdin 1.39kB done
#1 DONE 0.0s

#2 [gateway internal] load build definition from Dockerfile
#2 transferring dockerfile: 309B done
#2 DONE 0.0s

#3 [downstream internal] load build definition from Dockerfile
#3 transferring dockerfile: 312B done
#3 DONE 0.0s

#4 [downstream internal] load metadata for docker.io/library/maven:3.9.6-eclipse-temurin-17
#4 DONE 0.9s

#5 [downstream internal] load metadata for docker.io/library/eclipse-temurin:17-jre-alpine
#5 DONE 0.9s

#6 [gateway internal] load .dockerignore
#6 transferring context: 2B done
#6 DONE 0.0s

#7 [downstream internal] load .dockerignore
#7 transferring context: 2B done
#7 DONE 0.0s

#8 [gateway internal] load build context
#8 DONE 0.0s

#9 [downstream internal] load build context
#9 DONE 0.0s

#10 [gateway build 1/5] FROM docker.io/library/maven:3.9.6-eclipse-temurin-17@sha256:29a1658b1f3078e07c2b17f7b519b45eb47f65d9628e887eac45a8c5c8f939d4
#10 resolve docker.io/library/maven:3.9.6-eclipse-temurin-17@sha256:29a1658b1f3078e07c2b17f7b519b45eb47f65d9628e887eac45a8c5c8f939d4 0.0s done
#10 resolve docker.io/library/maven:3.9.6-eclipse-temurin-17@sha256:29a1658b1f3078e07c2b17f7b519b45eb47f65d9628e887eac45a8c5c8f939d4 0.0s done
#10 DONE 0.0s

#11 [downstream stage-1 1/3] FROM docker.io/library/eclipse-temurin:17-jre-alpine@sha256:e7ed585b34913e0a780e0282330183a0ea14ad6b929362d02aea1156b43262bf
#11 resolve docker.io/library/eclipse-temurin:17-jre-alpine@sha256:e7ed585b34913e0a780e0282330183a0ea14ad6b929362d02aea1156b43262bf 0.0s done
#11 DONE 0.1s

#12 [gateway stage-1 2/3] WORKDIR /app
#12 CACHED

#8 [gateway internal] load build context
#8 transferring context: 2.59kB done
#8 DONE 0.0s

#9 [downstream internal] load build context
#9 transferring context: 2.03kB 0.0s done
#9 DONE 0.0s

#13 [downstream build 2/5] WORKDIR /app
#13 CACHED

#14 [downstream build 3/5] COPY pom.xml .
#14 DONE 0.1s

#15 [gateway build 3/5] COPY pom.xml .
#15 DONE 0.1s

#16 [downstream build 4/5] COPY src ./src
#16 DONE 0.1s

#17 [gateway build 4/5] COPY src ./src
#17 DONE 0.1s

#18 [gateway build 5/5] RUN mvn -B package -DskipTests
#18 2.107 [INFO] Scanning for projects...
#18 ...

#19 [downstream build 5/5] RUN mvn -B package -DskipTests
#19 2.132 [INFO] Scanning for projects...
#19 2.209 [ERROR] [ERROR] Some problems were encountered while processing the POMs:
#19 2.209 [WARNING] 'build.plugins.plugin.version' for org.springframework.boot:spring-boot-maven-plugin is missing. @ line 21, column 21
#19 2.209 [ERROR] 'dependencies.dependency.version' for org.springframework.boot:spring-boot-starter-web:jar is missing. @ line 14, column 21
#19 2.209  @ 
#19 2.209 [ERROR] The build could not read 1 project -> [Help 1]
#19 2.210 [ERROR]   
#19 2.210 [ERROR]   The project com.example:downstream:0.0.1-SNAPSHOT (/app/pom.xml) has 1 error
#19 2.210 [ERROR]     'dependencies.dependency.version' for org.springframework.boot:spring-boot-starter-web:jar is missing. @ line 14, column 21
#19 2.210 [ERROR] 
#19 2.211 [ERROR] To see the full stack trace of the errors, re-run Maven with the -e switch.
#19 2.211 [ERROR] Re-run Maven using the -X switch to enable full debug logging.
#19 2.211 [ERROR] 
#19 2.211 [ERROR] For more information about the errors and possible solutions, please read the following articles:
#19 2.211 [ERROR] [Help 1] http://cwiki.apache.org/confluence/display/MAVEN/ProjectBuildingException
#19 ERROR: process "/bin/sh -c mvn -B package -DskipTests" did not complete successfully: exit code: 1

#18 [gateway build 5/5] RUN mvn -B package -DskipTests
#18 CANCELED
------
 > [downstream build 5/5] RUN mvn -B package -DskipTests:
2.209 [ERROR] The build could not read 1 project -> [Help 1]
2.210 [ERROR]   
2.210 [ERROR]   The project com.example:downstream:0.0.1-SNAPSHOT (/app/pom.xml) has 1 error
2.210 [ERROR]     'dependencies.dependency.version' for org.springframework.boot:spring-boot-starter-web:jar is missing. @ line 14, column 21
2.210 [ERROR] 
2.211 [ERROR] To see the full stack trace of the errors, re-run Maven with the -e switch.
2.211 [ERROR] Re-run Maven using the -X switch to enable full debug logging.
2.211 [ERROR] 
2.211 [ERROR] For more information about the errors and possible solutions, please read the following articles:
2.211 [ERROR] [Help 1] http://cwiki.apache.org/confluence/display/MAVEN/ProjectBuildingException
------
Dockerfile:5

--------------------

   3 |     COPY pom.xml .

   4 |     COPY src ./src

   5 | >>> RUN mvn -B package -DskipTests

   6 |     

   7 |     FROM eclipse-temurin:17-jre-alpine

--------------------

target downstream: failed to solve: process "/bin/sh -c mvn -B package -DskipTests" did not complete successfully: exit code: 1

