time="2025-11-02T13:10:44+01:00" level=warning msg="/home/gabriele/thesis-project/Agents-for-Vulnerable-Dockers-and-related-Benchmarks/dockers/CVE-2023-35042/custom_no_tool/docker-compose.yml: the attribute `version` is obsolete, it will be ignored, please remove it to avoid potential confusion"
#1 [internal] load local bake definitions
#1 reading from stdin 769B done
#1 DONE 0.0s

#2 [internal] load build definition from Dockerfile
#2 transferring dockerfile: 226B done
#2 DONE 0.0s

#3 [internal] load metadata for docker.io/library/openjdk:17-jdk-alpine
#3 DONE 0.4s

#4 [internal] load .dockerignore
#4 transferring context: 2B done
#4 DONE 0.0s

#5 [1/5] FROM docker.io/library/openjdk:17-jdk-alpine@sha256:4b6abae565492dbe9e7a894137c966a7485154238902f2f25e9dbd9784383d81
#5 resolve docker.io/library/openjdk:17-jdk-alpine@sha256:4b6abae565492dbe9e7a894137c966a7485154238902f2f25e9dbd9784383d81 0.0s done
#5 DONE 0.0s

#6 [2/5] WORKDIR /app
#6 CACHED

#7 [internal] load build context
#7 transferring context: 1.72kB done
#7 DONE 0.0s

#8 [3/5] RUN apk add --no-cache gradle
#8 0.168 fetch https://dl-cdn.alpinelinux.org/alpine/v3.14/main/x86_64/APKINDEX.tar.gz
#8 0.339 fetch https://dl-cdn.alpinelinux.org/alpine/v3.14/community/x86_64/APKINDEX.tar.gz
#8 0.640 (1/23) Installing java-common (0.4-r0)
#8 0.672 (2/23) Installing openjdk11-jre-headless (11.0.14_p9-r0)
#8 10.33 (3/23) Installing libxau (1.0.9-r0)
#8 10.35 (4/23) Installing libmd (1.0.3-r0)
#8 10.36 (5/23) Installing libbsd (0.11.3-r0)
#8 10.43 (6/23) Installing libxdmcp (1.1.3-r0)
#8 10.45 (7/23) Installing libxcb (1.14-r2)
#8 10.51 (8/23) Installing libx11 (1.7.3.1-r0)
#8 10.67 (9/23) Installing libxext (1.3.4-r0)
#8 10.68 (10/23) Installing libxi (1.7.10-r0)
#8 10.71 (11/23) Installing libxrender (0.9.10-r3)
#8 10.73 (12/23) Installing libxtst (1.2.3-r3)
#8 10.77 (13/23) Installing alsa-lib (1.2.5-r2)
#8 10.87 (14/23) Installing brotli-libs (1.0.9-r5)
#8 10.93 (15/23) Installing libbz2 (1.0.8-r1)
#8 10.96 (16/23) Installing libpng (1.6.37-r1)
#8 10.98 (17/23) Installing freetype (2.10.4-r3)
#8 11.04 (18/23) Installing giflib (5.2.1-r0)
#8 11.06 (19/23) Installing libjpeg-turbo (2.1.0-r0)
#8 11.11 (20/23) Installing lcms2 (2.12-r1)
#8 11.14 (21/23) Installing openjdk11-jre (11.0.14_p9-r0)
#8 11.29 (22/23) Installing openjdk11-jdk (11.0.14_p9-r0)
#8 11.31 (23/23) Installing gradle (6.8.3-r1)
#8 26.60 Executing busybox-1.33.1-r2.trigger
#8 26.61 Executing java-common-0.4-r0.trigger
#8 26.61 OK: 295 MiB in 43 packages
#8 DONE 27.0s

#9 [4/5] COPY . /app
#9 DONE 0.0s

#10 [5/5] RUN gradle build -x test
#10 0.604 
#10 0.604 Welcome to Gradle 6.8.3!
#10 0.604 
#10 0.604 Here are the highlights of this release:
#10 0.605  - Faster Kotlin DSL script compilation
#10 0.605  - Vendor selection for Java toolchains
#10 0.605  - Convenient execution of tasks in composite builds
#10 0.605  - Consistent dependency resolution
#10 0.605 
#10 0.605 For more details see https://docs.gradle.org/6.8.3/release-notes.html
#10 0.605 
#10 0.703 Starting a Gradle Daemon (subsequent builds will be faster)
#10 3.103 
#10 3.103 FAILURE: Build failed with an exception.
#10 3.103 
#10 3.103 * Where:
#10 3.103 Build file '/app/build.gradle'
#10 3.104 
#10 3.104 * What went wrong:
#10 3.104 Could not compile build file '/app/build.gradle'.
#10 3.104 > startup failed:
#10 3.104   General error during semantic analysis: Unsupported class file major version 61
#10 3.104   
#10 3.105   java.lang.IllegalArgumentException: Unsupported class file major version 61
#10 3.105   	at groovyjarjarasm.asm.ClassReader.<init>(ClassReader.java:196)
#10 3.105   	at groovyjarjarasm.asm.ClassReader.<init>(ClassReader.java:177)
#10 3.105   	at groovyjarjarasm.asm.ClassReader.<init>(ClassReader.java:163)
#10 3.105   	at groovyjarjarasm.asm.ClassReader.<init>(ClassReader.java:284)
#10 3.105   	at org.codehaus.groovy.ast.decompiled.AsmDecompiler.parseClass(AsmDecompiler.java:81)
#10 3.105   	at org.codehaus.groovy.control.ClassNodeResolver.findDecompiled(ClassNodeResolver.java:251)
#10 3.106   	at org.codehaus.groovy.control.ClassNodeResolver.tryAsLoaderClassOrScript(ClassNodeResolver.java:189)
#10 3.106   	at org.codehaus.groovy.control.ClassNodeResolver.findClassNode(ClassNodeResolver.java:169)
#10 3.106   	at org.codehaus.groovy.control.ClassNodeResolver.resolveName(ClassNodeResolver.java:125)
#10 3.106   	at org.codehaus.groovy.ast.decompiled.AsmReferenceResolver.resolveClassNullable(AsmReferenceResolver.java:57)
#10 3.106   	at org.codehaus.groovy.ast.decompiled.AsmReferenceResolver.resolveClass(AsmReferenceResolver.java:44)
#10 3.106   	at org.codehaus.groovy.ast.decompiled.AsmReferenceResolver.resolveNonArrayType(AsmReferenceResolver.java:79)
#10 3.106   	at org.codehaus.groovy.ast.decompiled.AsmReferenceResolver.resolveType(AsmReferenceResolver.java:70)
#10 3.107   	at org.codehaus.groovy.ast.decompiled.MemberSignatureParser.createMethodNode(MemberSignatureParser.java:57)
#10 3.107   	at org.codehaus.groovy.ast.decompiled.DecompiledClassNode$2.get(DecompiledClassNode.java:234)
#10 3.107   	at org.codehaus.groovy.ast.decompiled.DecompiledClassNode$2.get(DecompiledClassNode.java:231)
#10 3.108   	at org.codehaus.groovy.ast.decompiled.DecompiledClassNode.createMethodNode(DecompiledClassNode.java:242)
#10 3.108   	at org.codehaus.groovy.ast.decompiled.DecompiledClassNode.lazyInitMembers(DecompiledClassNode.java:199)
#10 3.108   	at org.codehaus.groovy.ast.decompiled.DecompiledClassNode.getDeclaredMethods(DecompiledClassNode.java:122)
#10 3.109   	at org.codehaus.groovy.ast.ClassNode.getMethods(ClassNode.java:912)
#10 3.109   	at org.codehaus.groovy.ast.ClassNode.tryFindPossibleMethod(ClassNode.java:1280)
#10 3.109   	at org.codehaus.groovy.control.StaticImportVisitor.transformMethodCallExpression(StaticImportVisitor.java:252)
#10 3.110   	at org.codehaus.groovy.control.StaticImportVisitor.transform(StaticImportVisitor.java:113)
#10 3.110   	at org.codehaus.groovy.ast.ClassCodeExpressionTransformer.visitExpressionStatement(ClassCodeExpressionTransformer.java:142)
#10 3.110   	at org.codehaus.groovy.ast.stmt.ExpressionStatement.visit(ExpressionStatement.java:40)
#10 3.110   	at org.codehaus.groovy.ast.ClassCodeVisitorSupport.visitClassCodeContainer(ClassCodeVisitorSupport.java:110)
#10 3.110   	at org.codehaus.groovy.ast.ClassCodeVisitorSupport.visitConstructorOrMethod(ClassCodeVisitorSupport.java:121)
#10 3.110   	at org.codehaus.groovy.ast.ClassCodeExpressionTransformer.visitConstructorOrMethod(ClassCodeExpressionTransformer.java:53)
#10 3.110   	at org.codehaus.groovy.control.StaticImportVisitor.visitConstructorOrMethod(StaticImportVisitor.java:89)
#10 3.110   	at org.codehaus.groovy.ast.ClassCodeVisitorSupport.visitConstructor(ClassCodeVisitorSupport.java:128)
#10 3.111   	at org.codehaus.groovy.ast.ClassNode.visitContents(ClassNode.java:1099)
#10 3.111   	at org.codehaus.groovy.ast.ClassCodeVisitorSupport.visitClass(ClassCodeVisitorSupport.java:54)
#10 3.111   	at org.codehaus.groovy.control.StaticImportVisitor.visitClass(StaticImportVisitor.java:83)
#10 3.113   	at org.codehaus.groovy.control.CompilationUnit$14.call(CompilationUnit.java:708)
#10 3.116   	at org.codehaus.groovy.control.CompilationUnit.applyToPrimaryClassNodes(CompilationUnit.java:1084)
#10 3.116   	at org.codehaus.groovy.control.CompilationUnit.doPhaseOperation(CompilationUnit.java:640)
#10 3.116   	at org.codehaus.groovy.control.CompilationUnit.processPhaseOperations(CompilationUnit.java:618)
#10 3.116   	at org.codehaus.groovy.control.CompilationUnit.compile(CompilationUnit.java:595)
#10 3.116   	at groovy.lang.GroovyClassLoader.doParseClass(GroovyClassLoader.java:401)
#10 3.116   	at groovy.lang.GroovyClassLoader.access$300(GroovyClassLoader.java:89)
#10 3.116   	at groovy.lang.GroovyClassLoader$5.provide(GroovyClassLoader.java:341)
#10 3.116   	at groovy.lang.GroovyClassLoader$5.provide(GroovyClassLoader.java:338)
#10 3.116   	at org.codehaus.groovy.runtime.memoize.ConcurrentCommonCache.getAndPut(ConcurrentCommonCache.java:147)
#10 3.116   	at groovy.lang.GroovyClassLoader.parseClass(GroovyClassLoader.java:336)
#10 3.116   	at org.gradle.groovy.scripts.internal.DefaultScriptCompilationHandler.compileScript(DefaultScriptCompilationHandler.java:139)
#10 3.116   	at org.gradle.groovy.scripts.internal.DefaultScriptCompilationHandler.compileToDir(DefaultScriptCompilationHandler.java:95)
#10 3.116   	at org.gradle.groovy.scripts.internal.BuildOperationBackedScriptCompilationHandler$2.run(BuildOperationBackedScriptCompilationHandler.java:54)
#10 3.116   	at org.gradle.internal.operations.DefaultBuildOperationRunner$1.execute(DefaultBuildOperationRunner.java:29)
#10 3.116   	at org.gradle.internal.operations.DefaultBuildOperationRunner$1.execute(DefaultBuildOperationRunner.java:26)
#10 3.116   	at org.gradle.internal.operations.DefaultBuildOperationRunner$3.execute(DefaultBuildOperationRunner.java:75)
#10 3.116   	at org.gradle.internal.operations.DefaultBuildOperationRunner$3.execute(DefaultBuildOperationRunner.java:68)
#10 3.116   	at org.gradle.internal.operations.DefaultBuildOperationRunner.execute(DefaultBuildOperationRunner.java:153)
#10 3.116   	at org.gradle.internal.operations.DefaultBuildOperationRunner.execute(DefaultBuildOperationRunner.java:68)
#10 3.116   	at org.gradle.internal.operations.DefaultBuildOperationRunner.run(DefaultBuildOperationRunner.java:56)
#10 3.116   	at org.gradle.internal.operations.DefaultBuildOperationExecutor.lambda$run$1(DefaultBuildOperationExecutor.java:71)
#10 3.116   	at org.gradle.internal.operations.UnmanagedBuildOperationWrapper.runWithUnmanagedSupport(UnmanagedBuildOperationWrapper.java:45)
#10 3.116   	at org.gradle.internal.operations.DefaultBuildOperationExecutor.run(DefaultBuildOperationExecutor.java:71)
#10 3.116   	at org.gradle.groovy.scripts.internal.BuildOperationBackedScriptCompilationHandler.compileToDir(BuildOperationBackedScriptCompilationHandler.java:51)
#10 3.116   	at org.gradle.groovy.scripts.internal.FileCacheBackedScriptClassCompiler$CompileToCrossBuildCacheAction.execute(FileCacheBackedScriptClassCompiler.java:190)
#10 3.116   	at org.gradle.groovy.scripts.internal.FileCacheBackedScriptClassCompiler$CompileToCrossBuildCacheAction.execute(FileCacheBackedScriptClassCompiler.java:170)
#10 3.116   	at org.gradle.groovy.scripts.internal.FileCacheBackedScriptClassCompiler$ProgressReportingInitializer.execute(FileCacheBackedScriptClassCompiler.java:211)
#10 3.116   	at org.gradle.groovy.scripts.internal.FileCacheBackedScriptClassCompiler$ProgressReportingInitializer.execute(FileCacheBackedScriptClassCompiler.java:194)
#10 3.116   	at org.gradle.cache.internal.DefaultPersistentDirectoryCache$Initializer.initialize(DefaultPersistentDirectoryCache.java:100)
#10 3.116   	at org.gradle.cache.internal.FixedSharedModeCrossProcessCacheAccess$1.run(FixedSharedModeCrossProcessCacheAccess.java:86)
#10 3.116   	at org.gradle.cache.internal.DefaultFileLockManager$DefaultFileLock.doWriteAction(DefaultFileLockManager.java:215)
#10 3.116   	at org.gradle.cache.internal.DefaultFileLockManager$DefaultFileLock.writeFile(DefaultFileLockManager.java:205)
#10 3.116   	at org.gradle.cache.internal.FixedSharedModeCrossProcessCacheAccess.open(FixedSharedModeCrossProcessCacheAccess.java:83)
#10 3.117   	at org.gradle.cache.internal.DefaultCacheAccess.open(DefaultCacheAccess.java:139)
#10 3.117   	at org.gradle.cache.internal.DefaultPersistentDirectoryStore.open(DefaultPersistentDirectoryStore.java:89)
#10 3.117   	at org.gradle.cache.internal.DefaultPersistentDirectoryStore.open(DefaultPersistentDirectoryStore.java:43)
#10 3.117   	at org.gradle.cache.internal.DefaultCacheFactory.doOpen(DefaultCacheFactory.java:103)
#10 3.117   	at org.gradle.cache.internal.DefaultCacheFactory.open(DefaultCacheFactory.java:68)
#10 3.117   	at org.gradle.cache.internal.DefaultCacheRepository$PersistentCacheBuilder.open(DefaultCacheRepository.java:126)
#10 3.117   	at org.gradle.groovy.scripts.internal.FileCacheBackedScriptClassCompiler.compile(FileCacheBackedScriptClassCompiler.java:116)
#10 3.117   	at org.gradle.groovy.scripts.internal.CrossBuildInMemoryCachingScriptClassCache.getOrCompile(CrossBuildInMemoryCachingScriptClassCache.java:50)
#10 3.117   	at org.gradle.groovy.scripts.internal.BuildScopeInMemoryCachingScriptClassCompiler.compile(BuildScopeInMemoryCachingScriptClassCompiler.java:50)
#10 3.117   	at org.gradle.groovy.scripts.DefaultScriptCompilerFactory$ScriptCompilerImpl.compile(DefaultScriptCompilerFactory.java:49)
#10 3.117   	at org.gradle.configuration.DefaultScriptPluginFactory$ScriptPluginImpl.apply(DefaultScriptPluginFactory.java:110)
#10 3.117   	at org.gradle.configuration.BuildOperationScriptPlugin$1.run(BuildOperationScriptPlugin.java:65)
#10 3.118   	at org.gradle.internal.operations.DefaultBuildOperationRunner$1.execute(DefaultBuildOperationRunner.java:29)
#10 3.118   	at org.gradle.internal.operations.DefaultBuildOperationRunner$1.execute(DefaultBuildOperationRunner.java:26)
#10 3.118   	at org.gradle.internal.operations.DefaultBuildOperationRunner$3.execute(DefaultBuildOperationRunner.java:75)
#10 3.118   	at org.gradle.internal.operations.DefaultBuildOperationRunner$3.execute(DefaultBuildOperationRunner.java:68)
#10 3.119   	at org.gradle.internal.operations.DefaultBuildOperationRunner.execute(DefaultBuildOperationRunner.java:153)
#10 3.120   	at org.gradle.internal.operations.DefaultBuildOperationRunner.execute(DefaultBuildOperationRunner.java:68)
#10 3.121   	at org.gradle.internal.operations.DefaultBuildOperationRunner.run(DefaultBuildOperationRunner.java:56)
#10 3.121   	at org.gradle.internal.operations.DefaultBuildOperationExecutor.lambda$run$1(DefaultBuildOperationExecutor.java:71)
#10 3.122   	at org.gradle.internal.operations.UnmanagedBuildOperationWrapper.runWithUnmanagedSupport(UnmanagedBuildOperationWrapper.java:45)
#10 3.122   	at org.gradle.internal.operations.DefaultBuildOperationExecutor.run(DefaultBuildOperationExecutor.java:71)
#10 3.122   	at org.gradle.configuration.BuildOperationScriptPlugin.lambda$apply$0(BuildOperationScriptPlugin.java:62)
#10 3.123   	at org.gradle.configuration.internal.DefaultUserCodeApplicationContext.apply(DefaultUserCodeApplicationContext.java:43)
#10 3.123   	at org.gradle.configuration.BuildOperationScriptPlugin.apply(BuildOperationScriptPlugin.java:62)
#10 3.124   	at org.gradle.api.internal.project.DefaultProjectStateRegistry$ProjectStateImpl.lambda$applyToMutableState$0(DefaultProjectStateRegistry.java:250)
#10 3.124   	at org.gradle.api.internal.project.DefaultProjectStateRegistry$ProjectStateImpl.fromMutableState(DefaultProjectStateRegistry.java:277)
#10 3.124   	at org.gradle.api.internal.project.DefaultProjectStateRegistry$ProjectStateImpl.applyToMutableState(DefaultProjectStateRegistry.java:249)
#10 3.124   	at org.gradle.configuration.project.BuildScriptProcessor.execute(BuildScriptProcessor.java:42)
#10 3.125   	at org.gradle.configuration.project.BuildScriptProcessor.execute(BuildScriptProcessor.java:26)
#10 3.125   	at org.gradle.configuration.project.ConfigureActionsProjectEvaluator.evaluate(ConfigureActionsProjectEvaluator.java:35)
#10 3.126   	at org.gradle.configuration.project.LifecycleProjectEvaluator$EvaluateProject.lambda$run$0(LifecycleProjectEvaluator.java:100)
#10 3.127   	at org.gradle.api.internal.project.DefaultProjectStateRegistry$ProjectStateImpl.lambda$applyToMutableState$0(DefaultProjectStateRegistry.java:250)
#10 3.128   	at org.gradle.api.internal.project.DefaultProjectStateRegistry$ProjectStateImpl.lambda$withProjectLock$3(DefaultProjectStateRegistry.java:310)
#10 3.128   	at org.gradle.internal.work.DefaultWorkerLeaseService.withLocks(DefaultWorkerLeaseService.java:213)
#10 3.129   	at org.gradle.api.internal.project.DefaultProjectStateRegistry$ProjectStateImpl.withProjectLock(DefaultProjectStateRegistry.java:310)
#10 3.129   	at org.gradle.api.internal.project.DefaultProjectStateRegistry$ProjectStateImpl.fromMutableState(DefaultProjectStateRegistry.java:291)
#10 3.129   	at org.gradle.api.internal.project.DefaultProjectStateRegistry$ProjectStateImpl.applyToMutableState(DefaultProjectStateRegistry.java:249)
#10 3.129   	at org.gradle.configuration.project.LifecycleProjectEvaluator$EvaluateProject.run(LifecycleProjectEvaluator.java:91)
#10 3.130   	at org.gradle.internal.operations.DefaultBuildOperationRunner$1.execute(DefaultBuildOperationRunner.java:29)
#10 3.132   	at org.gradle.internal.operations.DefaultBuildOperationRunner$1.execute(DefaultBuildOperationRunner.java:26)
#10 3.132   	at org.gradle.internal.operations.DefaultBuildOperationRunner$3.execute(DefaultBuildOperationRunner.java:75)
#10 3.132   	at org.gradle.internal.operations.DefaultBuildOperationRunner$3.execute(DefaultBuildOperationRunner.java:68)
#10 3.132   	at org.gradle.internal.operations.DefaultBuildOperationRunner.execute(DefaultBuildOperationRunner.java:153)
#10 3.132   	at org.gradle.internal.operations.DefaultBuildOperationRunner.execute(DefaultBuildOperationRunner.java:68)
#10 3.132   	at org.gradle.internal.operations.DefaultBuildOperationRunner.run(DefaultBuildOperationRunner.java:56)
#10 3.132   	at org.gradle.internal.operations.DefaultBuildOperationExecutor.lambda$run$1(DefaultBuildOperationExecutor.java:71)
#10 3.132   	at org.gradle.internal.operations.UnmanagedBuildOperationWrapper.runWithUnmanagedSupport(UnmanagedBuildOperationWrapper.java:45)
#10 3.132   	at org.gradle.internal.operations.DefaultBuildOperationExecutor.run(DefaultBuildOperationExecutor.java:71)
#10 3.132   	at org.gradle.configuration.project.LifecycleProjectEvaluator.evaluate(LifecycleProjectEvaluator.java:63)
#10 3.132   	at org.gradle.api.internal.project.DefaultProject.evaluate(DefaultProject.java:721)
#10 3.132   	at org.gradle.api.internal.project.DefaultProject.evaluate(DefaultProject.java:151)
#10 3.132   	at org.gradle.execution.TaskPathProjectEvaluator.configure(TaskPathProjectEvaluator.java:41)
#10 3.132   	at org.gradle.execution.TaskPathProjectEvaluator.configureHierarchy(TaskPathProjectEvaluator.java:67)
#10 3.132   	at org.gradle.configuration.DefaultProjectsPreparer.prepareProjects(DefaultProjectsPreparer.java:46)
#10 3.132   	at org.gradle.configuration.BuildTreePreparingProjectsPreparer.prepareProjects(BuildTreePreparingProjectsPreparer.java:56)
#10 3.132   	at org.gradle.configuration.BuildOperationFiringProjectsPreparer$ConfigureBuild.run(BuildOperationFiringProjectsPreparer.java:52)
#10 3.132   	at org.gradle.internal.operations.DefaultBuildOperationRunner$1.execute(DefaultBuildOperationRunner.java:29)
#10 3.132   	at org.gradle.internal.operations.DefaultBuildOperationRunner$1.execute(DefaultBuildOperationRunner.java:26)
#10 3.132   	at org.gradle.internal.operations.DefaultBuildOperationRunner$3.execute(DefaultBuildOperationRunner.java:75)
#10 3.132   	at org.gradle.internal.operations.DefaultBuildOperationRunner$3.execute(DefaultBuildOperationRunner.java:68)
#10 3.132   	at org.gradle.internal.operations.DefaultBuildOperationRunner.execute(DefaultBuildOperationRunner.java:153)
#10 3.132   	at org.gradle.internal.operations.DefaultBuildOperationRunner.execute(DefaultBuildOperationRunner.java:68)
#10 3.132   	at org.gradle.internal.operations.DefaultBuildOperationRunner.run(DefaultBuildOperationRunner.java:56)
#10 3.132   	at org.gradle.internal.operations.DefaultBuildOperationExecutor.lambda$run$1(DefaultBuildOperationExecutor.java:71)
#10 3.132   	at org.gradle.internal.operations.UnmanagedBuildOperationWrapper.runWithUnmanagedSupport(UnmanagedBuildOperationWrapper.java:45)
#10 3.132   	at org.gradle.internal.operations.DefaultBuildOperationExecutor.run(DefaultBuildOperationExecutor.java:71)
#10 3.132   	at org.gradle.configuration.BuildOperationFiringProjectsPreparer.prepareProjects(BuildOperationFiringProjectsPreparer.java:40)
#10 3.132   	at org.gradle.initialization.DefaultGradleLauncher.prepareProjects(DefaultGradleLauncher.java:226)
#10 3.132   	at org.gradle.initialization.DefaultGradleLauncher.doClassicBuildStages(DefaultGradleLauncher.java:163)
#10 3.132   	at org.gradle.initialization.DefaultGradleLauncher.doBuildStages(DefaultGradleLauncher.java:148)
#10 3.132   	at org.gradle.initialization.DefaultGradleLauncher.executeTasks(DefaultGradleLauncher.java:124)
#10 3.132   	at org.gradle.internal.invocation.GradleBuildController$1.create(GradleBuildController.java:72)
#10 3.132   	at org.gradle.internal.invocation.GradleBuildController$1.create(GradleBuildController.java:67)
#10 3.132   	at org.gradle.internal.work.DefaultWorkerLeaseService.withLocks(DefaultWorkerLeaseService.java:213)
#10 3.132   	at org.gradle.internal.invocation.GradleBuildController.doBuild(GradleBuildController.java:67)
#10 3.132   	at org.gradle.internal.invocation.GradleBuildController.run(GradleBuildController.java:56)
#10 3.132   	at org.gradle.tooling.internal.provider.ExecuteBuildActionRunner.run(ExecuteBuildActionRunner.java:31)
#10 3.132   	at org.gradle.launcher.exec.ChainingBuildActionRunner.run(ChainingBuildActionRunner.java:35)
#10 3.132   	at org.gradle.launcher.exec.BuildOutcomeReportingBuildActionRunner.run(BuildOutcomeReportingBuildActionRunner.java:63)
#10 3.132   	at org.gradle.tooling.internal.provider.ValidatingBuildActionRunner.run(ValidatingBuildActionRunner.java:32)
#10 3.132   	at org.gradle.tooling.internal.provider.FileSystemWatchingBuildActionRunner.run(FileSystemWatchingBuildActionRunner.java:77)
#10 3.132   	at org.gradle.launcher.exec.BuildCompletionNotifyingBuildActionRunner.run(BuildCompletionNotifyingBuildActionRunner.java:41)
#10 3.132   	at org.gradle.launcher.exec.RunAsBuildOperationBuildActionRunner$3.call(RunAsBuildOperationBuildActionRunner.java:49)
#10 3.132   	at org.gradle.launcher.exec.RunAsBuildOperationBuildActionRunner$3.call(RunAsBuildOperationBuildActionRunner.java:44)
#10 3.132   	at org.gradle.internal.operations.DefaultBuildOperationRunner$CallableBuildOperationWorker.execute(DefaultBuildOperationRunner.java:200)
#10 3.132   	at org.gradle.internal.operations.DefaultBuildOperationRunner$CallableBuildOperationWorker.execute(DefaultBuildOperationRunner.java:195)
#10 3.132   	at org.gradle.internal.operations.DefaultBuildOperationRunner$3.execute(DefaultBuildOperationRunner.java:75)
#10 3.134   	at org.gradle.internal.operations.DefaultBuildOperationRunner$3.execute(DefaultBuildOperationRunner.java:68)
#10 3.134   	at org.gradle.internal.operations.DefaultBuildOperationRunner.execute(DefaultBuildOperationRunner.java:153)
#10 3.134   	at org.gradle.internal.operations.DefaultBuildOperationRunner.execute(DefaultBuildOperationRunner.java:68)
#10 3.134   	at org.gradle.internal.operations.DefaultBuildOperationRunner.call(DefaultBuildOperationRunner.java:62)
#10 3.134   	at org.gradle.internal.operations.DefaultBuildOperationExecutor.lambda$call$2(DefaultBuildOperationExecutor.java:76)
#10 3.134   	at org.gradle.internal.operations.UnmanagedBuildOperationWrapper.callWithUnmanagedSupport(UnmanagedBuildOperationWrapper.java:54)
#10 3.134   	at org.gradle.internal.operations.DefaultBuildOperationExecutor.call(DefaultBuildOperationExecutor.java:76)
#10 3.134   	at org.gradle.launcher.exec.RunAsBuildOperationBuildActionRunner.run(RunAsBuildOperationBuildActionRunner.java:44)
#10 3.134   	at org.gradle.launcher.exec.InProcessBuildActionExecuter.lambda$execute$0(InProcessBuildActionExecuter.java:54)
#10 3.134   	at org.gradle.composite.internal.DefaultRootBuildState.run(DefaultRootBuildState.java:86)
#10 3.134   	at org.gradle.launcher.exec.InProcessBuildActionExecuter.execute(InProcessBuildActionExecuter.java:53)
#10 3.134   	at org.gradle.launcher.exec.InProcessBuildActionExecuter.execute(InProcessBuildActionExecuter.java:29)
#10 3.134   	at org.gradle.launcher.exec.BuildTreeScopeLifecycleBuildActionExecuter.lambda$execute$0(BuildTreeScopeLifecycleBuildActionExecuter.java:33)
#10 3.134   	at org.gradle.internal.buildtree.BuildTreeState.run(BuildTreeState.java:49)
#10 3.134   	at org.gradle.launcher.exec.BuildTreeScopeLifecycleBuildActionExecuter.execute(BuildTreeScopeLifecycleBuildActionExecuter.java:32)
#10 3.134   	at org.gradle.launcher.exec.BuildTreeScopeLifecycleBuildActionExecuter.execute(BuildTreeScopeLifecycleBuildActionExecuter.java:27)
#10 3.134   	at org.gradle.tooling.internal.provider.ContinuousBuildActionExecuter.execute(ContinuousBuildActionExecuter.java:104)
#10 3.134   	at org.gradle.tooling.internal.provider.ContinuousBuildActionExecuter.execute(ContinuousBuildActionExecuter.java:55)
#10 3.134   	at org.gradle.tooling.internal.provider.SubscribableBuildActionExecuter.execute(SubscribableBuildActionExecuter.java:64)
#10 3.134   	at org.gradle.tooling.internal.provider.SubscribableBuildActionExecuter.execute(SubscribableBuildActionExecuter.java:37)
#10 3.134   	at org.gradle.tooling.internal.provider.SessionScopeLifecycleBuildActionExecuter.lambda$execute$0(SessionScopeLifecycleBuildActionExecuter.java:54)
#10 3.134   	at org.gradle.internal.session.BuildSessionState.run(BuildSessionState.java:67)
#10 3.135   	at org.gradle.tooling.internal.provider.SessionScopeLifecycleBuildActionExecuter.execute(SessionScopeLifecycleBuildActionExecuter.java:50)
#10 3.135   	at org.gradle.tooling.internal.provider.SessionScopeLifecycleBuildActionExecuter.execute(SessionScopeLifecycleBuildActionExecuter.java:36)
#10 3.135   	at org.gradle.tooling.internal.provider.GradleThreadBuildActionExecuter.execute(GradleThreadBuildActionExecuter.java:36)
#10 3.135   	at org.gradle.tooling.internal.provider.GradleThreadBuildActionExecuter.execute(GradleThreadBuildActionExecuter.java:25)
#10 3.135   	at org.gradle.tooling.internal.provider.StartParamsValidatingActionExecuter.execute(StartParamsValidatingActionExecuter.java:59)
#10 3.135   	at org.gradle.tooling.internal.provider.StartParamsValidatingActionExecuter.execute(StartParamsValidatingActionExecuter.java:31)
#10 3.135   	at org.gradle.tooling.internal.provider.SessionFailureReportingActionExecuter.execute(SessionFailureReportingActionExecuter.java:55)
#10 3.135   	at org.gradle.tooling.internal.provider.SessionFailureReportingActionExecuter.execute(SessionFailureReportingActionExecuter.java:41)
#10 3.135   	at org.gradle.tooling.internal.provider.SetupLoggingActionExecuter.execute(SetupLoggingActionExecuter.java:47)
#10 3.135   	at org.gradle.tooling.internal.provider.SetupLoggingActionExecuter.execute(SetupLoggingActionExecuter.java:31)
#10 3.135   	at org.gradle.launcher.daemon.server.exec.ExecuteBuild.doBuild(ExecuteBuild.java:65)
#10 3.135   	at org.gradle.launcher.daemon.server.exec.BuildCommandOnly.execute(BuildCommandOnly.java:37)
#10 3.135   	at org.gradle.launcher.daemon.server.api.DaemonCommandExecution.proceed(DaemonCommandExecution.java:104)
#10 3.135   	at org.gradle.launcher.daemon.server.exec.WatchForDisconnection.execute(WatchForDisconnection.java:39)
#10 3.135   	at org.gradle.launcher.daemon.server.api.DaemonCommandExecution.proceed(DaemonCommandExecution.java:104)
#10 3.135   	at org.gradle.launcher.daemon.server.exec.ResetDeprecationLogger.execute(ResetDeprecationLogger.java:29)
#10 3.135   	at org.gradle.launcher.daemon.server.api.DaemonCommandExecution.proceed(DaemonCommandExecution.java:104)
#10 3.135   	at org.gradle.launcher.daemon.server.exec.RequestStopIfSingleUsedDaemon.execute(RequestStopIfSingleUsedDaemon.java:35)
#10 3.135   	at org.gradle.launcher.daemon.server.api.DaemonCommandExecution.proceed(DaemonCommandExecution.java:104)
#10 3.135   	at org.gradle.launcher.daemon.server.exec.ForwardClientInput$2.create(ForwardClientInput.java:78)
#10 3.135   	at org.gradle.launcher.daemon.server.exec.ForwardClientInput$2.create(ForwardClientInput.java:75)
#10 3.135   	at org.gradle.util.Swapper.swap(Swapper.java:38)
#10 3.135   	at org.gradle.launcher.daemon.server.exec.ForwardClientInput.execute(ForwardClientInput.java:75)
#10 3.135   	at org.gradle.launcher.daemon.server.api.DaemonCommandExecution.proceed(DaemonCommandExecution.java:104)
#10 3.135   	at org.gradle.launcher.daemon.server.exec.LogAndCheckHealth.execute(LogAndCheckHealth.java:55)
#10 3.135   	at org.gradle.launcher.daemon.server.api.DaemonCommandExecution.proceed(DaemonCommandExecution.java:104)
#10 3.135   	at org.gradle.launcher.daemon.server.exec.LogToClient.doBuild(LogToClient.java:63)
#10 3.135   	at org.gradle.launcher.daemon.server.exec.BuildCommandOnly.execute(BuildCommandOnly.java:37)
#10 3.135   	at org.gradle.launcher.daemon.server.api.DaemonCommandExecution.proceed(DaemonCommandExecution.java:104)
#10 3.135   	at org.gradle.launcher.daemon.server.exec.EstablishBuildEnvironment.doBuild(EstablishBuildEnvironment.java:84)
#10 3.135   	at org.gradle.launcher.daemon.server.exec.BuildCommandOnly.execute(BuildCommandOnly.java:37)
#10 3.135   	at org.gradle.launcher.daemon.server.api.DaemonCommandExecution.proceed(DaemonCommandExecution.java:104)
#10 3.135   	at org.gradle.launcher.daemon.server.exec.StartBuildOrRespondWithBusy$1.run(StartBuildOrRespondWithBusy.java:52)
#10 3.135   	at org.gradle.launcher.daemon.server.DaemonStateCoordinator$1.run(DaemonStateCoordinator.java:297)
#10 3.135   	at org.gradle.internal.concurrent.ExecutorPolicy$CatchAndRecordFailures.onExecute(ExecutorPolicy.java:64)
#10 3.135   	at org.gradle.internal.concurrent.ManagedExecutorImpl$1.run(ManagedExecutorImpl.java:48)
#10 3.135   	at java.base/java.util.concurrent.ThreadPoolExecutor.runWorker(ThreadPoolExecutor.java:1135)
#10 3.135   	at java.base/java.util.concurrent.ThreadPoolExecutor$Worker.run(ThreadPoolExecutor.java:635)
#10 3.135   	at org.gradle.internal.concurrent.ThreadFactoryImpl$ManagedThreadRunnable.run(ThreadFactoryImpl.java:56)
#10 3.135   	at java.base/java.lang.Thread.run(Thread.java:831)
#10 3.135   
#10 3.135   1 error
#10 3.135 
#10 3.135 
#10 3.135 * Try:
#10 3.135 Run with --stacktrace option to get the stack trace. Run with --info or --debug option to get more log output. Run with --scan to get full insights.
#10 3.135 
#10 3.135 * Get more help at https://help.gradle.org
#10 3.135 
#10 3.135 BUILD FAILED in 2s
#10 ERROR: process "/bin/sh -c gradle build -x test" did not complete successfully: exit code: 1
------
 > [5/5] RUN gradle build -x test:
3.135   
3.135   1 error
3.135 
3.135 
3.135 * Try:
3.135 Run with --stacktrace option to get the stack trace. Run with --info or --debug option to get more log output. Run with --scan to get full insights.
3.135 
3.135 * Get more help at https://help.gradle.org
3.135 
3.135 BUILD FAILED in 2s
------
Dockerfile:6

--------------------

   4 |     RUN apk add --no-cache gradle

   5 |     COPY . /app

   6 | >>> RUN gradle build -x test

   7 |     EXPOSE 8080

   8 |     CMD ["java","-jar","build/libs/vulnerable-app.jar"]

--------------------

failed to solve: process "/bin/sh -c gradle build -x test" did not complete successfully: exit code: 1

