time="2025-10-16T18:58:50+02:00" level=warning msg="/home/gabriele/thesis-project/Agents-for-Vulnerable-Dockers-and-related-Benchmarks/dockers/CVE-2020-11652/custom/docker-compose.yml: the attribute `version` is obsolete, it will be ignored, please remove it to avoid potential confusion"
#1 [internal] load local bake definitions
#1 reading from stdin 715B done
#1 DONE 0.0s

#2 [internal] load build definition from Dockerfile
#2 transferring dockerfile: 158B done
#2 DONE 0.0s

#3 [internal] load metadata for docker.io/library/python:3.8-slim
#3 DONE 0.4s

#4 [internal] load .dockerignore
#4 transferring context: 2B done
#4 DONE 0.0s

#5 [internal] load build context
#5 transferring context: 766B done
#5 DONE 0.0s

#6 [1/4] FROM docker.io/library/python:3.8-slim@sha256:1d52838af602b4b5a831beb13a0e4d073280665ea7be7f69ce2382f29c5a613f
#6 resolve docker.io/library/python:3.8-slim@sha256:1d52838af602b4b5a831beb13a0e4d073280665ea7be7f69ce2382f29c5a613f 0.0s done
#6 DONE 0.0s

#7 [2/4] WORKDIR /app
#7 CACHED

#8 [3/4] RUN pip install flask docker
#8 CACHED

#9 [4/4] COPY app.py /app/app.py
#9 CACHED

#10 exporting to image
#10 exporting layers done
#10 exporting manifest sha256:f11f607770e97e779ac133e46275cf68a6fc2c853d99887822113aad3e113ebb done
#10 exporting config sha256:6fb9b14a641505c22a96ba14574fc2e7c7e412e93bfb9eba8a340f49bfd8ba99 done
#10 exporting attestation manifest sha256:6aa62f1f548ae57f4c2d00708afe7bf8cd405a2bb387ba03fb0bceebcfb06ce9 0.0s done
#10 exporting manifest list sha256:45293dcc66e1a2f19d8e4b5c54be7dad512c6f33e7b74ae6f02ddfae427967a7 0.0s done
#10 naming to docker.io/library/custom-vulnerable_app:latest done
#10 unpacking to docker.io/library/custom-vulnerable_app:latest done
#10 DONE 0.1s

#11 resolving provenance for metadata file
#11 DONE 0.0s
 custom-vulnerable_app  Built
 Network custom_default  Creating
 Network custom_default  Created
 Volume custom_dind-data  Creating
 Volume custom_dind-data  Created
 Container custom-dind-1  Creating
 Container custom-dind-1  Created
 Container custom-vulnerable_app-1  Creating
 Container custom-vulnerable_app-1  Created
 Container custom-dind-1  Starting
 Container custom-dind-1  Started
 Container custom-vulnerable_app-1  Starting
 Container custom-vulnerable_app-1  Started


sudo docker logs b39a8030a4de4497b5c1accc7080a91a15848b56256f3d71dcf69e3c2a762674 --details
STDOUT: 
STDERR:  time="2025-10-16T16:58:53.791732432Z" level=info msg="Starting up"
 time="2025-10-16T16:58:53.792901497Z" level=warning msg="Binding to IP address without --tlsverify is insecure and gives root access on this machine to everyone who has access to your network." host="tcp://0.0.0.0:2375"
 time="2025-10-16T16:58:53.792978467Z" level=warning msg="Binding to an IP address, even on localhost, can also give access to scripts run in a browser. Be safe out there!" host="tcp://0.0.0.0:2375"
 time="2025-10-16T16:58:54.793210183Z" level=warning msg="Binding to an IP address without --tlsverify is deprecated. Startup is intentionally being slowed down to show this message" host="tcp://0.0.0.0:2375"
 time="2025-10-16T16:58:54.793280481Z" level=warning msg="Please consider generating tls certificates with client validation to prevent exposing unauthenticated root access to your network" host="tcp://0.0.0.0:2375"
 time="2025-10-16T16:58:54.793289764Z" level=warning msg="You can override this by explicitly specifying '--tls=false' or '--tlsverify=false'" host="tcp://0.0.0.0:2375"
 time="2025-10-16T16:58:54.793294212Z" level=warning msg="Support for listening on TCP without authentication or explicit intent to run without authentication will be removed in the next release" host="tcp://0.0.0.0:2375"
 time="2025-10-16T16:59:09.799973448Z" level=warning msg="could not change group /var/run/docker.sock to docker: group docker not found"
 time="2025-10-16T16:59:09.801069334Z" level=info msg="libcontainerd: started new containerd process" pid=211
 time="2025-10-16T16:59:09.817497395Z" level=info msg="starting containerd" revision=3dce8eb055cbb6872793272b4f20ed16117344f8 version=v1.6.21
 time="2025-10-16T16:59:09.827323328Z" level=info msg="loading plugin \"io.containerd.content.v1.content\"..." type=io.containerd.content.v1
 time="2025-10-16T16:59:09.828087998Z" level=info msg="loading plugin \"io.containerd.snapshotter.v1.aufs\"..." type=io.containerd.snapshotter.v1
 time="2025-10-16T16:59:09.833911952Z" level=info msg="skip loading plugin \"io.containerd.snapshotter.v1.aufs\"..." error="aufs is not supported (modprobe aufs failed: exit status 1 \"ip: can't find device 'aufs'\\nmodprobe: can't change directory to '/lib/modules': No such file or directory\\n\"): skip plugin" type=io.containerd.snapshotter.v1
 time="2025-10-16T16:59:09.833982844Z" level=info msg="loading plugin \"io.containerd.snapshotter.v1.devmapper\"..." type=io.containerd.snapshotter.v1
 time="2025-10-16T16:59:09.833997987Z" level=warning msg="failed to load plugin io.containerd.snapshotter.v1.devmapper" error="devmapper not configured"
 time="2025-10-16T16:59:09.834005125Z" level=info msg="loading plugin \"io.containerd.snapshotter.v1.native\"..." type=io.containerd.snapshotter.v1
 time="2025-10-16T16:59:09.834503974Z" level=info msg="loading plugin \"io.containerd.snapshotter.v1.overlayfs\"..." type=io.containerd.snapshotter.v1
 time="2025-10-16T16:59:09.834983436Z" level=info msg="loading plugin \"io.containerd.snapshotter.v1.zfs\"..." type=io.containerd.snapshotter.v1
 time="2025-10-16T16:59:09.835161100Z" level=info msg="skip loading plugin \"io.containerd.snapshotter.v1.zfs\"..." error="path /var/lib/docker/containerd/daemon/io.containerd.snapshotter.v1.zfs must be a zfs filesystem to be used with the zfs snapshotter: skip plugin" type=io.containerd.snapshotter.v1
 time="2025-10-16T16:59:09.835192447Z" level=info msg="loading plugin \"io.containerd.metadata.v1.bolt\"..." type=io.containerd.metadata.v1
 time="2025-10-16T16:59:09.835426149Z" level=warning msg="could not use snapshotter devmapper in metadata plugin" error="devmapper not configured"
 time="2025-10-16T16:59:09.835464827Z" level=info msg="metadata content store policy set" policy=shared
 time="2025-10-16T16:59:09.843730362Z" level=info msg="loading plugin \"io.containerd.differ.v1.walking\"..." type=io.containerd.differ.v1
 time="2025-10-16T16:59:09.843767110Z" level=info msg="loading plugin \"io.containerd.event.v1.exchange\"..." type=io.containerd.event.v1
 time="2025-10-16T16:59:09.843778106Z" level=info msg="loading plugin \"io.containerd.gc.v1.scheduler\"..." type=io.containerd.gc.v1
 time="2025-10-16T16:59:09.843946607Z" level=info msg="loading plugin \"io.containerd.service.v1.introspection-service\"..." type=io.containerd.service.v1
 time="2025-10-16T16:59:09.843974675Z" level=info msg="loading plugin \"io.containerd.service.v1.containers-service\"..." type=io.containerd.service.v1
 time="2025-10-16T16:59:09.843987117Z" level=info msg="loading plugin \"io.containerd.service.v1.content-service\"..." type=io.containerd.service.v1
 time="2025-10-16T16:59:09.843994833Z" level=info msg="loading plugin \"io.containerd.service.v1.diff-service\"..." type=io.containerd.service.v1
 time="2025-10-16T16:59:09.844006118Z" level=info msg="loading plugin \"io.containerd.service.v1.images-service\"..." type=io.containerd.service.v1
 time="2025-10-16T16:59:09.844016246Z" level=info msg="loading plugin \"io.containerd.service.v1.leases-service\"..." type=io.containerd.service.v1
 time="2025-10-16T16:59:09.844023769Z" level=info msg="loading plugin \"io.containerd.service.v1.namespaces-service\"..." type=io.containerd.service.v1
 time="2025-10-16T16:59:09.844049714Z" level=info msg="loading plugin \"io.containerd.service.v1.snapshots-service\"..." type=io.containerd.service.v1
 time="2025-10-16T16:59:09.844075660Z" level=info msg="loading plugin \"io.containerd.runtime.v1.linux\"..." type=io.containerd.runtime.v1
 time="2025-10-16T16:59:09.844612897Z" level=info msg="loading plugin \"io.containerd.runtime.v2.task\"..." type=io.containerd.runtime.v2
 time="2025-10-16T16:59:09.844959159Z" level=info msg="loading plugin \"io.containerd.monitor.v1.cgroups\"..." type=io.containerd.monitor.v1
 time="2025-10-16T16:59:09.845160743Z" level=info msg="loading plugin \"io.containerd.service.v1.tasks-service\"..." type=io.containerd.service.v1
 time="2025-10-16T16:59:09.845193247Z" level=info msg="loading plugin \"io.containerd.grpc.v1.introspection\"..." type=io.containerd.grpc.v1
 time="2025-10-16T16:59:09.845203664Z" level=info msg="loading plugin \"io.containerd.internal.v1.restart\"..." type=io.containerd.internal.v1
 time="2025-10-16T16:59:09.845249093Z" level=info msg="loading plugin \"io.containerd.grpc.v1.containers\"..." type=io.containerd.grpc.v1
 time="2025-10-16T16:59:09.845277450Z" level=info msg="loading plugin \"io.containerd.grpc.v1.content\"..." type=io.containerd.grpc.v1
 time="2025-10-16T16:59:09.845288927Z" level=info msg="loading plugin \"io.containerd.grpc.v1.diff\"..." type=io.containerd.grpc.v1
 time="2025-10-16T16:59:09.845296258Z" level=info msg="loading plugin \"io.containerd.grpc.v1.events\"..." type=io.containerd.grpc.v1
 time="2025-10-16T16:59:09.845303009Z" level=info msg="loading plugin \"io.containerd.grpc.v1.healthcheck\"..." type=io.containerd.grpc.v1
 time="2025-10-16T16:59:09.845309857Z" level=info msg="loading plugin \"io.containerd.grpc.v1.images\"..." type=io.containerd.grpc.v1
 time="2025-10-16T16:59:09.845316802Z" level=info msg="loading plugin \"io.containerd.grpc.v1.leases\"..." type=io.containerd.grpc.v1
 time="2025-10-16T16:59:09.845323457Z" level=info msg="loading plugin \"io.containerd.grpc.v1.namespaces\"..." type=io.containerd.grpc.v1
 time="2025-10-16T16:59:09.845349596Z" level=info msg="loading plugin \"io.containerd.internal.v1.opt\"..." type=io.containerd.internal.v1
 time="2025-10-16T16:59:09.846022251Z" level=info msg="loading plugin \"io.containerd.grpc.v1.snapshots\"..." type=io.containerd.grpc.v1
 time="2025-10-16T16:59:09.846051283Z" level=info msg="loading plugin \"io.containerd.grpc.v1.tasks\"..." type=io.containerd.grpc.v1
 time="2025-10-16T16:59:09.846066426Z" level=info msg="loading plugin \"io.containerd.grpc.v1.version\"..." type=io.containerd.grpc.v1
 time="2025-10-16T16:59:09.846073756Z" level=info msg="loading plugin \"io.containerd.tracing.processor.v1.otlp\"..." type=io.containerd.tracing.processor.v1
 time="2025-10-16T16:59:09.846083112Z" level=info msg="skip loading plugin \"io.containerd.tracing.processor.v1.otlp\"..." error="no OpenTelemetry endpoint: skip plugin" type=io.containerd.tracing.processor.v1
 time="2025-10-16T16:59:09.846092468Z" level=info msg="loading plugin \"io.containerd.internal.v1.tracing\"..." type=io.containerd.internal.v1
 time="2025-10-16T16:59:09.846103463Z" level=error msg="failed to initialize a tracing processor \"otlp\"" error="no OpenTelemetry endpoint: skip plugin"
 time="2025-10-16T16:59:09.846305047Z" level=info msg=serving... address=/var/run/docker/containerd/containerd-debug.sock
 time="2025-10-16T16:59:09.846386163Z" level=info msg=serving... address=/var/run/docker/containerd/containerd.sock.ttrpc
 time="2025-10-16T16:59:09.846449629Z" level=info msg=serving... address=/var/run/docker/containerd/containerd.sock
 time="2025-10-16T16:59:09.846509622Z" level=info msg="containerd successfully booted in 0.030666s"
 time="2025-10-16T16:59:09.882714454Z" level=info msg="Loading containers: start."
 time="2025-10-16T16:59:09.973023939Z" level=info msg="Loading containers: done."
 time="2025-10-16T16:59:09.982182329Z" level=warning msg="WARNING: API is accessible on http://0.0.0.0:2375 without encryption.\n         Access to the remote API is equivalent to root access on the host. Refer\n         to the 'Docker daemon attack surface' section in the documentation for\n         more information: https://docs.docker.com/go/attack-surface/"
 time="2025-10-16T16:59:09.982230941Z" level=warning msg="WARNING: No swap limit support"
 time="2025-10-16T16:59:09.982250810Z" level=info msg="Docker daemon" commit=9dbdbd4 graphdriver=overlay2 version=23.0.6
 time="2025-10-16T16:59:09.983400612Z" level=info msg="Daemon has completed initialization"
 time="2025-10-16T16:59:10.054545697Z" level=info msg="API listen on [::]:2375"
 time="2025-10-16T16:59:10.059242419Z" level=info msg="API listen on /var/run/docker.sock"




sudo docker inspect b39a8030a4de4497b5c1accc7080a91a15848b56256f3d71dcf69e3c2a762674[
    {
        "Id": "b39a8030a4de4497b5c1accc7080a91a15848b56256f3d71dcf69e3c2a762674",
        "Created": "2025-10-16T16:58:51.770048159Z",
        "Path": "dockerd-entrypoint.sh",
        "Args": [],
        "State": {
            "Status": "running",
            "Running": true,
            "Paused": false,
            "Restarting": false,
            "OOMKilled": false,
            "Dead": false,
            "Pid": 18529,
            "ExitCode": 0,
            "Error": "",
            "StartedAt": "2025-10-16T16:58:53.25420154Z",
            "FinishedAt": "0001-01-01T00:00:00Z"
        },
        "Image": "sha256:afa5d51349001a4293bab02d2988290db5eae393a83405b1f458c0dd44e2f3ca",
        "ResolvConfPath": "/var/lib/docker/containers/b39a8030a4de4497b5c1accc7080a91a15848b56256f3d71dcf69e3c2a762674/resolv.conf",
        "HostnamePath": "/var/lib/docker/containers/b39a8030a4de4497b5c1accc7080a91a15848b56256f3d71dcf69e3c2a762674/hostname",
        "HostsPath": "/var/lib/docker/containers/b39a8030a4de4497b5c1accc7080a91a15848b56256f3d71dcf69e3c2a762674/hosts",
        "LogPath": "/var/lib/docker/containers/b39a8030a4de4497b5c1accc7080a91a15848b56256f3d71dcf69e3c2a762674/b39a8030a4de4497b5c1accc7080a91a15848b56256f3d71dcf69e3c2a762674-json.log",
        "Name": "/custom-dind-1",
        "RestartCount": 0,
        "Driver": "overlayfs",
        "Platform": "linux",
        "MountLabel": "",
        "ProcessLabel": "",
        "AppArmorProfile": "",
        "ExecIDs": null,
        "HostConfig": {
            "Binds": [
                "custom_dind-data:/var/lib/docker:rw",
                "/run/desktop/mnt/host/wsl/docker-desktop-bind-mounts/Ubuntu/85bae2ead9d613eb16150e89460f06daea72d31beaa1c37c68457a29a0fdba68:/sys/fs/cgroup:rw"
            ],
            "ContainerIDFile": "",
            "LogConfig": {
                "Type": "json-file",
                "Config": {}
            },
            "NetworkMode": "custom_default",
            "PortBindings": {
                "2375/tcp": [
                    {
                        "HostIp": "",
                        "HostPort": "2375"
                    }
                ]
            },
            "RestartPolicy": {
                "Name": "no",
                "MaximumRetryCount": 0
            },
            "AutoRemove": false,
            "VolumeDriver": "",
            "VolumesFrom": null,
            "ConsoleSize": [
                0,
                0
            ],
            "CapAdd": null,
            "CapDrop": null,
            "CgroupnsMode": "private",
            "Dns": null,
            "DnsOptions": null,
            "DnsSearch": null,
            "ExtraHosts": [],
            "GroupAdd": null,
            "IpcMode": "private",
            "Cgroup": "",
            "Links": null,
            "OomScoreAdj": 0,
            "PidMode": "",
            "Privileged": true,
            "PublishAllPorts": false,
            "ReadonlyRootfs": false,
            "SecurityOpt": [
                "label=disable"
            ],
            "UTSMode": "",
            "UsernsMode": "",
            "ShmSize": 67108864,
            "Runtime": "runc",
            "Isolation": "",
            "CpuShares": 0,
            "Memory": 0,
            "NanoCpus": 0,
            "CgroupParent": "",
            "BlkioWeight": 0,
            "BlkioWeightDevice": null,
            "BlkioDeviceReadBps": null,
            "BlkioDeviceWriteBps": null,
            "BlkioDeviceReadIOps": null,
            "BlkioDeviceWriteIOps": null,
            "CpuPeriod": 0,
            "CpuQuota": 0,
            "CpuRealtimePeriod": 0,
            "CpuRealtimeRuntime": 0,
            "CpusetCpus": "",
            "CpusetMems": "",
            "Devices": null,
            "DeviceCgroupRules": null,
            "DeviceRequests": null,
            "MemoryReservation": 0,
            "MemorySwap": 0,
            "MemorySwappiness": null,
            "OomKillDisable": null,
            "PidsLimit": null,
            "Ulimits": null,
            "CpuCount": 0,
            "CpuPercent": 0,
            "IOMaximumIOps": 0,
            "IOMaximumBandwidth": 0,
            "MaskedPaths": null,
            "ReadonlyPaths": null
        },
        "GraphDriver": {
            "Data": null,
            "Name": "overlayfs"
        },
        "Mounts": [
            {
                "Type": "volume",
                "Name": "custom_dind-data",
                "Source": "/var/lib/docker/volumes/custom_dind-data/_data",
                "Destination": "/var/lib/docker",
                "Driver": "local",
                "Mode": "rw",
                "RW": true,
                "Propagation": ""
            },
            {
                "Type": "bind",
                "Source": "/run/desktop/mnt/host/wsl/docker-desktop-bind-mounts/Ubuntu/85bae2ead9d613eb16150e89460f06daea72d31beaa1c37c68457a29a0fdba68",
                "Destination": "/sys/fs/cgroup",
                "Mode": "rw",
                "RW": true,
                "Propagation": "rprivate"
            }
        ],
        "Config": {
            "Hostname": "b39a8030a4de",
            "Domainname": "",
            "User": "",
            "AttachStdin": false,
            "AttachStdout": true,
            "AttachStderr": true,
            "ExposedPorts": {
                "2375/tcp": {},
                "2376/tcp": {}
            },
            "Tty": false,
            "OpenStdin": false,
            "StdinOnce": false,
            "Env": [
                "DOCKER_TLS_CERTDIR=",
                "PATH=/usr/local/sbin:/usr/local/bin:/usr/sbin:/usr/bin:/sbin:/bin",
                "DOCKER_VERSION=23.0.6",
                "DOCKER_BUILDX_VERSION=0.11.2",
                "DOCKER_COMPOSE_VERSION=2.22.0",
                "DIND_COMMIT=d58df1fc6c866447ce2cd129af10e5b507705624"
            ],
            "Cmd": null,
            "Image": "docker:23.0-dind",
            "Volumes": {
                "/var/lib/docker": {}
            },
            "WorkingDir": "",
            "Entrypoint": [
                "dockerd-entrypoint.sh"
            ],
            "OnBuild": null,
            "Labels": {
                "com.docker.compose.config-hash": "3f9f96092f5ef1113ca12746f74187340af39d28bf9fb208debf698b88c99e83",
                "com.docker.compose.container-number": "1",
                "com.docker.compose.depends_on": "",
                "com.docker.compose.image": "sha256:afa5d51349001a4293bab02d2988290db5eae393a83405b1f458c0dd44e2f3ca",
                "com.docker.compose.oneoff": "False",
                "com.docker.compose.project": "custom",
                "com.docker.compose.project.config_files": "/home/gabriele/thesis-project/Agents-for-Vulnerable-Dockers-and-related-Benchmarks/dockers/CVE-2020-11652/custom/docker-compose.yml",
                "com.docker.compose.project.working_dir": "/home/gabriele/thesis-project/Agents-for-Vulnerable-Dockers-and-related-Benchmarks/dockers/CVE-2020-11652/custom",
                "com.docker.compose.service": "dind",
                "com.docker.compose.version": "2.40.0",
                "desktop.docker.io/wsl-distro": "Ubuntu"
            },
            "StopTimeout": 1
        },
        "NetworkSettings": {
            "Bridge": "",
            "SandboxID": "11812debf4b9796f6bb6157e78b1dca5b3f4a0ef4751b857e7eb6fb84d68bb9a",
            "SandboxKey": "/var/run/docker/netns/11812debf4b9",
            "Ports": {
                "2375/tcp": [
                    {
                        "HostIp": "0.0.0.0",
                        "HostPort": "2375"
                    },
                    {
                        "HostIp": "::",
                        "HostPort": "2375"
                    }
                ]
            },
            "HairpinMode": false,
            "LinkLocalIPv6Address": "",
            "LinkLocalIPv6PrefixLen": 0,
            "SecondaryIPAddresses": null,
            "SecondaryIPv6Addresses": null,
            "EndpointID": "",
            "Gateway": "",
            "GlobalIPv6Address": "",
            "GlobalIPv6PrefixLen": 0,
            "IPAddress": "",
            "IPPrefixLen": 0,
            "IPv6Gateway": "",
            "MacAddress": "",
            "Networks": {
                "custom_default": {
                    "IPAMConfig": null,
                    "Links": null,
                    "Aliases": [
                        "custom-dind-1",
                        "dind"
                    ],
                    "MacAddress": "c6:89:b5:d4:db:fb",
                    "DriverOpts": null,
                    "GwPriority": 0,
                    "NetworkID": "7d4a3a7f619965a7faa3086a80c119df276f34a022297c67f24275f70b903ce3",
                    "EndpointID": "3f623a9f4989f41449fe903ff9958595f92e37c3a67b8cda8ff31cd9b868e6e0",
                    "Gateway": "172.18.0.1",
                    "IPAddress": "172.18.0.2",
                    "IPPrefixLen": 16,
                    "IPv6Gateway": "",
                    "GlobalIPv6Address": "",
                    "GlobalIPv6PrefixLen": 0,
                    "DNSNames": [
                        "custom-dind-1",
                        "dind",
                        "b39a8030a4de"
                    ]
                }
            }
        },
        "ImageManifestDescriptor": {
            "mediaType": "application/vnd.oci.image.manifest.v1+json",
            "digest": "sha256:283f828961edf69aba8d784ccfdb9d2eacd7a718a67700302331c45b413eb9cb",
            "size": 3327,
            "annotations": {
                "org.opencontainers.image.revision": "09a8b6a03e9ab630f0f62cce43df38a285f80826",
                "org.opencontainers.image.source": "https://github.com/docker-library/docker.git#09a8b6a03e9ab630f0f62cce43df38a285f80826:23/dind",
                "org.opencontainers.image.url": "https://hub.docker.com/_/docker",
                "org.opencontainers.image.version": "23.0.6-dind"
            },
            "platform": {
                "architecture": "amd64",
                "os": "linux"
            }
        }
    }
]

sudo docker logs a7250951f36347bf4b23e1ab7fea5cfe6b8303c1446757581872676aab8331eb --details
STDOUT: 
STDERR:  Traceback (most recent call last):
   File "/usr/local/lib/python3.8/site-packages/urllib3/connection.py", line 199, in _new_conn
     sock = connection.create_connection(
   File "/usr/local/lib/python3.8/site-packages/urllib3/util/connection.py", line 85, in create_connection
     raise err
   File "/usr/local/lib/python3.8/site-packages/urllib3/util/connection.py", line 73, in create_connection
     sock.connect(sa)
 ConnectionRefusedError: [Errno 111] Connection refused
 
 The above exception was the direct cause of the following exception:
 
 Traceback (most recent call last):
   File "/usr/local/lib/python3.8/site-packages/urllib3/connectionpool.py", line 789, in urlopen
     response = self._make_request(
   File "/usr/local/lib/python3.8/site-packages/urllib3/connectionpool.py", line 495, in _make_request
     conn.request(
   File "/usr/local/lib/python3.8/site-packages/urllib3/connection.py", line 441, in request
     self.endheaders()
   File "/usr/local/lib/python3.8/http/client.py", line 1251, in endheaders
     self._send_output(message_body, encode_chunked=encode_chunked)
   File "/usr/local/lib/python3.8/http/client.py", line 1011, in _send_output
     self.send(msg)
   File "/usr/local/lib/python3.8/http/client.py", line 951, in send
     self.connect()
   File "/usr/local/lib/python3.8/site-packages/urllib3/connection.py", line 279, in connect
     self.sock = self._new_conn()
   File "/usr/local/lib/python3.8/site-packages/urllib3/connection.py", line 214, in _new_conn
     raise NewConnectionError(
 urllib3.exceptions.NewConnectionError: <urllib3.connection.HTTPConnection object at 0x7d334a94bb50>: Failed to establish a new connection: [Errno 111] Connection refused
 
 The above exception was the direct cause of the following exception:
 
 Traceback (most recent call last):
   File "/usr/local/lib/python3.8/site-packages/requests/adapters.py", line 667, in send
     resp = conn.urlopen(
   File "/usr/local/lib/python3.8/site-packages/urllib3/connectionpool.py", line 843, in urlopen
     retries = retries.increment(
   File "/usr/local/lib/python3.8/site-packages/urllib3/util/retry.py", line 519, in increment
     raise MaxRetryError(_pool, url, reason) from reason  # type: ignore[arg-type]
 urllib3.exceptions.MaxRetryError: HTTPConnectionPool(host='dind', port=2375): Max retries exceeded with url: /version (Caused by NewConnectionError('<urllib3.connection.HTTPConnection object at 0x7d334a94bb50>: Failed to establish a new connection: [Errno 111] Connection refused'))
 
 During handling of the above exception, another exception occurred:
 
 Traceback (most recent call last):
   File "/usr/local/lib/python3.8/site-packages/docker/api/client.py", line 223, in _retrieve_server_version
     return self.version(api_version=False)["ApiVersion"]
   File "/usr/local/lib/python3.8/site-packages/docker/api/daemon.py", line 181, in version
     return self._result(self._get(url), json=True)
   File "/usr/local/lib/python3.8/site-packages/docker/utils/decorators.py", line 44, in inner
     return f(self, *args, **kwargs)
   File "/usr/local/lib/python3.8/site-packages/docker/api/client.py", line 246, in _get
     return self.get(url, **self._set_request_timeout(kwargs))
   File "/usr/local/lib/python3.8/site-packages/requests/sessions.py", line 602, in get
     return self.request("GET", url, **kwargs)
   File "/usr/local/lib/python3.8/site-packages/requests/sessions.py", line 589, in request
     resp = self.send(prep, **send_kwargs)
   File "/usr/local/lib/python3.8/site-packages/requests/sessions.py", line 703, in send
     r = adapter.send(request, **kwargs)
   File "/usr/local/lib/python3.8/site-packages/requests/adapters.py", line 700, in send
     raise ConnectionError(e, request=request)
 requests.exceptions.ConnectionError: HTTPConnectionPool(host='dind', port=2375): Max retries exceeded with url: /version (Caused by NewConnectionError('<urllib3.connection.HTTPConnection object at 0x7d334a94bb50>: Failed to establish a new connection: [Errno 111] Connection refused'))
 
 The above exception was the direct cause of the following exception:
 
 Traceback (most recent call last):
   File "app.py", line 4, in <module>
     client = docker.from_env()
   File "/usr/local/lib/python3.8/site-packages/docker/client.py", line 94, in from_env
     return cls(
   File "/usr/local/lib/python3.8/site-packages/docker/client.py", line 45, in __init__
     self.api = APIClient(*args, **kwargs)
   File "/usr/local/lib/python3.8/site-packages/docker/api/client.py", line 207, in __init__
     self._version = self._retrieve_server_version()
   File "/usr/local/lib/python3.8/site-packages/docker/api/client.py", line 230, in _retrieve_server_version
     raise DockerException(
 docker.errors.DockerException: Error while fetching server API version: HTTPConnectionPool(host='dind', port=2375): Max retries exceeded with url: /version (Caused by NewConnectionError('<urllib3.connection.HTTPConnection object at 0x7d334a94bb50>: Failed to establish a new connection: [Errno 111] Connection refused'))




sudo docker inspect a7250951f36347bf4b23e1ab7fea5cfe6b8303c1446757581872676aab8331eb[
    {
        "Id": "a7250951f36347bf4b23e1ab7fea5cfe6b8303c1446757581872676aab8331eb",
        "Created": "2025-10-16T16:58:52.430261843Z",
        "Path": "python",
        "Args": [
            "app.py"
        ],
        "State": {
            "Status": "exited",
            "Running": false,
            "Paused": false,
            "Restarting": false,
            "OOMKilled": false,
            "Dead": false,
            "Pid": 0,
            "ExitCode": 1,
            "Error": "",
            "StartedAt": "2025-10-16T16:58:53.656833252Z",
            "FinishedAt": "2025-10-16T16:58:54.258839825Z"
        },
        "Image": "sha256:45293dcc66e1a2f19d8e4b5c54be7dad512c6f33e7b74ae6f02ddfae427967a7",
        "ResolvConfPath": "/var/lib/docker/containers/a7250951f36347bf4b23e1ab7fea5cfe6b8303c1446757581872676aab8331eb/resolv.conf",
        "HostnamePath": "/var/lib/docker/containers/a7250951f36347bf4b23e1ab7fea5cfe6b8303c1446757581872676aab8331eb/hostname",
        "HostsPath": "/var/lib/docker/containers/a7250951f36347bf4b23e1ab7fea5cfe6b8303c1446757581872676aab8331eb/hosts",
        "LogPath": "/var/lib/docker/containers/a7250951f36347bf4b23e1ab7fea5cfe6b8303c1446757581872676aab8331eb/a7250951f36347bf4b23e1ab7fea5cfe6b8303c1446757581872676aab8331eb-json.log",
        "Name": "/custom-vulnerable_app-1",
        "RestartCount": 0,
        "Driver": "overlayfs",
        "Platform": "linux",
        "MountLabel": "",
        "ProcessLabel": "",
        "AppArmorProfile": "",
        "ExecIDs": null,
        "HostConfig": {
            "Binds": null,
            "ContainerIDFile": "",
            "LogConfig": {
                "Type": "json-file",
                "Config": {}
            },
            "NetworkMode": "custom_default",
            "PortBindings": {
                "80/tcp": [
                    {
                        "HostIp": "",
                        "HostPort": "8080"
                    }
                ]
            },
            "RestartPolicy": {
                "Name": "no",
                "MaximumRetryCount": 0
            },
            "AutoRemove": false,
            "VolumeDriver": "",
            "VolumesFrom": null,
            "ConsoleSize": [
                0,
                0
            ],
            "CapAdd": null,
            "CapDrop": null,
            "CgroupnsMode": "private",
            "Dns": null,
            "DnsOptions": null,
            "DnsSearch": null,
            "ExtraHosts": [],
            "GroupAdd": null,
            "IpcMode": "private",
            "Cgroup": "",
            "Links": null,
            "OomScoreAdj": 0,
            "PidMode": "",
            "Privileged": false,
            "PublishAllPorts": false,
            "ReadonlyRootfs": false,
            "SecurityOpt": null,
            "UTSMode": "",
            "UsernsMode": "",
            "ShmSize": 67108864,
            "Runtime": "runc",
            "Isolation": "",
            "CpuShares": 0,
            "Memory": 0,
            "NanoCpus": 0,
            "CgroupParent": "",
            "BlkioWeight": 0,
            "BlkioWeightDevice": null,
            "BlkioDeviceReadBps": null,
            "BlkioDeviceWriteBps": null,
            "BlkioDeviceReadIOps": null,
            "BlkioDeviceWriteIOps": null,
            "CpuPeriod": 0,
            "CpuQuota": 0,
            "CpuRealtimePeriod": 0,
            "CpuRealtimeRuntime": 0,
            "CpusetCpus": "",
            "CpusetMems": "",
            "Devices": null,
            "DeviceCgroupRules": null,
            "DeviceRequests": null,
            "MemoryReservation": 0,
            "MemorySwap": 0,
            "MemorySwappiness": null,
            "OomKillDisable": null,
            "PidsLimit": null,
            "Ulimits": null,
            "CpuCount": 0,
            "CpuPercent": 0,
            "IOMaximumIOps": 0,
            "IOMaximumBandwidth": 0,
            "MaskedPaths": [
                "/proc/asound",
                "/proc/acpi",
                "/proc/interrupts",
                "/proc/kcore",
                "/proc/keys",
                "/proc/latency_stats",
                "/proc/timer_list",
                "/proc/timer_stats",
                "/proc/sched_debug",
                "/proc/scsi",
                "/sys/firmware",
                "/sys/devices/virtual/powercap"
            ],
            "ReadonlyPaths": [
                "/proc/bus",
                "/proc/fs",
                "/proc/irq",
                "/proc/sys",
                "/proc/sysrq-trigger"
            ]
        },
        "GraphDriver": {
            "Data": null,
            "Name": "overlayfs"
        },
        "Mounts": [],
        "Config": {
            "Hostname": "a7250951f363",
            "Domainname": "",
            "User": "",
            "AttachStdin": false,
            "AttachStdout": true,
            "AttachStderr": true,
            "ExposedPorts": {
                "80/tcp": {}
            },
            "Tty": false,
            "OpenStdin": false,
            "StdinOnce": false,
            "Env": [
                "DOCKER_HOST=tcp://dind:2375",
                "PATH=/usr/local/bin:/usr/local/sbin:/usr/local/bin:/usr/sbin:/usr/bin:/sbin:/bin",
                "LANG=C.UTF-8",
                "GPG_KEY=E3FF2839C048B25C084DEBE9B26995E310250568",
                "PYTHON_VERSION=3.8.20"
            ],
            "Cmd": [
                "python",
                "app.py"
            ],
            "Image": "custom-vulnerable_app",
            "Volumes": null,
            "WorkingDir": "/app",
            "Entrypoint": null,
            "OnBuild": null,
            "Labels": {
                "com.docker.compose.config-hash": "afee77933db41b21a4094f9b51e28038775ef4081ac7ca2e2faa10c928a4d6a0",
                "com.docker.compose.container-number": "1",
                "com.docker.compose.depends_on": "dind:service_started:false",
                "com.docker.compose.image": "sha256:45293dcc66e1a2f19d8e4b5c54be7dad512c6f33e7b74ae6f02ddfae427967a7",
                "com.docker.compose.oneoff": "False",
                "com.docker.compose.project": "custom",
                "com.docker.compose.project.config_files": "/home/gabriele/thesis-project/Agents-for-Vulnerable-Dockers-and-related-Benchmarks/dockers/CVE-2020-11652/custom/docker-compose.yml",
                "com.docker.compose.project.working_dir": "/home/gabriele/thesis-project/Agents-for-Vulnerable-Dockers-and-related-Benchmarks/dockers/CVE-2020-11652/custom",
                "com.docker.compose.service": "vulnerable_app",
                "com.docker.compose.version": "2.40.0",
                "desktop.docker.io/wsl-distro": "Ubuntu"
            },
            "StopTimeout": 1
        },
        "NetworkSettings": {
            "Bridge": "",
            "SandboxID": "",
            "SandboxKey": "",
            "Ports": {},
            "HairpinMode": false,
            "LinkLocalIPv6Address": "",
            "LinkLocalIPv6PrefixLen": 0,
            "SecondaryIPAddresses": null,
            "SecondaryIPv6Addresses": null,
            "EndpointID": "",
            "Gateway": "",
            "GlobalIPv6Address": "",
            "GlobalIPv6PrefixLen": 0,
            "IPAddress": "",
            "IPPrefixLen": 0,
            "IPv6Gateway": "",
            "MacAddress": "",
            "Networks": {
                "custom_default": {
                    "IPAMConfig": null,
                    "Links": null,
                    "Aliases": [
                        "custom-vulnerable_app-1",
                        "vulnerable_app"
                    ],
                    "MacAddress": "",
                    "DriverOpts": null,
                    "GwPriority": 0,
                    "NetworkID": "7d4a3a7f619965a7faa3086a80c119df276f34a022297c67f24275f70b903ce3",
                    "EndpointID": "",
                    "Gateway": "",
                    "IPAddress": "",
                    "IPPrefixLen": 0,
                    "IPv6Gateway": "",
                    "GlobalIPv6Address": "",
                    "GlobalIPv6PrefixLen": 0,
                    "DNSNames": [
                        "custom-vulnerable_app-1",
                        "vulnerable_app",
                        "a7250951f363"
                    ]
                }
            }
        },
        "ImageManifestDescriptor": {
            "mediaType": "application/vnd.oci.image.manifest.v1+json",
            "digest": "sha256:f11f607770e97e779ac133e46275cf68a6fc2c853d99887822113aad3e113ebb",
            "size": 1622,
            "platform": {
                "architecture": "amd64",
                "os": "linux"
            }
        }
    }
]