time="2025-10-29T19:50:45+01:00" level=warning msg="/home/gabriele/thesis-project/Agents-for-Vulnerable-Dockers-and-related-Benchmarks/dockers/CVE-2019-14234/custom_no_tool/docker-compose.yml: the attribute `version` is obsolete, it will be ignored, please remove it to avoid potential confusion"
 vulnerable_docker Pulling 
 050382585609 Pulling fs layer 
 7ea1759201de Pulling fs layer 
 0bb4ee3360d7 Pulling fs layer 
 2aa71ee7496c Pulling fs layer 
 893f09c2afb0 Pulling fs layer 
 79c3e800740e Pulling fs layer 
 7ea1759201de Download complete 
 2aa71ee7496c Download complete 
 050382585609 Downloading [=====================================>             ]  2.097MB/2.79MB
 893f09c2afb0 Download complete 
 0bb4ee3360d7 Download complete 
 050382585609 Download complete 
 050382585609 Extracting 1 s
 79c3e800740e Downloading [>                                                  ]  1.049MB/63.79MB
 050382585609 Pull complete 
 79c3e800740e Downloading [=>                                                 ]  2.097MB/63.79MB
 0bb4ee3360d7 Extracting 1 s
 79c3e800740e Downloading [==>                                                ]  3.146MB/63.79MB
 893f09c2afb0 Pull complete 
 0bb4ee3360d7 Pull complete 
 79c3e800740e Downloading [====>                                              ]  5.243MB/63.79MB
 79c3e800740e Downloading [====>                                              ]  6.291MB/63.79MB
 79c3e800740e Downloading [======>                                            ]  8.389MB/63.79MB
 79c3e800740e Downloading [=======>                                           ]  9.437MB/63.79MB
 79c3e800740e Downloading [=========>                                         ]  11.53MB/63.79MB
 79c3e800740e Downloading [=========>                                         ]  12.58MB/63.79MB
 79c3e800740e Downloading [==========>                                        ]  13.63MB/63.79MB
 79c3e800740e Downloading [============>                                      ]  15.73MB/63.79MB
 79c3e800740e Downloading [=============>                                     ]  16.78MB/63.79MB
 79c3e800740e Downloading [=============>                                     ]  17.83MB/63.79MB
 79c3e800740e Downloading [===============>                                   ]  19.92MB/63.79MB
 79c3e800740e Downloading [================>                                  ]  20.97MB/63.79MB
 79c3e800740e Downloading [=================>                                 ]  22.02MB/63.79MB
 79c3e800740e Downloading [==================>                                ]  24.12MB/63.79MB
 79c3e800740e Downloading [===================>                               ]  25.17MB/63.79MB
 79c3e800740e Downloading [====================>                              ]  26.21MB/63.79MB
 79c3e800740e Downloading [=====================>                             ]  27.26MB/63.79MB
 79c3e800740e Downloading [======================>                            ]  28.31MB/63.79MB
 79c3e800740e Downloading [=======================>                           ]  29.36MB/63.79MB
 79c3e800740e Downloading [=======================>                           ]  29.36MB/63.79MB
 79c3e800740e Downloading [=========================>                         ]  32.51MB/63.79MB
 79c3e800740e Downloading [===========================>                       ]   34.6MB/63.79MB
 79c3e800740e Downloading [===========================>                       ]   34.6MB/63.79MB
 79c3e800740e Downloading [============================>                      ]   36.7MB/63.79MB
 79c3e800740e Downloading [=============================>                     ]  37.75MB/63.79MB
 79c3e800740e Downloading [===============================>                   ]  39.85MB/63.79MB
 79c3e800740e Downloading [================================>                  ]  40.89MB/63.79MB
 79c3e800740e Downloading [================================>                  ]  41.94MB/63.79MB
 79c3e800740e Downloading [==================================>                ]  44.04MB/63.79MB
 79c3e800740e Downloading [===================================>               ]  45.09MB/63.79MB
 79c3e800740e Downloading [====================================>              ]  47.19MB/63.79MB
 79c3e800740e Downloading [====================================>              ]  47.19MB/63.79MB
 79c3e800740e Downloading [======================================>            ]  49.28MB/63.79MB
 79c3e800740e Downloading [=======================================>           ]  50.33MB/63.79MB
 79c3e800740e Downloading [========================================>          ]  51.38MB/63.79MB
 79c3e800740e Downloading [=========================================>         ]  52.43MB/63.79MB
 79c3e800740e Downloading [==========================================>        ]  54.53MB/63.79MB
 79c3e800740e Downloading [===========================================>       ]  55.57MB/63.79MB
 79c3e800740e Downloading [============================================>      ]  56.62MB/63.79MB
 79c3e800740e Downloading [=============================================>     ]  57.67MB/63.79MB
 79c3e800740e Downloading [==============================================>    ]  59.77MB/63.79MB
 79c3e800740e Downloading [===============================================>   ]  60.82MB/63.79MB
 79c3e800740e Downloading [================================================>  ]  61.87MB/63.79MB
 79c3e800740e Downloading [==================================================>]  63.79MB/63.79MB
 79c3e800740e Download complete 
 79c3e800740e Extracting 1 s
 79c3e800740e Extracting 1 s
 79c3e800740e Extracting 1 s
 79c3e800740e Extracting 1 s
 79c3e800740e Extracting 1 s
 79c3e800740e Extracting 1 s
 79c3e800740e Extracting 1 s
 79c3e800740e Extracting 1 s
 79c3e800740e Extracting 1 s
 79c3e800740e Extracting 1 s
 7ea1759201de Pull complete 
 2aa71ee7496c Pull complete 
 79c3e800740e Pull complete 
 vulnerable_docker Pulled 
#1 [internal] load local bake definitions
#1 reading from stdin 775B done
#1 DONE 0.0s

#2 [internal] load build definition from Dockerfile
#2 transferring dockerfile:
#2 transferring dockerfile: 119B done
#2 DONE 0.0s

#3 [internal] load metadata for docker.io/library/python:3.9-slim
#3 DONE 1.0s

#4 [internal] load .dockerignore
#4 transferring context: 2B done
#4 DONE 0.0s

#5 [1/4] FROM docker.io/library/python:3.9-slim@sha256:545badebace9a958b98d3e272f0f0d46c0a1a389ac77e24c33f2e7b548ce1b6b
#5 resolve docker.io/library/python:3.9-slim@sha256:545badebace9a958b98d3e272f0f0d46c0a1a389ac77e24c33f2e7b548ce1b6b 0.0s done
#5 DONE 0.0s

#6 [2/4] WORKDIR /app
#6 CACHED

#7 [internal] load build context
#7 transferring context: 1.16kB done
#7 DONE 0.0s

#8 [3/4] COPY exploit.py .
#8 DONE 0.3s

#9 [4/4] RUN pip install docker==4.4.4
#9 2.209 Collecting docker==4.4.4
#9 2.418   Downloading docker-4.4.4-py2.py3-none-any.whl (147 kB)
#9 2.478      ━━━━━━━━━━━━━━━━━━━━━━━━━━━━━━━━━━━━━━━ 147.0/147.0 kB 2.4 MB/s eta 0:00:00
#9 2.539 Collecting six>=1.4.0
#9 2.570   Downloading six-1.17.0-py2.py3-none-any.whl (11 kB)
#9 2.632 Collecting websocket-client>=0.32.0
#9 2.663   Downloading websocket_client-1.9.0-py3-none-any.whl (82 kB)
#9 2.685      ━━━━━━━━━━━━━━━━━━━━━━━━━━━━━━━━━━━━━━━━ 82.6/82.6 kB 3.8 MB/s eta 0:00:00
#9 2.766 Collecting requests!=2.18.0,>=2.14.2
#9 2.795   Downloading requests-2.32.5-py3-none-any.whl (64 kB)
#9 2.806      ━━━━━━━━━━━━━━━━━━━━━━━━━━━━━━━━━━━━━━━━ 64.7/64.7 kB 7.2 MB/s eta 0:00:00
#9 2.851 Collecting idna<4,>=2.5
#9 2.881   Downloading idna-3.11-py3-none-any.whl (71 kB)
#9 2.896      ━━━━━━━━━━━━━━━━━━━━━━━━━━━━━━━━━━━━━━━━ 71.0/71.0 kB 4.8 MB/s eta 0:00:00
#9 2.979 Collecting urllib3<3,>=1.21.1
#9 3.008   Downloading urllib3-2.5.0-py3-none-any.whl (129 kB)
#9 3.029      ━━━━━━━━━━━━━━━━━━━━━━━━━━━━━━━━━━━━━━━ 129.8/129.8 kB 6.5 MB/s eta 0:00:00
#9 3.448 Collecting charset_normalizer<4,>=2
#9 3.481   Downloading charset_normalizer-3.4.4-cp39-cp39-manylinux2014_x86_64.manylinux_2_17_x86_64.manylinux_2_28_x86_64.whl (153 kB)
#9 3.501      ━━━━━━━━━━━━━━━━━━━━━━━━━━━━━━━━━━━━━━━ 154.0/154.0 kB 8.4 MB/s eta 0:00:00
#9 3.551 Collecting certifi>=2017.4.17
#9 3.580   Downloading certifi-2025.10.5-py3-none-any.whl (163 kB)
#9 3.605      ━━━━━━━━━━━━━━━━━━━━━━━━━━━━━━━━━━━━━━━ 163.3/163.3 kB 7.0 MB/s eta 0:00:00
#9 3.717 Installing collected packages: websocket-client, urllib3, six, idna, charset_normalizer, certifi, requests, docker
#9 4.156 Successfully installed certifi-2025.10.5 charset_normalizer-3.4.4 docker-4.4.4 idna-3.11 requests-2.32.5 six-1.17.0 urllib3-2.5.0 websocket-client-1.9.0
#9 4.157 WARNING: Running pip as the 'root' user can result in broken permissions and conflicting behaviour with the system package manager. It is recommended to use a virtual environment instead: https://pip.pypa.io/warnings/venv
#9 4.301 
#9 4.301 [notice] A new release of pip is available: 23.0.1 -> 25.3
#9 4.301 [notice] To update, run: pip install --upgrade pip
#9 DONE 4.4s

#10 exporting to image
#10 exporting layers
#10 exporting layers 0.6s done
#10 exporting manifest sha256:69b9629ba41a01ee880329259a9654d865fbddea1bedbeb637ba78f6043fc6cc 0.0s done
#10 exporting config sha256:7a6bce9940c6092319628bbbd98f77d98909e298756e4d08cb96c5265f26e605 0.0s done
#10 exporting attestation manifest sha256:8ae7e27d1bb4c7b3f21b2c9a950b7a78d35030c8b555f4b8af752084b22ade11 0.0s done
#10 exporting manifest list sha256:f3215cfaa5c3fb6ff9c37bc880d9849364e9ed6335c4648124d94ac8eb39c068 0.0s done
#10 naming to docker.io/library/custom_no_tool-attacker_client:latest done
#10 unpacking to docker.io/library/custom_no_tool-attacker_client:latest
#10 unpacking to docker.io/library/custom_no_tool-attacker_client:latest 0.3s done
#10 DONE 1.0s

#11 resolving provenance for metadata file
#11 DONE 0.0s
 custom_no_tool-attacker_client  Built
 Network custom_no_tool_default  Creating
 Network custom_no_tool_default  Created
 Container custom_no_tool-vulnerable_docker-1  Creating
 Container custom_no_tool-vulnerable_docker-1  Created
 Container custom_no_tool-attacker_client-1  Creating
 Container custom_no_tool-attacker_client-1  Created
 Container custom_no_tool-vulnerable_docker-1  Starting
 Container custom_no_tool-vulnerable_docker-1  Started
 Container custom_no_tool-attacker_client-1  Starting
 Container custom_no_tool-attacker_client-1  Started


sudo docker logs b525566279260b951fc112f05e37623d1fc601dabbad4d748476231467650ae3 --details
STDOUT: 
STDERR:  Traceback (most recent call last):
   File "/usr/local/lib/python3.9/site-packages/urllib3/connection.py", line 198, in _new_conn
     sock = connection.create_connection(
   File "/usr/local/lib/python3.9/site-packages/urllib3/util/connection.py", line 60, in create_connection
     for res in socket.getaddrinfo(host, port, family, socket.SOCK_STREAM):
   File "/usr/local/lib/python3.9/socket.py", line 966, in getaddrinfo
     for res in _socket.getaddrinfo(host, port, family, type, proto, flags):
 socket.gaierror: [Errno -2] Name or service not known
 
 The above exception was the direct cause of the following exception:
 
 Traceback (most recent call last):
   File "/usr/local/lib/python3.9/site-packages/urllib3/connectionpool.py", line 787, in urlopen
     response = self._make_request(
   File "/usr/local/lib/python3.9/site-packages/urllib3/connectionpool.py", line 493, in _make_request
     conn.request(
   File "/usr/local/lib/python3.9/site-packages/urllib3/connection.py", line 494, in request
     self.endheaders()
   File "/usr/local/lib/python3.9/http/client.py", line 1280, in endheaders
     self._send_output(message_body, encode_chunked=encode_chunked)
   File "/usr/local/lib/python3.9/http/client.py", line 1040, in _send_output
     self.send(msg)
   File "/usr/local/lib/python3.9/http/client.py", line 980, in send
     self.connect()
   File "/usr/local/lib/python3.9/site-packages/urllib3/connection.py", line 325, in connect
     self.sock = self._new_conn()
   File "/usr/local/lib/python3.9/site-packages/urllib3/connection.py", line 205, in _new_conn
     raise NameResolutionError(self.host, self, e) from e
 urllib3.exceptions.NameResolutionError: <urllib3.connection.HTTPConnection object at 0x7e17d3df50d0>: Failed to resolve 'vulnerable_docker' ([Errno -2] Name or service not known)
 
 The above exception was the direct cause of the following exception:
 
 Traceback (most recent call last):
   File "/usr/local/lib/python3.9/site-packages/requests/adapters.py", line 644, in send
     resp = conn.urlopen(
   File "/usr/local/lib/python3.9/site-packages/urllib3/connectionpool.py", line 841, in urlopen
     retries = retries.increment(
   File "/usr/local/lib/python3.9/site-packages/urllib3/util/retry.py", line 519, in increment
     raise MaxRetryError(_pool, url, reason) from reason  # type: ignore[arg-type]
 urllib3.exceptions.MaxRetryError: HTTPConnectionPool(host='vulnerable_docker', port=2375): Max retries exceeded with url: /version (Caused by NameResolutionError("<urllib3.connection.HTTPConnection object at 0x7e17d3df50d0>: Failed to resolve 'vulnerable_docker' ([Errno -2] Name or service not known)"))
 
 During handling of the above exception, another exception occurred:
 
 Traceback (most recent call last):
   File "/usr/local/lib/python3.9/site-packages/docker/api/client.py", line 214, in _retrieve_server_version
     return self.version(api_version=False)["ApiVersion"]
   File "/usr/local/lib/python3.9/site-packages/docker/api/daemon.py", line 181, in version
     return self._result(self._get(url), json=True)
   File "/usr/local/lib/python3.9/site-packages/docker/utils/decorators.py", line 46, in inner
     return f(self, *args, **kwargs)
   File "/usr/local/lib/python3.9/site-packages/docker/api/client.py", line 237, in _get
     return self.get(url, **self._set_request_timeout(kwargs))
   File "/usr/local/lib/python3.9/site-packages/requests/sessions.py", line 602, in get
     return self.request("GET", url, **kwargs)
   File "/usr/local/lib/python3.9/site-packages/requests/sessions.py", line 589, in request
     resp = self.send(prep, **send_kwargs)
   File "/usr/local/lib/python3.9/site-packages/requests/sessions.py", line 703, in send
     r = adapter.send(request, **kwargs)
   File "/usr/local/lib/python3.9/site-packages/requests/adapters.py", line 677, in send
     raise ConnectionError(e, request=request)
 requests.exceptions.ConnectionError: HTTPConnectionPool(host='vulnerable_docker', port=2375): Max retries exceeded with url: /version (Caused by NameResolutionError("<urllib3.connection.HTTPConnection object at 0x7e17d3df50d0>: Failed to resolve 'vulnerable_docker' ([Errno -2] Name or service not known)"))
 
 During handling of the above exception, another exception occurred:
 
 Traceback (most recent call last):
   File "/app/exploit.py", line 10, in <module>
     client = docker.from_env()
   File "/usr/local/lib/python3.9/site-packages/docker/client.py", line 96, in from_env
     return cls(
   File "/usr/local/lib/python3.9/site-packages/docker/client.py", line 45, in __init__
     self.api = APIClient(*args, **kwargs)
   File "/usr/local/lib/python3.9/site-packages/docker/api/client.py", line 197, in __init__
     self._version = self._retrieve_server_version()
   File "/usr/local/lib/python3.9/site-packages/docker/api/client.py", line 221, in _retrieve_server_version
     raise DockerException(
 docker.errors.DockerException: Error while fetching server API version: HTTPConnectionPool(host='vulnerable_docker', port=2375): Max retries exceeded with url: /version (Caused by NameResolutionError("<urllib3.connection.HTTPConnection object at 0x7e17d3df50d0>: Failed to resolve 'vulnerable_docker' ([Errno -2] Name or service not known)"))




sudo docker inspect b525566279260b951fc112f05e37623d1fc601dabbad4d748476231467650ae3[
    {
        "Id": "b525566279260b951fc112f05e37623d1fc601dabbad4d748476231467650ae3",
        "Created": "2025-10-29T18:51:03.271908257Z",
        "Path": "python",
        "Args": [
            "exploit.py"
        ],
        "State": {
            "Status": "exited",
            "Running": false,
            "Paused": false,
            "Restarting": false,
            "OOMKilled": false,
            "Dead": false,
            "Pid": 0,
            "ExitCode": 1,
            "Error": "",
            "StartedAt": "2025-10-29T18:51:03.81646561Z",
            "FinishedAt": "2025-10-29T18:51:06.497356357Z"
        },
        "Image": "sha256:f3215cfaa5c3fb6ff9c37bc880d9849364e9ed6335c4648124d94ac8eb39c068",
        "ResolvConfPath": "/var/lib/docker/containers/b525566279260b951fc112f05e37623d1fc601dabbad4d748476231467650ae3/resolv.conf",
        "HostnamePath": "/var/lib/docker/containers/b525566279260b951fc112f05e37623d1fc601dabbad4d748476231467650ae3/hostname",
        "HostsPath": "/var/lib/docker/containers/b525566279260b951fc112f05e37623d1fc601dabbad4d748476231467650ae3/hosts",
        "LogPath": "/var/lib/docker/containers/b525566279260b951fc112f05e37623d1fc601dabbad4d748476231467650ae3/b525566279260b951fc112f05e37623d1fc601dabbad4d748476231467650ae3-json.log",
        "Name": "/custom_no_tool-attacker_client-1",
        "RestartCount": 0,
        "Driver": "overlayfs",
        "Platform": "linux",
        "MountLabel": "",
        "ProcessLabel": "",
        "AppArmorProfile": "",
        "ExecIDs": null,
        "HostConfig": {
            "Binds": null,
            "ContainerIDFile": "",
            "LogConfig": {
                "Type": "json-file",
                "Config": {}
            },
            "NetworkMode": "custom_no_tool_default",
            "PortBindings": {},
            "RestartPolicy": {
                "Name": "no",
                "MaximumRetryCount": 0
            },
            "AutoRemove": false,
            "VolumeDriver": "",
            "VolumesFrom": null,
            "ConsoleSize": [
                0,
                0
            ],
            "CapAdd": null,
            "CapDrop": null,
            "CgroupnsMode": "private",
            "Dns": null,
            "DnsOptions": null,
            "DnsSearch": null,
            "ExtraHosts": [],
            "GroupAdd": null,
            "IpcMode": "private",
            "Cgroup": "",
            "Links": null,
            "OomScoreAdj": 0,
            "PidMode": "",
            "Privileged": false,
            "PublishAllPorts": false,
            "ReadonlyRootfs": false,
            "SecurityOpt": null,
            "UTSMode": "",
            "UsernsMode": "",
            "ShmSize": 67108864,
            "Runtime": "runc",
            "Isolation": "",
            "CpuShares": 0,
            "Memory": 0,
            "NanoCpus": 0,
            "CgroupParent": "",
            "BlkioWeight": 0,
            "BlkioWeightDevice": null,
            "BlkioDeviceReadBps": null,
            "BlkioDeviceWriteBps": null,
            "BlkioDeviceReadIOps": null,
            "BlkioDeviceWriteIOps": null,
            "CpuPeriod": 0,
            "CpuQuota": 0,
            "CpuRealtimePeriod": 0,
            "CpuRealtimeRuntime": 0,
            "CpusetCpus": "",
            "CpusetMems": "",
            "Devices": null,
            "DeviceCgroupRules": null,
            "DeviceRequests": null,
            "MemoryReservation": 0,
            "MemorySwap": 0,
            "MemorySwappiness": null,
            "OomKillDisable": null,
            "PidsLimit": null,
            "Ulimits": null,
            "CpuCount": 0,
            "CpuPercent": 0,
            "IOMaximumIOps": 0,
            "IOMaximumBandwidth": 0,
            "MaskedPaths": [
                "/proc/asound",
                "/proc/acpi",
                "/proc/interrupts",
                "/proc/kcore",
                "/proc/keys",
                "/proc/latency_stats",
                "/proc/timer_list",
                "/proc/timer_stats",
                "/proc/sched_debug",
                "/proc/scsi",
                "/sys/firmware",
                "/sys/devices/virtual/powercap"
            ],
            "ReadonlyPaths": [
                "/proc/bus",
                "/proc/fs",
                "/proc/irq",
                "/proc/sys",
                "/proc/sysrq-trigger"
            ]
        },
        "GraphDriver": {
            "Data": null,
            "Name": "overlayfs"
        },
        "Mounts": [],
        "Config": {
            "Hostname": "b52556627926",
            "Domainname": "",
            "User": "",
            "AttachStdin": false,
            "AttachStdout": true,
            "AttachStderr": true,
            "Tty": false,
            "OpenStdin": false,
            "StdinOnce": false,
            "Env": [
                "DOCKER_HOST=tcp://vulnerable_docker:2375",
                "PATH=/usr/local/bin:/usr/local/sbin:/usr/local/bin:/usr/sbin:/usr/bin:/sbin:/bin",
                "LANG=C.UTF-8",
                "GPG_KEY=E3FF2839C048B25C084DEBE9B26995E310250568",
                "PYTHON_VERSION=3.9.24",
                "PYTHON_SHA256=668391afabd5083faafa4543753d190f82f33ce6ba22d6e9ac728b43644b278a"
            ],
            "Cmd": [
                "python",
                "exploit.py"
            ],
            "Image": "custom_no_tool-attacker_client",
            "Volumes": null,
            "WorkingDir": "/app",
            "Entrypoint": null,
            "OnBuild": null,
            "Labels": {
                "com.docker.compose.config-hash": "4d990fbcefbfb102317b97de90b487741c76b49904905c502607a2049339b369",
                "com.docker.compose.container-number": "1",
                "com.docker.compose.depends_on": "vulnerable_docker:service_started:false",
                "com.docker.compose.image": "sha256:f3215cfaa5c3fb6ff9c37bc880d9849364e9ed6335c4648124d94ac8eb39c068",
                "com.docker.compose.oneoff": "False",
                "com.docker.compose.project": "custom_no_tool",
                "com.docker.compose.project.config_files": "/home/gabriele/thesis-project/Agents-for-Vulnerable-Dockers-and-related-Benchmarks/dockers/CVE-2019-14234/custom_no_tool/docker-compose.yml",
                "com.docker.compose.project.working_dir": "/home/gabriele/thesis-project/Agents-for-Vulnerable-Dockers-and-related-Benchmarks/dockers/CVE-2019-14234/custom_no_tool",
                "com.docker.compose.service": "attacker_client",
                "com.docker.compose.version": "2.40.2",
                "desktop.docker.io/wsl-distro": "Ubuntu"
            },
            "StopTimeout": 1
        },
        "NetworkSettings": {
            "Bridge": "",
            "SandboxID": "",
            "SandboxKey": "",
            "Ports": {},
            "HairpinMode": false,
            "LinkLocalIPv6Address": "",
            "LinkLocalIPv6PrefixLen": 0,
            "SecondaryIPAddresses": null,
            "SecondaryIPv6Addresses": null,
            "EndpointID": "",
            "Gateway": "",
            "GlobalIPv6Address": "",
            "GlobalIPv6PrefixLen": 0,
            "IPAddress": "",
            "IPPrefixLen": 0,
            "IPv6Gateway": "",
            "MacAddress": "",
            "Networks": {
                "custom_no_tool_default": {
                    "IPAMConfig": null,
                    "Links": null,
                    "Aliases": [
                        "custom_no_tool-attacker_client-1",
                        "attacker_client"
                    ],
                    "MacAddress": "",
                    "DriverOpts": null,
                    "GwPriority": 0,
                    "NetworkID": "eb236a53b6e6e4ee3e7c9753aa2c52d389af0112cec86ccbc9ae5f67571d62f7",
                    "EndpointID": "",
                    "Gateway": "",
                    "IPAddress": "",
                    "IPPrefixLen": 0,
                    "IPv6Gateway": "",
                    "GlobalIPv6Address": "",
                    "GlobalIPv6PrefixLen": 0,
                    "DNSNames": [
                        "custom_no_tool-attacker_client-1",
                        "attacker_client",
                        "b52556627926"
                    ]
                }
            }
        },
        "ImageManifestDescriptor": {
            "mediaType": "application/vnd.oci.image.manifest.v1+json",
            "digest": "sha256:69b9629ba41a01ee880329259a9654d865fbddea1bedbeb637ba78f6043fc6cc",
            "size": 1622,
            "platform": {
                "architecture": "amd64",
                "os": "linux"
            }
        }
    }
]