time="2025-11-12T23:06:57+01:00" level=warning msg="/home/gabriele/thesis-project/Agents-for-Vulnerable-Dockers-and-related-Benchmarks/dockers/CVE-2020-9402/custom_no_tool/docker-compose.yml: the attribute `version` is obsolete, it will be ignored, please remove it to avoid potential confusion"
#1 [internal] load local bake definitions
#1 reading from stdin 701B done
#1 DONE 0.0s

#2 [internal] load build definition from Dockerfile
#2 transferring dockerfile: 508B done
#2 DONE 0.0s

#3 [internal] load metadata for docker.io/library/python:3.8
#3 DONE 1.0s

#4 [internal] load .dockerignore
#4 transferring context: 2B done
#4 DONE 0.0s

#5 [1/5] FROM docker.io/library/python:3.8@sha256:d411270700143fa2683cc8264d9fa5d3279fd3b6afff62ae81ea2f9d070e390c
#5 resolve docker.io/library/python:3.8@sha256:d411270700143fa2683cc8264d9fa5d3279fd3b6afff62ae81ea2f9d070e390c 0.0s done
#5 DONE 0.0s

#6 [internal] load build context
#6 transferring context: 4.61kB done
#6 DONE 0.0s

#7 [2/5] WORKDIR /app
#7 CACHED

#8 [3/5] COPY . /app
#8 DONE 0.0s

#9 [4/5] RUN pip install django==3.0.3 cx_Oracle
#9 1.582 Collecting django==3.0.3
#9 1.707   Downloading Django-3.0.3-py3-none-any.whl (7.5 MB)
#9 2.322      ━━━━━━━━━━━━━━━━━━━━━━━━━━━━━━━━━━━━━━━━ 7.5/7.5 MB 12.2 MB/s eta 0:00:00
#9 2.482 Collecting cx_Oracle
#9 2.504   Downloading cx_Oracle-8.3.0-cp38-cp38-manylinux_2_5_x86_64.manylinux1_x86_64.manylinux_2_12_x86_64.manylinux2010_x86_64.whl (891 kB)
#9 2.583      ━━━━━━━━━━━━━━━━━━━━━━━━━━━━━━━━━━━━━━ 891.5/891.5 kB 11.7 MB/s eta 0:00:00
#9 2.680 Collecting pytz
#9 2.700   Downloading pytz-2025.2-py2.py3-none-any.whl (509 kB)
#9 2.750      ━━━━━━━━━━━━━━━━━━━━━━━━━━━━━━━━━━━━━━ 509.2/509.2 kB 10.7 MB/s eta 0:00:00
#9 2.793 Collecting sqlparse>=0.2.2
#9 2.816   Downloading sqlparse-0.5.3-py3-none-any.whl (44 kB)
#9 2.823      ━━━━━━━━━━━━━━━━━━━━━━━━━━━━━━━━━━━━━━━━ 44.4/44.4 kB 7.5 MB/s eta 0:00:00
#9 2.880 Collecting asgiref~=3.2
#9 2.901   Downloading asgiref-3.8.1-py3-none-any.whl (23 kB)
#9 2.966 Collecting typing-extensions>=4
#9 2.988   Downloading typing_extensions-4.13.2-py3-none-any.whl (45 kB)
#9 2.995      ━━━━━━━━━━━━━━━━━━━━━━━━━━━━━━━━━━━━━━━━ 45.8/45.8 kB 8.2 MB/s eta 0:00:00
#9 3.063 Installing collected packages: pytz, cx_Oracle, typing-extensions, sqlparse, asgiref, django
#9 5.003 Successfully installed asgiref-3.8.1 cx_Oracle-8.3.0 django-3.0.3 pytz-2025.2 sqlparse-0.5.3 typing-extensions-4.13.2
#9 5.004 WARNING: Running pip as the 'root' user can result in broken permissions and conflicting behaviour with the system package manager. It is recommended to use a virtual environment instead: https://pip.pypa.io/warnings/venv
#9 5.171 
#9 5.171 [notice] A new release of pip is available: 23.0.1 -> 25.0.1
#9 5.171 [notice] To update, run: pip install --upgrade pip
#9 DONE 5.4s

#10 [5/5] RUN python manage.py migrate &&     python manage.py loaddata initial_data.json
#10 0.504 Traceback (most recent call last):
#10 0.504   File "/usr/local/lib/python3.8/site-packages/django/db/backends/base/base.py", line 220, in ensure_connection
#10 0.504     self.connect()
#10 0.504   File "/usr/local/lib/python3.8/site-packages/django/utils/asyncio.py", line 26, in inner
#10 0.504     return func(*args, **kwargs)
#10 0.504   File "/usr/local/lib/python3.8/site-packages/django/db/backends/base/base.py", line 197, in connect
#10 0.504     self.connection = self.get_new_connection(conn_params)
#10 0.504   File "/usr/local/lib/python3.8/site-packages/django/utils/asyncio.py", line 26, in inner
#10 0.504     return func(*args, **kwargs)
#10 0.504   File "/usr/local/lib/python3.8/site-packages/django/db/backends/oracle/base.py", line 228, in get_new_connection
#10 0.504     return Database.connect(
#10 0.504 cx_Oracle.DatabaseError: DPI-1047: Cannot locate a 64-bit Oracle Client library: "libclntsh.so: cannot open shared object file: No such file or directory". See https://cx-oracle.readthedocs.io/en/latest/user_guide/installation.html for help
#10 0.504 
#10 0.504 The above exception was the direct cause of the following exception:
#10 0.504 
#10 0.504 Traceback (most recent call last):
#10 0.504   File "manage.py", line 18, in <module>
#10 0.504     main()
#10 0.504   File "manage.py", line 15, in main
#10 0.504     execute_from_command_line(sys.argv)
#10 0.504   File "/usr/local/lib/python3.8/site-packages/django/core/management/__init__.py", line 401, in execute_from_command_line
#10 0.504     utility.execute()
#10 0.504   File "/usr/local/lib/python3.8/site-packages/django/core/management/__init__.py", line 395, in execute
#10 0.504     self.fetch_command(subcommand).run_from_argv(self.argv)
#10 0.504   File "/usr/local/lib/python3.8/site-packages/django/core/management/base.py", line 328, in run_from_argv
#10 0.504     self.execute(*args, **cmd_options)
#10 0.504   File "/usr/local/lib/python3.8/site-packages/django/core/management/base.py", line 369, in execute
#10 0.504     output = self.handle(*args, **options)
#10 0.504   File "/usr/local/lib/python3.8/site-packages/django/core/management/base.py", line 83, in wrapped
#10 0.504     res = handle_func(*args, **kwargs)
#10 0.504   File "/usr/local/lib/python3.8/site-packages/django/core/management/commands/migrate.py", line 86, in handle
#10 0.504     executor = MigrationExecutor(connection, self.migration_progress_callback)
#10 0.504   File "/usr/local/lib/python3.8/site-packages/django/db/migrations/executor.py", line 18, in __init__
#10 0.504     self.loader = MigrationLoader(self.connection)
#10 0.504   File "/usr/local/lib/python3.8/site-packages/django/db/migrations/loader.py", line 49, in __init__
#10 0.504     self.build_graph()
#10 0.504   File "/usr/local/lib/python3.8/site-packages/django/db/migrations/loader.py", line 212, in build_graph
#10 0.504     self.applied_migrations = recorder.applied_migrations()
#10 0.504   File "/usr/local/lib/python3.8/site-packages/django/db/migrations/recorder.py", line 76, in applied_migrations
#10 0.504     if self.has_table():
#10 0.504   File "/usr/local/lib/python3.8/site-packages/django/db/migrations/recorder.py", line 56, in has_table
#10 0.504     return self.Migration._meta.db_table in self.connection.introspection.table_names(self.connection.cursor())
#10 0.504   File "/usr/local/lib/python3.8/site-packages/django/utils/asyncio.py", line 26, in inner
#10 0.504     return func(*args, **kwargs)
#10 0.504   File "/usr/local/lib/python3.8/site-packages/django/db/backends/base/base.py", line 260, in cursor
#10 0.504     return self._cursor()
#10 0.504   File "/usr/local/lib/python3.8/site-packages/django/db/backends/base/base.py", line 236, in _cursor
#10 0.504     self.ensure_connection()
#10 0.504   File "/usr/local/lib/python3.8/site-packages/django/utils/asyncio.py", line 26, in inner
#10 0.504     return func(*args, **kwargs)
#10 0.504   File "/usr/local/lib/python3.8/site-packages/django/db/backends/base/base.py", line 220, in ensure_connection
#10 0.504     self.connect()
#10 0.504   File "/usr/local/lib/python3.8/site-packages/django/db/utils.py", line 90, in __exit__
#10 0.504     raise dj_exc_value.with_traceback(traceback) from exc_value
#10 0.504   File "/usr/local/lib/python3.8/site-packages/django/db/backends/base/base.py", line 220, in ensure_connection
#10 0.504     self.connect()
#10 0.504   File "/usr/local/lib/python3.8/site-packages/django/utils/asyncio.py", line 26, in inner
#10 0.504     return func(*args, **kwargs)
#10 0.504   File "/usr/local/lib/python3.8/site-packages/django/db/backends/base/base.py", line 197, in connect
#10 0.504     self.connection = self.get_new_connection(conn_params)
#10 0.504   File "/usr/local/lib/python3.8/site-packages/django/utils/asyncio.py", line 26, in inner
#10 0.504     return func(*args, **kwargs)
#10 0.504   File "/usr/local/lib/python3.8/site-packages/django/db/backends/oracle/base.py", line 228, in get_new_connection
#10 0.504     return Database.connect(
#10 0.504 django.db.utils.DatabaseError: DPI-1047: Cannot locate a 64-bit Oracle Client library: "libclntsh.so: cannot open shared object file: No such file or directory". See https://cx-oracle.readthedocs.io/en/latest/user_guide/installation.html for help
#10 ERROR: process "/bin/sh -c python manage.py migrate &&     python manage.py loaddata initial_data.json" did not complete successfully: exit code: 1
------
 > [5/5] RUN python manage.py migrate &&     python manage.py loaddata initial_data.json:
0.504     self.connect()
0.504   File "/usr/local/lib/python3.8/site-packages/django/utils/asyncio.py", line 26, in inner
0.504     return func(*args, **kwargs)
0.504   File "/usr/local/lib/python3.8/site-packages/django/db/backends/base/base.py", line 197, in connect
0.504     self.connection = self.get_new_connection(conn_params)
0.504   File "/usr/local/lib/python3.8/site-packages/django/utils/asyncio.py", line 26, in inner
0.504     return func(*args, **kwargs)
0.504   File "/usr/local/lib/python3.8/site-packages/django/db/backends/oracle/base.py", line 228, in get_new_connection
0.504     return Database.connect(
0.504 django.db.utils.DatabaseError: DPI-1047: Cannot locate a 64-bit Oracle Client library: "libclntsh.so: cannot open shared object file: No such file or directory". See https://cx-oracle.readthedocs.io/en/latest/user_guide/installation.html for help
------
Dockerfile:14

--------------------

  13 |     # Setup Django

  14 | >>> RUN python manage.py migrate && \

  15 | >>>     python manage.py loaddata initial_data.json

  16 |     

--------------------

failed to solve: process "/bin/sh -c python manage.py migrate &&     python manage.py loaddata initial_data.json" did not complete successfully: exit code: 1

