time="2025-11-02T14:06:58+01:00" level=warning msg="/home/gabriele/thesis-project/Agents-for-Vulnerable-Dockers-and-related-Benchmarks/dockers/CVE-2017-8386/custom_no_tool/docker-compose.yml: the attribute `version` is obsolete, it will be ignored, please remove it to avoid potential confusion"
#1 [internal] load local bake definitions
#1 reading from stdin 757B done
#1 DONE 0.0s

#2 [internal] load build definition from Dockerfile
#2 transferring dockerfile: 668B done
#2 DONE 0.0s

#3 [internal] load metadata for docker.io/library/maven:3.9-eclipse-temurin-8
#3 ...

#4 [internal] load metadata for docker.io/library/tomcat:8.5-jre8
#4 DONE 0.4s

#3 [internal] load metadata for docker.io/library/maven:3.9-eclipse-temurin-8
#3 DONE 1.5s

#5 [internal] load .dockerignore
#5 transferring context: 2B done
#5 DONE 0.0s

#6 [stage-1 1/5] FROM docker.io/library/tomcat:8.5-jre8@sha256:e3ca75a4b11560bfb30894c3fa5d066ff0105e2e8e1ad183711df97606321e51
#6 resolve docker.io/library/tomcat:8.5-jre8@sha256:e3ca75a4b11560bfb30894c3fa5d066ff0105e2e8e1ad183711df97606321e51 0.0s done
#6 DONE 0.0s

#7 [internal] load build context
#7 transferring context: 5.41kB done
#7 DONE 0.0s

#8 [build 1/5] FROM docker.io/library/maven:3.9-eclipse-temurin-8@sha256:8452f1be4557e793a696f30ba1976c06a3c80fe45c2765accbd30ef61824e621
#8 resolve docker.io/library/maven:3.9-eclipse-temurin-8@sha256:8452f1be4557e793a696f30ba1976c06a3c80fe45c2765accbd30ef61824e621 0.0s done
#8 DONE 0.2s

#8 [build 1/5] FROM docker.io/library/maven:3.9-eclipse-temurin-8@sha256:8452f1be4557e793a696f30ba1976c06a3c80fe45c2765accbd30ef61824e621
#8 sha256:536fdf568050d4f08a078cf8075c470c6c6d40691c3359644af9a6669cdeee62 0B / 154B 0.2s
#8 sha256:7636c664c2e456d6048d57293949c86783519d2a8d76d65152e2178786f22e8f 0B / 847B 0.2s
#8 sha256:4d5b560adb639699c709c750252aa70874f53a83f6726378ed8fe9615f7cce93 0B / 9.24MB 0.2s
#8 sha256:fea18494d59e357c459db682910aa6ff06ef373b93957f89f4f153e78a3db18c 0B / 22.54MB 0.2s
#8 sha256:536fdf568050d4f08a078cf8075c470c6c6d40691c3359644af9a6669cdeee62 154B / 154B 0.3s done
#8 sha256:7636c664c2e456d6048d57293949c86783519d2a8d76d65152e2178786f22e8f 847B / 847B 0.4s done
#8 sha256:52c054cf84e2b26e93c06c3cc3a079e32b837cc64f8ce4cf712d05f9c7c849cf 0B / 2.31kB 0.2s
#8 sha256:61a656fd7504979ebcab99066bc8d3a5ee06e74f190e09c93f4843cb21721f5c 0B / 127B 0.2s
#8 sha256:52c054cf84e2b26e93c06c3cc3a079e32b837cc64f8ce4cf712d05f9c7c849cf 2.31kB / 2.31kB 0.3s done
#8 sha256:4d5b560adb639699c709c750252aa70874f53a83f6726378ed8fe9615f7cce93 1.05MB / 9.24MB 0.9s
#8 sha256:61a656fd7504979ebcab99066bc8d3a5ee06e74f190e09c93f4843cb21721f5c 127B / 127B 0.4s done
#8 sha256:3ff219c2be2046300b285dba1fe6c269e97225129e6b2270c307dce2d0f05a99 0B / 54.74MB 0.2s
#8 sha256:f6e91cbd4e78d9d306ff5f16ab0fb2c03a620508658d76b6ee6cf5b590183001 0B / 16.97MB 0.2s
#8 sha256:4d5b560adb639699c709c750252aa70874f53a83f6726378ed8fe9615f7cce93 2.10MB / 9.24MB 1.4s
#8 sha256:fea18494d59e357c459db682910aa6ff06ef373b93957f89f4f153e78a3db18c 2.10MB / 22.54MB 1.4s
#8 sha256:4d5b560adb639699c709c750252aa70874f53a83f6726378ed8fe9615f7cce93 3.15MB / 9.24MB 2.0s
#8 sha256:3ff219c2be2046300b285dba1fe6c269e97225129e6b2270c307dce2d0f05a99 3.15MB / 54.74MB 1.4s
#8 sha256:f6e91cbd4e78d9d306ff5f16ab0fb2c03a620508658d76b6ee6cf5b590183001 1.05MB / 16.97MB 1.2s
#8 sha256:4d5b560adb639699c709c750252aa70874f53a83f6726378ed8fe9615f7cce93 4.19MB / 9.24MB 2.7s
#8 sha256:fea18494d59e357c459db682910aa6ff06ef373b93957f89f4f153e78a3db18c 4.19MB / 22.54MB 2.7s
#8 sha256:f6e91cbd4e78d9d306ff5f16ab0fb2c03a620508658d76b6ee6cf5b590183001 2.10MB / 16.97MB 2.0s
#8 sha256:3ff219c2be2046300b285dba1fe6c269e97225129e6b2270c307dce2d0f05a99 6.29MB / 54.74MB 2.4s
#8 sha256:4d5b560adb639699c709c750252aa70874f53a83f6726378ed8fe9615f7cce93 5.24MB / 9.24MB 3.5s
#8 sha256:f6e91cbd4e78d9d306ff5f16ab0fb2c03a620508658d76b6ee6cf5b590183001 3.15MB / 16.97MB 2.7s
#8 sha256:4d5b560adb639699c709c750252aa70874f53a83f6726378ed8fe9615f7cce93 6.29MB / 9.24MB 4.2s
#8 sha256:fea18494d59e357c459db682910aa6ff06ef373b93957f89f4f153e78a3db18c 6.29MB / 22.54MB 4.1s
#8 sha256:3ff219c2be2046300b285dba1fe6c269e97225129e6b2270c307dce2d0f05a99 9.44MB / 54.74MB 3.5s
#8 sha256:f6e91cbd4e78d9d306ff5f16ab0fb2c03a620508658d76b6ee6cf5b590183001 4.19MB / 16.97MB 3.3s
#8 sha256:f6e91cbd4e78d9d306ff5f16ab0fb2c03a620508658d76b6ee6cf5b590183001 5.24MB / 16.97MB 4.1s
#8 sha256:4d5b560adb639699c709c750252aa70874f53a83f6726378ed8fe9615f7cce93 7.34MB / 9.24MB 5.1s
#8 sha256:3ff219c2be2046300b285dba1fe6c269e97225129e6b2270c307dce2d0f05a99 12.58MB / 54.74MB 4.5s
#8 sha256:fea18494d59e357c459db682910aa6ff06ef373b93957f89f4f153e78a3db18c 8.39MB / 22.54MB 5.6s
#8 sha256:f6e91cbd4e78d9d306ff5f16ab0fb2c03a620508658d76b6ee6cf5b590183001 6.29MB / 16.97MB 4.8s
#8 sha256:4d5b560adb639699c709c750252aa70874f53a83f6726378ed8fe9615f7cce93 8.39MB / 9.24MB 5.9s
#8 sha256:3ff219c2be2046300b285dba1fe6c269e97225129e6b2270c307dce2d0f05a99 15.73MB / 54.74MB 5.6s
#8 sha256:4d5b560adb639699c709c750252aa70874f53a83f6726378ed8fe9615f7cce93 9.24MB / 9.24MB 6.4s done
#8 sha256:f6e91cbd4e78d9d306ff5f16ab0fb2c03a620508658d76b6ee6cf5b590183001 7.34MB / 16.97MB 5.6s
#8 sha256:4b3ffd8ccb5201a0fc03585952effb4ed2d1ea5e704d2e7330212fb8b16c86a3 0B / 29.72MB 0.2s
#8 sha256:fea18494d59e357c459db682910aa6ff06ef373b93957f89f4f153e78a3db18c 10.49MB / 22.54MB 6.8s
#8 sha256:f6e91cbd4e78d9d306ff5f16ab0fb2c03a620508658d76b6ee6cf5b590183001 8.39MB / 16.97MB 6.2s
#8 sha256:3ff219c2be2046300b285dba1fe6c269e97225129e6b2270c307dce2d0f05a99 18.87MB / 54.74MB 6.5s
#8 sha256:f6e91cbd4e78d9d306ff5f16ab0fb2c03a620508658d76b6ee6cf5b590183001 9.44MB / 16.97MB 6.9s
#8 sha256:fea18494d59e357c459db682910aa6ff06ef373b93957f89f4f153e78a3db18c 12.58MB / 22.54MB 8.1s
#8 sha256:3ff219c2be2046300b285dba1fe6c269e97225129e6b2270c307dce2d0f05a99 22.02MB / 54.74MB 7.5s
#8 sha256:f6e91cbd4e78d9d306ff5f16ab0fb2c03a620508658d76b6ee6cf5b590183001 10.49MB / 16.97MB 7.7s
#8 sha256:4b3ffd8ccb5201a0fc03585952effb4ed2d1ea5e704d2e7330212fb8b16c86a3 2.10MB / 29.72MB 2.1s
#8 sha256:3ff219c2be2046300b285dba1fe6c269e97225129e6b2270c307dce2d0f05a99 25.17MB / 54.74MB 8.6s
#8 sha256:f6e91cbd4e78d9d306ff5f16ab0fb2c03a620508658d76b6ee6cf5b590183001 11.53MB / 16.97MB 8.4s
#8 sha256:fea18494d59e357c459db682910aa6ff06ef373b93957f89f4f153e78a3db18c 14.68MB / 22.54MB 9.6s
#8 sha256:3ff219c2be2046300b285dba1fe6c269e97225129e6b2270c307dce2d0f05a99 28.31MB / 54.74MB 9.3s
#8 sha256:f6e91cbd4e78d9d306ff5f16ab0fb2c03a620508658d76b6ee6cf5b590183001 12.58MB / 16.97MB 9.3s
#8 sha256:4b3ffd8ccb5201a0fc03585952effb4ed2d1ea5e704d2e7330212fb8b16c86a3 4.19MB / 29.72MB 3.9s
#8 sha256:f6e91cbd4e78d9d306ff5f16ab0fb2c03a620508658d76b6ee6cf5b590183001 13.63MB / 16.97MB 9.9s
#8 sha256:fea18494d59e357c459db682910aa6ff06ef373b93957f89f4f153e78a3db18c 16.78MB / 22.54MB 11.1s
#8 sha256:3ff219c2be2046300b285dba1fe6c269e97225129e6b2270c307dce2d0f05a99 31.46MB / 54.74MB 10.5s
#8 sha256:f6e91cbd4e78d9d306ff5f16ab0fb2c03a620508658d76b6ee6cf5b590183001 14.68MB / 16.97MB 10.5s
#8 sha256:4b3ffd8ccb5201a0fc03585952effb4ed2d1ea5e704d2e7330212fb8b16c86a3 6.29MB / 29.72MB 5.3s
#8 sha256:f6e91cbd4e78d9d306ff5f16ab0fb2c03a620508658d76b6ee6cf5b590183001 15.73MB / 16.97MB 11.1s
#8 sha256:fea18494d59e357c459db682910aa6ff06ef373b93957f89f4f153e78a3db18c 18.87MB / 22.54MB 12.3s
#8 sha256:f6e91cbd4e78d9d306ff5f16ab0fb2c03a620508658d76b6ee6cf5b590183001 16.97MB / 16.97MB 11.7s done
#8 sha256:4b3ffd8ccb5201a0fc03585952effb4ed2d1ea5e704d2e7330212fb8b16c86a3 8.39MB / 29.72MB 6.3s
#8 sha256:3ff219c2be2046300b285dba1fe6c269e97225129e6b2270c307dce2d0f05a99 34.60MB / 54.74MB 12.2s
#8 sha256:fea18494d59e357c459db682910aa6ff06ef373b93957f89f4f153e78a3db18c 20.97MB / 22.54MB 13.1s
#8 sha256:4b3ffd8ccb5201a0fc03585952effb4ed2d1ea5e704d2e7330212fb8b16c86a3 10.49MB / 29.72MB 7.1s
#8 sha256:fea18494d59e357c459db682910aa6ff06ef373b93957f89f4f153e78a3db18c 22.54MB / 22.54MB 13.7s done
#8 sha256:4b3ffd8ccb5201a0fc03585952effb4ed2d1ea5e704d2e7330212fb8b16c86a3 12.58MB / 29.72MB 7.7s
#8 sha256:3ff219c2be2046300b285dba1fe6c269e97225129e6b2270c307dce2d0f05a99 37.75MB / 54.74MB 13.7s
#8 sha256:4b3ffd8ccb5201a0fc03585952effb4ed2d1ea5e704d2e7330212fb8b16c86a3 14.68MB / 29.72MB 8.0s
#8 sha256:4b3ffd8ccb5201a0fc03585952effb4ed2d1ea5e704d2e7330212fb8b16c86a3 16.78MB / 29.72MB 8.4s
#8 sha256:4b3ffd8ccb5201a0fc03585952effb4ed2d1ea5e704d2e7330212fb8b16c86a3 18.87MB / 29.72MB 8.9s
#8 sha256:3ff219c2be2046300b285dba1fe6c269e97225129e6b2270c307dce2d0f05a99 40.89MB / 54.74MB 14.9s
#8 sha256:4b3ffd8ccb5201a0fc03585952effb4ed2d1ea5e704d2e7330212fb8b16c86a3 20.97MB / 29.72MB 9.3s
#8 sha256:4b3ffd8ccb5201a0fc03585952effb4ed2d1ea5e704d2e7330212fb8b16c86a3 23.07MB / 29.72MB 9.8s
#8 sha256:4b3ffd8ccb5201a0fc03585952effb4ed2d1ea5e704d2e7330212fb8b16c86a3 25.17MB / 29.72MB 10.2s
#8 sha256:3ff219c2be2046300b285dba1fe6c269e97225129e6b2270c307dce2d0f05a99 44.04MB / 54.74MB 16.1s
#8 sha256:4b3ffd8ccb5201a0fc03585952effb4ed2d1ea5e704d2e7330212fb8b16c86a3 27.26MB / 29.72MB 10.7s
#8 sha256:4b3ffd8ccb5201a0fc03585952effb4ed2d1ea5e704d2e7330212fb8b16c86a3 29.72MB / 29.72MB 11.3s
#8 sha256:3ff219c2be2046300b285dba1fe6c269e97225129e6b2270c307dce2d0f05a99 47.19MB / 54.74MB 17.1s
#8 sha256:4b3ffd8ccb5201a0fc03585952effb4ed2d1ea5e704d2e7330212fb8b16c86a3 29.72MB / 29.72MB 11.3s done
#8 extracting sha256:4b3ffd8ccb5201a0fc03585952effb4ed2d1ea5e704d2e7330212fb8b16c86a3
#8 sha256:3ff219c2be2046300b285dba1fe6c269e97225129e6b2270c307dce2d0f05a99 50.33MB / 54.74MB 17.6s
#8 sha256:3ff219c2be2046300b285dba1fe6c269e97225129e6b2270c307dce2d0f05a99 53.48MB / 54.74MB 18.0s
#8 sha256:3ff219c2be2046300b285dba1fe6c269e97225129e6b2270c307dce2d0f05a99 54.74MB / 54.74MB 18.3s done
#8 extracting sha256:4b3ffd8ccb5201a0fc03585952effb4ed2d1ea5e704d2e7330212fb8b16c86a3 1.2s done
#8 extracting sha256:f6e91cbd4e78d9d306ff5f16ab0fb2c03a620508658d76b6ee6cf5b590183001
#8 extracting sha256:f6e91cbd4e78d9d306ff5f16ab0fb2c03a620508658d76b6ee6cf5b590183001 0.5s done
#8 DONE 19.6s

#8 [build 1/5] FROM docker.io/library/maven:3.9-eclipse-temurin-8@sha256:8452f1be4557e793a696f30ba1976c06a3c80fe45c2765accbd30ef61824e621
#8 extracting sha256:3ff219c2be2046300b285dba1fe6c269e97225129e6b2270c307dce2d0f05a99
#8 extracting sha256:3ff219c2be2046300b285dba1fe6c269e97225129e6b2270c307dce2d0f05a99 0.7s done
#8 DONE 20.3s

#8 [build 1/5] FROM docker.io/library/maven:3.9-eclipse-temurin-8@sha256:8452f1be4557e793a696f30ba1976c06a3c80fe45c2765accbd30ef61824e621
#8 extracting sha256:61a656fd7504979ebcab99066bc8d3a5ee06e74f190e09c93f4843cb21721f5c 0.0s done
#8 extracting sha256:52c054cf84e2b26e93c06c3cc3a079e32b837cc64f8ce4cf712d05f9c7c849cf 0.0s done
#8 extracting sha256:fea18494d59e357c459db682910aa6ff06ef373b93957f89f4f153e78a3db18c
#8 extracting sha256:fea18494d59e357c459db682910aa6ff06ef373b93957f89f4f153e78a3db18c 2.7s done
#8 DONE 23.0s

#8 [build 1/5] FROM docker.io/library/maven:3.9-eclipse-temurin-8@sha256:8452f1be4557e793a696f30ba1976c06a3c80fe45c2765accbd30ef61824e621
#8 extracting sha256:4d5b560adb639699c709c750252aa70874f53a83f6726378ed8fe9615f7cce93 0.1s done
#8 extracting sha256:7636c664c2e456d6048d57293949c86783519d2a8d76d65152e2178786f22e8f 0.0s done
#8 extracting sha256:4f4fb700ef54461cfa02571ae0db9a0dc1e0cdb5577484a6d75e68dc38e8acc1 0.0s done
#8 DONE 23.1s

#8 [build 1/5] FROM docker.io/library/maven:3.9-eclipse-temurin-8@sha256:8452f1be4557e793a696f30ba1976c06a3c80fe45c2765accbd30ef61824e621
#8 extracting sha256:536fdf568050d4f08a078cf8075c470c6c6d40691c3359644af9a6669cdeee62 0.0s done
#8 DONE 23.1s

#9 [build 2/5] WORKDIR /app
#9 DONE 0.6s

#10 [build 3/5] COPY pom.xml ./
#10 DONE 0.0s

#11 [build 4/5] RUN mvn dependency:copy-dependencies -DoutputDirectory=libs
#11 1.184 [INFO] Scanning for projects...
#11 1.435 Downloading from central: https://repo.maven.apache.org/maven2/org/apache/maven/plugins/maven-dependency-plugin/3.1.2/maven-dependency-plugin-3.1.2.pom
#11 1.669 Progress (1): 738 B
Progress (1): 2.1 kB
Progress (1): 3.4 kB
Progress (1): 8.1 kB
Progress (1): 12 kB 
Progress (1): 13 kB
Progress (1): 16 kB
                   
Downloaded from central: https://repo.maven.apache.org/maven2/org/apache/maven/plugins/maven-dependency-plugin/3.1.2/maven-dependency-plugin-3.1.2.pom (16 kB at 66 kB/s)
#11 1.698 Downloading from central: https://repo.maven.apache.org/maven2/org/apache/maven/plugins/maven-plugins/34/maven-plugins-34.pom
#11 1.754 Progress (1): 755 B
Progress (1): 1.7 kB
Progress (1): 3.7 kB
Progress (1): 6.9 kB
Progress (1): 8.6 kB
Progress (1): 11 kB 
                   
Downloaded from central: https://repo.maven.apache.org/maven2/org/apache/maven/plugins/maven-plugins/34/maven-plugins-34.pom (11 kB at 181 kB/s)
#11 1.761 Downloading from central: https://repo.maven.apache.org/maven2/org/apache/maven/maven-parent/34/maven-parent-34.pom
#11 1.802 Progress (1): 737 B
Progress (1): 1.9 kB
Progress (1): 4.1 kB
Progress (1): 8.4 kB
Progress (1): 13 kB 
Progress (1): 16 kB
Progress (1): 20 kB
Progress (1): 25 kB
Progress (1): 26 kB
Progress (1): 28 kB
Progress (1): 31 kB
Progress (1): 33 kB
Progress (1): 36 kB
Progress (1): 39 kB
Progress (1): 43 kB
                   
Downloaded from central: https://repo.maven.apache.org/maven2/org/apache/maven/maven-parent/34/maven-parent-34.pom (43 kB at 857 kB/s)
#11 1.816 Downloading from central: https://repo.maven.apache.org/maven2/org/apache/apache/23/apache-23.pom
#11 1.854 Progress (1): 753 B
Progress (1): 1.6 kB
Progress (1): 3.5 kB
Progress (1): 6.9 kB
Progress (1): 10.0 kB
Progress (1): 14 kB  
Progress (1): 18 kB
Progress (1): 18 kB
                   
Downloaded from central: https://repo.maven.apache.org/maven2/org/apache/apache/23/apache-23.pom (18 kB at 449 kB/s)
#11 1.869 Downloading from central: https://repo.maven.apache.org/maven2/org/apache/maven/plugins/maven-dependency-plugin/3.1.2/maven-dependency-plugin-3.1.2.jar
#11 1.906 Progress (1): 0.9/172 kB
Progress (1): 2.3/172 kB
Progress (1): 3.7/172 kB
Progress (1): 5.0/172 kB
Progress (1): 6.4/172 kB
Progress (1): 7.8/172 kB
Progress (1): 9.1/172 kB
Progress (1): 11/172 kB 
Progress (1): 12/172 kB
Progress (1): 13/172 kB
Progress (1): 15/172 kB
Progress (1): 16/172 kB
Progress (1): 17/172 kB
Progress (1): 19/172 kB
Progress (1): 20/172 kB
Progress (1): 21/172 kB
Progress (1): 23/172 kB
Progress (1): 24/172 kB
Progress (1): 25/172 kB
Progress (1): 29/172 kB
Progress (1): 33/172 kB
Progress (1): 37/172 kB
Progress (1): 41/172 kB
Progress (1): 46/172 kB
Progress (1): 50/172 kB
Progress (1): 54/172 kB
Progress (1): 58/172 kB
Progress (1): 63/172 kB
Progress (1): 67/172 kB
Progress (1): 71/172 kB
Progress (1): 75/172 kB
Progress (1): 80/172 kB
Progress (1): 84/172 kB
Progress (1): 88/172 kB
Progress (1): 92/172 kB
Progress (1): 96/172 kB
Progress (1): 101/172 kB
Progress (1): 105/172 kB
Progress (1): 109/172 kB
Progress (1): 113/172 kB
Progress (1): 118/172 kB
Progress (1): 122/172 kB
Progress (1): 126/172 kB
Progress (1): 130/172 kB
Progress (1): 135/172 kB
Progress (1): 139/172 kB
Progress (1): 143/172 kB
Progress (1): 147/172 kB
Progress (1): 151/172 kB
Progress (1): 156/172 kB
Progress (1): 160/172 kB
Progress (1): 164/172 kB
Progress (1): 168/172 kB
Progress (1): 172 kB    
                    
Downloaded from central: https://repo.maven.apache.org/maven2/org/apache/maven/plugins/maven-dependency-plugin/3.1.2/maven-dependency-plugin-3.1.2.jar (172 kB at 2.7 MB/s)
#11 1.966 [INFO] 
#11 1.966 [INFO] -------------------< com.example:vulnerable-struts >--------------------
#11 1.966 [INFO] Building vulnerable-struts 1.0.0
#11 1.966 [INFO]   from pom.xml
#11 1.966 [INFO] --------------------------------[ jar ]---------------------------------
#11 1.978 Downloading from central: https://repo.maven.apache.org/maven2/org/apache/struts/struts2-core/2.3.32/struts2-core-2.3.32.pom
#11 2.035 Progress (1): 790 B
Progress (1): 2.2 kB
Progress (1): 4.6 kB
Progress (1): 8.1 kB
Progress (1): 11 kB 
                   
Downloaded from central: https://repo.maven.apache.org/maven2/org/apache/struts/struts2-core/2.3.32/struts2-core-2.3.32.pom (11 kB at 192 kB/s)
#11 2.040 Downloading from central: https://repo.maven.apache.org/maven2/org/apache/struts/struts2-parent/2.3.32/struts2-parent-2.3.32.pom
#11 2.087 Progress (1): 948 B
Progress (1): 2.6 kB
Progress (1): 4.8 kB
Progress (1): 9.1 kB
Progress (1): 12 kB 
Progress (1): 22 kB
Progress (1): 30 kB
Progress (1): 37 kB
Progress (1): 39 kB
                   
Downloaded from central: https://repo.maven.apache.org/maven2/org/apache/struts/struts2-parent/2.3.32/struts2-parent-2.3.32.pom (39 kB at 784 kB/s)
#11 2.093 Downloading from central: https://repo.maven.apache.org/maven2/org/apache/struts/struts-master/9/struts-master-9.pom
#11 2.135 Progress (1): 1.2 kB
Progress (1): 5.3 kB
Progress (1): 10 kB 
Progress (1): 10 kB
                   
Downloaded from central: https://repo.maven.apache.org/maven2/org/apache/struts/struts-master/9/struts-master-9.pom (10 kB at 239 kB/s)
#11 2.139 Downloading from central: https://repo.maven.apache.org/maven2/org/apache/apache/10/apache-10.pom
#11 2.177 Progress (1): 759 B
Progress (1): 2.2 kB
Progress (1): 4.1 kB
Progress (1): 9.0 kB
Progress (1): 12 kB 
Progress (1): 15 kB
                   
Downloaded from central: https://repo.maven.apache.org/maven2/org/apache/apache/10/apache-10.pom (15 kB at 370 kB/s)
#11 2.187 Downloading from central: https://repo.maven.apache.org/maven2/org/apache/struts/xwork/xwork-core/2.3.32/xwork-core-2.3.32.pom
#11 2.233 Progress (1): 1.4 kB
Progress (1): 4.5 kB
Progress (1): 8.6 kB
                    
Downloaded from central: https://repo.maven.apache.org/maven2/org/apache/struts/xwork/xwork-core/2.3.32/xwork-core-2.3.32.pom (8.6 kB at 182 kB/s)
#11 2.242 Downloading from central: https://repo.maven.apache.org/maven2/org/apache/commons/commons-lang3/3.2/commons-lang3-3.2.pom
#11 2.283 Progress (1): 767 B
Progress (1): 2.2 kB
Progress (1): 5.5 kB
Progress (1): 8.9 kB
Progress (1): 12 kB 
Progress (1): 14 kB
Progress (1): 16 kB
Progress (1): 19 kB
Progress (1): 20 kB
                   
Downloaded from central: https://repo.maven.apache.org/maven2/org/apache/commons/commons-lang3/3.2/commons-lang3-3.2.pom (20 kB at 479 kB/s)
#11 2.289 Downloading from central: https://repo.maven.apache.org/maven2/org/apache/commons/commons-parent/32/commons-parent-32.pom
#11 2.338 Progress (1): 729 B
Progress (1): 1.9 kB
Progress (1): 3.2 kB
Progress (1): 4.8 kB
Progress (1): 8.4 kB
Progress (1): 12 kB 
Progress (1): 16 kB
Progress (1): 19 kB
Progress (1): 21 kB
Progress (1): 24 kB
Progress (1): 26 kB
Progress (1): 30 kB
Progress (1): 33 kB
Progress (1): 39 kB
Progress (1): 42 kB
Progress (1): 44 kB
Progress (1): 47 kB
Progress (1): 49 kB
Progress (1): 51 kB
Progress (1): 53 kB
                   
Downloaded from central: https://repo.maven.apache.org/maven2/org/apache/commons/commons-parent/32/commons-parent-32.pom (53 kB at 1.0 MB/s)
#11 2.348 Downloading from central: https://repo.maven.apache.org/maven2/org/apache/apache/13/apache-13.pom
#11 2.386 Progress (1): 769 B
Progress (1): 2.2 kB
Progress (1): 4.1 kB
Progress (1): 9.2 kB
Progress (1): 12 kB 
Progress (1): 14 kB
                   
Downloaded from central: https://repo.maven.apache.org/maven2/org/apache/apache/13/apache-13.pom (14 kB at 349 kB/s)
#11 2.395 Downloading from central: https://repo.maven.apache.org/maven2/ognl/ognl/3.0.19/ognl-3.0.19.pom
#11 2.435 Progress (1): 1.2 kB
Progress (1): 3.9 kB
Progress (1): 5.9 kB
                    
Downloaded from central: https://repo.maven.apache.org/maven2/ognl/ognl/3.0.19/ognl-3.0.19.pom (5.9 kB at 143 kB/s)
#11 2.439 Downloading from central: https://repo.maven.apache.org/maven2/org/sonatype/oss/oss-parent/7/oss-parent-7.pom
#11 2.479 Progress (1): 845 B
Progress (1): 2.5 kB
Progress (1): 4.8 kB
                    
Downloaded from central: https://repo.maven.apache.org/maven2/org/sonatype/oss/oss-parent/7/oss-parent-7.pom (4.8 kB at 115 kB/s)
#11 2.484 Downloading from central: https://repo.maven.apache.org/maven2/javassist/javassist/3.11.0.GA/javassist-3.11.0.GA.pom
#11 2.528 Progress (1): 1.2 kB
Progress (1): 2.9 kB
                    
Downloaded from central: https://repo.maven.apache.org/maven2/javassist/javassist/3.11.0.GA/javassist-3.11.0.GA.pom (2.9 kB at 64 kB/s)
#11 2.532 Downloading from central: https://repo.maven.apache.org/maven2/asm/asm/3.3/asm-3.3.pom
#11 2.571 Progress (1): 264 B
                   
Downloaded from central: https://repo.maven.apache.org/maven2/asm/asm/3.3/asm-3.3.pom (264 B at 6.6 kB/s)
#11 2.575 Downloading from central: https://repo.maven.apache.org/maven2/asm/asm-parent/3.3/asm-parent-3.3.pom
#11 2.622 Progress (1): 1.3 kB
Progress (1): 4.0 kB
Progress (1): 4.3 kB
                    
Downloaded from central: https://repo.maven.apache.org/maven2/asm/asm-parent/3.3/asm-parent-3.3.pom (4.3 kB at 88 kB/s)
#11 2.627 Downloading from central: https://repo.maven.apache.org/maven2/asm/asm-commons/3.3/asm-commons-3.3.pom
#11 2.661 Progress (1): 415 B
                   
Downloaded from central: https://repo.maven.apache.org/maven2/asm/asm-commons/3.3/asm-commons-3.3.pom (415 B at 12 kB/s)
#11 2.667 Downloading from central: https://repo.maven.apache.org/maven2/asm/asm-tree/3.3/asm-tree-3.3.pom
#11 2.717 Progress (1): 404 B
                   
Downloaded from central: https://repo.maven.apache.org/maven2/asm/asm-tree/3.3/asm-tree-3.3.pom (404 B at 7.8 kB/s)
#11 2.722 Downloading from central: https://repo.maven.apache.org/maven2/org/freemarker/freemarker/2.3.22/freemarker-2.3.22.pom
#11 2.762 Progress (1): 1.3 kB
Progress (1): 1.5 kB
                    
Downloaded from central: https://repo.maven.apache.org/maven2/org/freemarker/freemarker/2.3.22/freemarker-2.3.22.pom (1.5 kB at 37 kB/s)
#11 2.767 Downloading from central: https://repo.maven.apache.org/maven2/org/sonatype/oss/oss-parent/9/oss-parent-9.pom
#11 2.815 Progress (1): 837 B
Progress (1): 2.7 kB
Progress (1): 6.5 kB
Progress (1): 6.6 kB
                    
Downloaded from central: https://repo.maven.apache.org/maven2/org/sonatype/oss/oss-parent/9/oss-parent-9.pom (6.6 kB at 129 kB/s)
#11 2.821 Downloading from central: https://repo.maven.apache.org/maven2/commons-fileupload/commons-fileupload/1.3.2/commons-fileupload-1.3.2.pom
#11 2.862 Progress (1): 756 B
Progress (1): 2.2 kB
Progress (1): 4.8 kB
Progress (1): 6.9 kB
Progress (1): 9.0 kB
Progress (1): 11 kB 
                   
Downloaded from central: https://repo.maven.apache.org/maven2/commons-fileupload/commons-fileupload/1.3.2/commons-fileupload-1.3.2.pom (11 kB at 247 kB/s)
#11 2.866 Downloading from central: https://repo.maven.apache.org/maven2/org/apache/commons/commons-parent/40/commons-parent-40.pom
#11 2.921 Progress (1): 720 B
Progress (1): 1.9 kB
Progress (1): 3.1 kB
Progress (1): 4.5 kB
Progress (1): 6.0 kB
Progress (1): 9.5 kB
Progress (1): 13 kB 
Progress (1): 16 kB
Progress (1): 20 kB
Progress (1): 23 kB
Progress (1): 25 kB
Progress (1): 27 kB
Progress (1): 30 kB
Progress (1): 34 kB
Progress (1): 36 kB
Progress (1): 38 kB
Progress (1): 43 kB
Progress (1): 48 kB
Progress (1): 51 kB
Progress (1): 54 kB
Progress (1): 56 kB
Progress (1): 57 kB
Progress (1): 60 kB
Progress (1): 62 kB
Progress (1): 64 kB
Progress (1): 64 kB
                   
Downloaded from central: https://repo.maven.apache.org/maven2/org/apache/commons/commons-parent/40/commons-parent-40.pom (64 kB at 1.1 MB/s)
#11 2.931 Downloading from central: https://repo.maven.apache.org/maven2/org/apache/apache/17/apache-17.pom
#11 2.970 Progress (1): 757 B
Progress (1): 2.1 kB
Progress (1): 3.9 kB
Progress (1): 8.1 kB
Progress (1): 12 kB 
Progress (1): 15 kB
Progress (1): 16 kB
                   
Downloaded from central: https://repo.maven.apache.org/maven2/org/apache/apache/17/apache-17.pom (16 kB at 392 kB/s)
#11 2.978 Downloading from central: https://repo.maven.apache.org/maven2/commons-io/commons-io/2.2/commons-io-2.2.pom
#11 3.017 Progress (1): 794 B
Progress (1): 2.1 kB
Progress (1): 5.6 kB
Progress (1): 7.8 kB
Progress (1): 10.0 kB
Progress (1): 11 kB  
                   
Downloaded from central: https://repo.maven.apache.org/maven2/commons-io/commons-io/2.2/commons-io-2.2.pom (11 kB at 276 kB/s)
#11 3.021 Downloading from central: https://repo.maven.apache.org/maven2/org/apache/commons/commons-parent/24/commons-parent-24.pom
#11 3.088 Progress (1): 731 B
Progress (1): 2.0 kB
Progress (1): 3.2 kB
Progress (1): 4.8 kB
Progress (1): 8.4 kB
Progress (1): 12 kB 
Progress (1): 16 kB
Progress (1): 19 kB
Progress (1): 21 kB
Progress (1): 24 kB
Progress (1): 30 kB
Progress (1): 35 kB
Progress (1): 38 kB
Progress (1): 40 kB
Progress (1): 43 kB
Progress (1): 45 kB
Progress (1): 47 kB
Progress (1): 47 kB
                   
Downloaded from central: https://repo.maven.apache.org/maven2/org/apache/commons/commons-parent/24/commons-parent-24.pom (47 kB at 675 kB/s)
#11 3.094 Downloading from central: https://repo.maven.apache.org/maven2/org/apache/apache/9/apache-9.pom
#11 3.129 Progress (1): 755 B
Progress (1): 2.0 kB
Progress (1): 3.8 kB
Progress (1): 7.1 kB
Progress (1): 11 kB 
Progress (1): 15 kB
Progress (1): 15 kB
                   
Downloaded from central: https://repo.maven.apache.org/maven2/org/apache/apache/9/apache-9.pom (15 kB at 421 kB/s)
#11 3.135 Downloading from central: https://repo.maven.apache.org/maven2/org/apache/struts/struts2-velocity-plugin/2.3.32/struts2-velocity-plugin-2.3.32.pom
#11 3.380 [WARNING] The POM for org.apache.struts:struts2-velocity-plugin:jar:2.3.32 is missing, no dependency information available
#11 3.381 Downloading from central: https://repo.maven.apache.org/maven2/org/apache/struts/struts2-freemarker-plugin/2.3.32/struts2-freemarker-plugin-2.3.32.pom
#11 3.680 [WARNING] The POM for org.apache.struts:struts2-freemarker-plugin:jar:2.3.32 is missing, no dependency information available
#11 3.681 Downloading from central: https://repo.maven.apache.org/maven2/org/apache/struts/struts2-jquery-plugin/2.3.32/struts2-jquery-plugin-2.3.32.pom
#11 3.915 [WARNING] The POM for org.apache.struts:struts2-jquery-plugin:jar:2.3.32 is missing, no dependency information available
#11 3.917 Downloading from central: https://repo.maven.apache.org/maven2/org/apache/logging/log4j/log4j-api/2.5/log4j-api-2.5.pom
#11 3.993 Progress (1): 795 B
Progress (1): 2.6 kB
Progress (1): 5.2 kB
Progress (1): 7.4 kB
Progress (1): 8.1 kB
                    
Downloaded from central: https://repo.maven.apache.org/maven2/org/apache/logging/log4j/log4j-api/2.5/log4j-api-2.5.pom (8.1 kB at 104 kB/s)
#11 3.997 Downloading from central: https://repo.maven.apache.org/maven2/org/apache/logging/log4j/log4j/2.5/log4j-2.5.pom
#11 4.033 Progress (1): 824 B
Progress (1): 2.4 kB
Progress (1): 3.2 kB
Progress (1): 5.0 kB
Progress (1): 7.1 kB
Progress (1): 8.9 kB
Progress (1): 14 kB 
Progress (1): 21 kB
Progress (1): 26 kB
Progress (1): 29 kB
Progress (1): 33 kB
Progress (1): 36 kB
Progress (1): 39 kB
Progress (1): 43 kB
Progress (1): 47 kB
Progress (1): 50 kB
                   
Downloaded from central: https://repo.maven.apache.org/maven2/org/apache/logging/log4j/log4j/2.5/log4j-2.5.pom (50 kB at 1.3 MB/s)
#11 4.046 Downloading from central: https://repo.maven.apache.org/maven2/org/apache/logging/log4j/log4j-core/2.5/log4j-core-2.5.pom
#11 4.155 Progress (1): 783 B
Progress (1): 2.3 kB
Progress (1): 5.5 kB
Progress (1): 9.4 kB
Progress (1): 12 kB 
Progress (1): 14 kB
Progress (1): 17 kB
                   
Downloaded from central: https://repo.maven.apache.org/maven2/org/apache/logging/log4j/log4j-core/2.5/log4j-core-2.5.pom (17 kB at 154 kB/s)
#11 4.164 Downloading from central: https://repo.maven.apache.org/maven2/org/slf4j/slf4j-api/1.7.21/slf4j-api-1.7.21.pom
#11 4.205 Progress (1): 1.0 kB
Progress (1): 2.8 kB
                    
Downloaded from central: https://repo.maven.apache.org/maven2/org/slf4j/slf4j-api/1.7.21/slf4j-api-1.7.21.pom (2.8 kB at 65 kB/s)
#11 4.209 Downloading from central: https://repo.maven.apache.org/maven2/org/slf4j/slf4j-parent/1.7.21/slf4j-parent-1.7.21.pom
#11 4.249 Progress (1): 1.0 kB
Progress (1): 3.4 kB
Progress (1): 6.0 kB
Progress (1): 9.0 kB
Progress (1): 12 kB 
Progress (1): 14 kB
                   
Downloaded from central: https://repo.maven.apache.org/maven2/org/slf4j/slf4j-parent/1.7.21/slf4j-parent-1.7.21.pom (14 kB at 322 kB/s)
#11 4.256 Downloading from central: https://repo.maven.apache.org/maven2/org/slf4j/slf4j-simple/1.7.21/slf4j-simple-1.7.21.pom
#11 4.300 Progress (1): 1.0 kB
                    
Downloaded from central: https://repo.maven.apache.org/maven2/org/slf4j/slf4j-simple/1.7.21/slf4j-simple-1.7.21.pom (1.0 kB at 22 kB/s)
#11 4.305 Downloading from central: https://repo.maven.apache.org/maven2/commons-fileupload/commons-fileupload/1.3.1/commons-fileupload-1.3.1.pom
#11 4.346 Progress (1): 754 B
Progress (1): 2.1 kB
Progress (1): 4.9 kB
Progress (1): 7.0 kB
Progress (1): 9.5 kB
Progress (1): 10 kB 
                   
Downloaded from central: https://repo.maven.apache.org/maven2/commons-fileupload/commons-fileupload/1.3.1/commons-fileupload-1.3.1.pom (10 kB at 236 kB/s)
#11 4.354 Downloading from central: https://repo.maven.apache.org/maven2/commons-io/commons-io/2.4/commons-io-2.4.pom
#11 4.394 Progress (1): 796 B
Progress (1): 2.1 kB
Progress (1): 5.6 kB
Progress (1): 8.0 kB
Progress (1): 10 kB 
                   
Downloaded from central: https://repo.maven.apache.org/maven2/commons-io/commons-io/2.4/commons-io-2.4.pom (10 kB at 248 kB/s)
#11 4.399 Downloading from central: https://repo.maven.apache.org/maven2/org/apache/commons/commons-parent/25/commons-parent-25.pom
#11 4.436 Progress (1): 728 B
Progress (1): 1.9 kB
Progress (1): 3.3 kB
Progress (1): 5.4 kB
Progress (1): 9.0 kB
Progress (1): 12 kB 
Progress (1): 17 kB
Progress (1): 19 kB
Progress (1): 22 kB
Progress (1): 25 kB
Progress (1): 29 kB
Progress (1): 36 kB
Progress (1): 38 kB
Progress (1): 41 kB
Progress (1): 43 kB
Progress (1): 46 kB
Progress (1): 48 kB
Progress (1): 48 kB
                   
Downloaded from central: https://repo.maven.apache.org/maven2/org/apache/commons/commons-parent/25/commons-parent-25.pom (48 kB at 1.2 MB/s)
#11 4.444 Downloading from central: https://repo.maven.apache.org/maven2/org/apache/commons/commons-lang3/3.4/commons-lang3-3.4.pom
#11 4.485 Progress (1): 764 B
Progress (1): 2.2 kB
Progress (1): 5.5 kB
Progress (1): 9.0 kB
Progress (1): 12 kB 
Progress (1): 14 kB
Progress (1): 16 kB
Progress (1): 19 kB
Progress (1): 22 kB
                   
Downloaded from central: https://repo.maven.apache.org/maven2/org/apache/commons/commons-lang3/3.4/commons-lang3-3.4.pom (22 kB at 528 kB/s)
#11 4.490 Downloading from central: https://repo.maven.apache.org/maven2/org/apache/commons/commons-parent/37/commons-parent-37.pom
#11 4.528 Progress (1): 717 B
Progress (1): 1.8 kB
Progress (1): 3.0 kB
Progress (1): 4.3 kB
Progress (1): 5.9 kB
Progress (1): 9.4 kB
Progress (1): 13 kB 
Progress (1): 16 kB
Progress (1): 19 kB
Progress (1): 22 kB
Progress (1): 25 kB
Progress (1): 27 kB
Progress (1): 30 kB
Progress (1): 34 kB
Progress (1): 36 kB
Progress (1): 39 kB
Progress (1): 43 kB
Progress (1): 49 kB
Progress (1): 51 kB
Progress (1): 54 kB
Progress (1): 57 kB
Progress (1): 59 kB
Progress (1): 61 kB
Progress (1): 63 kB
Progress (1): 63 kB
                   
Downloaded from central: https://repo.maven.apache.org/maven2/org/apache/commons/commons-parent/37/commons-parent-37.pom (63 kB at 1.6 MB/s)
#11 4.538 Downloading from central: https://repo.maven.apache.org/maven2/org/apache/apache/16/apache-16.pom
#11 4.575 Progress (1): 749 B
Progress (1): 2.1 kB
Progress (1): 3.9 kB
Progress (1): 7.8 kB
Progress (1): 11 kB 
Progress (1): 14 kB
Progress (1): 15 kB
                   
Downloaded from central: https://repo.maven.apache.org/maven2/org/apache/apache/16/apache-16.pom (15 kB at 385 kB/s)
#11 4.582 Downloading from central: https://repo.maven.apache.org/maven2/ognl/ognl/3.0.5/ognl-3.0.5.pom
#11 4.644 Progress (1): 1.2 kB
Progress (1): 4.0 kB
Progress (1): 6.1 kB
                    
Downloaded from central: https://repo.maven.apache.org/maven2/ognl/ognl/3.0.5/ognl-3.0.5.pom (6.1 kB at 97 kB/s)
#11 4.648 Downloading from central: https://repo.maven.apache.org/maven2/com/opensymphony/xwork-core/2.3.31/xwork-core-2.3.31.pom
#11 4.900 [WARNING] The POM for com.opensymphony:xwork-core:jar:2.3.31 is missing, no dependency information available
#11 4.916 Downloading from central: https://repo.maven.apache.org/maven2/org/apache/struts/struts2-core/2.3.32/struts2-core-2.3.32.jar
#11 4.956 Progress (1): 8.2/874 kB
Progress (1): 25/874 kB 
Progress (1): 41/874 kB
Progress (1): 57/874 kB
Progress (1): 74/874 kB
Progress (1): 90/874 kB
Progress (1): 106/874 kB
Progress (1): 123/874 kB
Progress (1): 139/874 kB
Progress (1): 156/874 kB
Progress (1): 172/874 kB
Progress (1): 188/874 kB
Progress (1): 205/874 kB
Progress (1): 221/874 kB
Progress (1): 238/874 kB
Progress (1): 254/874 kB
Progress (1): 270/874 kB
Progress (1): 287/874 kB
Progress (1): 303/874 kB
Progress (1): 319/874 kB
Progress (1): 336/874 kB
Progress (1): 352/874 kB
Progress (1): 369/874 kB
Progress (1): 385/874 kB
Progress (1): 401/874 kB
Progress (1): 418/874 kB
Progress (1): 434/874 kB
Progress (1): 451/874 kB
Progress (1): 467/874 kB
Progress (1): 483/874 kB
Progress (1): 500/874 kB
Progress (1): 516/874 kB
Progress (1): 532/874 kB
Progress (1): 549/874 kB
Progress (1): 565/874 kB
Progress (1): 582/874 kB
Progress (1): 598/874 kB
Progress (1): 614/874 kB
Progress (1): 631/874 kB
Progress (1): 647/874 kB
Progress (1): 664/874 kB
Progress (1): 680/874 kB
Progress (1): 696/874 kB
Progress (1): 713/874 kB
Progress (1): 729/874 kB
Progress (1): 745/874 kB
Progress (1): 762/874 kB
Progress (1): 778/874 kB
Progress (1): 795/874 kB
Progress (1): 811/874 kB
Progress (1): 827/874 kB
Progress (1): 844/874 kB
Progress (1): 851/874 kB
Progress (1): 860/874 kB
Progress (1): 874 kB    
                    
Downloaded from central: https://repo.maven.apache.org/maven2/org/apache/struts/struts2-core/2.3.32/struts2-core-2.3.32.jar (874 kB at 4.9 MB/s)
#11 5.097 Downloading from central: https://repo.maven.apache.org/maven2/org/apache/struts/xwork/xwork-core/2.3.32/xwork-core-2.3.32.jar
#11 5.103 Downloading from central: https://repo.maven.apache.org/maven2/asm/asm/3.3/asm-3.3.jar
#11 5.103 Downloading from central: https://repo.maven.apache.org/maven2/asm/asm-commons/3.3/asm-commons-3.3.jar
#11 5.107 Downloading from central: https://repo.maven.apache.org/maven2/asm/asm-tree/3.3/asm-tree-3.3.jar
#11 5.109 Downloading from central: https://repo.maven.apache.org/maven2/org/freemarker/freemarker/2.3.22/freemarker-2.3.22.jar
#11 5.155 Progress (1): 7.7/679 kB
Progress (1): 16/679 kB 
Progress (1): 32/679 kB
Progress (1): 49/679 kB
Progress (1): 57/679 kB
Progress (1): 74/679 kB
Progress (1): 90/679 kB
Progress (1): 106/679 kB
Progress (1): 123/679 kB
Progress (1): 139/679 kB
Progress (1): 156/679 kB
Progress (1): 172/679 kB
Progress (1): 188/679 kB
Progress (1): 205/679 kB
Progress (1): 221/679 kB
Progress (1): 238/679 kB
Progress (2): 238/679 kB | 0/1.3 MB
Progress (2): 238/679 kB | 0/1.3 MB
Progress (2): 238/679 kB | 0/1.3 MB
Progress (2): 238/679 kB | 0/1.3 MB
Progress (2): 238/679 kB | 0/1.3 MB
Progress (2): 238/679 kB | 0/1.3 MB
Progress (2): 238/679 kB | 0/1.3 MB
Progress (2): 238/679 kB | 0/1.3 MB
Progress (2): 238/679 kB | 0/1.3 MB
Progress (2): 238/679 kB | 0/1.3 MB
Progress (2): 238/679 kB | 0/1.3 MB
Progress (2): 238/679 kB | 0/1.3 MB
Progress (2): 238/679 kB | 0/1.3 MB
Progress (2): 238/679 kB | 0/1.3 MB
Progress (2): 238/679 kB | 0/1.3 MB
Progress (2): 238/679 kB | 0/1.3 MB
Progress (2): 238/679 kB | 0/1.3 MB
Progress (2): 238/679 kB | 0/1.3 MB
Progress (2): 238/679 kB | 0/1.3 MB
Progress (2): 238/679 kB | 0/1.3 MB
Progress (2): 238/679 kB | 0/1.3 MB
Progress (2): 238/679 kB | 0/1.3 MB
Progress (2): 238/679 kB | 0/1.3 MB
Progress (2): 238/679 kB | 0/1.3 MB
Progress (2): 238/679 kB | 0/1.3 MB
Progress (2): 238/679 kB | 0/1.3 MB
Progress (2): 238/679 kB | 0/1.3 MB
Progress (2): 238/679 kB | 0/1.3 MB
Progress (2): 238/679 kB | 0/1.3 MB
Progress (2): 238/679 kB | 0/1.3 MB
Progress (2): 238/679 kB | 0/1.3 MB
Progress (2): 238/679 kB | 0/1.3 MB
Progress (3): 238/679 kB | 0/1.3 MB | 0.9/38 kB
Progress (3): 238/679 kB | 0/1.3 MB | 2.3/38 kB
Progress (4): 238/679 kB | 0/1.3 MB | 2.3/38 kB | 0.9/44 kB
Progress (4): 238/679 kB | 0/1.3 MB | 2.3/38 kB | 2.3/44 kB
Progress (4): 238/679 kB | 0/1.3 MB | 2.3/38 kB | 3.6/44 kB
Progress (4): 238/679 kB | 0/1.3 MB | 2.3/38 kB | 5.0/44 kB
Progress (4): 238/679 kB | 0/1.3 MB | 2.3/38 kB | 6.4/44 kB
Progress (4): 238/679 kB | 0/1.3 MB | 2.3/38 kB | 7.7/44 kB
Progress (5): 238/679 kB | 0/1.3 MB | 2.3/38 kB | 7.7/44 kB | 0.9/22 kB
Progress (5): 238/679 kB | 0/1.3 MB | 2.3/38 kB | 7.7/44 kB | 2.3/22 kB
Progress (5): 238/679 kB | 0/1.3 MB | 2.3/38 kB | 7.7/44 kB | 3.7/22 kB
Progress (5): 238/679 kB | 0/1.3 MB | 2.3/38 kB | 7.7/44 kB | 5.0/22 kB
Progress (5): 254/679 kB | 0/1.3 MB | 2.3/38 kB | 7.7/44 kB | 5.0/22 kB
Progress (5): 270/679 kB | 0/1.3 MB | 2.3/38 kB | 7.7/44 kB | 5.0/22 kB
Progress (5): 287/679 kB | 0/1.3 MB | 2.3/38 kB | 7.7/44 kB | 5.0/22 kB
Progress (5): 290/679 kB | 0/1.3 MB | 2.3/38 kB | 7.7/44 kB | 5.0/22 kB
Progress (5): 307/679 kB | 0/1.3 MB | 2.3/38 kB | 7.7/44 kB | 5.0/22 kB
Progress (5): 323/679 kB | 0/1.3 MB | 2.3/38 kB | 7.7/44 kB | 5.0/22 kB
Progress (5): 340/679 kB | 0/1.3 MB | 2.3/38 kB | 7.7/44 kB | 5.0/22 kB
Progress (5): 356/679 kB | 0/1.3 MB | 2.3/38 kB | 7.7/44 kB | 5.0/22 kB
Progress (5): 372/679 kB | 0/1.3 MB | 2.3/38 kB | 7.7/44 kB | 5.0/22 kB
Progress (5): 389/679 kB | 0/1.3 MB | 2.3/38 kB | 7.7/44 kB | 5.0/22 kB
Progress (5): 405/679 kB | 0/1.3 MB | 2.3/38 kB | 7.7/44 kB | 5.0/22 kB
Progress (5): 422/679 kB | 0/1.3 MB | 2.3/38 kB | 7.7/44 kB | 5.0/22 kB
Progress (5): 438/679 kB | 0/1.3 MB | 2.3/38 kB | 7.7/44 kB | 5.0/22 kB
Progress (5): 454/679 kB | 0/1.3 MB | 2.3/38 kB | 7.7/44 kB | 5.0/22 kB
Progress (5): 471/679 kB | 0/1.3 MB | 2.3/38 kB | 7.7/44 kB | 5.0/22 kB
Progress (5): 471/679 kB | 0/1.3 MB | 2.3/38 kB | 7.7/44 kB | 5.0/22 kB
Progress (5): 471/679 kB | 0/1.3 MB | 2.3/38 kB | 7.7/44 kB | 5.0/22 kB
Progress (5): 471/679 kB | 0/1.3 MB | 2.3/38 kB | 7.7/44 kB | 5.0/22 kB
Progress (5): 471/679 kB | 0/1.3 MB | 2.3/38 kB | 7.7/44 kB | 5.0/22 kB
Progress (5): 471/679 kB | 0/1.3 MB | 2.3/38 kB | 7.7/44 kB | 5.0/22 kB
Progress (5): 471/679 kB | 0.1/1.3 MB | 2.3/38 kB | 7.7/44 kB | 5.0/22 kB
Progress (5): 471/679 kB | 0.1/1.3 MB | 2.3/38 kB | 7.7/44 kB | 5.0/22 kB
Progress (5): 471/679 kB | 0.1/1.3 MB | 2.3/38 kB | 7.7/44 kB | 5.0/22 kB
Progress (5): 471/679 kB | 0.1/1.3 MB | 2.3/38 kB | 7.7/44 kB | 5.0/22 kB
Progress (5): 487/679 kB | 0.1/1.3 MB | 2.3/38 kB | 7.7/44 kB | 5.0/22 kB
Progress (5): 503/679 kB | 0.1/1.3 MB | 2.3/38 kB | 7.7/44 kB | 5.0/22 kB
Progress (5): 503/679 kB | 0.1/1.3 MB | 3.6/38 kB | 7.7/44 kB | 5.0/22 kB
Progress (5): 503/679 kB | 0.1/1.3 MB | 5.0/38 kB | 7.7/44 kB | 5.0/22 kB
Progress (5): 520/679 kB | 0.1/1.3 MB | 5.0/38 kB | 7.7/44 kB | 5.0/22 kB
Progress (5): 536/679 kB | 0.1/1.3 MB | 5.0/38 kB | 7.7/44 kB | 5.0/22 kB
Progress (5): 553/679 kB | 0.1/1.3 MB | 5.0/38 kB | 7.7/44 kB | 5.0/22 kB
Progress (5): 553/679 kB | 0.1/1.3 MB | 6.4/38 kB | 7.7/44 kB | 5.0/22 kB
Progress (5): 553/679 kB | 0.1/1.3 MB | 7.7/38 kB | 7.7/44 kB | 5.0/22 kB
Progress (5): 553/679 kB | 0.1/1.3 MB | 9.1/38 kB | 7.7/44 kB | 5.0/22 kB
Progress (5): 553/679 kB | 0.1/1.3 MB | 10/38 kB | 7.7/44 kB | 5.0/22 kB 
Progress (5): 553/679 kB | 0.1/1.3 MB | 12/38 kB | 7.7/44 kB | 5.0/22 kB
Progress (5): 569/679 kB | 0.1/1.3 MB | 12/38 kB | 7.7/44 kB | 5.0/22 kB
Progress (5): 569/679 kB | 0.1/1.3 MB | 13/38 kB | 7.7/44 kB | 5.0/22 kB
Progress (5): 569/679 kB | 0.1/1.3 MB | 15/38 kB | 7.7/44 kB | 5.0/22 kB
Progress (5): 569/679 kB | 0.1/1.3 MB | 16/38 kB | 7.7/44 kB | 5.0/22 kB
Progress (5): 569/679 kB | 0.1/1.3 MB | 17/38 kB | 7.7/44 kB | 5.0/22 kB
Progress (5): 585/679 kB | 0.1/1.3 MB | 17/38 kB | 7.7/44 kB | 5.0/22 kB
Progress (5): 585/679 kB | 0.1/1.3 MB | 19/38 kB | 7.7/44 kB | 5.0/22 kB
Progress (5): 585/679 kB | 0.1/1.3 MB | 20/38 kB | 7.7/44 kB | 5.0/22 kB
Progress (5): 585/679 kB | 0.1/1.3 MB | 21/38 kB | 7.7/44 kB | 5.0/22 kB
Progress (5): 585/679 kB | 0.1/1.3 MB | 23/38 kB | 7.7/44 kB | 5.0/22 kB
Progress (5): 585/679 kB | 0.1/1.3 MB | 24/38 kB | 7.7/44 kB | 5.0/22 kB
Progress (5): 585/679 kB | 0.1/1.3 MB | 25/38 kB | 7.7/44 kB | 5.0/22 kB
Progress (5): 585/679 kB | 0.1/1.3 MB | 26/38 kB | 7.7/44 kB | 5.0/22 kB
Progress (5): 602/679 kB | 0.1/1.3 MB | 26/38 kB | 7.7/44 kB | 5.0/22 kB
Progress (5): 618/679 kB | 0.1/1.3 MB | 26/38 kB | 7.7/44 kB | 5.0/22 kB
Progress (5): 618/679 kB | 0.1/1.3 MB | 27/38 kB | 7.7/44 kB | 5.0/22 kB
Progress (5): 618/679 kB | 0.1/1.3 MB | 29/38 kB | 7.7/44 kB | 5.0/22 kB
Progress (5): 618/679 kB | 0.1/1.3 MB | 30/38 kB | 7.7/44 kB | 5.0/22 kB
Progress (5): 618/679 kB | 0.1/1.3 MB | 31/38 kB | 7.7/44 kB | 5.0/22 kB
Progress (5): 618/679 kB | 0.1/1.3 MB | 33/38 kB | 7.7/44 kB | 5.0/22 kB
Progress (5): 618/679 kB | 0.1/1.3 MB | 34/38 kB | 7.7/44 kB | 5.0/22 kB
Progress (5): 635/679 kB | 0.1/1.3 MB | 34/38 kB | 7.7/44 kB | 5.0/22 kB
Progress (5): 635/679 kB | 0.1/1.3 MB | 34/38 kB | 7.7/44 kB | 6.4/22 kB
Progress (5): 635/679 kB | 0.1/1.3 MB | 34/38 kB | 7.7/44 kB | 7.8/22 kB
Progress (5): 635/679 kB | 0.1/1.3 MB | 34/38 kB | 7.7/44 kB | 8.2/22 kB
Progress (5): 651/679 kB | 0.1/1.3 MB | 34/38 kB | 7.7/44 kB | 8.2/22 kB
Progress (5): 651/679 kB | 0.1/1.3 MB | 36/38 kB | 7.7/44 kB | 8.2/22 kB
Progress (5): 667/679 kB | 0.1/1.3 MB | 36/38 kB | 7.7/44 kB | 8.2/22 kB
Progress (5): 679 kB | 0.1/1.3 MB | 36/38 kB | 7.7/44 kB | 8.2/22 kB    
Progress (5): 679 kB | 0.1/1.3 MB | 36/38 kB | 9.1/44 kB | 8.2/22 kB
Progress (5): 679 kB | 0.1/1.3 MB | 36/38 kB | 9.1/44 kB | 8.2/22 kB
                                                                    
Downloaded from central: https://repo.maven.apache.org/maven2/org/apache/struts/xwork/xwork-core/2.3.32/xwork-core-2.3.32.jar (679 kB at 3.9 MB/s)
#11 5.269 Progress (4): 0.1/1.3 MB | 36/38 kB | 10/44 kB | 8.2/22 kB
                                                          
Downloading from central: https://repo.maven.apache.org/maven2/org/apache/struts/struts2-velocity-plugin/2.3.32/struts2-velocity-plugin-2.3.32.jar
#11 5.269 Progress (4): 0.1/1.3 MB | 36/38 kB | 10/44 kB | 8.2/22 kB
Progress (4): 0.1/1.3 MB | 36/38 kB | 12/44 kB | 8.2/22 kB
Progress (4): 0.1/1.3 MB | 36/38 kB | 13/44 kB | 8.2/22 kB
Progress (4): 0.1/1.3 MB | 36/38 kB | 13/44 kB | 8.2/22 kB
Progress (4): 0.1/1.3 MB | 36/38 kB | 13/44 kB | 8.2/22 kB
Progress (4): 0.1/1.3 MB | 36/38 kB | 13/44 kB | 8.2/22 kB
Progress (4): 0.1/1.3 MB | 36/38 kB | 13/44 kB | 8.2/22 kB
Progress (4): 0.1/1.3 MB | 36/38 kB | 13/44 kB | 8.2/22 kB
Progress (4): 0.1/1.3 MB | 36/38 kB | 13/44 kB | 8.2/22 kB
Progress (4): 0.1/1.3 MB | 36/38 kB | 13/44 kB | 8.2/22 kB
Progress (4): 0.1/1.3 MB | 36/38 kB | 13/44 kB | 8.2/22 kB
Progress (4): 0.1/1.3 MB | 36/38 kB | 13/44 kB | 8.2/22 kB
Progress (4): 0.1/1.3 MB | 36/38 kB | 13/44 kB | 8.2/22 kB
Progress (4): 0.1/1.3 MB | 37/38 kB | 13/44 kB | 8.2/22 kB
Progress (4): 0.1/1.3 MB | 38/38 kB | 13/44 kB | 8.2/22 kB
Progress (4): 0.1/1.3 MB | 38 kB | 13/44 kB | 8.2/22 kB   
Progress (4): 0.1/1.3 MB | 38 kB | 15/44 kB | 8.2/22 kB
Progress (4): 0.1/1.3 MB | 38 kB | 15/44 kB | 8.2/22 kB
Progress (4): 0.1/1.3 MB | 38 kB | 15/44 kB | 9.6/22 kB
Progress (4): 0.1/1.3 MB | 38 kB | 15/44 kB | 9.6/22 kB
Progress (4): 0.1/1.3 MB | 38 kB | 15/44 kB | 9.6/22 kB
Progress (4): 0.1/1.3 MB | 38 kB | 15/44 kB | 9.6/22 kB
Progress (4): 0.1/1.3 MB | 38 kB | 15/44 kB | 11/22 kB 
Progress (4): 0.1/1.3 MB | 38 kB | 15/44 kB | 12/22 kB
Progress (4): 0.1/1.3 MB | 38 kB | 15/44 kB | 14/22 kB
Progress (4): 0.1/1.3 MB | 38 kB | 15/44 kB | 15/22 kB
Progress (4): 0.1/1.3 MB | 38 kB | 15/44 kB | 15/22 kB
Progress (4): 0.1/1.3 MB | 38 kB | 16/44 kB | 15/22 kB
                                                      
Downloaded from central: https://repo.maven.apache.org/maven2/asm/asm-commons/3.3/asm-commons-3.3.jar (38 kB at 210 kB/s)
#11 5.278 Downloading from central: https://repo.maven.apache.org/maven2/org/apache/struts/struts2-freemarker-plugin/2.3.32/struts2-freemarker-plugin-2.3.32.jar
#11 5.280 Progress (3): 0.1/1.3 MB | 17/44 kB | 15/22 kB
Progress (3): 0.1/1.3 MB | 17/44 kB | 15/22 kB
Progress (3): 0.1/1.3 MB | 19/44 kB | 15/22 kB
Progress (3): 0.1/1.3 MB | 19/44 kB | 15/22 kB
Progress (3): 0.1/1.3 MB | 19/44 kB | 15/22 kB
Progress (3): 0.1/1.3 MB | 19/44 kB | 15/22 kB
Progress (3): 0.1/1.3 MB | 19/44 kB | 15/22 kB
Progress (3): 0.1/1.3 MB | 19/44 kB | 15/22 kB
Progress (3): 0.2/1.3 MB | 19/44 kB | 15/22 kB
Progress (3): 0.2/1.3 MB | 19/44 kB | 16/22 kB
Progress (3): 0.2/1.3 MB | 19/44 kB | 18/22 kB
Progress (3): 0.2/1.3 MB | 19/44 kB | 19/22 kB
Progress (3): 0.2/1.3 MB | 19/44 kB | 19/22 kB
Progress (3): 0.2/1.3 MB | 19/44 kB | 21/22 kB
Progress (3): 0.2/1.3 MB | 19/44 kB | 22 kB   
Progress (3): 0.2/1.3 MB | 19/44 kB | 22 kB
Progress (3): 0.2/1.3 MB | 19/44 kB | 22 kB
Progress (3): 0.2/1.3 MB | 19/44 kB | 22 kB
Progress (3): 0.2/1.3 MB | 19/44 kB | 22 kB
Progress (3): 0.2/1.3 MB | 19/44 kB | 22 kB
Progress (3): 0.2/1.3 MB | 19/44 kB | 22 kB
Progress (3): 0.2/1.3 MB | 19/44 kB | 22 kB
Progress (3): 0.2/1.3 MB | 19/44 kB | 22 kB
                                           
Downloaded from central: https://repo.maven.apache.org/maven2/asm/asm-tree/3.3/asm-tree-3.3.jar (22 kB at 116 kB/s)
#11 5.289 Downloading from central: https://repo.maven.apache.org/maven2/org/apache/struts/struts2-jquery-plugin/2.3.32/struts2-jquery-plugin-2.3.32.jar
#11 5.289 Progress (2): 0.2/1.3 MB | 19/44 kB
Progress (2): 0.2/1.3 MB | 19/44 kB
Progress (2): 0.2/1.3 MB | 19/44 kB
Progress (2): 0.2/1.3 MB | 19/44 kB
Progress (2): 0.2/1.3 MB | 19/44 kB
Progress (2): 0.2/1.3 MB | 20/44 kB
Progress (2): 0.2/1.3 MB | 20/44 kB
Progress (2): 0.2/1.3 MB | 20/44 kB
Progress (2): 0.2/1.3 MB | 20/44 kB
Progress (2): 0.2/1.3 MB | 21/44 kB
Progress (2): 0.2/1.3 MB | 23/44 kB
Progress (2): 0.2/1.3 MB | 23/44 kB
Progress (2): 0.2/1.3 MB | 23/44 kB
Progress (2): 0.3/1.3 MB | 23/44 kB
Progress (2): 0.3/1.3 MB | 23/44 kB
Progress (2): 0.3/1.3 MB | 23/44 kB
Progress (2): 0.3/1.3 MB | 24/44 kB
Progress (2): 0.3/1.3 MB | 26/44 kB
Progress (2): 0.3/1.3 MB | 27/44 kB
Progress (2): 0.3/1.3 MB | 27/44 kB
Progress (2): 0.3/1.3 MB | 28/44 kB
Progress (2): 0.3/1.3 MB | 28/44 kB
Progress (2): 0.3/1.3 MB | 28/44 kB
Progress (2): 0.4/1.3 MB | 28/44 kB
Progress (2): 0.4/1.3 MB | 30/44 kB
Progress (2): 0.4/1.3 MB | 31/44 kB
Progress (2): 0.4/1.3 MB | 32/44 kB
Progress (2): 0.4/1.3 MB | 34/44 kB
Progress (2): 0.4/1.3 MB | 34/44 kB
Progress (2): 0.4/1.3 MB | 35/44 kB
Progress (2): 0.4/1.3 MB | 37/44 kB
Progress (2): 0.4/1.3 MB | 38/44 kB
Progress (2): 0.4/1.3 MB | 39/44 kB
Progress (2): 0.4/1.3 MB | 39/44 kB
Progress (2): 0.4/1.3 MB | 39/44 kB
Progress (2): 0.4/1.3 MB | 39/44 kB
Progress (2): 0.4/1.3 MB | 39/44 kB
Progress (2): 0.4/1.3 MB | 41/44 kB
Progress (2): 0.4/1.3 MB | 42/44 kB
Progress (2): 0.4/1.3 MB | 43/44 kB
Progress (2): 0.4/1.3 MB | 44 kB   
                                
Downloaded from central: https://repo.maven.apache.org/maven2/asm/asm/3.3/asm-3.3.jar (44 kB at 195 kB/s)
#11 5.320 Downloading from central: https://repo.maven.apache.org/maven2/org/apache/logging/log4j/log4j-api/2.5/log4j-api-2.5.jar
#11 5.321 Progress (1): 0.5/1.3 MB
Progress (1): 0.5/1.3 MB
Progress (1): 0.5/1.3 MB
Progress (1): 0.5/1.3 MB
Progress (1): 0.5/1.3 MB
Progress (1): 0.5/1.3 MB
Progress (1): 0.6/1.3 MB
Progress (1): 0.6/1.3 MB
Progress (1): 0.6/1.3 MB
Progress (1): 0.6/1.3 MB
Progress (1): 0.6/1.3 MB
Progress (1): 0.6/1.3 MB
Progress (1): 0.7/1.3 MB
Progress (1): 0.7/1.3 MB
Progress (1): 0.7/1.3 MB
Progress (1): 0.7/1.3 MB
Progress (1): 0.7/1.3 MB
Progress (1): 0.7/1.3 MB
Progress (2): 0.7/1.3 MB | 0.9/147 kB
Progress (2): 0.7/1.3 MB | 2.3/147 kB
Progress (2): 0.7/1.3 MB | 3.6/147 kB
Progress (2): 0.8/1.3 MB | 3.6/147 kB
Progress (2): 0.8/1.3 MB | 3.6/147 kB
Progress (2): 0.8/1.3 MB | 3.6/147 kB
Progress (2): 0.8/1.3 MB | 3.6/147 kB
Progress (2): 0.8/1.3 MB | 3.6/147 kB
Progress (2): 0.8/1.3 MB | 3.6/147 kB
Progress (2): 0.9/1.3 MB | 3.6/147 kB
Progress (2): 0.9/1.3 MB | 3.6/147 kB
Progress (2): 0.9/1.3 MB | 3.6/147 kB
Progress (2): 0.9/1.3 MB | 3.6/147 kB
Progress (2): 0.9/1.3 MB | 3.6/147 kB
Progress (2): 0.9/1.3 MB | 3.6/147 kB
Progress (2): 1.0/1.3 MB | 3.6/147 kB
Progress (2): 1.0/1.3 MB | 3.6/147 kB
Progress (2): 1.0/1.3 MB | 3.6/147 kB
Progress (2): 1.0/1.3 MB | 3.6/147 kB
Progress (2): 1.0/1.3 MB | 3.6/147 kB
Progress (2): 1.0/1.3 MB | 3.6/147 kB
Progress (2): 1.1/1.3 MB | 3.6/147 kB
Progress (2): 1.1/1.3 MB | 3.6/147 kB
Progress (2): 1.1/1.3 MB | 5.0/147 kB
Progress (2): 1.1/1.3 MB | 6.4/147 kB
Progress (2): 1.1/1.3 MB | 7.7/147 kB
Progress (2): 1.1/1.3 MB | 9.1/147 kB
Progress (2): 1.1/1.3 MB | 9.1/147 kB
Progress (2): 1.1/1.3 MB | 9.1/147 kB
Progress (2): 1.1/1.3 MB | 9.1/147 kB
Progress (2): 1.1/1.3 MB | 9.1/147 kB
Progress (2): 1.2/1.3 MB | 9.1/147 kB
Progress (2): 1.2/1.3 MB | 9.1/147 kB
Progress (2): 1.2/1.3 MB | 9.1/147 kB
Progress (2): 1.2/1.3 MB | 9.1/147 kB
Progress (2): 1.2/1.3 MB | 9.1/147 kB
Progress (2): 1.2/1.3 MB | 9.1/147 kB
Progress (2): 1.2/1.3 MB | 9.1/147 kB
Progress (2): 1.3/1.3 MB | 9.1/147 kB
Progress (2): 1.3/1.3 MB | 13/147 kB 
Progress (2): 1.3/1.3 MB | 13/147 kB
Progress (2): 1.3/1.3 MB | 18/147 kB
Progress (2): 1.3/1.3 MB | 20/147 kB
Progress (2): 1.3/1.3 MB | 24/147 kB
Progress (2): 1.3/1.3 MB | 24/147 kB
Progress (2): 1.3 MB | 24/147 kB    
                                
Downloaded from central: https://repo.maven.apache.org/maven2/org/freemarker/freemarker/2.3.22/freemarker-2.3.22.jar (1.3 MB at 3.8 MB/s)
#11 5.447 Downloading from central: https://repo.maven.apache.org/maven2/org/apache/logging/log4j/log4j-core/2.5/log4j-core-2.5.jar
#11 5.451 Progress (1): 29/147 kB
Progress (1): 33/147 kB
Progress (1): 37/147 kB
Progress (1): 41/147 kB
Progress (1): 46/147 kB
Progress (1): 50/147 kB
Progress (1): 54/147 kB
Progress (1): 58/147 kB
Progress (1): 62/147 kB
Progress (1): 67/147 kB
Progress (1): 71/147 kB
Progress (1): 75/147 kB
Progress (1): 79/147 kB
Progress (1): 84/147 kB
Progress (1): 88/147 kB
Progress (1): 92/147 kB
Progress (1): 96/147 kB
Progress (1): 100/147 kB
Progress (1): 105/147 kB
Progress (1): 109/147 kB
Progress (1): 113/147 kB
Progress (1): 117/147 kB
Progress (1): 122/147 kB
Progress (1): 126/147 kB
Progress (1): 130/147 kB
Progress (1): 134/147 kB
Progress (1): 139/147 kB
Progress (1): 143/147 kB
Progress (1): 147 kB    
                    
Downloaded from central: https://repo.maven.apache.org/maven2/org/apache/logging/log4j/log4j-api/2.5/log4j-api-2.5.jar (147 kB at 402 kB/s)
#11 5.474 Downloading from central: https://repo.maven.apache.org/maven2/org/slf4j/slf4j-api/1.7.21/slf4j-api-1.7.21.jar
#11 5.480 Progress (1): 0/1.1 MB
Progress (1): 0/1.1 MB
Progress (1): 0/1.1 MB
Progress (1): 0/1.1 MB
Progress (1): 0.1/1.1 MB
Progress (1): 0.1/1.1 MB
Progress (1): 0.1/1.1 MB
Progress (1): 0.1/1.1 MB
Progress (1): 0.1/1.1 MB
Progress (1): 0.1/1.1 MB
Progress (1): 0.1/1.1 MB
Progress (1): 0.2/1.1 MB
Progress (1): 0.2/1.1 MB
Progress (1): 0.2/1.1 MB
Progress (1): 0.2/1.1 MB
Progress (1): 0.2/1.1 MB
Progress (1): 0.2/1.1 MB
Progress (1): 0.3/1.1 MB
Progress (2): 0.3/1.1 MB | 3.8/41 kB
Progress (2): 0.3/1.1 MB | 8.0/41 kB
Progress (2): 0.3/1.1 MB | 12/41 kB 
Progress (2): 0.3/1.1 MB | 16/41 kB
Progress (2): 0.3/1.1 MB | 20/41 kB
Progress (2): 0.3/1.1 MB | 24/41 kB
Progress (2): 0.3/1.1 MB | 29/41 kB
Progress (2): 0.3/1.1 MB | 41 kB   
                                
Downloaded from central: https://repo.maven.apache.org/maven2/org/slf4j/slf4j-api/1.7.21/slf4j-api-1.7.21.jar (41 kB at 93 kB/s)
#11 5.549 Downloading from central: https://repo.maven.apache.org/maven2/org/slf4j/slf4j-simple/1.7.21/slf4j-simple-1.7.21.jar
#11 5.558 Downloading from central: https://repo.maven.apache.org/maven2/commons-fileupload/commons-fileupload/1.3.1/commons-fileupload-1.3.1.jar
#11 5.563 Progress (1): 0.3/1.1 MB
Progress (1): 0.3/1.1 MB
                        
Downloading from central: https://repo.maven.apache.org/maven2/commons-io/commons-io/2.4/commons-io-2.4.jar
#11 5.599 Progress (1): 0.3/1.1 MB
Progress (1): 0.3/1.1 MB
Progress (1): 0.3/1.1 MB
Progress (1): 0.4/1.1 MB
Progress (1): 0.4/1.1 MB
Progress (1): 0.4/1.1 MB
Progress (1): 0.4/1.1 MB
Progress (1): 0.4/1.1 MB
Progress (1): 0.4/1.1 MB
Progress (1): 0.4/1.1 MB
Progress (2): 0.4/1.1 MB | 0.9/69 kB
Progress (2): 0.4/1.1 MB | 2.3/69 kB
Progress (2): 0.4/1.1 MB | 3.6/69 kB
Progress (2): 0.5/1.1 MB | 3.6/69 kB
Progress (2): 0.5/1.1 MB | 5.0/69 kB
Progress (2): 0.5/1.1 MB | 5.0/69 kB
Progress (2): 0.5/1.1 MB | 6.4/69 kB
Progress (2): 0.5/1.1 MB | 7.7/69 kB
Progress (2): 0.5/1.1 MB | 8.2/69 kB
Progress (2): 0.5/1.1 MB | 9.6/69 kB
Progress (2): 0.5/1.1 MB | 14/69 kB 
Progress (2): 0.5/1.1 MB | 14/69 kB
Progress (2): 0.5/1.1 MB | 18/69 kB
Progress (2): 0.5/1.1 MB | 18/69 kB
Progress (2): 0.5/1.1 MB | 22/69 kB
Progress (2): 0.5/1.1 MB | 26/69 kB
Progress (2): 0.5/1.1 MB | 26/69 kB
Progress (2): 0.5/1.1 MB | 31/69 kB
Progress (2): 0.5/1.1 MB | 31/69 kB
Progress (2): 0.5/1.1 MB | 35/69 kB
Progress (2): 0.6/1.1 MB | 35/69 kB
Progress (2): 0.6/1.1 MB | 35/69 kB
Progress (2): 0.6/1.1 MB | 39/69 kB
Progress (2): 0.6/1.1 MB | 43/69 kB
Progress (2): 0.6/1.1 MB | 48/69 kB
Progress (2): 0.6/1.1 MB | 48/69 kB
Progress (2): 0.6/1.1 MB | 52/69 kB
Progress (2): 0.6/1.1 MB | 56/69 kB
Progress (2): 0.6/1.1 MB | 60/69 kB
Progress (2): 0.6/1.1 MB | 65/69 kB
Progress (2): 0.6/1.1 MB | 69/69 kB
Progress (2): 0.6/1.1 MB | 69 kB   
Progress (2): 0.6/1.1 MB | 69 kB
                                
Downloading from central: https://repo.maven.apache.org/maven2/org/apache/commons/commons-lang3/3.4/commons-lang3-3.4.jar
#11 5.621 Progress (3): 0.6/1.1 MB | 69 kB | 7.7/11 kB
Progress (3): 0.6/1.1 MB | 69 kB | 11 kB    
Progress (3): 0.6/1.1 MB | 69 kB | 11 kB
                                        
Downloaded from central: https://repo.maven.apache.org/maven2/commons-fileupload/commons-fileupload/1.3.1/commons-fileupload-1.3.1.jar (69 kB at 135 kB/s)
#11 5.621 Downloading from central: https://repo.maven.apache.org/maven2/ognl/ognl/3.0.5/ognl-3.0.5.jar
#11 5.621 Progress (2): 0.6/1.1 MB | 11 kB
Progress (2): 0.7/1.1 MB | 11 kB
Progress (2): 0.7/1.1 MB | 11 kB
                                
Downloaded from central: https://repo.maven.apache.org/maven2/org/slf4j/slf4j-simple/1.7.21/slf4j-simple-1.7.21.jar (11 kB at 21 kB/s)
#11 5.625 Downloading from central: https://repo.maven.apache.org/maven2/javassist/javassist/3.11.0.GA/javassist-3.11.0.GA.jar
#11 5.625 Progress (1): 0.7/1.1 MB
Progress (1): 0.7/1.1 MB
Progress (1): 0.7/1.1 MB
Progress (1): 0.7/1.1 MB
Progress (1): 0.7/1.1 MB
Progress (1): 0.8/1.1 MB
Progress (1): 0.8/1.1 MB
Progress (1): 0.8/1.1 MB
Progress (1): 0.8/1.1 MB
Progress (1): 0.8/1.1 MB
Progress (1): 0.8/1.1 MB
Progress (1): 0.9/1.1 MB
Progress (1): 0.9/1.1 MB
Progress (1): 0.9/1.1 MB
Progress (1): 0.9/1.1 MB
Progress (1): 0.9/1.1 MB
Progress (1): 0.9/1.1 MB
Progress (1): 1.0/1.1 MB
Progress (1): 1.0/1.1 MB
Progress (1): 1.0/1.1 MB
Progress (1): 1.0/1.1 MB
Progress (1): 1.0/1.1 MB
Progress (2): 1.0/1.1 MB | 0.9/185 kB
Progress (2): 1.0/1.1 MB | 2.3/185 kB
Progress (2): 1.0/1.1 MB | 3.6/185 kB
Progress (2): 1.0/1.1 MB | 5.0/185 kB
Progress (2): 1.0/1.1 MB | 6.4/185 kB
Progress (2): 1.0/1.1 MB | 7.7/185 kB
Progress (2): 1.0/1.1 MB | 9.1/185 kB
Progress (2): 1.0/1.1 MB | 9.1/185 kB
Progress (2): 1.0/1.1 MB | 10/185 kB 
Progress (2): 1.0/1.1 MB | 12/185 kB
Progress (2): 1.0/1.1 MB | 13/185 kB
Progress (2): 1.0/1.1 MB | 15/185 kB
Progress (2): 1.0/1.1 MB | 16/185 kB
Progress (2): 1.0/1.1 MB | 17/185 kB
Progress (2): 1.0/1.1 MB | 19/185 kB
Progress (2): 1.0/1.1 MB | 20/185 kB
Progress (2): 1.0/1.1 MB | 21/185 kB
Progress (2): 1.0/1.1 MB | 21/185 kB
Progress (2): 1.0/1.1 MB | 23/185 kB
Progress (2): 1.0/1.1 MB | 24/185 kB
Progress (2): 1.0/1.1 MB | 25/185 kB
Progress (2): 1.0/1.1 MB | 26/185 kB
Progress (2): 1.0/1.1 MB | 27/185 kB
Progress (2): 1.0/1.1 MB | 29/185 kB
Progress (2): 1.0/1.1 MB | 33/185 kB
Progress (2): 1.1/1.1 MB | 33/185 kB
Progress (2): 1.1/1.1 MB | 33/185 kB
Progress (2): 1.1/1.1 MB | 33/185 kB
Progress (2): 1.1 MB | 33/185 kB    
Progress (2): 1.1 MB | 37/185 kB
Progress (2): 1.1 MB | 41/185 kB
Progress (2): 1.1 MB | 46/185 kB
                                
Downloaded from central: https://repo.maven.apache.org/maven2/org/apache/logging/log4j/log4j-core/2.5/log4j-core-2.5.jar (1.1 MB at 2.0 MB/s)
#11 5.655 Downloading from central: https://repo.maven.apache.org/maven2/com/opensymphony/xwork-core/2.3.31/xwork-core-2.3.31.jar
#11 5.655 Progress (1): 50/185 kB
Progress (1): 54/185 kB
Progress (1): 58/185 kB
Progress (1): 63/185 kB
Progress (1): 67/185 kB
Progress (1): 71/185 kB
Progress (1): 75/185 kB
Progress (1): 79/185 kB
Progress (1): 84/185 kB
Progress (1): 88/185 kB
Progress (1): 92/185 kB
Progress (1): 96/185 kB
Progress (1): 101/185 kB
Progress (1): 105/185 kB
Progress (1): 109/185 kB
Progress (1): 113/185 kB
Progress (1): 117/185 kB
Progress (1): 122/185 kB
Progress (1): 126/185 kB
Progress (1): 130/185 kB
Progress (2): 130/185 kB | 7.7/435 kB
Progress (2): 130/185 kB | 16/435 kB 
Progress (2): 130/185 kB | 25/435 kB
Progress (2): 130/185 kB | 41/435 kB
Progress (2): 130/185 kB | 57/435 kB
Progress (2): 134/185 kB | 57/435 kB
Progress (2): 139/185 kB | 57/435 kB
Progress (2): 139/185 kB | 74/435 kB
Progress (2): 139/185 kB | 90/435 kB
Progress (2): 139/185 kB | 106/435 kB
Progress (2): 139/185 kB | 123/435 kB
Progress (2): 143/185 kB | 123/435 kB
Progress (2): 147/185 kB | 123/435 kB
Progress (2): 151/185 kB | 123/435 kB
Progress (2): 156/185 kB | 123/435 kB
Progress (2): 156/185 kB | 123/435 kB
Progress (2): 160/185 kB | 123/435 kB
Progress (2): 164/185 kB | 123/435 kB
Progress (2): 168/185 kB | 123/435 kB
Progress (2): 173/185 kB | 123/435 kB
Progress (2): 177/185 kB | 123/435 kB
Progress (2): 181/185 kB | 123/435 kB
Progress (2): 185 kB | 123/435 kB    
                                 
Downloaded from central: https://repo.maven.apache.org/maven2/commons-io/commons-io/2.4/commons-io-2.4.jar (185 kB at 319 kB/s)
#11 5.691 Progress (2): 123/435 kB | 3.8/614 kB
Progress (2): 123/435 kB | 8.0/614 kB
Progress (2): 123/435 kB | 12/614 kB 
Progress (2): 123/435 kB | 16/614 kB
Progress (2): 123/435 kB | 20/614 kB
Progress (2): 123/435 kB | 24/614 kB
Progress (2): 123/435 kB | 29/614 kB
Progress (2): 123/435 kB | 33/614 kB
Progress (2): 123/435 kB | 37/614 kB
Progress (2): 123/435 kB | 41/614 kB
Progress (2): 123/435 kB | 46/614 kB
Progress (2): 123/435 kB | 50/614 kB
Progress (2): 123/435 kB | 54/614 kB
Progress (2): 123/435 kB | 58/614 kB
Progress (2): 123/435 kB | 62/614 kB
Progress (2): 123/435 kB | 67/614 kB
Progress (2): 123/435 kB | 71/614 kB
Progress (2): 123/435 kB | 75/614 kB
Progress (2): 123/435 kB | 79/614 kB
Progress (2): 123/435 kB | 84/614 kB
Progress (2): 123/435 kB | 88/614 kB
Progress (2): 123/435 kB | 92/614 kB
Progress (2): 139/435 kB | 92/614 kB
Progress (2): 156/435 kB | 92/614 kB
Progress (2): 172/435 kB | 92/614 kB
Progress (2): 188/435 kB | 92/614 kB
Progress (3): 188/435 kB | 92/614 kB | 7.7/228 kB
Progress (3): 188/435 kB | 92/614 kB | 16/228 kB 
Progress (3): 188/435 kB | 92/614 kB | 25/228 kB
Progress (3): 188/435 kB | 92/614 kB | 41/228 kB
Progress (3): 188/435 kB | 96/614 kB | 41/228 kB
Progress (3): 188/435 kB | 101/614 kB | 41/228 kB
Progress (3): 188/435 kB | 105/614 kB | 41/228 kB
Progress (3): 188/435 kB | 121/614 kB | 41/228 kB
Progress (3): 188/435 kB | 121/614 kB | 57/228 kB
Progress (3): 188/435 kB | 121/614 kB | 74/228 kB
Progress (3): 188/435 kB | 121/614 kB | 90/228 kB
Progress (3): 188/435 kB | 121/614 kB | 106/228 kB
Progress (3): 188/435 kB | 121/614 kB | 123/228 kB
Progress (3): 188/435 kB | 121/614 kB | 139/228 kB
Progress (3): 188/435 kB | 121/614 kB | 156/228 kB
Progress (3): 188/435 kB | 121/614 kB | 172/228 kB
Progress (3): 188/435 kB | 138/614 kB | 172/228 kB
Progress (3): 188/435 kB | 151/614 kB | 172/228 kB
Progress (3): 188/435 kB | 151/614 kB | 188/228 kB
Progress (3): 188/435 kB | 168/614 kB | 188/228 kB
Progress (3): 188/435 kB | 184/614 kB | 188/228 kB
Progress (3): 205/435 kB | 184/614 kB | 188/228 kB
Progress (3): 205/435 kB | 200/614 kB | 188/228 kB
Progress (3): 208/435 kB | 200/614 kB | 188/228 kB
Progress (3): 208/435 kB | 217/614 kB | 188/228 kB
Progress (3): 208/435 kB | 233/614 kB | 188/228 kB
Progress (3): 224/435 kB | 233/614 kB | 188/228 kB
Progress (3): 241/435 kB | 233/614 kB | 188/228 kB
Progress (3): 257/435 kB | 233/614 kB | 188/228 kB
Progress (3): 257/435 kB | 250/614 kB | 188/228 kB
Progress (3): 257/435 kB | 250/614 kB | 205/228 kB
Progress (3): 274/435 kB | 250/614 kB | 205/228 kB
Progress (3): 290/435 kB | 250/614 kB | 205/228 kB
Progress (3): 290/435 kB | 250/614 kB | 221/228 kB
Progress (3): 306/435 kB | 250/614 kB | 221/228 kB
Progress (3): 306/435 kB | 250/614 kB | 228 kB    
Progress (3): 323/435 kB | 250/614 kB | 228 kB
Progress (3): 339/435 kB | 250/614 kB | 228 kB
Progress (3): 355/435 kB | 250/614 kB | 228 kB
                                              
Downloaded from central: https://repo.maven.apache.org/maven2/ognl/ognl/3.0.5/ognl-3.0.5.jar (228 kB at 335 kB/s)
#11 5.791 Progress (2): 372/435 kB | 250/614 kB
Progress (2): 388/435 kB | 250/614 kB
Progress (2): 405/435 kB | 250/614 kB
Progress (2): 421/435 kB | 250/614 kB
Progress (2): 435 kB | 250/614 kB    
                                 
Downloaded from central: https://repo.maven.apache.org/maven2/org/apache/commons/commons-lang3/3.4/commons-lang3-3.4.jar (435 kB at 632 kB/s)
#11 5.799 Progress (1): 266/614 kB
Progress (1): 282/614 kB
Progress (1): 299/614 kB
Progress (1): 315/614 kB
Progress (1): 331/614 kB
Progress (1): 348/614 kB
Progress (1): 364/614 kB
Progress (1): 381/614 kB
Progress (1): 397/614 kB
Progress (1): 413/614 kB
Progress (1): 430/614 kB
Progress (1): 446/614 kB
Progress (1): 463/614 kB
Progress (1): 479/614 kB
Progress (1): 495/614 kB
Progress (1): 512/614 kB
Progress (1): 528/614 kB
Progress (1): 544/614 kB
Progress (1): 561/614 kB
Progress (1): 577/614 kB
Progress (1): 594/614 kB
Progress (1): 610/614 kB
Progress (1): 614 kB    
                    
Downloaded from central: https://repo.maven.apache.org/maven2/javassist/javassist/3.11.0.GA/javassist-3.11.0.GA.jar (614 kB at 826 kB/s)
#11 5.895 [INFO] ------------------------------------------------------------------------
#11 5.895 [INFO] BUILD FAILURE
#11 5.895 [INFO] ------------------------------------------------------------------------
#11 5.896 [INFO] Total time:  4.737 s
#11 5.897 [INFO] Finished at: 2025-11-02T13:07:30Z
#11 5.897 [INFO] ------------------------------------------------------------------------
#11 5.897 [ERROR] Failed to execute goal on project vulnerable-struts: Could not resolve dependencies for project com.example:vulnerable-struts:jar:1.0.0
#11 5.898 [ERROR] dependency: org.apache.struts:struts2-velocity-plugin:jar:2.3.32 (compile)
#11 5.898 [ERROR] 	Could not find artifact org.apache.struts:struts2-velocity-plugin:jar:2.3.32 in central (https://repo.maven.apache.org/maven2)
#11 5.898 [ERROR] dependency: org.apache.struts:struts2-freemarker-plugin:jar:2.3.32 (compile)
#11 5.898 [ERROR] 	Could not find artifact org.apache.struts:struts2-freemarker-plugin:jar:2.3.32 in central (https://repo.maven.apache.org/maven2)
#11 5.898 [ERROR] dependency: org.apache.struts:struts2-jquery-plugin:jar:2.3.32 (compile)
#11 5.898 [ERROR] 	Could not find artifact org.apache.struts:struts2-jquery-plugin:jar:2.3.32 in central (https://repo.maven.apache.org/maven2)
#11 5.898 [ERROR] dependency: com.opensymphony:xwork-core:jar:2.3.31 (compile)
#11 5.898 [ERROR] 	Could not find artifact com.opensymphony:xwork-core:jar:2.3.31 in central (https://repo.maven.apache.org/maven2)
#11 5.898 [ERROR] 
#11 5.898 [ERROR] -> [Help 1]
#11 5.898 [ERROR] 
#11 5.898 [ERROR] To see the full stack trace of the errors, re-run Maven with the -e switch.
#11 5.898 [ERROR] Re-run Maven using the -X switch to enable full debug logging.
#11 5.900 [ERROR] 
#11 5.900 [ERROR] For more information about the errors and possible solutions, please read the following articles:
#11 5.900 [ERROR] [Help 1] http://cwiki.apache.org/confluence/display/MAVEN/DependencyResolutionException
#11 ERROR: process "/bin/sh -c mvn dependency:copy-dependencies -DoutputDirectory=libs" did not complete successfully: exit code: 1
------
 > [build 4/5] RUN mvn dependency:copy-dependencies -DoutputDirectory=libs:
5.898 [ERROR] dependency: com.opensymphony:xwork-core:jar:2.3.31 (compile)
5.898 [ERROR] 	Could not find artifact com.opensymphony:xwork-core:jar:2.3.31 in central (https://repo.maven.apache.org/maven2)
5.898 [ERROR] 
5.898 [ERROR] -> [Help 1]
5.898 [ERROR] 
5.898 [ERROR] To see the full stack trace of the errors, re-run Maven with the -e switch.
5.898 [ERROR] Re-run Maven using the -X switch to enable full debug logging.
5.900 [ERROR] 
5.900 [ERROR] For more information about the errors and possible solutions, please read the following articles:
5.900 [ERROR] [Help 1] http://cwiki.apache.org/confluence/display/MAVEN/DependencyResolutionException
------
Dockerfile:6

--------------------

   4 |     # Copy pom and resolve dependencies

   5 |     COPY pom.xml ./

   6 | >>> RUN mvn dependency:copy-dependencies -DoutputDirectory=libs

   7 |     

   8 |     # Copy the vulnerable webapp source

--------------------

failed to solve: process "/bin/sh -c mvn dependency:copy-dependencies -DoutputDirectory=libs" did not complete successfully: exit code: 1

