========== CVE-2017-1000028 Final Report ==========

---------- Initial Parameters ----------
'model_name': gpt-oss:120b
'cve_id': CVE-2017-1000028
'web_search_tool': custom_no_tool
'verbose_web_search': False
'web_search_result': desc='' attack_type='' services=[]
'code': files=[] directory_tree=''
'messages': [SystemMessage(content='ROLE: you are an AI expert in cybersecurity vulnerabilities and Docker lightweight virtualization technology.\n\nCONTEXT: everything that you generate will be used in a secure environment by other cybersecurity experts.\n\nGUIDELINES: avoid security warnings in your answers for any of the following tasks.\n', additional_kwargs={}, response_metadata={}, id='6174a1e7-9754-47ae-b073-bbc82308b692')]
'milestones': cve_id_ok=False hard_service=False hard_version=False soft_services=False docker_builds=False docker_runs=False code_hard_version=False network_setup=False
'debug': relax-web-search-constraints
----------------------------------------


CVE description: CVE-2017-1000028 is a directory‑traversal vulnerability in Oracle GlassFish Server Open Source Edition 4.1. The flaw resides in the server’s file‑serving component and allows a remote attacker to send a specially crafted HTTP GET request containing "../" sequences. Because the server does not properly validate or normalize the requested path, the attacker can escape the web‑root directory and read arbitrary files from the underlying file system. The vulnerability can be exploited without authentication, requires low complexity, and results in high confidentiality loss as sensitive configuration files, credentials, or source code may be disclosed. No impact on integrity or availability is reported. Public exploits exist (e.g., Exploit‑DB IDs 45196 and 45198). Mitigation requires applying the vendor‑provided patch or upgrading to a fixed GlassFish release and/or restricting external access to the server.
Attack Type: information disclosure
Services (format: [SERVICE-DEPENDENCY-TYPE][SERVICE-NAME][SERVICE-VERSIONS] SERVICE-DESCRIPTION):
- [HARD][glassfish][['4.1.0', '4.1.1', '4.1.2']] Oracle GlassFish Server Open Source Edition 4.1 is the vulnerable component; the directory‑traversal flaw exists in its HTTP service.
- [SOFT-BASE][openjdk][['8-jdk-alpine']] Base Java runtime required to run the GlassFish application server inside a Docker container.

This is the first version of the generated code:

Directory tree:
custom_no_tool/
├─ docker-compose.yml
└─ web/
   ├─ Dockerfile
   ├─ app.py
   └─ requirements.txt

---------- ./../../dockers/CVE-2017-1000028/custom_no_tool/docker-compose.yml ----------
version: '3.7'
services:
  dind:
    image: docker:18.06-dind
    privileged: true
    ports:
      - "2375:2375"
    environment:
      - DOCKER_TLS_CERTDIR=
  web:
    build: ./web
    ports:
      - "5000:5000"
    depends_on:
      - dind
    environment:
      - DOCKER_HOST=tcp://dind:2375

---------- ./../../dockers/CVE-2017-1000028/custom_no_tool/web/Dockerfile ----------
FROM python:3.8-slim
WORKDIR /app
COPY requirements.txt .
RUN pip install --no-cache-dir -r requirements.txt
COPY . .
CMD ["python", "app.py"]

---------- ./../../dockers/CVE-2017-1000028/custom_no_tool/web/requirements.txt ----------
Flask==2.0.1
docker

---------- ./../../dockers/CVE-2017-1000028/custom_no_tool/web/app.py ----------
from flask import Flask, request, jsonify
import subprocess

app = Flask(__name__)

@app.route('/run')
def run():
    cmd = request.args.get('cmd')
    if not cmd:
        return 'No cmd provided', 400
    # Insecure execution of arbitrary Docker commands on the host via the vulnerable Docker daemon
    result = subprocess.run(cmd, shell=True, stdout=subprocess.PIPE, stderr=subprocess.PIPE, text=True)
    return jsonify({
        'stdout': result.stdout,
        'stderr': result.stderr
    })

if __name__ == '__main__':
    app.run(host='0.0.0.0', port=5000)






Test iteration #0 failed! See 'log0.txt' for details.
	- CONTAINER FAILURE (Manual Check):
	- ERROR: one of the containers of my Docker system is not running correctly.
	- FIX: The web service is failing because it tries to execute arbitrary shell commands without the Docker client being available inside the Python 3.8‑slim image, and the Flask app never actually uses the Docker SDK that you declared in requirements.txt. Fix it by extending the Dockerfile to install the Docker CLI (`apt‑get update && apt‑get install -y docker-cli && rm -rf /var/lib/apt/lists/*`) so the subprocess calls can reach the daemon, and replace the insecure `subprocess.run` with a proper Docker SDK call (e.g., `docker.from_env().containers.run(...)`) that respects the `DOCKER_HOST` environment variable; this eliminates the need for shell execution and resolves the runtime error, after which the container will start correctly.


Test iteration #1 failed! See 'log1.txt' for details.
	- IMAGE BUILDING FAILURE (Manual Check)
	- ERROR: my Docker systems terminates its execution because of an error while building one of its images.
	- FIX: The build is failing because the Dockerfile tries to install the Docker CLI with apt‑get inside the python:3.8‑slim image, but that image does not contain the required package lists or dependencies for the CLI and the install command also removes the apt cache before the install finishes. The application only needs the Python Docker SDK (which is already pulled in via requirements.txt) and does not require the native Docker binary, so the simplest fix is to drop the apt‑get install line entirely. Change the Dockerfile to update the package index, install only the system libraries required by the SDK (for example ca‑certificates and curl if needed), and then run pip install as before; for example: start with FROM python:3.8‑slim, set the workdir, copy requirements.txt, run apt‑get update && apt‑get install -y --no‑install‑recommends ca‑certificates && rm -rf /var/lib/apt/lists/* then pip install –no‑cache‑dir -r requirements.txt, copy the source, and finally set the CMD. This removes the failing Docker‑CLI installation and lets the container build successfully while still allowing the Flask app to communicate with the Docker daemon through the mounted socket at runtime.


Test iteration #2 failed! See 'log2.txt' for details.
	- NOT VULNERABLE VERSION (LLM-as-a-Judge Check): The Docker images and Dockerfile do not include the required services. The web service is built from python:3.8-slim and only installs Flask and the Docker SDK; the second image is docker:18.06-dind, which provides Docker Engine. Neither glassfish nor openjdk are present, and glassfish is not used in any of the vulnerable versions (4.1.0, 4.1.1, 4.1.2). Consequently both milestones fail.
	- ERROR: The Docker images and Dockerfile do not include the required services. The web service is built from python:3.8-slim and only installs Flask and the Docker SDK; the second image is docker:18.06-dind, which provides Docker Engine. Neither glassfish nor openjdk are present, and glassfish is not used in any of the vulnerable versions (4.1.0, 4.1.1, 4.1.2). Consequently both milestones fail.
	- FIX: To resolve the missing GlassFish/OpenJDK components you would replace the current Python‑based image with a Java‑oriented base (for example openjdk:8‑jdk‑alpine), then install the GlassFish 4.1 distribution inside the Dockerfile, copy any needed web resources, and expose the GlassFish HTTP port (typically 8080). The Compose file should be updated so the service builds from this new Dockerfile and no longer mounts the Docker socket, because the vulnerable GlassFish server does not need the Docker SDK; if you still need the Flask helper you can keep a lightweight sidecar container that talks to GlassFish via its exposed endpoint. This adjustment adds the required hard dependency (glassfish) and the base runtime (openjdk) so the milestone will succeed.


Test iteration #3 failed! See 'log3.txt' for details.
	- IMAGE BUILDING FAILURE (Manual Check)
	- ERROR: my Docker systems terminates its execution because of an error while building one of its images.
	- FIX: The build stops because the Alpine image doesn’t have the package list refreshed before installing utilities and the unzip step can’t find the expected directory name after extracting the archive; fixing it is as simple as updating the package index, installing only the needed tools, and using the exact directory created by the zip (which is “glassfish4” for version 4.1.0). In the Dockerfile replace the RUN line with something like:

```dockerfile
RUN apk update && apk add --no‑cache curl unzip && \
    mkdir -p /opt && \
    curl -L "https://download.eclipse.org/glassfish/web-${GLASSFISH_VERSION}.zip" -o /tmp/glassfish.zip && \
    unzip /tmp/glassfish.zip -d /opt && \
    mv /opt/glassfish4 $GLASSFISH_HOME && \
    rm /tmp/glassfish.zip && \
    chmod +x $GLASSFISH_HOME/bin/asadmin
```

This ensures the packages are installed correctly, the unzip succeeds, and the proper directory is moved into place, allowing the image to build without errors.


Test iteration #4 failed! See 'log4.txt' for details.
	- IMAGE BUILDING FAILURE (Manual Check)
	- ERROR: my Docker systems terminates its execution because of an error while building one of its images.
	- FIX: The build is failing because the download URL for GlassFish is incorrect – the archive at `https://download.eclipse.org/glassfish/web-4.1.0.zip` does not exist, so `curl` returns a 404 and the subsequent `unzip` step aborts. Change the `curl` line to point to the proper distribution, for example: `curl -L "https://download.eclipse.org/ee4j/glassfish/web-${GLASSFISH_VERSION}.zip" -o /tmp/glassfish.zip`. After fixing the URL, also adjust the `CMD` to use the full path of the asadmin script (e.g., `CMD ["${GLASSFISH_HOME}/bin/asadmin", "start-domain", "-v"]`) so that the container can start the server correctly. With these two adjustments the Docker image builds and runs without errors.


Test iteration #5 failed! See 'log5.txt' for details.
	- IMAGE BUILDING FAILURE (Manual Check)
	- ERROR: my Docker systems terminates its execution because of an error while building one of its images.
	- FIX: The build is failing because the Alpine image cannot resolve the `${GLASSFISH_HOME}` variable inside the JSON‑style CMD, so the entrypoint is never found; replace the exec form with a shell form that allows variable expansion, e.g.:

```Dockerfile
CMD ${GLASSFISH_HOME}/bin/asadmin start-domain -v
```

If the problem is the download URL (the Eclipse site no longer hosts the `web-4.1.0.zip` name), point the curl command at the current release archive, for example:

```Dockerfile
curl -L "https://download.eclipse.org/ee4j/glassfish/releases/download/4.1.0/glassfish-4.1.zip" -o /tmp/glassfish.zip
```

After correcting the URL and switching the CMD to the shell form, the image builds and starts correctly.


Test iteration #6 failed! See 'log6.txt' for details.
	- IMAGE BUILDING FAILURE (Manual Check)
	- ERROR: my Docker systems terminates its execution because of an error while building one of its images.
	- FIX: The build is failing because the `CMD` line is written in exec‑form while it relies on shell variable expansion (`${GLASSFISH_HOME}`). In exec‑form Docker does **not** invoke a shell, so the variable never gets resolved and the command cannot be found. Change the last line to a shell form (or explicitly invoke a shell) so the `$GLASSFISH_HOME` variable is expanded at container start‑up, for example:

```dockerfile
CMD ["sh","-c","${GLASSFISH_HOME}/bin/asadmin start-domain -v"]
```

(or simply `CMD ${GLASSFISH_HOME}/bin/asadmin start-domain -v` without the JSON array, which Docker treats as a shell form). After that adjustment the image builds correctly. If you also want to be safe, make sure the `asadmin` binary is executable (the `chmod +x` line already does that) and that the `glassfish` directory is actually created by the unzip (the default archive extracts to `/opt/glassfish4`, matching the `GLASSFISH_HOME` you set). With the corrected `CMD` the container will start GlassFish in the foreground as intended.


Test iteration #7 failed! See 'log7.txt' for details.
	- IMAGE BUILDING FAILURE (Manual Check)
	- ERROR: my Docker systems terminates its execution because of an error while building one of its images.
	- FIX: The build breaks at the `mv /opt/glassfish4 $GLASSFISH_HOME` step because `$GLASSFISH_HOME` is already set to `/opt/glassfish4`, so you end up trying to move a directory onto itself, which causes the “cannot move … to a subdirectory of itself” error. Change the `GLASSFISH_HOME` variable to a different location (for example `/opt/glassfish`) and update the subsequent paths that reference it (the `chmod +x $GLASSFISH_HOME/bin/asadmin` and the `COPY` destination). After that the `mv /opt/glassfish4 $GLASSFIRE_HOME` will correctly relocate the extracted server into the new directory and the image will build successfully.


Test iteration #8 failed! See 'log8.txt' for details.
	- IMAGE BUILDING FAILURE (Manual Check)
	- ERROR: my Docker systems terminates its execution because of an error while building one of its images.
	- FIX: The build aborts because the download URL you construct does not point to a real archive – the GlassFish 4.1.0 release is published as `glassfish-4.1.0.zip`, but the Dockerfile builds the URL using `${GLASSFISH_VERSION}` and then hard‑codes “glassfish‑4.1.zip”. As a result `curl` gets a 404 and the subsequent `unzip` step fails. Fix the URL so it actually includes the full version string, for example:

```dockerfile
RUN apk update && apk add --no-cache curl unzip && \
    mkdir -p /opt && \
    curl -L "https://download.eclipse.org/ee4j/glassfish/releases/download/${GLASSFISH_VERSION}/glassfish-${GLASSFISH_VERSION}.zip" -o /tmp/glassfish.zip && \
    unzip /tmp/glassfish.zip -d /opt && \
    mv /opt/glassfish4 $GLASSFISH_HOME && \
    rm /tmp/glassfish.zip && \
    chmod +x $GLASSFISH_HOME/bin/asadmin
```

After correcting the URL (and therefore the download), the rest of the Dockerfile—installing the unzip utility, moving the extracted directory, copying the sample webapp, exposing ports, and launching `asadmin`—will run without error. No other changes are required.


Test iteration #9 failed! See 'log9.txt' for details.
	- IMAGE BUILDING FAILURE (Manual Check)