time="2025-08-11T11:10:29+02:00" level=warning msg="/home/gabriele/thesis-project/Agents-for-Vulnerable-Dockers-and-related-Benchmarks/dockers/CVE-2022-22947/custom/docker-compose.yml: the attribute `version` is obsolete, it will be ignored, please remove it to avoid potential confusion"
#1 [internal] load local bake definitions
#1 reading from stdin 687B done
#1 DONE 0.0s

#2 [internal] load build definition from Dockerfile
#2 transferring dockerfile: 291B done
#2 DONE 0.0s

#3 [internal] load metadata for docker.io/library/openjdk:11-jre-slim
#3 DONE 0.5s

#4 [internal] load .dockerignore
#4 transferring context: 2B done
#4 DONE 0.0s

#5 [1/5] FROM docker.io/library/openjdk:11-jre-slim@sha256:93af7df2308c5141a751c4830e6b6c5717db102b3b31f012ea29d842dc4f2b02
#5 resolve docker.io/library/openjdk:11-jre-slim@sha256:93af7df2308c5141a751c4830e6b6c5717db102b3b31f012ea29d842dc4f2b02 0.0s done
#5 DONE 0.0s

#6 [internal] load build context
#6 transferring context: 381B done
#6 DONE 0.0s

#7 [2/5] RUN apt-get update && apt-get install -y maven && rm -rf /var/lib/apt/lists/*
#7 CACHED

#8 [3/5] COPY ./src /usr/src/app
#8 CACHED

#9 [4/5] WORKDIR /usr/src/app
#9 CACHED

#10 [5/5] RUN mvn clean package
#10 1.044 [[1;34mINFO[m] Scanning for projects...
#10 1.084 [[1;34mINFO[m] [1m------------------------------------------------------------------------[m
#10 1.085 [[1;34mINFO[m] [1;31mBUILD FAILURE[m
#10 1.086 [[1;34mINFO[m] [1m------------------------------------------------------------------------[m
#10 1.089 [[1;34mINFO[m] Total time:  0.057 s
#10 1.094 [[1;34mINFO[m] Finished at: 2025-08-11T09:10:31Z
#10 1.095 [[1;34mINFO[m] [1m------------------------------------------------------------------------[m
#10 1.099 [[1;31mERROR[m] The goal you specified requires a project to execute but there is no POM in this directory (/usr/src/app). Please verify you invoked Maven from the correct directory. -> [1m[Help 1][m
#10 1.102 [[1;31mERROR[m] 
#10 1.102 [[1;31mERROR[m] To see the full stack trace of the errors, re-run Maven with the [1m-e[m switch.
#10 1.104 [[1;31mERROR[m] Re-run Maven using the [1m-X[m switch to enable full debug logging.
#10 1.105 [[1;31mERROR[m] 
#10 1.105 [[1;31mERROR[m] For more information about the errors and possible solutions, please read the following articles:
#10 1.107 [[1;31mERROR[m] [1m[Help 1][m http://cwiki.apache.org/confluence/display/MAVEN/MissingProjectException
#10 ERROR: process "/bin/sh -c mvn clean package" did not complete successfully: exit code: 1
------
 > [5/5] RUN mvn clean package:
1.089 [[1;34mINFO[m] Total time:  0.057 s
1.094 [[1;34mINFO[m] Finished at: 2025-08-11T09:10:31Z
1.095 [[1;34mINFO[m] [1m------------------------------------------------------------------------[m
1.099 [[1;31mERROR[m] The goal you specified requires a project to execute but there is no POM in this directory (/usr/src/app). Please verify you invoked Maven from the correct directory. -> [1m[Help 1][m
1.102 [[1;31mERROR[m] 
1.102 [[1;31mERROR[m] To see the full stack trace of the errors, re-run Maven with the [1m-e[m switch.
1.104 [[1;31mERROR[m] Re-run Maven using the [1m-X[m switch to enable full debug logging.
1.105 [[1;31mERROR[m] 
1.105 [[1;31mERROR[m] For more information about the errors and possible solutions, please read the following articles:
1.107 [[1;31mERROR[m] [1m[Help 1][m http://cwiki.apache.org/confluence/display/MAVEN/MissingProjectException
------
Dockerfile:9

--------------------

   7 |     WORKDIR /usr/src/app

   8 |     

   9 | >>> RUN mvn clean package

  10 |     

  11 |     ENTRYPOINT ["java", "-jar", "target/demo-0.0.1-SNAPSHOT.jar"]

--------------------

failed to solve: process "/bin/sh -c mvn clean package" did not complete successfully: exit code: 1

