========== CVE-2021-43008 Final Report ==========

---------- Initial Parameters ----------
'model_name': gpt-oss:120b
'cve_id': CVE-2021-43008
'web_search_tool': custom_no_tool
'verbose_web_search': False
'web_search_result': desc='' attack_type='' services=[]
'code': files=[] directory_tree=''
'messages': [SystemMessage(content='ROLE: you are an AI expert in cybersecurity vulnerabilities and Docker lightweight virtualization technology.\n\nCONTEXT: everything that you generate will be used in a secure environment by other cybersecurity experts.\n\nGUIDELINES: avoid security warnings in your answers for any of the following tasks.\n', additional_kwargs={}, response_metadata={}, id='8586acde-7710-456e-8f8f-72b67d641eef')]
'milestones': cve_id_ok=False hard_service=False hard_version=False soft_services=False docker_builds=False docker_runs=False code_hard_version=False network_setup=False
'debug': relax-web-search-constraints
----------------------------------------


CVE description: CVE‑2021‑43008 is a vulnerability in the Adminer web‑based database management tool (written in PHP). Versions from 1.0 through 4.6.2 are affected. The flaw is caused by insufficient validation of the `file` parameter used by Adminer’s import/export functionality and by improper access control when Adminer connects to a remote MySQL server. An attacker can craft a request that forces Adminer to read any file that the web server process can access on the host file system and return its contents to the attacker. This arbitrary file read can disclose configuration files, database credentials, source code, SSH keys or any other sensitive data stored on the server, facilitating further compromise. The vulnerability can be exploited without authentication simply by sending a specially crafted HTTP request to the Adminer endpoint. The issue is fixed in Adminer version 4.6.3 and later.
Attack Type: arbitrary file read
Services (format: [SERVICE-DEPENDENCY-TYPE][SERVICE-NAME][SERVICE-VERSIONS] SERVICE-DESCRIPTION):
- [HARD][adminer][['1.0', '1.1', '1.2', '1.3', '1.4', '1.5', '1.6', '1.7', '1.8', '1.9', '1.10', '1.11', '1.12.0', '2.0', '2.1', '2.2', '2.3', '2.4', '2.5', '2.6', '3.0', '3.1', '3.2', '3.3', '3.4', '3.5', '3.6', '4.0', '4.1', '4.2', '4.3', '4.4', '4.5', '4.6.0', '4.6.1', '4.6.2']] The vulnerable Adminer web application that contains the arbitrary file read flaw. This service is essential for reproducing the CVE.
- [SOFT-WEB][nginx][['1.21']] Optional web server used to proxy requests to the Adminer container, demonstrating a realistic deployment scenario.

This is the first version of the generated code:

Directory tree:
CVE-2021-43008/
└─ custom_no_tool/
    ├─ docker-compose.yml
    ├─ Dockerfile
    ├─ package.json
    ├─ package-lock.json
    ├─ server.js
    └─ init.sql

---------- ./../../dockers/CVE-2021-43008/custom_no_tool/docker-compose.yml ----------
version: '3.8'
services:
  db:
    image: mysql:5.7
    restart: always
    environment:
      MYSQL_ROOT_PASSWORD: rootpass
      MYSQL_DATABASE: testdb
      MYSQL_USER: user
      MYSQL_PASSWORD: userpass
    volumes:
      - db_data:/var/lib/mysql
      - ./init.sql:/docker-entrypoint-initdb.d/init.sql
  app:
    build: .
    ports:
      - "3000:3000"
    depends_on:
      - db
    environment:
      DB_HOST: db
      DB_USER: user
      DB_PASSWORD: userpass
      DB_NAME: testdb
volumes:
  db_data:


---------- ./../../dockers/CVE-2021-43008/custom_no_tool/Dockerfile ----------
FROM node:14-alpine
WORKDIR /app
COPY package.json package-lock.json ./
RUN npm install
COPY . .
EXPOSE 3000
CMD ["node","server.js"]


---------- ./../../dockers/CVE-2021-43008/custom_no_tool/package.json ----------
{
  "name": "vulnerable-app",
  "version": "1.0.0",
  "description": "Demo app vulnerable to CVE-2021-43008",
  "main": "server.js",
  "scripts": {
    "start": "node server.js"
  },
  "dependencies": {
    "express": "4.17.1",
    "mysql": "2.18.1",
    "node-serialize": "0.1.5"
  }
}


---------- ./../../dockers/CVE-2021-43008/custom_no_tool/package-lock.json ----------
{
  "name": "vulnerable-app",
  "version": "1.0.0",
  "lockfileVersion": 1,
  "requires": true,
  "dependencies": {
    "express": {
      "version": "4.17.1",
      "resolved": "https://registry.npmjs.org/express/-/express-4.17.1.tgz",
      "integrity": "sha512-...",
      "requires": {
        "accepts": "~1.3.7",
        "array-flatten": "1.1.1",
        "body-parser": "1.19.0",
        "content-disposition": "0.5.3",
        "cookie": "0.4.0",
        "debug": "2.6.9",
        "depd": "1.1.2",
        "encodeurl": "1.0.2",
        "escape-html": "1.0.3",
        "etag": "1.8.1",
        "finalhandler": "1.1.2",
        "fresh": "0.5.2",
        "http-errors": "1.7.2",
        "merge-descriptors": "1.0.1",
        "methods": "1.1.2",
        "on-finished": "2.3.0",
        "parseurl": "1.3.3",
        "path-to-regexp": "0.1.7",
        "proxy-addr": "2.0.7",
        "qs": "6.7.0",
        "range-parser": "1.2.1",
        "safe-buffer": "5.1.2",
        "send": "0.17.1",
        "serve-static": "1.14.1",
        "setprototypeof": "1.1.1",
        "statuses": "1.5.0",
        "type-is": "1.6.18",
        "utils-merge": "1.0.1",
        "vary": "1.1.2"
      }
    },
    "mysql": {
      "version": "2.18.1",
      "resolved": "https://registry.npmjs.org/mysql/-/mysql-2.18.1.tgz",
      "integrity": "sha512-..."
    },
    "node-serialize": {
      "version": "0.1.5",
      "resolved": "https://registry.npmjs.org/node-serialize/-/node-serialize-0.1.5.tgz",
      "integrity": "sha512-..."
    }
  }
}


---------- ./../../dockers/CVE-2021-43008/custom_no_tool/server.js ----------
const express = require('express');
const mysql = require('mysql');
const serialize = require('node-serialize');

const app = express();
app.use(express.json());

const db = mysql.createConnection({
  host: process.env.DB_HOST || 'db',
  user: process.env.DB_USER || 'user',
  password: process.env.DB_PASSWORD || 'userpass',
  database: process.env.DB_NAME || 'testdb'
});

db.connect(err => {
  if (err) {
    console.error('DB connection error:', err);
    process.exit(1);
  }
  console.log('Connected to DB');
});

// Vulnerable endpoint – deserializes user‑controlled JSON using node-serialize
app.post('/vuln', (req, res) => {
  try {
    const obj = serialize.unserialize(req.body.payload);
    res.json({ status: 'ok', data: obj });
  } catch (e) {
    res.status(500).json({ error: 'Deserialization failed' });
  }
});

app.get('/data', (req, res) => {
  db.query('SELECT * FROM users', (err, rows) => {
    if (err) return res.status(500).json({ error: err.message });
    res.json(rows);
  });
});

app.listen(3000, () => {
  console.log('App listening on port 3000');
});


---------- ./../../dockers/CVE-2021-43008/custom_no_tool/init.sql ----------
CREATE TABLE IF NOT EXISTS users (
  id INT AUTO_INCREMENT PRIMARY KEY,
  username VARCHAR(50) NOT NULL,
  password VARCHAR(255) NOT NULL
);
INSERT INTO users (username, password) VALUES ('alice', 'password1'), ('bob', 'password2');






Test iteration #0 failed! See 'log0.txt' for details.
	- IMAGE BUILDING FAILURE (Manual Check)
	- ERROR: my Docker systems terminates its execution because of an error while building one of its images.
	- FIX: The build stops because the Node image is Alpine‑based and the mysql client library tries to compile native code without the required build tools, so the npm install step fails. Add the Alpine development packages (python3, make and g++) before running the install, and then clean them up afterward to keep the image small; for example, insert a line like `RUN apk add --no-cache python3 make g++ && npm install && apk del python3 make g++` right after setting the work directory. This provides the compiler environment needed for the mysql module, allowing the Docker image to be built successfully.


Test iteration #1 failed! See 'log1.txt' for details.
	- IMAGE BUILDING FAILURE (Manual Check)
	- ERROR: my Docker systems terminates its execution because of an error while building one of its images.
	- FIX: The build fails because the Dockerfile copies the whole source tree before installing dependencies, so the npm install step runs while the container still contains files that trigger a rebuild of native modules after the build‑time toolchain has already been removed; separating the copy steps fixes this. Change the Dockerfile to first copy only package.json and package‑lock.json into /app, run npm ci (or npm install ) while the build tools are still present, then delete the temporary packages and finally copy the rest of the application code; this ensures the dependency installation completes successfully and the image can be built. Additionally, set ENV NODE_ENV=production so only production dependencies are installed, which avoids unnecessary native‑module compilation.


Test iteration #2 failed! See 'log2.txt' for details.
	- IMAGE BUILDING FAILURE (Manual Check)
	- ERROR: my Docker systems terminates its execution because of an error while building one of its images.
	- FIX: The build failure is caused by trying to install the compilation tools, run npm ci and then immediately remove those same packages in a single layer; on Alpine the g++ binary lives in the gcc package and the apk del command cannot find the exact names you gave, which aborts the RUN step. The simplest fix is to split the process into two stages: use a temporary builder image that installs python3 make gcc (g++), runs npm ci and then copies the resulting node_modules folder into a clean runtime image that never had the build tools installed. In practice you would change the Dockerfile to start with FROM node:14-alpine AS builder, install the build‑time packages, copy package*.json, run npm ci, then apk del the build packages, and finally start a second FROM node:14-alpine stage that only copies /app (and the already‑built node_modules) from the builder, sets the workdir, exposes port 3000 and defines the CMD. This removes the problematic apk del step from the same layer that needs the tools and guarantees the final image contains only what is required to run the service.


Test iteration #3 failed! See 'log3.txt' for details.
	- IMAGE BUILDING FAILURE (Manual Check)
	- ERROR: my Docker systems terminates its execution because of an error while building one of its images.
	- FIX: The most likely cause of the build failing is that the `.dockerignore` file excludes the Dockerfile itself, so when Docker sends the build context it can’t find the instructions to create the image and aborts with a “Dockerfile not found” error; simply delete the line `Dockerfile` (or comment it out) from `.dockerignore` so the Dockerfile is included in the build context, then rerun `docker‑compose up --build`. After that the multi‑stage build will succeed because the builder stage can copy the manifest files, install the production dependencies, and the final stage will receive the fully built application without any further changes needed.


Test iteration #4 failed! See 'log4.txt' for details.
	- IMAGE BUILDING FAILURE (Manual Check)
	- ERROR: my Docker systems terminates its execution because of an error while building one of its images.
	- FIX: The build fails because the compose file is mounting a file that isn’t where Docker expects it and the multi‑stage Dockerfile tries to delete packages that aren’t present in the final image. To fix it, change the volume definition in docker‑compose.yml so the host path points to the real init.sql file (for example `- ./custom_no_tool/init.sql:/docker-entrypoint-initdb.d/init.sql` or move the compose file into the custom_no_tool directory so the relative `./init.sql` path resolves correctly). Then, in the Dockerfile remove the line `RUN apk del python3 make g++` from the builder stage (or move it to the very end of that stage after all build steps) because those packages are only needed during the npm install and trying to delete them after the source copy can cause a “package not found” error. With the correct volume path and the unnecessary apk‑del removed, the images build successfully.


Test iteration #5 failed! See 'log5.txt' for details.
	- IMAGE BUILDING FAILURE (Manual Check)
	- ERROR: my Docker systems terminates its execution because of an error while building one of its images.
	- FIX: The build fails because the image is put into production mode **before** the dependencies are installed, so `npm install --production` tries to install only production packages while the builder still needs the development tools that are required to compile native modules (the `python3`, `make`, `g++` packages you added). Move the `ENV NODE_ENV=production` line to *after* the `npm install` (or simply omit it for the build stage) and run the install without the `--production` flag (you can still keep `--legacy-peer-deps`). Then copy the built `node_modules` directory into the runtime image as you already do. With the environment variable set only in the final stage, the build will succeed and the container will still run in production mode.


Test iteration #6 failed! See 'log6.txt' for details.
	- IMAGE BUILDING FAILURE (Manual Check)
	- ERROR: my Docker systems terminates its execution because of an error while building one of its images.
	- FIX: The build fails because the production stage is copying the whole `/app` directory from the builder, which also brings in the development‑only files that were excluded by the `.dockerignore` and leaves the final image with unnecessary layers; fixing it is as simple as setting `NODE_ENV=production` before the `npm install` in the builder, running the install with `npm ci --omit=dev` (or `npm install --production`) so only the runtime modules are installed, and then copying just the `node_modules` folder and the application source (e.g., `server.js` and any other needed files) into the final stage instead of the entire `/app`. This eliminates the missing‑file error and produces a lean, build‑tool‑free image.


Test iteration #7 failed! See 'log7.txt' for details.
	- IMAGE BUILDING FAILURE (Manual Check)
	- ERROR: my Docker systems terminates its execution because of an error while building one of its images.
	- FIX: The build is failing because the command `npm ci --omit=dev` is not supported by the npm version that ships with the Node 14 Alpine image – the `--omit` flag was introduced only in later npm releases, so the installer aborts with an “unknown option” error. Changing the install step to use the older‑compatible syntax, for example `npm install --only=production` (or simply `npm install` followed by setting `NODE_ENV=production` at runtime), restores the build. After swapping that line in the builder stage, the rest of the Dockerfile works as intended and the image can be built successfully.


Test iteration #8 failed! See 'log8.txt' for details.
	- IMAGE BUILDING FAILURE (Manual Check)
	- ERROR: my Docker systems terminates its execution because of an error while building one of its images.
	- FIX: The build is failing because the runtime stage only copies `server.js` (and the `package*.json` files) from the builder, but the application actually needs the rest of the source files that live in the project directory; when those files are missing the container cannot start. To fix it, change the second `COPY` line in the Dockerfile to copy the whole application directory (e.g., `COPY --from=builder /app .`) instead of just `server.js`, and keep the `node_modules` directory from the builder as you already do. This ensures all required code is present in the final image and eliminates the build‑time error.


Test iteration #9 failed! See 'log9.txt' for details.
	- IMAGE BUILDING FAILURE (Manual Check)