time="2025-11-01T22:12:26+01:00" level=warning msg="/home/gabriele/thesis-project/Agents-for-Vulnerable-Dockers-and-related-Benchmarks/dockers/CVE-2021-43008/custom_no_tool/docker-compose.yml: the attribute `version` is obsolete, it will be ignored, please remove it to avoid potential confusion"
 db Pulling 
 db Pulled 
#1 [internal] load local bake definitions
#1 reading from stdin 695B done
#1 DONE 0.0s

#2 [internal] load build definition from Dockerfile
#2 transferring dockerfile: 173B done
#2 DONE 0.0s

#3 [internal] load metadata for docker.io/library/node:14-alpine
#3 DONE 0.8s

#4 [internal] load .dockerignore
#4 transferring context: 2B done
#4 DONE 0.0s

#5 [internal] load build context
#5 transferring context: 19.06kB done
#5 DONE 0.0s

#6 [1/5] FROM docker.io/library/node:14-alpine@sha256:434215b487a329c9e867202ff89e704d3a75e554822e07f3e0c0f9e606121b33
#6 resolve docker.io/library/node:14-alpine@sha256:434215b487a329c9e867202ff89e704d3a75e554822e07f3e0c0f9e606121b33 0.0s done
#6 CACHED

#7 [2/5] WORKDIR /app
#7 DONE 0.0s

#8 [3/5] COPY package.json package-lock.json ./
#8 DONE 0.0s

#9 [4/5] RUN npm install
#9 3.096 npm WARN tar ENOENT: no such file or directory, open '/app/node_modules/.staging/type-is-bf6609ab/package.json'
#9 3.096 npm WARN tar ENOENT: no such file or directory, open '/app/node_modules/.staging/serve-static-157df254/package.json'
#9 3.097 npm WARN tar ENOENT: no such file or directory, open '/app/node_modules/.staging/unpipe-79a29d9a/package.json'
#9 3.098 npm WARN tar ENOENT: no such file or directory, open '/app/node_modules/.staging/finalhandler-5ca8754c/package.json'
#9 3.101 npm WARN tar ENOENT: no such file or directory, open '/app/node_modules/.staging/raw-body-4cff8c15/package.json'
#9 3.101 npm WARN tar ENOENT: no such file or directory, open '/app/node_modules/.staging/body-parser-9688bcf4/package.json'
#9 3.102 npm WARN tar ENOENT: no such file or directory, open '/app/node_modules/.staging/utils-merge-ba292075/package.json'
#9 3.113 npm WARN tar ENOENT: no such file or directory, open '/app/node_modules/.staging/type-is-bf6609ab/HISTORY.md'
#9 3.114 npm WARN tar ENOENT: no such file or directory, open '/app/node_modules/.staging/serve-static-157df254/HISTORY.md'
#9 3.114 npm WARN tar ENOENT: no such file or directory, open '/app/node_modules/.staging/unpipe-79a29d9a/README.md'
#9 3.114 npm WARN tar ENOENT: no such file or directory, open '/app/node_modules/.staging/finalhandler-5ca8754c/HISTORY.md'
#9 3.116 npm WARN tar ENOENT: no such file or directory, open '/app/node_modules/.staging/raw-body-4cff8c15/HISTORY.md'
#9 3.117 npm WARN tar ENOENT: no such file or directory, open '/app/node_modules/.staging/body-parser-9688bcf4/HISTORY.md'
#9 3.122 npm WARN tar ENOENT: no such file or directory, open '/app/node_modules/.staging/utils-merge-ba292075/.npmignore'
#9 3.134 npm WARN tar ENOENT: no such file or directory, open '/app/node_modules/.staging/type-is-bf6609ab/index.js'
#9 3.134 npm WARN tar ENOENT: no such file or directory, open '/app/node_modules/.staging/finalhandler-5ca8754c/index.js'
#9 3.134 npm WARN tar ENOENT: no such file or directory, open '/app/node_modules/.staging/serve-static-157df254/index.js'
#9 3.135 npm WARN tar ENOENT: no such file or directory, open '/app/node_modules/.staging/unpipe-79a29d9a/LICENSE'
#9 3.137 npm WARN tar ENOENT: no such file or directory, open '/app/node_modules/.staging/raw-body-4cff8c15/index.d.ts'
#9 3.137 npm WARN tar ENOENT: no such file or directory, open '/app/node_modules/.staging/utils-merge-ba292075/README.md'
#9 3.143 npm WARN tar ENOENT: no such file or directory, open '/app/node_modules/.staging/type-is-bf6609ab/LICENSE'
#9 3.143 npm WARN tar ENOENT: no such file or directory, open '/app/node_modules/.staging/unpipe-79a29d9a/index.js'
#9 3.144 npm WARN tar ENOENT: no such file or directory, open '/app/node_modules/.staging/finalhandler-5ca8754c/LICENSE'
#9 3.145 npm WARN tar ENOENT: no such file or directory, open '/app/node_modules/.staging/raw-body-4cff8c15/index.js'
#9 3.146 npm WARN tar ENOENT: no such file or directory, open '/app/node_modules/.staging/body-parser-9688bcf4/index.js'
#9 3.146 npm WARN tar ENOENT: no such file or directory, open '/app/node_modules/.staging/utils-merge-ba292075/LICENSE'
#9 3.151 npm WARN tar ENOENT: no such file or directory, open '/app/node_modules/.staging/type-is-bf6609ab/README.md'
#9 3.151 npm WARN tar ENOENT: no such file or directory, open '/app/node_modules/.staging/unpipe-79a29d9a/HISTORY.md'
#9 3.151 npm WARN tar ENOENT: no such file or directory, open '/app/node_modules/.staging/serve-static-157df254/LICENSE'
#9 3.151 npm WARN tar ENOENT: no such file or directory, open '/app/node_modules/.staging/finalhandler-5ca8754c/README.md'
#9 3.153 npm WARN tar ENOENT: no such file or directory, open '/app/node_modules/.staging/body-parser-9688bcf4/LICENSE'
#9 3.153 npm WARN tar ENOENT: no such file or directory, open '/app/node_modules/.staging/utils-merge-ba292075/index.js'
#9 3.157 npm WARN tar ENOENT: no such file or directory, open '/app/node_modules/.staging/serve-static-157df254/README.md'
#9 3.157 npm WARN tar ENOENT: no such file or directory, open '/app/node_modules/.staging/raw-body-4cff8c15/LICENSE'
#9 3.158 npm WARN tar ENOENT: no such file or directory, open '/app/node_modules/.staging/body-parser-9688bcf4/README.md'
#9 3.161 npm WARN tar ENOENT: no such file or directory, open '/app/node_modules/.staging/raw-body-4cff8c15/README.md'
#9 3.164 npm WARN tar ENOENT: no such file or directory, lstat '/app/node_modules/.staging/body-parser-9688bcf4/lib'
#9 3.169 npm WARN tar ENOENT: no such file or directory, lstat '/app/node_modules/.staging/body-parser-9688bcf4/lib'
#9 3.173 npm WARN tar ENOENT: no such file or directory, lstat '/app/node_modules/.staging/body-parser-9688bcf4/lib'
#9 3.175 npm WARN tar ENOENT: no such file or directory, lstat '/app/node_modules/.staging/body-parser-9688bcf4/lib'
#9 3.177 npm WARN tar ENOENT: no such file or directory, lstat '/app/node_modules/.staging/body-parser-9688bcf4/lib'
#9 3.404 npm WARN vulnerable-app@1.0.0 No repository field.
#9 3.414 npm WARN vulnerable-app@1.0.0 No license field.
#9 3.414 
#9 3.425 npm ERR! code EISDIR
#9 3.425 npm ERR! syscall read
#9 3.425 npm ERR! errno -21
#9 3.427 npm ERR! EISDIR: illegal operation on a directory, read
#9 3.433 
#9 3.433 npm ERR! A complete log of this run can be found in:
#9 3.433 npm ERR!     /root/.npm/_logs/2025-11-01T21_12_32_446Z-debug.log
#9 ERROR: process "/bin/sh -c npm install" did not complete successfully: exit code: 235
------
 > [4/5] RUN npm install:
3.404 npm WARN vulnerable-app@1.0.0 No repository field.
3.414 npm WARN vulnerable-app@1.0.0 No license field.
3.414 
3.425 npm ERR! code EISDIR
3.425 npm ERR! syscall read
3.425 npm ERR! errno -21
3.427 npm ERR! EISDIR: illegal operation on a directory, read
3.433 
3.433 npm ERR! A complete log of this run can be found in:
3.433 npm ERR!     /root/.npm/_logs/2025-11-01T21_12_32_446Z-debug.log
------
Dockerfile:4

--------------------

   2 |     WORKDIR /app

   3 |     COPY package.json package-lock.json ./

   4 | >>> RUN npm install

   5 |     COPY . .

   6 |     EXPOSE 3000

--------------------

failed to solve: process "/bin/sh -c npm install" did not complete successfully: exit code: 235

