time="2025-11-01T22:13:15+01:00" level=warning msg="/home/gabriele/thesis-project/Agents-for-Vulnerable-Dockers-and-related-Benchmarks/dockers/CVE-2021-43008/custom_no_tool/docker-compose.yml: the attribute `version` is obsolete, it will be ignored, please remove it to avoid potential confusion"
#1 [internal] load local bake definitions
#1 reading from stdin 695B done
#1 DONE 0.0s

#2 [internal] load build definition from Dockerfile
#2 transferring dockerfile: 239B done
#2 DONE 0.0s

#3 [internal] load metadata for docker.io/library/node:14-alpine
#3 DONE 0.4s

#4 [internal] load .dockerignore
#4 transferring context: 2B done
#4 DONE 0.0s

#5 [internal] load build context
#5 transferring context: 24.68kB done
#5 DONE 0.0s

#6 [1/5] FROM docker.io/library/node:14-alpine@sha256:434215b487a329c9e867202ff89e704d3a75e554822e07f3e0c0f9e606121b33
#6 resolve docker.io/library/node:14-alpine@sha256:434215b487a329c9e867202ff89e704d3a75e554822e07f3e0c0f9e606121b33 0.0s done
#6 DONE 0.0s

#7 [2/5] WORKDIR /app
#7 CACHED

#8 [3/5] COPY package.json package-lock.json ./
#8 DONE 0.0s

#9 [4/5] RUN apk add --no-cache python3 make g++ && npm install && apk del python3 make g++
#9 0.217 fetch https://dl-cdn.alpinelinux.org/alpine/v3.17/main/x86_64/APKINDEX.tar.gz
#9 0.968 fetch https://dl-cdn.alpinelinux.org/alpine/v3.17/community/x86_64/APKINDEX.tar.gz
#9 4.061 (1/25) Upgrading musl (1.2.3-r4 -> 1.2.3-r6)
#9 4.710 (2/25) Installing libstdc++-dev (12.2.1_git20220924-r4)
#9 29.28 (3/25) Installing binutils (2.39-r2)
#9 33.23 (4/25) Installing libgomp (12.2.1_git20220924-r4)
#9 33.50 (5/25) Installing libatomic (12.2.1_git20220924-r4)
#9 33.55 (6/25) Installing gmp (6.2.1-r2)
#9 33.89 (7/25) Installing isl25 (0.25-r1)
#9 35.89 (8/25) Installing mpfr4 (4.1.0-r0)
#9 40.00 (9/25) Installing mpc1 (1.2.1-r1)
#9 40.09 (10/25) Installing gcc (12.2.1_git20220924-r4)
#9 123.9 (11/25) Installing musl-dev (1.2.3-r6)
#9 130.5 (12/25) Installing libc-dev (0.7.2-r3)
#9 130.5 (13/25) Installing g++ (12.2.1_git20220924-r4)
#9 158.7 (14/25) Installing make (4.3-r1)
#9 159.0 (15/25) Installing libexpat (2.6.4-r0)
#9 159.1 (16/25) Installing libbz2 (1.0.8-r4)
#9 159.2 (17/25) Installing libffi (3.4.4-r0)
#9 159.4 (18/25) Installing gdbm (1.23-r0)
#9 159.5 (19/25) Installing xz-libs (5.2.9-r0)
#9 159.7 (20/25) Installing mpdecimal (2.5.1-r1)
#9 159.8 (21/25) Installing ncurses-terminfo-base (6.3_p20221119-r1)
#9 159.9 (22/25) Installing ncurses-libs (6.3_p20221119-r1)
#9 160.5 (23/25) Installing readline (8.2.0-r0)
#9 161.1 (24/25) Installing sqlite-libs (3.40.1-r1)
#9 162.4 (25/25) Installing python3 (3.10.15-r0)
#9 191.2 Executing busybox-1.35.0-r29.trigger
#9 191.2 OK: 287 MiB in 41 packages
#9 193.7 npm WARN tar ENOENT: no such file or directory, open '/app/node_modules/.staging/send-be8c3b71/package.json'
#9 193.7 npm WARN tar ENOENT: no such file or directory, open '/app/node_modules/.staging/serve-static-157df254/package.json'
#9 193.7 npm WARN tar ENOENT: no such file or directory, open '/app/node_modules/.staging/type-is-bf6609ab/package.json'
#9 193.7 npm WARN tar ENOENT: no such file or directory, open '/app/node_modules/.staging/unpipe-79a29d9a/package.json'
#9 193.7 npm WARN tar ENOENT: no such file or directory, open '/app/node_modules/.staging/finalhandler-5ca8754c/package.json'
#9 193.7 npm WARN tar ENOENT: no such file or directory, open '/app/node_modules/.staging/raw-body-4cff8c15/package.json'
#9 193.7 npm WARN tar ENOENT: no such file or directory, open '/app/node_modules/.staging/utils-merge-ba292075/package.json'
#9 193.7 npm WARN tar ENOENT: no such file or directory, open '/app/node_modules/.staging/vary-6eca1abe/package.json'
#9 193.7 npm WARN tar ENOENT: no such file or directory, open '/app/node_modules/.staging/body-parser-9688bcf4/package.json'
#9 193.7 npm WARN tar ENOENT: no such file or directory, open '/app/node_modules/.staging/send-be8c3b71/HISTORY.md'
#9 193.7 npm WARN tar ENOENT: no such file or directory, open '/app/node_modules/.staging/serve-static-157df254/HISTORY.md'
#9 193.7 npm WARN tar ENOENT: no such file or directory, open '/app/node_modules/.staging/type-is-bf6609ab/HISTORY.md'
#9 193.7 npm WARN tar ENOENT: no such file or directory, open '/app/node_modules/.staging/unpipe-79a29d9a/README.md'
#9 193.7 npm WARN tar ENOENT: no such file or directory, open '/app/node_modules/.staging/finalhandler-5ca8754c/HISTORY.md'
#9 193.7 npm WARN tar ENOENT: no such file or directory, open '/app/node_modules/.staging/raw-body-4cff8c15/HISTORY.md'
#9 193.7 npm WARN tar ENOENT: no such file or directory, open '/app/node_modules/.staging/utils-merge-ba292075/.npmignore'
#9 193.7 npm WARN tar ENOENT: no such file or directory, open '/app/node_modules/.staging/vary-6eca1abe/README.md'
#9 193.7 npm WARN tar ENOENT: no such file or directory, open '/app/node_modules/.staging/body-parser-9688bcf4/HISTORY.md'
#9 193.7 npm WARN tar ENOENT: no such file or directory, open '/app/node_modules/.staging/send-be8c3b71/index.js'
#9 193.7 npm WARN tar ENOENT: no such file or directory, open '/app/node_modules/.staging/type-is-bf6609ab/index.js'
#9 193.7 npm WARN tar ENOENT: no such file or directory, open '/app/node_modules/.staging/serve-static-157df254/index.js'
#9 193.7 npm WARN tar ENOENT: no such file or directory, open '/app/node_modules/.staging/unpipe-79a29d9a/LICENSE'
#9 193.7 npm WARN tar ENOENT: no such file or directory, open '/app/node_modules/.staging/finalhandler-5ca8754c/index.js'
#9 193.7 npm WARN tar ENOENT: no such file or directory, open '/app/node_modules/.staging/raw-body-4cff8c15/index.d.ts'
#9 193.7 npm WARN tar ENOENT: no such file or directory, open '/app/node_modules/.staging/utils-merge-ba292075/README.md'
#9 193.7 npm WARN tar ENOENT: no such file or directory, open '/app/node_modules/.staging/vary-6eca1abe/LICENSE'
#9 193.7 npm WARN tar ENOENT: no such file or directory, open '/app/node_modules/.staging/finalhandler-5ca8754c/LICENSE'
#9 193.7 npm WARN tar ENOENT: no such file or directory, open '/app/node_modules/.staging/unpipe-79a29d9a/index.js'
#9 193.7 npm WARN tar ENOENT: no such file or directory, open '/app/node_modules/.staging/type-is-bf6609ab/LICENSE'
#9 193.7 npm WARN tar ENOENT: no such file or directory, open '/app/node_modules/.staging/raw-body-4cff8c15/index.js'
#9 193.7 npm WARN tar ENOENT: no such file or directory, open '/app/node_modules/.staging/utils-merge-ba292075/LICENSE'
#9 193.7 npm WARN tar ENOENT: no such file or directory, open '/app/node_modules/.staging/vary-6eca1abe/index.js'
#9 193.7 npm WARN tar ENOENT: no such file or directory, open '/app/node_modules/.staging/body-parser-9688bcf4/index.js'
#9 193.7 npm WARN tar ENOENT: no such file or directory, open '/app/node_modules/.staging/send-be8c3b71/LICENSE'
#9 193.7 npm WARN tar ENOENT: no such file or directory, open '/app/node_modules/.staging/serve-static-157df254/LICENSE'
#9 193.7 npm WARN tar ENOENT: no such file or directory, open '/app/node_modules/.staging/finalhandler-5ca8754c/README.md'
#9 193.7 npm WARN tar ENOENT: no such file or directory, open '/app/node_modules/.staging/unpipe-79a29d9a/HISTORY.md'
#9 193.7 npm WARN tar ENOENT: no such file or directory, open '/app/node_modules/.staging/type-is-bf6609ab/README.md'
#9 193.8 npm WARN tar ENOENT: no such file or directory, open '/app/node_modules/.staging/utils-merge-ba292075/index.js'
#9 193.8 npm WARN tar ENOENT: no such file or directory, open '/app/node_modules/.staging/vary-6eca1abe/HISTORY.md'
#9 193.8 npm WARN tar ENOENT: no such file or directory, open '/app/node_modules/.staging/body-parser-9688bcf4/LICENSE'
#9 193.8 npm WARN tar ENOENT: no such file or directory, open '/app/node_modules/.staging/send-be8c3b71/README.md'
#9 193.8 npm WARN tar ENOENT: no such file or directory, open '/app/node_modules/.staging/serve-static-157df254/README.md'
#9 193.8 npm WARN tar ENOENT: no such file or directory, open '/app/node_modules/.staging/raw-body-4cff8c15/LICENSE'
#9 193.8 npm WARN tar ENOENT: no such file or directory, open '/app/node_modules/.staging/body-parser-9688bcf4/README.md'
#9 193.8 npm WARN tar ENOENT: no such file or directory, open '/app/node_modules/.staging/raw-body-4cff8c15/README.md'
#9 193.8 npm WARN tar ENOENT: no such file or directory, lstat '/app/node_modules/.staging/body-parser-9688bcf4/lib'
#9 193.8 npm WARN tar ENOENT: no such file or directory, lstat '/app/node_modules/.staging/body-parser-9688bcf4/lib'
#9 193.8 npm WARN tar ENOENT: no such file or directory, lstat '/app/node_modules/.staging/body-parser-9688bcf4/lib'
#9 193.8 npm WARN tar ENOENT: no such file or directory, lstat '/app/node_modules/.staging/body-parser-9688bcf4/lib'
#9 193.8 npm WARN tar ENOENT: no such file or directory, lstat '/app/node_modules/.staging/body-parser-9688bcf4/lib'
#9 194.0 npm WARN vulnerable-app@1.0.0 No repository field.
#9 194.0 npm WARN vulnerable-app@1.0.0 No license field.
#9 194.0 
#9 194.2 npm ERR! code EISDIR
#9 194.2 npm ERR! syscall read
#9 194.2 npm ERR! errno -21
#9 194.2 npm ERR! EISDIR: illegal operation on a directory, read
#9 194.2 
#9 194.2 npm ERR! A complete log of this run can be found in:
#9 194.2 npm ERR!     /root/.npm/_logs/2025-11-01T21_16_30_399Z-debug.log
#9 ERROR: process "/bin/sh -c apk add --no-cache python3 make g++ && npm install && apk del python3 make g++" did not complete successfully: exit code: 235
------
 > [4/5] RUN apk add --no-cache python3 make g++ && npm install && apk del python3 make g++:
194.0 npm WARN vulnerable-app@1.0.0 No repository field.
194.0 npm WARN vulnerable-app@1.0.0 No license field.
194.0 
194.2 npm ERR! code EISDIR
194.2 npm ERR! syscall read
194.2 npm ERR! errno -21
194.2 npm ERR! EISDIR: illegal operation on a directory, read
194.2 
194.2 npm ERR! A complete log of this run can be found in:
194.2 npm ERR!     /root/.npm/_logs/2025-11-01T21_16_30_399Z-debug.log
------
Dockerfile:4

--------------------

   2 |     WORKDIR /app

   3 |     COPY package.json package-lock.json ./

   4 | >>> RUN apk add --no-cache python3 make g++ && npm install && apk del python3 make g++

   5 |     COPY . .

   6 |     EXPOSE 3000

--------------------

failed to solve: process "/bin/sh -c apk add --no-cache python3 make g++ && npm install && apk del python3 make g++" did not complete successfully: exit code: 235

