time="2025-11-01T22:17:26+01:00" level=warning msg="/home/gabriele/thesis-project/Agents-for-Vulnerable-Dockers-and-related-Benchmarks/dockers/CVE-2021-43008/custom_no_tool/docker-compose.yml: the attribute `version` is obsolete, it will be ignored, please remove it to avoid potential confusion"
#1 [internal] load local bake definitions
#1 reading from stdin 695B done
#1 DONE 0.0s

#2 [internal] load build definition from Dockerfile
#2 transferring dockerfile: 402B done
#2 DONE 0.0s

#3 [internal] load metadata for docker.io/library/node:14-alpine
#3 DONE 0.8s

#4 [internal] load .dockerignore
#4 transferring context: 107B done
#4 DONE 0.0s

#5 [internal] load build context
#5 transferring context: 28.86kB done
#5 DONE 0.0s

#6 [1/6] FROM docker.io/library/node:14-alpine@sha256:434215b487a329c9e867202ff89e704d3a75e554822e07f3e0c0f9e606121b33
#6 resolve docker.io/library/node:14-alpine@sha256:434215b487a329c9e867202ff89e704d3a75e554822e07f3e0c0f9e606121b33 0.0s done
#6 DONE 0.0s

#7 [2/6] WORKDIR /app
#7 CACHED

#8 [3/6] RUN apk add --no-cache python3 make g++
#8 0.178 fetch https://dl-cdn.alpinelinux.org/alpine/v3.17/main/x86_64/APKINDEX.tar.gz
#8 1.934 fetch https://dl-cdn.alpinelinux.org/alpine/v3.17/community/x86_64/APKINDEX.tar.gz
#8 5.237 (1/25) Upgrading musl (1.2.3-r4 -> 1.2.3-r6)
#8 6.005 (2/25) Installing libstdc++-dev (12.2.1_git20220924-r4)
#8 37.86 (3/25) Installing binutils (2.39-r2)
#8 44.60 (4/25) Installing libgomp (12.2.1_git20220924-r4)
#8 44.96 (5/25) Installing libatomic (12.2.1_git20220924-r4)
#8 45.01 (6/25) Installing gmp (6.2.1-r2)
#8 45.58 (7/25) Installing isl25 (0.25-r1)
#8 47.31 (8/25) Installing mpfr4 (4.1.0-r0)
#8 54.22 (9/25) Installing mpc1 (1.2.1-r1)
#8 54.33 (10/25) Installing gcc (12.2.1_git20220924-r4)
#8 160.4 (11/25) Installing musl-dev (1.2.3-r6)
#8 169.6 (12/25) Installing libc-dev (0.7.2-r3)
#8 169.7 (13/25) Installing g++ (12.2.1_git20220924-r4)
#8 207.4 (14/25) Installing make (4.3-r1)
#8 207.6 (15/25) Installing libexpat (2.6.4-r0)
#8 207.8 (16/25) Installing libbz2 (1.0.8-r4)
#8 207.9 (17/25) Installing libffi (3.4.4-r0)
#8 208.0 (18/25) Installing gdbm (1.23-r0)
#8 208.1 (19/25) Installing xz-libs (5.2.9-r0)
#8 208.4 (20/25) Installing mpdecimal (2.5.1-r1)
#8 208.7 (21/25) Installing ncurses-terminfo-base (6.3_p20221119-r1)
#8 208.8 (22/25) Installing ncurses-libs (6.3_p20221119-r1)
#8 209.3 (23/25) Installing readline (8.2.0-r0)
#8 209.5 (24/25) Installing sqlite-libs (3.40.1-r1)
#8 210.2 (25/25) Installing python3 (3.10.15-r0)
#8 244.3 Executing busybox-1.35.0-r29.trigger
#8 244.3 OK: 287 MiB in 41 packages
#8 DONE 244.4s

#9 [4/6] COPY package.json package-lock.json ./
#9 DONE 0.1s

#10 [5/6] RUN npm ci && apk del python3 make g++
#10 0.773 npm ERR! accepts not accessible from express
#10 0.780 
#10 0.780 npm ERR! A complete log of this run can be found in:
#10 0.780 npm ERR!     /root/.npm/_logs/2025-11-01T21_21_32_880Z-debug.log
#10 ERROR: process "/bin/sh -c npm ci && apk del python3 make g++" did not complete successfully: exit code: 1
------
 > [5/6] RUN npm ci && apk del python3 make g++:
 ERR! accepts not accessible from express
0.780 
0.780 npm ERR! A complete log of this run can be found in:
0.780 npm ERR!     /root/.npm/_logs/2025-11-01T21_21_32_880Z-debug.log
------
Dockerfile:10

--------------------

   8 |     COPY package.json package-lock.json ./

   9 |     ENV NODE_ENV=production

  10 | >>> RUN npm ci && apk del python3 make g++

  11 |     

  12 |     # Copy application source code

--------------------

failed to solve: process "/bin/sh -c npm ci && apk del python3 make g++" did not complete successfully: exit code: 1

