#1 [internal] load local bake definitions
#1 reading from stdin 695B done
#1 DONE 0.0s

#2 [internal] load build definition from Dockerfile
#2 transferring dockerfile: 30B
#2 transferring dockerfile: 684B done
#2 DONE 0.0s

#3 [internal] load metadata for docker.io/library/node:14-alpine
#3 DONE 0.8s

#4 [internal] load .dockerignore
#4 transferring context: 107B done
#4 DONE 0.0s

#5 [builder 1/7] FROM docker.io/library/node:14-alpine@sha256:434215b487a329c9e867202ff89e704d3a75e554822e07f3e0c0f9e606121b33
#5 resolve docker.io/library/node:14-alpine@sha256:434215b487a329c9e867202ff89e704d3a75e554822e07f3e0c0f9e606121b33 0.0s done
#5 DONE 0.0s

#6 [builder 2/7] WORKDIR /app
#6 CACHED

#7 [internal] load build context
#7 transferring context: 24.10kB done
#7 DONE 0.0s

#8 [builder 3/7] RUN apk add --no-cache python3 make g++
#8 CACHED

#9 [builder 4/7] COPY package.json package-lock.json ./
#9 CACHED

#10 [builder 5/7] RUN npm ci
#10 0.624 npm ERR! accepts not accessible from express
#10 0.630 
#10 0.630 npm ERR! A complete log of this run can be found in:
#10 0.630 npm ERR!     /root/.npm/_logs/2025-11-01T21_22_26_395Z-debug.log
#10 ERROR: process "/bin/sh -c npm ci" did not complete successfully: exit code: 1
------
 > [builder 5/7] RUN npm ci:
 ERR! accepts not accessible from express
0.630 
0.630 npm ERR! A complete log of this run can be found in:
0.630 npm ERR!     /root/.npm/_logs/2025-11-01T21_22_26_395Z-debug.log
------
Dockerfile:8

--------------------

   6 |     COPY package.json package-lock.json ./

   7 |     ENV NODE_ENV=production

   8 | >>> RUN npm ci

   9 |     # Copy application source code (excluding node_modules via .dockerignore)

  10 |     COPY . .

--------------------

failed to solve: process "/bin/sh -c npm ci" did not complete successfully: exit code: 1

