#1 [internal] load local bake definitions
#1 reading from stdin 695B done
#1 DONE 0.0s

#2 [internal] load build definition from Dockerfile
#2 transferring dockerfile:
#2 transferring dockerfile: 738B done
#2 DONE 0.0s

#3 [internal] load metadata for docker.io/library/node:14-alpine
#3 DONE 0.4s

#4 [internal] load .dockerignore
#4 transferring context: 96B done
#4 DONE 0.0s

#5 [builder 1/6] FROM docker.io/library/node:14-alpine@sha256:434215b487a329c9e867202ff89e704d3a75e554822e07f3e0c0f9e606121b33
#5 resolve docker.io/library/node:14-alpine@sha256:434215b487a329c9e867202ff89e704d3a75e554822e07f3e0c0f9e606121b33 0.0s done
#5 DONE 0.0s

#6 [builder 2/6] WORKDIR /app
#6 CACHED

#7 [internal] load build context
#7 transferring context: 30.88kB done
#7 DONE 0.0s

#8 [builder 3/6] RUN apk add --no-cache python3 make g++
#8 CACHED

#9 [builder 4/6] COPY package.json package-lock.json ./
#9 CACHED

#10 [builder 5/6] RUN npm install --legacy-peer-deps
#10 2.483 npm WARN tar ENOENT: no such file or directory, open '/app/node_modules/.staging/type-is-bf6609ab/package.json'
#10 2.484 npm WARN tar ENOENT: no such file or directory, open '/app/node_modules/.staging/unpipe-79a29d9a/package.json'
#10 2.484 npm WARN tar ENOENT: no such file or directory, open '/app/node_modules/.staging/finalhandler-5ca8754c/package.json'
#10 2.487 npm WARN tar ENOENT: no such file or directory, open '/app/node_modules/.staging/raw-body-4cff8c15/package.json'
#10 2.488 npm WARN tar ENOENT: no such file or directory, open '/app/node_modules/.staging/utils-merge-ba292075/package.json'
#10 2.488 npm WARN tar ENOENT: no such file or directory, open '/app/node_modules/.staging/body-parser-9688bcf4/package.json'
#10 2.497 npm WARN tar ENOENT: no such file or directory, open '/app/node_modules/.staging/type-is-bf6609ab/HISTORY.md'
#10 2.497 npm WARN tar ENOENT: no such file or directory, open '/app/node_modules/.staging/unpipe-79a29d9a/README.md'
#10 2.497 npm WARN tar ENOENT: no such file or directory, open '/app/node_modules/.staging/finalhandler-5ca8754c/HISTORY.md'
#10 2.499 npm WARN tar ENOENT: no such file or directory, open '/app/node_modules/.staging/raw-body-4cff8c15/HISTORY.md'
#10 2.499 npm WARN tar ENOENT: no such file or directory, open '/app/node_modules/.staging/utils-merge-ba292075/.npmignore'
#10 2.499 npm WARN tar ENOENT: no such file or directory, open '/app/node_modules/.staging/body-parser-9688bcf4/HISTORY.md'
#10 2.521 npm WARN tar ENOENT: no such file or directory, open '/app/node_modules/.staging/type-is-bf6609ab/index.js'
#10 2.521 npm WARN tar ENOENT: no such file or directory, open '/app/node_modules/.staging/unpipe-79a29d9a/LICENSE'
#10 2.522 npm WARN tar ENOENT: no such file or directory, open '/app/node_modules/.staging/finalhandler-5ca8754c/index.js'
#10 2.523 npm WARN tar ENOENT: no such file or directory, open '/app/node_modules/.staging/raw-body-4cff8c15/index.d.ts'
#10 2.524 npm WARN tar ENOENT: no such file or directory, open '/app/node_modules/.staging/utils-merge-ba292075/README.md'
#10 2.530 npm WARN tar ENOENT: no such file or directory, open '/app/node_modules/.staging/type-is-bf6609ab/LICENSE'
#10 2.531 npm WARN tar ENOENT: no such file or directory, open '/app/node_modules/.staging/unpipe-79a29d9a/index.js'
#10 2.531 npm WARN tar ENOENT: no such file or directory, open '/app/node_modules/.staging/finalhandler-5ca8754c/LICENSE'
#10 2.532 npm WARN tar ENOENT: no such file or directory, open '/app/node_modules/.staging/raw-body-4cff8c15/index.js'
#10 2.533 npm WARN tar ENOENT: no such file or directory, open '/app/node_modules/.staging/utils-merge-ba292075/LICENSE'
#10 2.533 npm WARN tar ENOENT: no such file or directory, open '/app/node_modules/.staging/body-parser-9688bcf4/index.js'
#10 2.538 npm WARN tar ENOENT: no such file or directory, open '/app/node_modules/.staging/type-is-bf6609ab/README.md'
#10 2.538 npm WARN tar ENOENT: no such file or directory, open '/app/node_modules/.staging/unpipe-79a29d9a/HISTORY.md'
#10 2.538 npm WARN tar ENOENT: no such file or directory, open '/app/node_modules/.staging/finalhandler-5ca8754c/README.md'
#10 2.539 npm WARN tar ENOENT: no such file or directory, open '/app/node_modules/.staging/utils-merge-ba292075/index.js'
#10 2.539 npm WARN tar ENOENT: no such file or directory, open '/app/node_modules/.staging/body-parser-9688bcf4/LICENSE'
#10 2.543 npm WARN tar ENOENT: no such file or directory, open '/app/node_modules/.staging/raw-body-4cff8c15/LICENSE'
#10 2.543 npm WARN tar ENOENT: no such file or directory, open '/app/node_modules/.staging/body-parser-9688bcf4/README.md'
#10 2.547 npm WARN tar ENOENT: no such file or directory, open '/app/node_modules/.staging/raw-body-4cff8c15/README.md'
#10 2.551 npm WARN tar ENOENT: no such file or directory, lstat '/app/node_modules/.staging/body-parser-9688bcf4/lib'
#10 2.556 npm WARN tar ENOENT: no such file or directory, lstat '/app/node_modules/.staging/body-parser-9688bcf4/lib'
#10 2.560 npm WARN tar ENOENT: no such file or directory, lstat '/app/node_modules/.staging/body-parser-9688bcf4/lib'
#10 2.563 npm WARN tar ENOENT: no such file or directory, lstat '/app/node_modules/.staging/body-parser-9688bcf4/lib'
#10 2.565 npm WARN tar ENOENT: no such file or directory, lstat '/app/node_modules/.staging/body-parser-9688bcf4/lib'
#10 2.798 npm WARN vulnerable-app@1.0.0 No repository field.
#10 2.809 npm WARN vulnerable-app@1.0.0 No license field.
#10 2.809 
#10 2.820 npm ERR! code EISDIR
#10 2.820 npm ERR! syscall read
#10 2.820 npm ERR! errno -21
#10 2.822 npm ERR! EISDIR: illegal operation on a directory, read
#10 2.827 
#10 2.827 npm ERR! A complete log of this run can be found in:
#10 2.827 npm ERR!     /root/.npm/_logs/2025-11-01T21_25_05_425Z-debug.log
#10 ERROR: process "/bin/sh -c npm install --legacy-peer-deps" did not complete successfully: exit code: 235
------
 > [builder 5/6] RUN npm install --legacy-peer-deps:
2.798 npm WARN vulnerable-app@1.0.0 No repository field.
2.809 npm WARN vulnerable-app@1.0.0 No license field.
2.809 
2.820 npm ERR! code EISDIR
2.820 npm ERR! syscall read
2.820 npm ERR! errno -21
2.822 npm ERR! EISDIR: illegal operation on a directory, read
2.827 
2.827 npm ERR! A complete log of this run can be found in:
2.827 npm ERR!     /root/.npm/_logs/2025-11-01T21_25_05_425Z-debug.log
------
Dockerfile:7

--------------------

   5 |     # Copy only package manifests and install dependencies (including dev deps needed for compilation)

   6 |     COPY package.json package-lock.json ./

   7 | >>> RUN npm install --legacy-peer-deps

   8 |     # Copy application source code (excluding node_modules via .dockerignore)

   9 |     COPY . .

--------------------

failed to solve: process "/bin/sh -c npm install --legacy-peer-deps" did not complete successfully: exit code: 235

